

================================================================
== Vitis HLS Report for 'fir_Pipeline_Time_delay_loop'
================================================================
* Date:           Sun Apr  2 14:48:09 2023

* Version:        2022.1 (Build 3526262 on Mon Apr 18 15:48:16 MDT 2022)
* Project:        fir128_Q4
* Solution:       fission (Vivado IP Flow Target)
* Product family: zynq
* Target device:  xc7z020-clg400-1


================================================================
== Performance Estimates
================================================================
+ Timing: 
    * Summary: 
    +--------+----------+----------+------------+
    |  Clock |  Target  | Estimated| Uncertainty|
    +--------+----------+----------+------------+
    |ap_clk  |  10.00 ns|  6.508 ns|     2.70 ns|
    +--------+----------+----------+------------+

+ Latency: 
    * Summary: 
    +---------+---------+----------+----------+-----+-----+---------+
    |  Latency (cycles) |  Latency (absolute) |  Interval | Pipeline|
    |   min   |   max   |    min   |    max   | min | max |   Type  |
    +---------+---------+----------+----------+-----+-----+---------+
    |      130|      130|  1.300 us|  1.300 us|  130|  130|       no|
    +---------+---------+----------+----------+-----+-----+---------+

    + Detail: 
        * Instance: 
        N/A

        * Loop: 
        +-------------------+---------+---------+----------+-----------+-----------+------+----------+
        |                   |  Latency (cycles) | Iteration|  Initiation Interval  | Trip |          |
        |     Loop Name     |   min   |   max   |  Latency |  achieved |   target  | Count| Pipelined|
        +-------------------+---------+---------+----------+-----------+-----------+------+----------+
        |- Time_delay_loop  |      128|      128|         2|          1|          1|   128|       yes|
        +-------------------+---------+---------+----------+-----------+-----------+------+----------+

============================================================
+ Verbose Summary: Synthesis Manager
============================================================
InlineROM: 1
ExposeGlobal: 0
============================================================
+ Verbose Summary: CDFG Model
============================================================
IsTopModel: 0
ResetActiveHigh: 1
IsCombinational: 0
IsDatapathOnly: 0
HasWiredReturn: 1
HasMFsm: 2
HasVarLatency: 1
IsPipeline: 0
IsRtlPipelined: 0
IsInstanceOverlapped: 0
IsDontTouch: 0
HasImplIP: 0
IsGatedGlobalClock: 0

+ Individual pipeline summary: 
  * Pipeline-0: initiation interval (II) = 1, depth = 2


============================================================
+ Verbose Summary: Schedule
============================================================
* Number of FSM states : 2
* Pipeline : 1
  Pipeline-0 : II = 1, D = 2, States = { 1 2 }
* Dataflow Pipeline: 0

* FSM state transitions: 
1 --> 2 
2 --> 

* FSM state operations: 

State 1 <SV = 0> <Delay = 5.16>
ST_1 : Operation 5 [1/1] (0.00ns)   --->   "%i = alloca i32 1"   --->   Operation 5 'alloca' 'i' <Predicate = true> <Delay = 0.00>
ST_1 : Operation 6 [1/1] (1.58ns)   --->   "%store_ln0 = store i8 127, i8 %i"   --->   Operation 6 'store' 'store_ln0' <Predicate = true> <Delay = 1.58>
ST_1 : Operation 7 [1/1] (0.00ns)   --->   "%br_ln0 = br void %for.inc"   --->   Operation 7 'br' 'br_ln0' <Predicate = true> <Delay = 0.00>
ST_1 : Operation 8 [1/1] (0.00ns)   --->   "%i_1 = load i8 %i" [fir128_Q4/fir.cpp:27]   --->   Operation 8 'load' 'i_1' <Predicate = true> <Delay = 0.00>
ST_1 : Operation 9 [1/1] (0.00ns)   --->   "%specpipeline_ln0 = specpipeline void @_ssdm_op_SpecPipeline, i32 4294967295, i32 0, i32 1, i32 0, void @p_str"   --->   Operation 9 'specpipeline' 'specpipeline_ln0' <Predicate = true> <Delay = 0.00>
ST_1 : Operation 10 [1/1] (0.00ns)   --->   "%tmp = bitselect i1 @_ssdm_op_BitSelect.i1.i8.i32, i8 %i_1, i32 7" [fir128_Q4/fir.cpp:27]   --->   Operation 10 'bitselect' 'tmp' <Predicate = true> <Delay = 0.00>
ST_1 : Operation 11 [1/1] (0.00ns)   --->   "%empty = speclooptripcount i32 @_ssdm_op_SpecLoopTripCount, i64 128, i64 128, i64 128"   --->   Operation 11 'speclooptripcount' 'empty' <Predicate = true> <Delay = 0.00>
ST_1 : Operation 12 [1/1] (0.00ns)   --->   "%br_ln27 = br i1 %tmp, void %for.inc.split, void %for.end.exitStub" [fir128_Q4/fir.cpp:27]   --->   Operation 12 'br' 'br_ln27' <Predicate = true> <Delay = 0.00>
ST_1 : Operation 13 [1/1] (1.91ns)   --->   "%add_ln27 = add i8 %i_1, i8 255" [fir128_Q4/fir.cpp:27]   --->   Operation 13 'add' 'add_ln27' <Predicate = (!tmp)> <Delay = 1.91> <CoreInst = "Adder">   --->   Core 1 'Adder' <Latency = 0> <II = 1> <Delay = 1.91> <FuncUnit> <Opcode : 'add' 'sub'> <InPorts = 2> <OutPorts = 1>
ST_1 : Operation 14 [1/1] (0.00ns)   --->   "%zext_ln29 = zext i8 %add_ln27" [fir128_Q4/fir.cpp:29]   --->   Operation 14 'zext' 'zext_ln29' <Predicate = (!tmp)> <Delay = 0.00>
ST_1 : Operation 15 [1/1] (0.00ns)   --->   "%shift_reg_V_addr = getelementptr i8 %shift_reg_V, i64 0, i64 %zext_ln29" [fir128_Q4/fir.cpp:29]   --->   Operation 15 'getelementptr' 'shift_reg_V_addr' <Predicate = (!tmp)> <Delay = 0.00>
ST_1 : Operation 16 [2/2] (3.25ns)   --->   "%shift_reg_V_load = load i7 %shift_reg_V_addr" [fir128_Q4/fir.cpp:29]   --->   Operation 16 'load' 'shift_reg_V_load' <Predicate = (!tmp)> <Delay = 3.25> <CoreInst = "RAM">   --->   Core 82 'RAM' <Latency = 1> <II = 1> <Delay = 3.25> <Storage> <Opcode : 'load' 'store'> <Ports = 2> <Width = 8> <Depth = 128> <RAM>
ST_1 : Operation 17 [1/1] (1.58ns)   --->   "%store_ln27 = store i8 %add_ln27, i8 %i" [fir128_Q4/fir.cpp:27]   --->   Operation 17 'store' 'store_ln27' <Predicate = (!tmp)> <Delay = 1.58>
ST_1 : Operation 24 [1/1] (0.00ns)   --->   "%ret_ln0 = ret"   --->   Operation 24 'ret' 'ret_ln0' <Predicate = (tmp)> <Delay = 0.00>

State 2 <SV = 1> <Delay = 6.50>
ST_2 : Operation 18 [1/1] (0.00ns)   --->   "%i_cast = zext i8 %i_1" [fir128_Q4/fir.cpp:27]   --->   Operation 18 'zext' 'i_cast' <Predicate = true> <Delay = 0.00>
ST_2 : Operation 19 [1/1] (0.00ns)   --->   "%specloopname_ln25 = specloopname void @_ssdm_op_SpecLoopName, void @empty_3" [fir128_Q4/fir.cpp:25]   --->   Operation 19 'specloopname' 'specloopname_ln25' <Predicate = true> <Delay = 0.00>
ST_2 : Operation 20 [1/2] (3.25ns)   --->   "%shift_reg_V_load = load i7 %shift_reg_V_addr" [fir128_Q4/fir.cpp:29]   --->   Operation 20 'load' 'shift_reg_V_load' <Predicate = true> <Delay = 3.25> <CoreInst = "RAM">   --->   Core 82 'RAM' <Latency = 1> <II = 1> <Delay = 3.25> <Storage> <Opcode : 'load' 'store'> <Ports = 2> <Width = 8> <Depth = 128> <RAM>
ST_2 : Operation 21 [1/1] (0.00ns)   --->   "%shift_reg_V_addr_1 = getelementptr i8 %shift_reg_V, i64 0, i64 %i_cast" [fir128_Q4/fir.cpp:29]   --->   Operation 21 'getelementptr' 'shift_reg_V_addr_1' <Predicate = true> <Delay = 0.00>
ST_2 : Operation 22 [1/1] (3.25ns)   --->   "%store_ln29 = store i8 %shift_reg_V_load, i7 %shift_reg_V_addr_1" [fir128_Q4/fir.cpp:29]   --->   Operation 22 'store' 'store_ln29' <Predicate = true> <Delay = 3.25> <CoreInst = "RAM">   --->   Core 82 'RAM' <Latency = 1> <II = 1> <Delay = 3.25> <Storage> <Opcode : 'load' 'store'> <Ports = 2> <Width = 8> <Depth = 128> <RAM>
ST_2 : Operation 23 [1/1] (0.00ns)   --->   "%br_ln27 = br void %for.inc" [fir128_Q4/fir.cpp:27]   --->   Operation 23 'br' 'br_ln27' <Predicate = true> <Delay = 0.00>


============================================================
+ Verbose Summary: Binding
============================================================
STG Binding: 
---------------- STG Properties BEGIN ----------------
- Is combinational: 0
- Is one-state seq: 0
- Is datapath-only: 0
- Is pipelined: 0
- Is top level: 0
Port [ Return ] is wired: 1; IO mode=ap_ctrl_hs:ce=0
Port [ shift_reg_V]:  wired=1; compound=1; hidden=0; nouse=0; global=1; static=1; extern=0; dir=2; type=1; pingpong=0; private_global=0; MemPort=[01]; IO mode=ap_memory:ce=0
---------------- STG Properties END ------------------

---------------- Datapath Model BEGIN ----------------

<LifeTime>
<method=bitvector/>
i                  (alloca           ) [ 010]
store_ln0          (store            ) [ 000]
br_ln0             (br               ) [ 000]
i_1                (load             ) [ 011]
specpipeline_ln0   (specpipeline     ) [ 000]
tmp                (bitselect        ) [ 010]
empty              (speclooptripcount) [ 000]
br_ln27            (br               ) [ 000]
add_ln27           (add              ) [ 000]
zext_ln29          (zext             ) [ 000]
shift_reg_V_addr   (getelementptr    ) [ 011]
store_ln27         (store            ) [ 000]
i_cast             (zext             ) [ 000]
specloopname_ln25  (specloopname     ) [ 000]
shift_reg_V_load   (load             ) [ 000]
shift_reg_V_addr_1 (getelementptr    ) [ 000]
store_ln29         (store            ) [ 000]
br_ln27            (br               ) [ 000]
ret_ln0            (ret              ) [ 000]
</LifeTime>

<model>

<comp_list>
<comp id="0" class="1000" name="shift_reg_V">
<pin_list>
<pin id="1" dir="1" index="0" bw="1" slack="0"/>
</pin_list>
<bind>
<StgValue><ssdm name="shift_reg_V"/><MemPortTyVec>0 1 </MemPortTyVec>
</StgValue>
</bind>
</comp>

<comp id="2" class="1001" name="const_2">
<pin_list>
<pin id="3" dir="1" index="0" bw="1" slack="0"/>
</pin_list>
<bind>
<StgValue><ssdm name=""/></StgValue>
</bind>
</comp>

<comp id="4" class="1001" name="const_4">
<pin_list>
<pin id="5" dir="1" index="0" bw="1" slack="0"/>
</pin_list>
<bind>
<StgValue><ssdm name=""/></StgValue>
</bind>
</comp>

<comp id="6" class="1001" name="const_6">
<pin_list>
<pin id="7" dir="1" index="0" bw="1" slack="2147483647"/>
</pin_list>
<bind>
<StgValue><ssdm name="_ssdm_op_SpecPipeline"/></StgValue>
</bind>
</comp>

<comp id="8" class="1001" name="const_8">
<pin_list>
<pin id="9" dir="1" index="0" bw="1" slack="2147483647"/>
</pin_list>
<bind>
<StgValue><ssdm name=""/></StgValue>
</bind>
</comp>

<comp id="10" class="1001" name="const_10">
<pin_list>
<pin id="11" dir="1" index="0" bw="1" slack="2147483647"/>
</pin_list>
<bind>
<StgValue><ssdm name=""/></StgValue>
</bind>
</comp>

<comp id="12" class="1001" name="const_12">
<pin_list>
<pin id="13" dir="1" index="0" bw="1" slack="2147483647"/>
</pin_list>
<bind>
<StgValue><ssdm name="p_str"/></StgValue>
</bind>
</comp>

<comp id="14" class="1001" name="const_14">
<pin_list>
<pin id="15" dir="1" index="0" bw="1" slack="0"/>
</pin_list>
<bind>
<StgValue><ssdm name="_ssdm_op_BitSelect.i1.i8.i32"/></StgValue>
</bind>
</comp>

<comp id="16" class="1001" name="const_16">
<pin_list>
<pin id="17" dir="1" index="0" bw="1" slack="0"/>
</pin_list>
<bind>
<StgValue><ssdm name=""/></StgValue>
</bind>
</comp>

<comp id="18" class="1001" name="const_18">
<pin_list>
<pin id="19" dir="1" index="0" bw="1" slack="2147483647"/>
</pin_list>
<bind>
<StgValue><ssdm name="_ssdm_op_SpecLoopTripCount"/></StgValue>
</bind>
</comp>

<comp id="20" class="1001" name="const_20">
<pin_list>
<pin id="21" dir="1" index="0" bw="1" slack="2147483647"/>
</pin_list>
<bind>
<StgValue><ssdm name=""/></StgValue>
</bind>
</comp>

<comp id="22" class="1001" name="const_22">
<pin_list>
<pin id="23" dir="1" index="0" bw="1" slack="0"/>
</pin_list>
<bind>
<StgValue><ssdm name=""/></StgValue>
</bind>
</comp>

<comp id="24" class="1001" name="const_24">
<pin_list>
<pin id="25" dir="1" index="0" bw="1" slack="0"/>
</pin_list>
<bind>
<StgValue><ssdm name=""/></StgValue>
</bind>
</comp>

<comp id="26" class="1001" name="const_26">
<pin_list>
<pin id="27" dir="1" index="0" bw="1" slack="2147483647"/>
</pin_list>
<bind>
<StgValue><ssdm name="_ssdm_op_SpecLoopName"/></StgValue>
</bind>
</comp>

<comp id="28" class="1001" name="const_28">
<pin_list>
<pin id="29" dir="1" index="0" bw="1" slack="2147483647"/>
</pin_list>
<bind>
<StgValue><ssdm name="empty_3"/></StgValue>
</bind>
</comp>

<comp id="30" class="1004" name="i_fu_30">
<pin_list>
<pin id="31" dir="0" index="0" bw="1" slack="0"/>
<pin id="32" dir="1" index="1" bw="8" slack="0"/>
</pin_list>
<bind>
<opcode="alloca(26) " fcode="alloca"/>
<opset="i/1 "/>
</bind>
</comp>

<comp id="34" class="1004" name="shift_reg_V_addr_gep_fu_34">
<pin_list>
<pin id="35" dir="0" index="0" bw="8" slack="0"/>
<pin id="36" dir="0" index="1" bw="1" slack="0"/>
<pin id="37" dir="0" index="2" bw="8" slack="0"/>
<pin id="38" dir="1" index="3" bw="7" slack="0"/>
</pin_list>
<bind>
<opcode="getelementptr(29) " fcode="getelementptr"/>
<opset="shift_reg_V_addr/1 "/>
</bind>
</comp>

<comp id="41" class="1004" name="grp_access_fu_41">
<pin_list>
<pin id="42" dir="0" index="0" bw="7" slack="0"/>
<pin id="43" dir="0" index="1" bw="8" slack="0"/>
<pin id="44" dir="0" index="2" bw="0" slack="0"/>
<pin id="46" dir="0" index="4" bw="7" slack="2147483647"/>
<pin id="47" dir="0" index="5" bw="8" slack="2147483647"/>
<pin id="48" dir="0" index="6" bw="0" slack="2147483647"/>
<pin id="45" dir="1" index="3" bw="8" slack="2147483647"/>
<pin id="49" dir="1" index="7" bw="8" slack="0"/>
</pin_list>
<bind>
<opcode="load(27) store(28) " fcode="store"/>
<opset="shift_reg_V_load/1 store_ln29/2 "/>
</bind>
</comp>

<comp id="51" class="1004" name="shift_reg_V_addr_1_gep_fu_51">
<pin_list>
<pin id="52" dir="0" index="0" bw="8" slack="0"/>
<pin id="53" dir="0" index="1" bw="1" slack="0"/>
<pin id="54" dir="0" index="2" bw="8" slack="0"/>
<pin id="55" dir="1" index="3" bw="7" slack="0"/>
</pin_list>
<bind>
<opcode="getelementptr(29) " fcode="getelementptr"/>
<opset="shift_reg_V_addr_1/2 "/>
</bind>
</comp>

<comp id="60" class="1004" name="store_ln0_store_fu_60">
<pin_list>
<pin id="61" dir="0" index="0" bw="8" slack="0"/>
<pin id="62" dir="0" index="1" bw="8" slack="0"/>
<pin id="63" dir="1" index="2" bw="0" slack="2147483647"/>
</pin_list>
<bind>
<opcode="store(28) " fcode="store"/>
<opset="store_ln0/1 "/>
</bind>
</comp>

<comp id="65" class="1004" name="i_1_load_fu_65">
<pin_list>
<pin id="66" dir="0" index="0" bw="8" slack="0"/>
<pin id="67" dir="1" index="1" bw="8" slack="0"/>
</pin_list>
<bind>
<opcode="load(27) " fcode="load"/>
<opset="i_1/1 "/>
</bind>
</comp>

<comp id="68" class="1004" name="tmp_fu_68">
<pin_list>
<pin id="69" dir="0" index="0" bw="1" slack="0"/>
<pin id="70" dir="0" index="1" bw="8" slack="0"/>
<pin id="71" dir="0" index="2" bw="4" slack="0"/>
<pin id="72" dir="1" index="3" bw="1" slack="2147483647"/>
</pin_list>
<bind>
<opcode="bitselect(1000) " fcode="bitselect"/>
<opset="tmp/1 "/>
</bind>
</comp>

<comp id="76" class="1004" name="add_ln27_fu_76">
<pin_list>
<pin id="77" dir="0" index="0" bw="8" slack="0"/>
<pin id="78" dir="0" index="1" bw="1" slack="0"/>
<pin id="79" dir="1" index="2" bw="8" slack="0"/>
</pin_list>
<bind>
<opcode="add(8) " fcode="add"/>
<opset="add_ln27/1 "/>
</bind>
</comp>

<comp id="82" class="1004" name="zext_ln29_fu_82">
<pin_list>
<pin id="83" dir="0" index="0" bw="8" slack="0"/>
<pin id="84" dir="1" index="1" bw="64" slack="0"/>
</pin_list>
<bind>
<opcode="zext(34) " fcode="zext"/>
<opset="zext_ln29/1 "/>
</bind>
</comp>

<comp id="87" class="1004" name="store_ln27_store_fu_87">
<pin_list>
<pin id="88" dir="0" index="0" bw="8" slack="0"/>
<pin id="89" dir="0" index="1" bw="8" slack="0"/>
<pin id="90" dir="1" index="2" bw="0" slack="2147483647"/>
</pin_list>
<bind>
<opcode="store(28) " fcode="store"/>
<opset="store_ln27/1 "/>
</bind>
</comp>

<comp id="92" class="1004" name="i_cast_fu_92">
<pin_list>
<pin id="93" dir="0" index="0" bw="8" slack="1"/>
<pin id="94" dir="1" index="1" bw="64" slack="0"/>
</pin_list>
<bind>
<opcode="zext(34) " fcode="zext"/>
<opset="i_cast/2 "/>
</bind>
</comp>

<comp id="96" class="1005" name="i_reg_96">
<pin_list>
<pin id="97" dir="0" index="0" bw="8" slack="0"/>
<pin id="98" dir="1" index="1" bw="8" slack="0"/>
</pin_list>
<bind>
<opset="i "/>
</bind>
</comp>

<comp id="103" class="1005" name="i_1_reg_103">
<pin_list>
<pin id="104" dir="0" index="0" bw="8" slack="1"/>
<pin id="105" dir="1" index="1" bw="8" slack="1"/>
</pin_list>
<bind>
<opset="i_1 "/>
</bind>
</comp>

<comp id="111" class="1005" name="shift_reg_V_addr_reg_111">
<pin_list>
<pin id="112" dir="0" index="0" bw="7" slack="1"/>
<pin id="113" dir="1" index="1" bw="7" slack="1"/>
</pin_list>
<bind>
<opset="shift_reg_V_addr "/>
</bind>
</comp>

</comp_list>

<net_list>
<net id="33"><net_src comp="2" pin="0"/><net_sink comp="30" pin=0"/></net>

<net id="39"><net_src comp="0" pin="0"/><net_sink comp="34" pin=0"/></net>

<net id="40"><net_src comp="24" pin="0"/><net_sink comp="34" pin=1"/></net>

<net id="50"><net_src comp="34" pin="3"/><net_sink comp="41" pin=2"/></net>

<net id="56"><net_src comp="0" pin="0"/><net_sink comp="51" pin=0"/></net>

<net id="57"><net_src comp="24" pin="0"/><net_sink comp="51" pin=1"/></net>

<net id="58"><net_src comp="41" pin="7"/><net_sink comp="41" pin=1"/></net>

<net id="59"><net_src comp="51" pin="3"/><net_sink comp="41" pin=0"/></net>

<net id="64"><net_src comp="4" pin="0"/><net_sink comp="60" pin=0"/></net>

<net id="73"><net_src comp="14" pin="0"/><net_sink comp="68" pin=0"/></net>

<net id="74"><net_src comp="65" pin="1"/><net_sink comp="68" pin=1"/></net>

<net id="75"><net_src comp="16" pin="0"/><net_sink comp="68" pin=2"/></net>

<net id="80"><net_src comp="65" pin="1"/><net_sink comp="76" pin=0"/></net>

<net id="81"><net_src comp="22" pin="0"/><net_sink comp="76" pin=1"/></net>

<net id="85"><net_src comp="76" pin="2"/><net_sink comp="82" pin=0"/></net>

<net id="86"><net_src comp="82" pin="1"/><net_sink comp="34" pin=2"/></net>

<net id="91"><net_src comp="76" pin="2"/><net_sink comp="87" pin=0"/></net>

<net id="95"><net_src comp="92" pin="1"/><net_sink comp="51" pin=2"/></net>

<net id="99"><net_src comp="30" pin="1"/><net_sink comp="96" pin=0"/></net>

<net id="100"><net_src comp="96" pin="1"/><net_sink comp="60" pin=1"/></net>

<net id="101"><net_src comp="96" pin="1"/><net_sink comp="65" pin=0"/></net>

<net id="102"><net_src comp="96" pin="1"/><net_sink comp="87" pin=1"/></net>

<net id="106"><net_src comp="65" pin="1"/><net_sink comp="103" pin=0"/></net>

<net id="107"><net_src comp="103" pin="1"/><net_sink comp="92" pin=0"/></net>

<net id="114"><net_src comp="34" pin="3"/><net_sink comp="111" pin=0"/></net>

<net id="115"><net_src comp="111" pin="1"/><net_sink comp="41" pin=2"/></net>

</net_list>

</model> 
---------------- Datapath Model END ------------------

* FSMD analyzer results:
  - Output states:
	Port: shift_reg_V | {2 }
 - Input state : 
	Port: fir_Pipeline_Time_delay_loop : shift_reg_V | {1 2 }
  - Chain level:
	State 1
		store_ln0 : 1
		i_1 : 1
		tmp : 2
		br_ln27 : 3
		add_ln27 : 2
		zext_ln29 : 3
		shift_reg_V_addr : 4
		shift_reg_V_load : 5
		store_ln27 : 3
	State 2
		shift_reg_V_addr_1 : 1
		store_ln29 : 2


============================================================
+ Verbose Summary: Datapath Resource usage 
============================================================

* Functional unit list:
|----------|-----------------|---------|---------|
| Operation| Functional Unit |    FF   |   LUT   |
|----------|-----------------|---------|---------|
|    add   |  add_ln27_fu_76 |    0    |    15   |
|----------|-----------------|---------|---------|
| bitselect|    tmp_fu_68    |    0    |    0    |
|----------|-----------------|---------|---------|
|   zext   | zext_ln29_fu_82 |    0    |    0    |
|          |   i_cast_fu_92  |    0    |    0    |
|----------|-----------------|---------|---------|
|   Total  |                 |    0    |    15   |
|----------|-----------------|---------|---------|

Memories:
N/A

* Register list:
+------------------------+--------+
|                        |   FF   |
+------------------------+--------+
|       i_1_reg_103      |    8   |
|        i_reg_96        |    8   |
|shift_reg_V_addr_reg_111|    7   |
+------------------------+--------+
|          Total         |   23   |
+------------------------+--------+

* Multiplexer (MUX) list: 
|------------------|------|------|------|--------||---------||---------|
|       Comp       |  Pin | Size |  BW  | S x BW ||  Delay  ||   LUT   |
|------------------|------|------|------|--------||---------||---------|
| grp_access_fu_41 |  p2  |   2  |   0  |    0   ||    9    |
|------------------|------|------|------|--------||---------||---------|
|       Total      |      |      |      |    0   ||  1.588  ||    9    |
|------------------|------|------|------|--------||---------||---------|



* Summary:
+-----------+--------+--------+--------+
|           |  Delay |   FF   |   LUT  |
+-----------+--------+--------+--------+
|  Function |    -   |    0   |   15   |
|   Memory  |    -   |    -   |    -   |
|Multiplexer|    1   |    -   |    9   |
|  Register |    -   |   23   |    -   |
+-----------+--------+--------+--------+
|   Total   |    1   |   23   |   24   |
+-----------+--------+--------+--------+
