#-----------------------------------------------------------
# xsim v2022.1 (64-bit)
# SW Build 3526262 on Mon Apr 18 15:48:16 MDT 2022
# IP Build 3524634 on Mon Apr 18 20:55:01 MDT 2022
# Start of session at: Fri Mar 31 20:44:29 2023
# Process ID: 8776
# Current directory: D:/HLS/HLS_LABC/fir128_Q2/solution3/sim/verilog
# Command line: xsim.exe -mode tcl -source {xsim.dir/fir/xsim_script.tcl}
# Log file: D:/HLS/HLS_LABC/fir128_Q2/solution3/sim/verilog/xsim.log
# Journal file: D:/HLS/HLS_LABC/fir128_Q2/solution3/sim/verilog\xsim.jou
# Running On: MSI, OS: Windows, CPU Frequency: 2304 MHz, CPU Physical cores: 8, Host memory: 16991 MB
#-----------------------------------------------------------
source xsim.dir/fir/xsim_script.tcl
# xsim {fir} -view {{fir_dataflow_ana.wcfg}} -tclbatch {fir.tcl} -protoinst {fir.protoinst}
INFO: [Wavedata 42-565] Reading protoinst file fir.protoinst
INFO: [Wavedata 42-564]   Found protocol instance at /apatb_fir_top/AESL_inst_fir//AESL_inst_fir_activity
INFO: [Wavedata 42-564]   Found protocol instance at /apatb_fir_top/AESL_inst_fir/grp_fir_Pipeline_Shift_Accum_Loop_fu_53/grp_fir_Pipeline_Shift_Accum_Loop_fu_53_activity
Time resolution is 1 ps
open_wave_config fir_dataflow_ana.wcfg
source fir.tcl
## log_wave -r /
WARNING: [Simtcl 6-197] One or more HDL objects could not be logged because of object type or size limitations.  To see details please rerun the command with -verbose (-v).
## set designtopgroup [add_wave_group "Design Top Signals"]
## set coutputgroup [add_wave_group "C Outputs" -into $designtopgroup]
## set return_group [add_wave_group return(wire) -into $coutputgroup]
## add_wave /apatb_fir_top/AESL_inst_fir/y_ap_vld -into $return_group -color #ffff00 -radix hex
## add_wave /apatb_fir_top/AESL_inst_fir/y -into $return_group -radix hex
## set cinputgroup [add_wave_group "C Inputs" -into $designtopgroup]
## set return_group [add_wave_group return(wire) -into $cinputgroup]
## add_wave /apatb_fir_top/AESL_inst_fir/x -into $return_group -radix hex
## set blocksiggroup [add_wave_group "Block-level IO Handshake" -into $designtopgroup]
## add_wave /apatb_fir_top/AESL_inst_fir/ap_start -into $blocksiggroup
## add_wave /apatb_fir_top/AESL_inst_fir/ap_done -into $blocksiggroup
## add_wave /apatb_fir_top/AESL_inst_fir/ap_idle -into $blocksiggroup
## add_wave /apatb_fir_top/AESL_inst_fir/ap_ready -into $blocksiggroup
## set resetgroup [add_wave_group "Reset" -into $designtopgroup]
## add_wave /apatb_fir_top/AESL_inst_fir/ap_rst -into $resetgroup
## set clockgroup [add_wave_group "Clock" -into $designtopgroup]
## add_wave /apatb_fir_top/AESL_inst_fir/ap_clk -into $clockgroup
## set testbenchgroup [add_wave_group "Test Bench Signals"]
## set tbinternalsiggroup [add_wave_group "Internal Signals" -into $testbenchgroup]
## set tb_simstatus_group [add_wave_group "Simulation Status" -into $tbinternalsiggroup]
## set tb_portdepth_group [add_wave_group "Port Depth" -into $tbinternalsiggroup]
## add_wave /apatb_fir_top/AUTOTB_TRANSACTION_NUM -into $tb_simstatus_group -radix hex
## add_wave /apatb_fir_top/ready_cnt -into $tb_simstatus_group -radix hex
## add_wave /apatb_fir_top/done_cnt -into $tb_simstatus_group -radix hex
## add_wave /apatb_fir_top/LENGTH_y -into $tb_portdepth_group -radix hex
## add_wave /apatb_fir_top/LENGTH_x -into $tb_portdepth_group -radix hex
## set tbcoutputgroup [add_wave_group "C Outputs" -into $testbenchgroup]
## set tb_return_group [add_wave_group return(wire) -into $tbcoutputgroup]
## add_wave /apatb_fir_top/y_ap_vld -into $tb_return_group -color #ffff00 -radix hex
## add_wave /apatb_fir_top/y -into $tb_return_group -radix hex
## set tbcinputgroup [add_wave_group "C Inputs" -into $testbenchgroup]
## set tb_return_group [add_wave_group return(wire) -into $tbcinputgroup]
## add_wave /apatb_fir_top/x -into $tb_return_group -radix hex
## save_wave_config fir.wcfg
## run all
////////////////////////////////////////////////////////////////////////////////////
// Inter-Transaction Progress: Completed Transaction / Total Transaction
// Intra-Transaction Progress: Measured Latency / Latency Estimation * 100%
//
// RTL Simulation : "Inter-Transaction Progress" ["Intra-Transaction Progress"] @ "Simulation Time"
////////////////////////////////////////////////////////////////////////////////////
// RTL Simulation : 0 / 600 [0.00%] @ "125000"
// RTL Simulation : 1 / 600 [100.00%] @ "4005000"
// RTL Simulation : 2 / 600 [100.00%] @ "7875000"
// RTL Simulation : 3 / 600 [100.00%] @ "11745000"
// RTL Simulation : 4 / 600 [100.00%] @ "15615000"
// RTL Simulation : 5 / 600 [100.00%] @ "19485000"
// RTL Simulation : 6 / 600 [100.00%] @ "23355000"
// RTL Simulation : 7 / 600 [100.00%] @ "27225000"
// RTL Simulation : 8 / 600 [100.00%] @ "31095000"
// RTL Simulation : 9 / 600 [100.00%] @ "34965000"
// RTL Simulation : 10 / 600 [100.00%] @ "38835000"
// RTL Simulation : 11 / 600 [100.00%] @ "42705000"
// RTL Simulation : 12 / 600 [100.00%] @ "46575000"
// RTL Simulation : 13 / 600 [100.00%] @ "50445000"
// RTL Simulation : 14 / 600 [100.00%] @ "54315000"
// RTL Simulation : 15 / 600 [100.00%] @ "58185000"
// RTL Simulation : 16 / 600 [100.00%] @ "62055000"
// RTL Simulation : 17 / 600 [100.00%] @ "65925000"
// RTL Simulation : 18 / 600 [100.00%] @ "69795000"
// RTL Simulation : 19 / 600 [100.00%] @ "73665000"
// RTL Simulation : 20 / 600 [100.00%] @ "77535000"
// RTL Simulation : 21 / 600 [100.00%] @ "81405000"
// RTL Simulation : 22 / 600 [100.00%] @ "85275000"
// RTL Simulation : 23 / 600 [100.00%] @ "89145000"
// RTL Simulation : 24 / 600 [100.00%] @ "93015000"
// RTL Simulation : 25 / 600 [100.00%] @ "96885000"
// RTL Simulation : 26 / 600 [100.00%] @ "100755000"
// RTL Simulation : 27 / 600 [100.00%] @ "104625000"
// RTL Simulation : 28 / 600 [100.00%] @ "108495000"
// RTL Simulation : 29 / 600 [100.00%] @ "112365000"
// RTL Simulation : 30 / 600 [100.00%] @ "116235000"
// RTL Simulation : 31 / 600 [100.00%] @ "120105000"
// RTL Simulation : 32 / 600 [100.00%] @ "123975000"
// RTL Simulation : 33 / 600 [100.00%] @ "127845000"
// RTL Simulation : 34 / 600 [100.00%] @ "131715000"
// RTL Simulation : 35 / 600 [100.00%] @ "135585000"
// RTL Simulation : 36 / 600 [100.00%] @ "139455000"
// RTL Simulation : 37 / 600 [100.00%] @ "143325000"
// RTL Simulation : 38 / 600 [100.00%] @ "147195000"
// RTL Simulation : 39 / 600 [100.00%] @ "151065000"
// RTL Simulation : 40 / 600 [100.00%] @ "154935000"
// RTL Simulation : 41 / 600 [100.00%] @ "158805000"
// RTL Simulation : 42 / 600 [100.00%] @ "162675000"
// RTL Simulation : 43 / 600 [100.00%] @ "166545000"
// RTL Simulation : 44 / 600 [100.00%] @ "170415000"
// RTL Simulation : 45 / 600 [100.00%] @ "174285000"
// RTL Simulation : 46 / 600 [100.00%] @ "178155000"
// RTL Simulation : 47 / 600 [100.00%] @ "182025000"
// RTL Simulation : 48 / 600 [100.00%] @ "185895000"
// RTL Simulation : 49 / 600 [100.00%] @ "189765000"
// RTL Simulation : 50 / 600 [100.00%] @ "193635000"
// RTL Simulation : 51 / 600 [100.00%] @ "197505000"
// RTL Simulation : 52 / 600 [100.00%] @ "201375000"
// RTL Simulation : 53 / 600 [100.00%] @ "205245000"
// RTL Simulation : 54 / 600 [100.00%] @ "209115000"
// RTL Simulation : 55 / 600 [100.00%] @ "212985000"
// RTL Simulation : 56 / 600 [100.00%] @ "216855000"
// RTL Simulation : 57 / 600 [100.00%] @ "220725000"
// RTL Simulation : 58 / 600 [100.00%] @ "224595000"
// RTL Simulation : 59 / 600 [100.00%] @ "228465000"
// RTL Simulation : 60 / 600 [100.00%] @ "232335000"
// RTL Simulation : 61 / 600 [100.00%] @ "236205000"
// RTL Simulation : 62 / 600 [100.00%] @ "240075000"
// RTL Simulation : 63 / 600 [100.00%] @ "243945000"
// RTL Simulation : 64 / 600 [100.00%] @ "247815000"
// RTL Simulation : 65 / 600 [100.00%] @ "251685000"
// RTL Simulation : 66 / 600 [100.00%] @ "255555000"
// RTL Simulation : 67 / 600 [100.00%] @ "259425000"
// RTL Simulation : 68 / 600 [100.00%] @ "263295000"
// RTL Simulation : 69 / 600 [100.00%] @ "267165000"
// RTL Simulation : 70 / 600 [100.00%] @ "271035000"
// RTL Simulation : 71 / 600 [100.00%] @ "274905000"
// RTL Simulation : 72 / 600 [100.00%] @ "278775000"
// RTL Simulation : 73 / 600 [100.00%] @ "282645000"
// RTL Simulation : 74 / 600 [100.00%] @ "286515000"
// RTL Simulation : 75 / 600 [100.00%] @ "290385000"
// RTL Simulation : 76 / 600 [100.00%] @ "294255000"
// RTL Simulation : 77 / 600 [100.00%] @ "298125000"
// RTL Simulation : 78 / 600 [100.00%] @ "301995000"
// RTL Simulation : 79 / 600 [100.00%] @ "305865000"
// RTL Simulation : 80 / 600 [100.00%] @ "309735000"
// RTL Simulation : 81 / 600 [100.00%] @ "313605000"
// RTL Simulation : 82 / 600 [100.00%] @ "317475000"
// RTL Simulation : 83 / 600 [100.00%] @ "321345000"
// RTL Simulation : 84 / 600 [100.00%] @ "325215000"
// RTL Simulation : 85 / 600 [100.00%] @ "329085000"
// RTL Simulation : 86 / 600 [100.00%] @ "332955000"
// RTL Simulation : 87 / 600 [100.00%] @ "336825000"
// RTL Simulation : 88 / 600 [100.00%] @ "340695000"
// RTL Simulation : 89 / 600 [100.00%] @ "344565000"
// RTL Simulation : 90 / 600 [100.00%] @ "348435000"
// RTL Simulation : 91 / 600 [100.00%] @ "352305000"
// RTL Simulation : 92 / 600 [100.00%] @ "356175000"
// RTL Simulation : 93 / 600 [100.00%] @ "360045000"
// RTL Simulation : 94 / 600 [100.00%] @ "363915000"
// RTL Simulation : 95 / 600 [100.00%] @ "367785000"
// RTL Simulation : 96 / 600 [100.00%] @ "371655000"
// RTL Simulation : 97 / 600 [100.00%] @ "375525000"
// RTL Simulation : 98 / 600 [100.00%] @ "379395000"
// RTL Simulation : 99 / 600 [100.00%] @ "383265000"
// RTL Simulation : 100 / 600 [100.00%] @ "387135000"
// RTL Simulation : 101 / 600 [100.00%] @ "391005000"
// RTL Simulation : 102 / 600 [100.00%] @ "394875000"
// RTL Simulation : 103 / 600 [100.00%] @ "398745000"
// RTL Simulation : 104 / 600 [100.00%] @ "402615000"
// RTL Simulation : 105 / 600 [100.00%] @ "406485000"
// RTL Simulation : 106 / 600 [100.00%] @ "410355000"
// RTL Simulation : 107 / 600 [100.00%] @ "414225000"
// RTL Simulation : 108 / 600 [100.00%] @ "418095000"
// RTL Simulation : 109 / 600 [100.00%] @ "421965000"
// RTL Simulation : 110 / 600 [100.00%] @ "425835000"
// RTL Simulation : 111 / 600 [100.00%] @ "429705000"
// RTL Simulation : 112 / 600 [100.00%] @ "433575000"
// RTL Simulation : 113 / 600 [100.00%] @ "437445000"
// RTL Simulation : 114 / 600 [100.00%] @ "441315000"
// RTL Simulation : 115 / 600 [100.00%] @ "445185000"
// RTL Simulation : 116 / 600 [100.00%] @ "449055000"
// RTL Simulation : 117 / 600 [100.00%] @ "452925000"
// RTL Simulation : 118 / 600 [100.00%] @ "456795000"
// RTL Simulation : 119 / 600 [100.00%] @ "460665000"
// RTL Simulation : 120 / 600 [100.00%] @ "464535000"
// RTL Simulation : 121 / 600 [100.00%] @ "468405000"
// RTL Simulation : 122 / 600 [100.00%] @ "472275000"
// RTL Simulation : 123 / 600 [100.00%] @ "476145000"
// RTL Simulation : 124 / 600 [100.00%] @ "480015000"
// RTL Simulation : 125 / 600 [100.00%] @ "483885000"
// RTL Simulation : 126 / 600 [100.00%] @ "487755000"
// RTL Simulation : 127 / 600 [100.00%] @ "491625000"
// RTL Simulation : 128 / 600 [100.00%] @ "495495000"
// RTL Simulation : 129 / 600 [100.00%] @ "499365000"
// RTL Simulation : 130 / 600 [100.00%] @ "503235000"
// RTL Simulation : 131 / 600 [100.00%] @ "507105000"
// RTL Simulation : 132 / 600 [100.00%] @ "510975000"
// RTL Simulation : 133 / 600 [100.00%] @ "514845000"
// RTL Simulation : 134 / 600 [100.00%] @ "518715000"
// RTL Simulation : 135 / 600 [100.00%] @ "522585000"
// RTL Simulation : 136 / 600 [100.00%] @ "526455000"
// RTL Simulation : 137 / 600 [100.00%] @ "530325000"
// RTL Simulation : 138 / 600 [100.00%] @ "534195000"
// RTL Simulation : 139 / 600 [100.00%] @ "538065000"
// RTL Simulation : 140 / 600 [100.00%] @ "541935000"
// RTL Simulation : 141 / 600 [100.00%] @ "545805000"
// RTL Simulation : 142 / 600 [100.00%] @ "549675000"
// RTL Simulation : 143 / 600 [100.00%] @ "553545000"
// RTL Simulation : 144 / 600 [100.00%] @ "557415000"
// RTL Simulation : 145 / 600 [100.00%] @ "561285000"
// RTL Simulation : 146 / 600 [100.00%] @ "565155000"
// RTL Simulation : 147 / 600 [100.00%] @ "569025000"
// RTL Simulation : 148 / 600 [100.00%] @ "572895000"
// RTL Simulation : 149 / 600 [100.00%] @ "576765000"
// RTL Simulation : 150 / 600 [100.00%] @ "580635000"
// RTL Simulation : 151 / 600 [100.00%] @ "584505000"
// RTL Simulation : 152 / 600 [100.00%] @ "588375000"
// RTL Simulation : 153 / 600 [100.00%] @ "592245000"
// RTL Simulation : 154 / 600 [100.00%] @ "596115000"
// RTL Simulation : 155 / 600 [100.00%] @ "599985000"
// RTL Simulation : 156 / 600 [100.00%] @ "603855000"
// RTL Simulation : 157 / 600 [100.00%] @ "607725000"
// RTL Simulation : 158 / 600 [100.00%] @ "611595000"
// RTL Simulation : 159 / 600 [100.00%] @ "615465000"
// RTL Simulation : 160 / 600 [100.00%] @ "619335000"
// RTL Simulation : 161 / 600 [100.00%] @ "623205000"
// RTL Simulation : 162 / 600 [100.00%] @ "627075000"
// RTL Simulation : 163 / 600 [100.00%] @ "630945000"
// RTL Simulation : 164 / 600 [100.00%] @ "634815000"
// RTL Simulation : 165 / 600 [100.00%] @ "638685000"
// RTL Simulation : 166 / 600 [100.00%] @ "642555000"
// RTL Simulation : 167 / 600 [100.00%] @ "646425000"
// RTL Simulation : 168 / 600 [100.00%] @ "650295000"
// RTL Simulation : 169 / 600 [100.00%] @ "654165000"
// RTL Simulation : 170 / 600 [100.00%] @ "658035000"
// RTL Simulation : 171 / 600 [100.00%] @ "661905000"
// RTL Simulation : 172 / 600 [100.00%] @ "665775000"
// RTL Simulation : 173 / 600 [100.00%] @ "669645000"
// RTL Simulation : 174 / 600 [100.00%] @ "673515000"
// RTL Simulation : 175 / 600 [100.00%] @ "677385000"
// RTL Simulation : 176 / 600 [100.00%] @ "681255000"
// RTL Simulation : 177 / 600 [100.00%] @ "685125000"
// RTL Simulation : 178 / 600 [100.00%] @ "688995000"
// RTL Simulation : 179 / 600 [100.00%] @ "692865000"
// RTL Simulation : 180 / 600 [100.00%] @ "696735000"
// RTL Simulation : 181 / 600 [100.00%] @ "700605000"
// RTL Simulation : 182 / 600 [100.00%] @ "704475000"
// RTL Simulation : 183 / 600 [100.00%] @ "708345000"
// RTL Simulation : 184 / 600 [100.00%] @ "712215000"
// RTL Simulation : 185 / 600 [100.00%] @ "716085000"
// RTL Simulation : 186 / 600 [100.00%] @ "719955000"
// RTL Simulation : 187 / 600 [100.00%] @ "723825000"
// RTL Simulation : 188 / 600 [100.00%] @ "727695000"
// RTL Simulation : 189 / 600 [100.00%] @ "731565000"
// RTL Simulation : 190 / 600 [100.00%] @ "735435000"
// RTL Simulation : 191 / 600 [100.00%] @ "739305000"
// RTL Simulation : 192 / 600 [100.00%] @ "743175000"
// RTL Simulation : 193 / 600 [100.00%] @ "747045000"
// RTL Simulation : 194 / 600 [100.00%] @ "750915000"
// RTL Simulation : 195 / 600 [100.00%] @ "754785000"
// RTL Simulation : 196 / 600 [100.00%] @ "758655000"
// RTL Simulation : 197 / 600 [100.00%] @ "762525000"
// RTL Simulation : 198 / 600 [100.00%] @ "766395000"
// RTL Simulation : 199 / 600 [100.00%] @ "770265000"
// RTL Simulation : 200 / 600 [100.00%] @ "774135000"
// RTL Simulation : 201 / 600 [100.00%] @ "778005000"
// RTL Simulation : 202 / 600 [100.00%] @ "781875000"
// RTL Simulation : 203 / 600 [100.00%] @ "785745000"
// RTL Simulation : 204 / 600 [100.00%] @ "789615000"
// RTL Simulation : 205 / 600 [100.00%] @ "793485000"
// RTL Simulation : 206 / 600 [100.00%] @ "797355000"
// RTL Simulation : 207 / 600 [100.00%] @ "801225000"
// RTL Simulation : 208 / 600 [100.00%] @ "805095000"
// RTL Simulation : 209 / 600 [100.00%] @ "808965000"
// RTL Simulation : 210 / 600 [100.00%] @ "812835000"
// RTL Simulation : 211 / 600 [100.00%] @ "816705000"
// RTL Simulation : 212 / 600 [100.00%] @ "820575000"
// RTL Simulation : 213 / 600 [100.00%] @ "824445000"
// RTL Simulation : 214 / 600 [100.00%] @ "828315000"
// RTL Simulation : 215 / 600 [100.00%] @ "832185000"
// RTL Simulation : 216 / 600 [100.00%] @ "836055000"
// RTL Simulation : 217 / 600 [100.00%] @ "839925000"
// RTL Simulation : 218 / 600 [100.00%] @ "843795000"
// RTL Simulation : 219 / 600 [100.00%] @ "847665000"
// RTL Simulation : 220 / 600 [100.00%] @ "851535000"
// RTL Simulation : 221 / 600 [100.00%] @ "855405000"
// RTL Simulation : 222 / 600 [100.00%] @ "859275000"
// RTL Simulation : 223 / 600 [100.00%] @ "863145000"
// RTL Simulation : 224 / 600 [100.00%] @ "867015000"
// RTL Simulation : 225 / 600 [100.00%] @ "870885000"
// RTL Simulation : 226 / 600 [100.00%] @ "874755000"
// RTL Simulation : 227 / 600 [100.00%] @ "878625000"
// RTL Simulation : 228 / 600 [100.00%] @ "882495000"
// RTL Simulation : 229 / 600 [100.00%] @ "886365000"
// RTL Simulation : 230 / 600 [100.00%] @ "890235000"
// RTL Simulation : 231 / 600 [100.00%] @ "894105000"
// RTL Simulation : 232 / 600 [100.00%] @ "897975000"
// RTL Simulation : 233 / 600 [100.00%] @ "901845000"
// RTL Simulation : 234 / 600 [100.00%] @ "905715000"
// RTL Simulation : 235 / 600 [100.00%] @ "909585000"
// RTL Simulation : 236 / 600 [100.00%] @ "913455000"
// RTL Simulation : 237 / 600 [100.00%] @ "917325000"
// RTL Simulation : 238 / 600 [100.00%] @ "921195000"
// RTL Simulation : 239 / 600 [100.00%] @ "925065000"
// RTL Simulation : 240 / 600 [100.00%] @ "928935000"
// RTL Simulation : 241 / 600 [100.00%] @ "932805000"
// RTL Simulation : 242 / 600 [100.00%] @ "936675000"
// RTL Simulation : 243 / 600 [100.00%] @ "940545000"
// RTL Simulation : 244 / 600 [100.00%] @ "944415000"
// RTL Simulation : 245 / 600 [100.00%] @ "948285000"
// RTL Simulation : 246 / 600 [100.00%] @ "952155000"
// RTL Simulation : 247 / 600 [100.00%] @ "956025000"
// RTL Simulation : 248 / 600 [100.00%] @ "959895000"
// RTL Simulation : 249 / 600 [100.00%] @ "963765000"
// RTL Simulation : 250 / 600 [100.00%] @ "967635000"
// RTL Simulation : 251 / 600 [100.00%] @ "971505000"
// RTL Simulation : 252 / 600 [100.00%] @ "975375000"
// RTL Simulation : 253 / 600 [100.00%] @ "979245000"
// RTL Simulation : 254 / 600 [100.00%] @ "983115000"
// RTL Simulation : 255 / 600 [100.00%] @ "986985000"
// RTL Simulation : 256 / 600 [100.00%] @ "990855000"
// RTL Simulation : 257 / 600 [100.00%] @ "994725000"
// RTL Simulation : 258 / 600 [100.00%] @ "998595000"
// RTL Simulation : 259 / 600 [100.00%] @ "1002465000"
// RTL Simulation : 260 / 600 [100.00%] @ "1006335000"
// RTL Simulation : 261 / 600 [100.00%] @ "1010205000"
// RTL Simulation : 262 / 600 [100.00%] @ "1014075000"
// RTL Simulation : 263 / 600 [100.00%] @ "1017945000"
// RTL Simulation : 264 / 600 [100.00%] @ "1021815000"
// RTL Simulation : 265 / 600 [100.00%] @ "1025685000"
// RTL Simulation : 266 / 600 [100.00%] @ "1029555000"
// RTL Simulation : 267 / 600 [100.00%] @ "1033425000"
// RTL Simulation : 268 / 600 [100.00%] @ "1037295000"
// RTL Simulation : 269 / 600 [100.00%] @ "1041165000"
// RTL Simulation : 270 / 600 [100.00%] @ "1045035000"
// RTL Simulation : 271 / 600 [100.00%] @ "1048905000"
// RTL Simulation : 272 / 600 [100.00%] @ "1052775000"
// RTL Simulation : 273 / 600 [100.00%] @ "1056645000"
// RTL Simulation : 274 / 600 [100.00%] @ "1060515000"
// RTL Simulation : 275 / 600 [100.00%] @ "1064385000"
// RTL Simulation : 276 / 600 [100.00%] @ "1068255000"
// RTL Simulation : 277 / 600 [100.00%] @ "1072125000"
// RTL Simulation : 278 / 600 [100.00%] @ "1075995000"
// RTL Simulation : 279 / 600 [100.00%] @ "1079865000"
// RTL Simulation : 280 / 600 [100.00%] @ "1083735000"
// RTL Simulation : 281 / 600 [100.00%] @ "1087605000"
// RTL Simulation : 282 / 600 [100.00%] @ "1091475000"
// RTL Simulation : 283 / 600 [100.00%] @ "1095345000"
// RTL Simulation : 284 / 600 [100.00%] @ "1099215000"
// RTL Simulation : 285 / 600 [100.00%] @ "1103085000"
// RTL Simulation : 286 / 600 [100.00%] @ "1106955000"
// RTL Simulation : 287 / 600 [100.00%] @ "1110825000"
// RTL Simulation : 288 / 600 [100.00%] @ "1114695000"
// RTL Simulation : 289 / 600 [100.00%] @ "1118565000"
// RTL Simulation : 290 / 600 [100.00%] @ "1122435000"
// RTL Simulation : 291 / 600 [100.00%] @ "1126305000"
// RTL Simulation : 292 / 600 [100.00%] @ "1130175000"
// RTL Simulation : 293 / 600 [100.00%] @ "1134045000"
// RTL Simulation : 294 / 600 [100.00%] @ "1137915000"
// RTL Simulation : 295 / 600 [100.00%] @ "1141785000"
// RTL Simulation : 296 / 600 [100.00%] @ "1145655000"
// RTL Simulation : 297 / 600 [100.00%] @ "1149525000"
// RTL Simulation : 298 / 600 [100.00%] @ "1153395000"
// RTL Simulation : 299 / 600 [100.00%] @ "1157265000"
// RTL Simulation : 300 / 600 [100.00%] @ "1161135000"
// RTL Simulation : 301 / 600 [100.00%] @ "1165005000"
// RTL Simulation : 302 / 600 [100.00%] @ "1168875000"
// RTL Simulation : 303 / 600 [100.00%] @ "1172745000"
// RTL Simulation : 304 / 600 [100.00%] @ "1176615000"
// RTL Simulation : 305 / 600 [100.00%] @ "1180485000"
// RTL Simulation : 306 / 600 [100.00%] @ "1184355000"
// RTL Simulation : 307 / 600 [100.00%] @ "1188225000"
// RTL Simulation : 308 / 600 [100.00%] @ "1192095000"
// RTL Simulation : 309 / 600 [100.00%] @ "1195965000"
// RTL Simulation : 310 / 600 [100.00%] @ "1199835000"
// RTL Simulation : 311 / 600 [100.00%] @ "1203705000"
// RTL Simulation : 312 / 600 [100.00%] @ "1207575000"
// RTL Simulation : 313 / 600 [100.00%] @ "1211445000"
// RTL Simulation : 314 / 600 [100.00%] @ "1215315000"
// RTL Simulation : 315 / 600 [100.00%] @ "1219185000"
// RTL Simulation : 316 / 600 [100.00%] @ "1223055000"
// RTL Simulation : 317 / 600 [100.00%] @ "1226925000"
// RTL Simulation : 318 / 600 [100.00%] @ "1230795000"
// RTL Simulation : 319 / 600 [100.00%] @ "1234665000"
// RTL Simulation : 320 / 600 [100.00%] @ "1238535000"
// RTL Simulation : 321 / 600 [100.00%] @ "1242405000"
// RTL Simulation : 322 / 600 [100.00%] @ "1246275000"
// RTL Simulation : 323 / 600 [100.00%] @ "1250145000"
// RTL Simulation : 324 / 600 [100.00%] @ "1254015000"
// RTL Simulation : 325 / 600 [100.00%] @ "1257885000"
// RTL Simulation : 326 / 600 [100.00%] @ "1261755000"
// RTL Simulation : 327 / 600 [100.00%] @ "1265625000"
// RTL Simulation : 328 / 600 [100.00%] @ "1269495000"
// RTL Simulation : 329 / 600 [100.00%] @ "1273365000"
// RTL Simulation : 330 / 600 [100.00%] @ "1277235000"
// RTL Simulation : 331 / 600 [100.00%] @ "1281105000"
// RTL Simulation : 332 / 600 [100.00%] @ "1284975000"
// RTL Simulation : 333 / 600 [100.00%] @ "1288845000"
// RTL Simulation : 334 / 600 [100.00%] @ "1292715000"
// RTL Simulation : 335 / 600 [100.00%] @ "1296585000"
// RTL Simulation : 336 / 600 [100.00%] @ "1300455000"
// RTL Simulation : 337 / 600 [100.00%] @ "1304325000"
// RTL Simulation : 338 / 600 [100.00%] @ "1308195000"
// RTL Simulation : 339 / 600 [100.00%] @ "1312065000"
// RTL Simulation : 340 / 600 [100.00%] @ "1315935000"
// RTL Simulation : 341 / 600 [100.00%] @ "1319805000"
// RTL Simulation : 342 / 600 [100.00%] @ "1323675000"
// RTL Simulation : 343 / 600 [100.00%] @ "1327545000"
// RTL Simulation : 344 / 600 [100.00%] @ "1331415000"
// RTL Simulation : 345 / 600 [100.00%] @ "1335285000"
// RTL Simulation : 346 / 600 [100.00%] @ "1339155000"
// RTL Simulation : 347 / 600 [100.00%] @ "1343025000"
// RTL Simulation : 348 / 600 [100.00%] @ "1346895000"
// RTL Simulation : 349 / 600 [100.00%] @ "1350765000"
// RTL Simulation : 350 / 600 [100.00%] @ "1354635000"
// RTL Simulation : 351 / 600 [100.00%] @ "1358505000"
// RTL Simulation : 352 / 600 [100.00%] @ "1362375000"
// RTL Simulation : 353 / 600 [100.00%] @ "1366245000"
// RTL Simulation : 354 / 600 [100.00%] @ "1370115000"
// RTL Simulation : 355 / 600 [100.00%] @ "1373985000"
// RTL Simulation : 356 / 600 [100.00%] @ "1377855000"
// RTL Simulation : 357 / 600 [100.00%] @ "1381725000"
// RTL Simulation : 358 / 600 [100.00%] @ "1385595000"
// RTL Simulation : 359 / 600 [100.00%] @ "1389465000"
// RTL Simulation : 360 / 600 [100.00%] @ "1393335000"
// RTL Simulation : 361 / 600 [100.00%] @ "1397205000"
// RTL Simulation : 362 / 600 [100.00%] @ "1401075000"
// RTL Simulation : 363 / 600 [100.00%] @ "1404945000"
// RTL Simulation : 364 / 600 [100.00%] @ "1408815000"
// RTL Simulation : 365 / 600 [100.00%] @ "1412685000"
// RTL Simulation : 366 / 600 [100.00%] @ "1416555000"
// RTL Simulation : 367 / 600 [100.00%] @ "1420425000"
// RTL Simulation : 368 / 600 [100.00%] @ "1424295000"
// RTL Simulation : 369 / 600 [100.00%] @ "1428165000"
// RTL Simulation : 370 / 600 [100.00%] @ "1432035000"
// RTL Simulation : 371 / 600 [100.00%] @ "1435905000"
// RTL Simulation : 372 / 600 [100.00%] @ "1439775000"
// RTL Simulation : 373 / 600 [100.00%] @ "1443645000"
// RTL Simulation : 374 / 600 [100.00%] @ "1447515000"
// RTL Simulation : 375 / 600 [100.00%] @ "1451385000"
// RTL Simulation : 376 / 600 [100.00%] @ "1455255000"
// RTL Simulation : 377 / 600 [100.00%] @ "1459125000"
// RTL Simulation : 378 / 600 [100.00%] @ "1462995000"
// RTL Simulation : 379 / 600 [100.00%] @ "1466865000"
// RTL Simulation : 380 / 600 [100.00%] @ "1470735000"
// RTL Simulation : 381 / 600 [100.00%] @ "1474605000"
// RTL Simulation : 382 / 600 [100.00%] @ "1478475000"
// RTL Simulation : 383 / 600 [100.00%] @ "1482345000"
// RTL Simulation : 384 / 600 [100.00%] @ "1486215000"
// RTL Simulation : 385 / 600 [100.00%] @ "1490085000"
// RTL Simulation : 386 / 600 [100.00%] @ "1493955000"
// RTL Simulation : 387 / 600 [100.00%] @ "1497825000"
// RTL Simulation : 388 / 600 [100.00%] @ "1501695000"
// RTL Simulation : 389 / 600 [100.00%] @ "1505565000"
// RTL Simulation : 390 / 600 [100.00%] @ "1509435000"
// RTL Simulation : 391 / 600 [100.00%] @ "1513305000"
// RTL Simulation : 392 / 600 [100.00%] @ "1517175000"
// RTL Simulation : 393 / 600 [100.00%] @ "1521045000"
// RTL Simulation : 394 / 600 [100.00%] @ "1524915000"
// RTL Simulation : 395 / 600 [100.00%] @ "1528785000"
// RTL Simulation : 396 / 600 [100.00%] @ "1532655000"
// RTL Simulation : 397 / 600 [100.00%] @ "1536525000"
// RTL Simulation : 398 / 600 [100.00%] @ "1540395000"
// RTL Simulation : 399 / 600 [100.00%] @ "1544265000"
// RTL Simulation : 400 / 600 [100.00%] @ "1548135000"
// RTL Simulation : 401 / 600 [100.00%] @ "1552005000"
// RTL Simulation : 402 / 600 [100.00%] @ "1555875000"
// RTL Simulation : 403 / 600 [100.00%] @ "1559745000"
// RTL Simulation : 404 / 600 [100.00%] @ "1563615000"
// RTL Simulation : 405 / 600 [100.00%] @ "1567485000"
// RTL Simulation : 406 / 600 [100.00%] @ "1571355000"
// RTL Simulation : 407 / 600 [100.00%] @ "1575225000"
// RTL Simulation : 408 / 600 [100.00%] @ "1579095000"
// RTL Simulation : 409 / 600 [100.00%] @ "1582965000"
// RTL Simulation : 410 / 600 [100.00%] @ "1586835000"
// RTL Simulation : 411 / 600 [100.00%] @ "1590705000"
// RTL Simulation : 412 / 600 [100.00%] @ "1594575000"
// RTL Simulation : 413 / 600 [100.00%] @ "1598445000"
// RTL Simulation : 414 / 600 [100.00%] @ "1602315000"
// RTL Simulation : 415 / 600 [100.00%] @ "1606185000"
// RTL Simulation : 416 / 600 [100.00%] @ "1610055000"
// RTL Simulation : 417 / 600 [100.00%] @ "1613925000"
// RTL Simulation : 418 / 600 [100.00%] @ "1617795000"
// RTL Simulation : 419 / 600 [100.00%] @ "1621665000"
// RTL Simulation : 420 / 600 [100.00%] @ "1625535000"
// RTL Simulation : 421 / 600 [100.00%] @ "1629405000"
// RTL Simulation : 422 / 600 [100.00%] @ "1633275000"
// RTL Simulation : 423 / 600 [100.00%] @ "1637145000"
// RTL Simulation : 424 / 600 [100.00%] @ "1641015000"
// RTL Simulation : 425 / 600 [100.00%] @ "1644885000"
// RTL Simulation : 426 / 600 [100.00%] @ "1648755000"
// RTL Simulation : 427 / 600 [100.00%] @ "1652625000"
// RTL Simulation : 428 / 600 [100.00%] @ "1656495000"
// RTL Simulation : 429 / 600 [100.00%] @ "1660365000"
// RTL Simulation : 430 / 600 [100.00%] @ "1664235000"
// RTL Simulation : 431 / 600 [100.00%] @ "1668105000"
// RTL Simulation : 432 / 600 [100.00%] @ "1671975000"
// RTL Simulation : 433 / 600 [100.00%] @ "1675845000"
// RTL Simulation : 434 / 600 [100.00%] @ "1679715000"
// RTL Simulation : 435 / 600 [100.00%] @ "1683585000"
// RTL Simulation : 436 / 600 [100.00%] @ "1687455000"
// RTL Simulation : 437 / 600 [100.00%] @ "1691325000"
// RTL Simulation : 438 / 600 [100.00%] @ "1695195000"
// RTL Simulation : 439 / 600 [100.00%] @ "1699065000"
// RTL Simulation : 440 / 600 [100.00%] @ "1702935000"
// RTL Simulation : 441 / 600 [100.00%] @ "1706805000"
// RTL Simulation : 442 / 600 [100.00%] @ "1710675000"
// RTL Simulation : 443 / 600 [100.00%] @ "1714545000"
// RTL Simulation : 444 / 600 [100.00%] @ "1718415000"
// RTL Simulation : 445 / 600 [100.00%] @ "1722285000"
// RTL Simulation : 446 / 600 [100.00%] @ "1726155000"
// RTL Simulation : 447 / 600 [100.00%] @ "1730025000"
// RTL Simulation : 448 / 600 [100.00%] @ "1733895000"
// RTL Simulation : 449 / 600 [100.00%] @ "1737765000"
// RTL Simulation : 450 / 600 [100.00%] @ "1741635000"
// RTL Simulation : 451 / 600 [100.00%] @ "1745505000"
// RTL Simulation : 452 / 600 [100.00%] @ "1749375000"
// RTL Simulation : 453 / 600 [100.00%] @ "1753245000"
// RTL Simulation : 454 / 600 [100.00%] @ "1757115000"
// RTL Simulation : 455 / 600 [100.00%] @ "1760985000"
// RTL Simulation : 456 / 600 [100.00%] @ "1764855000"
// RTL Simulation : 457 / 600 [100.00%] @ "1768725000"
// RTL Simulation : 458 / 600 [100.00%] @ "1772595000"
// RTL Simulation : 459 / 600 [100.00%] @ "1776465000"
// RTL Simulation : 460 / 600 [100.00%] @ "1780335000"
// RTL Simulation : 461 / 600 [100.00%] @ "1784205000"
// RTL Simulation : 462 / 600 [100.00%] @ "1788075000"
// RTL Simulation : 463 / 600 [100.00%] @ "1791945000"
// RTL Simulation : 464 / 600 [100.00%] @ "1795815000"
// RTL Simulation : 465 / 600 [100.00%] @ "1799685000"
// RTL Simulation : 466 / 600 [100.00%] @ "1803555000"
// RTL Simulation : 467 / 600 [100.00%] @ "1807425000"
// RTL Simulation : 468 / 600 [100.00%] @ "1811295000"
// RTL Simulation : 469 / 600 [100.00%] @ "1815165000"
// RTL Simulation : 470 / 600 [100.00%] @ "1819035000"
// RTL Simulation : 471 / 600 [100.00%] @ "1822905000"
// RTL Simulation : 472 / 600 [100.00%] @ "1826775000"
// RTL Simulation : 473 / 600 [100.00%] @ "1830645000"
// RTL Simulation : 474 / 600 [100.00%] @ "1834515000"
// RTL Simulation : 475 / 600 [100.00%] @ "1838385000"
// RTL Simulation : 476 / 600 [100.00%] @ "1842255000"
// RTL Simulation : 477 / 600 [100.00%] @ "1846125000"
// RTL Simulation : 478 / 600 [100.00%] @ "1849995000"
// RTL Simulation : 479 / 600 [100.00%] @ "1853865000"
// RTL Simulation : 480 / 600 [100.00%] @ "1857735000"
// RTL Simulation : 481 / 600 [100.00%] @ "1861605000"
// RTL Simulation : 482 / 600 [100.00%] @ "1865475000"
// RTL Simulation : 483 / 600 [100.00%] @ "1869345000"
// RTL Simulation : 484 / 600 [100.00%] @ "1873215000"
// RTL Simulation : 485 / 600 [100.00%] @ "1877085000"
// RTL Simulation : 486 / 600 [100.00%] @ "1880955000"
// RTL Simulation : 487 / 600 [100.00%] @ "1884825000"
// RTL Simulation : 488 / 600 [100.00%] @ "1888695000"
// RTL Simulation : 489 / 600 [100.00%] @ "1892565000"
// RTL Simulation : 490 / 600 [100.00%] @ "1896435000"
// RTL Simulation : 491 / 600 [100.00%] @ "1900305000"
// RTL Simulation : 492 / 600 [100.00%] @ "1904175000"
// RTL Simulation : 493 / 600 [100.00%] @ "1908045000"
// RTL Simulation : 494 / 600 [100.00%] @ "1911915000"
// RTL Simulation : 495 / 600 [100.00%] @ "1915785000"
// RTL Simulation : 496 / 600 [100.00%] @ "1919655000"
// RTL Simulation : 497 / 600 [100.00%] @ "1923525000"
// RTL Simulation : 498 / 600 [100.00%] @ "1927395000"
// RTL Simulation : 499 / 600 [100.00%] @ "1931265000"
// RTL Simulation : 500 / 600 [100.00%] @ "1935135000"
// RTL Simulation : 501 / 600 [100.00%] @ "1939005000"
// RTL Simulation : 502 / 600 [100.00%] @ "1942875000"
// RTL Simulation : 503 / 600 [100.00%] @ "1946745000"
// RTL Simulation : 504 / 600 [100.00%] @ "1950615000"
// RTL Simulation : 505 / 600 [100.00%] @ "1954485000"
// RTL Simulation : 506 / 600 [100.00%] @ "1958355000"
// RTL Simulation : 507 / 600 [100.00%] @ "1962225000"
// RTL Simulation : 508 / 600 [100.00%] @ "1966095000"
// RTL Simulation : 509 / 600 [100.00%] @ "1969965000"
// RTL Simulation : 510 / 600 [100.00%] @ "1973835000"
// RTL Simulation : 511 / 600 [100.00%] @ "1977705000"
// RTL Simulation : 512 / 600 [100.00%] @ "1981575000"
// RTL Simulation : 513 / 600 [100.00%] @ "1985445000"
// RTL Simulation : 514 / 600 [100.00%] @ "1989315000"
// RTL Simulation : 515 / 600 [100.00%] @ "1993185000"
// RTL Simulation : 516 / 600 [100.00%] @ "1997055000"
// RTL Simulation : 517 / 600 [100.00%] @ "2000925000"
// RTL Simulation : 518 / 600 [100.00%] @ "2004795000"
// RTL Simulation : 519 / 600 [100.00%] @ "2008665000"
// RTL Simulation : 520 / 600 [100.00%] @ "2012535000"
// RTL Simulation : 521 / 600 [100.00%] @ "2016405000"
// RTL Simulation : 522 / 600 [100.00%] @ "2020275000"
// RTL Simulation : 523 / 600 [100.00%] @ "2024145000"
// RTL Simulation : 524 / 600 [100.00%] @ "2028015000"
// RTL Simulation : 525 / 600 [100.00%] @ "2031885000"
// RTL Simulation : 526 / 600 [100.00%] @ "2035755000"
// RTL Simulation : 527 / 600 [100.00%] @ "2039625000"
// RTL Simulation : 528 / 600 [100.00%] @ "2043495000"
// RTL Simulation : 529 / 600 [100.00%] @ "2047365000"
// RTL Simulation : 530 / 600 [100.00%] @ "2051235000"
// RTL Simulation : 531 / 600 [100.00%] @ "2055105000"
// RTL Simulation : 532 / 600 [100.00%] @ "2058975000"
// RTL Simulation : 533 / 600 [100.00%] @ "2062845000"
// RTL Simulation : 534 / 600 [100.00%] @ "2066715000"
// RTL Simulation : 535 / 600 [100.00%] @ "2070585000"
// RTL Simulation : 536 / 600 [100.00%] @ "2074455000"
// RTL Simulation : 537 / 600 [100.00%] @ "2078325000"
// RTL Simulation : 538 / 600 [100.00%] @ "2082195000"
// RTL Simulation : 539 / 600 [100.00%] @ "2086065000"
// RTL Simulation : 540 / 600 [100.00%] @ "2089935000"
// RTL Simulation : 541 / 600 [100.00%] @ "2093805000"
// RTL Simulation : 542 / 600 [100.00%] @ "2097675000"
// RTL Simulation : 543 / 600 [100.00%] @ "2101545000"
// RTL Simulation : 544 / 600 [100.00%] @ "2105415000"
// RTL Simulation : 545 / 600 [100.00%] @ "2109285000"
// RTL Simulation : 546 / 600 [100.00%] @ "2113155000"
// RTL Simulation : 547 / 600 [100.00%] @ "2117025000"
// RTL Simulation : 548 / 600 [100.00%] @ "2120895000"
// RTL Simulation : 549 / 600 [100.00%] @ "2124765000"
// RTL Simulation : 550 / 600 [100.00%] @ "2128635000"
// RTL Simulation : 551 / 600 [100.00%] @ "2132505000"
// RTL Simulation : 552 / 600 [100.00%] @ "2136375000"
// RTL Simulation : 553 / 600 [100.00%] @ "2140245000"
// RTL Simulation : 554 / 600 [100.00%] @ "2144115000"
// RTL Simulation : 555 / 600 [100.00%] @ "2147985000"
// RTL Simulation : 556 / 600 [100.00%] @ "2151855000"
// RTL Simulation : 557 / 600 [100.00%] @ "2155725000"
// RTL Simulation : 558 / 600 [100.00%] @ "2159595000"
// RTL Simulation : 559 / 600 [100.00%] @ "2163465000"
// RTL Simulation : 560 / 600 [100.00%] @ "2167335000"
// RTL Simulation : 561 / 600 [100.00%] @ "2171205000"
// RTL Simulation : 562 / 600 [100.00%] @ "2175075000"
// RTL Simulation : 563 / 600 [100.00%] @ "2178945000"
// RTL Simulation : 564 / 600 [100.00%] @ "2182815000"
// RTL Simulation : 565 / 600 [100.00%] @ "2186685000"
// RTL Simulation : 566 / 600 [100.00%] @ "2190555000"
// RTL Simulation : 567 / 600 [100.00%] @ "2194425000"
// RTL Simulation : 568 / 600 [100.00%] @ "2198295000"
// RTL Simulation : 569 / 600 [100.00%] @ "2202165000"
// RTL Simulation : 570 / 600 [100.00%] @ "2206035000"
// RTL Simulation : 571 / 600 [100.00%] @ "2209905000"
// RTL Simulation : 572 / 600 [100.00%] @ "2213775000"
// RTL Simulation : 573 / 600 [100.00%] @ "2217645000"
// RTL Simulation : 574 / 600 [100.00%] @ "2221515000"
// RTL Simulation : 575 / 600 [100.00%] @ "2225385000"
// RTL Simulation : 576 / 600 [100.00%] @ "2229255000"
// RTL Simulation : 577 / 600 [100.00%] @ "2233125000"
// RTL Simulation : 578 / 600 [100.00%] @ "2236995000"
// RTL Simulation : 579 / 600 [100.00%] @ "2240865000"
// RTL Simulation : 580 / 600 [100.00%] @ "2244735000"
// RTL Simulation : 581 / 600 [100.00%] @ "2248605000"
// RTL Simulation : 582 / 600 [100.00%] @ "2252475000"
// RTL Simulation : 583 / 600 [100.00%] @ "2256345000"
// RTL Simulation : 584 / 600 [100.00%] @ "2260215000"
// RTL Simulation : 585 / 600 [100.00%] @ "2264085000"
// RTL Simulation : 586 / 600 [100.00%] @ "2267955000"
// RTL Simulation : 587 / 600 [100.00%] @ "2271825000"
// RTL Simulation : 588 / 600 [100.00%] @ "2275695000"
// RTL Simulation : 589 / 600 [100.00%] @ "2279565000"
// RTL Simulation : 590 / 600 [100.00%] @ "2283435000"
// RTL Simulation : 591 / 600 [100.00%] @ "2287305000"
// RTL Simulation : 592 / 600 [100.00%] @ "2291175000"
// RTL Simulation : 593 / 600 [100.00%] @ "2295045000"
// RTL Simulation : 594 / 600 [100.00%] @ "2298915000"
// RTL Simulation : 595 / 600 [100.00%] @ "2302785000"
// RTL Simulation : 596 / 600 [100.00%] @ "2306655000"
// RTL Simulation : 597 / 600 [100.00%] @ "2310525000"
// RTL Simulation : 598 / 600 [100.00%] @ "2314395000"
// RTL Simulation : 599 / 600 [100.00%] @ "2318265000"
// RTL Simulation : 600 / 600 [100.00%] @ "2322135000"
////////////////////////////////////////////////////////////////////////////////////
$finish called at time : 2322195 ns : File "D:/HLS/HLS_LABC/fir128_Q2/solution3/sim/verilog/fir.autotb.v" Line 281
run: Time (s): cpu = 00:00:15 ; elapsed = 00:00:17 . Memory (MB): peak = 1219.711 ; gain = 0.000
## quit
INFO: [Common 17-206] Exiting xsim at Fri Mar 31 20:44:49 2023...
