==============================================================
Vitis HLS - High-Level Synthesis from C, C++ and OpenCL v2022.1 (64-bit)
Tool Version Limit: 2022.04
Copyright 1986-2022 Xilinx, Inc. All Rights Reserved.
==============================================================
INFO: [SYN 201-201] Setting up clock 'default' with a period of 10ns.
INFO: [HLS 200-1611] Setting target device to 'xc7z020-clg400-1'
INFO: [HLS 200-1505] Using flow_target 'vivado'
INFO: [HLS 200-1510] Running: set_part xc7z020clg400-1 
INFO: [HLS 200-1510] Running: create_clock -period 10 -name default 
INFO: [HLS 200-1510] Running: csim_design -quiet 
INFO: [SIM 211-2] *************** CSIM start ***************
INFO: [SIM 211-4] CSIM will launch GCC as the compiler.
ERROR: [SIM 211-100] 'csim_design' failed: nonzero return value.
INFO: [SIM 211-3] *************** CSIM finish ***************
INFO: [HLS 200-111] Finished Command csim_design CPU user time: 0 seconds. CPU system time: 0 seconds. Elapsed time: 2.219 seconds; current allocated memory: 0.000 MB.
INFO: [HLS 200-112] Total CPU user time: 3 seconds. Total CPU system time: 1 seconds. Total elapsed time: 5.131 seconds; peak allocated memory: 1.443 GB.
==============================================================
Vitis HLS - High-Level Synthesis from C, C++ and OpenCL v2022.1 (64-bit)
Tool Version Limit: 2022.04
Copyright 1986-2022 Xilinx, Inc. All Rights Reserved.
==============================================================
INFO: [SYN 201-201] Setting up clock 'default' with a period of 10ns.
INFO: [HLS 200-1611] Setting target device to 'xc7z020-clg400-1'
INFO: [HLS 200-1505] Using flow_target 'vivado'
INFO: [HLS 200-1510] Running: set_part xc7z020clg400-1 
INFO: [HLS 200-1510] Running: create_clock -period 10 -name default 
INFO: [HLS 200-1510] Running: csim_design -quiet 
INFO: [SIM 211-2] *************** CSIM start ***************
INFO: [SIM 211-4] CSIM will launch GCC as the compiler.
INFO: [SIM 211-1] CSim done with 0 errors.
INFO: [SIM 211-3] *************** CSIM finish ***************
INFO: [HLS 200-111] Finished Command csim_design CPU user time: 0 seconds. CPU system time: 0 seconds. Elapsed time: 2.899 seconds; current allocated memory: 0.000 MB.
INFO: [HLS 200-112] Total CPU user time: 3 seconds. Total CPU system time: 1 seconds. Total elapsed time: 5.743 seconds; peak allocated memory: 1.434 GB.
==============================================================
Vitis HLS - High-Level Synthesis from C, C++ and OpenCL v2022.1 (64-bit)
Tool Version Limit: 2022.04
Copyright 1986-2022 Xilinx, Inc. All Rights Reserved.
==============================================================
INFO: [SYN 201-201] Setting up clock 'default' with a period of 10ns.
INFO: [HLS 200-1611] Setting target device to 'xc7z020-clg400-1'
INFO: [HLS 200-1505] Using flow_target 'vivado'
INFO: [HLS 200-1510] Running: set_part xc7z020clg400-1 
INFO: [HLS 200-1510] Running: create_clock -period 10 -name default 
INFO: [HLS 200-1510] Running: csynth_design 
WARNING: [HLS 200-40] Skipped source file 'out.gold.dat'. Source files must have extensions .c, .C, .cc, .cpp, .c++, .cp, or .cxx.
WARNING: [HLS 200-40] Skipped source file 'input.dat'. Source files must have extensions .c, .C, .cc, .cpp, .c++, .cp, or .cxx.
INFO: [HLS 200-111] Finished File checks and directory preparation: CPU user time: 0 seconds. CPU system time: 0 seconds. Elapsed time: 0.01 seconds; current allocated memory: 1.457 GB.
INFO: [HLS 200-10] Analyzing design file 'fir128_Q4/fir.cpp' ... 
INFO: [HLS 200-111] Finished Source Code Analysis and Preprocessing: CPU user time: 0 seconds. CPU system time: 0 seconds. Elapsed time: 3.633 seconds; current allocated memory: 1.457 GB.
INFO: [HLS 200-777] Using interface defaults for 'Vivado' flow target.
INFO: [HLS 214-131] Inlining function 'ssdm_int<8, true>::ssdm_int(signed char)' into 'ap_int_base<8, true>::ap_int_base(int)' (D:/Xilinx/Vitis_HLS/2022.1/common/technology/autopilot\ap_int_base.h:260:67)
INFO: [HLS 214-131] Inlining function 'ap_int_base<8, true>::ap_int_base(int)' into 'ap_int<8>::ap_int(int)' (D:/Xilinx/Vitis_HLS/2022.1/common/technology/autopilot\ap_int.h:179:57)
INFO: [HLS 214-131] Inlining function 'ssdm_int<32, true>::ssdm_int(int)' into 'ap_int_base<32, true>::ap_int_base(int)' (D:/Xilinx/Vitis_HLS/2022.1/common/technology/autopilot\ap_int_base.h:260:67)
INFO: [HLS 214-131] Inlining function '_ZN8ssdm_intILi40ELb1EEC2EDq40_i' into 'ap_int_base<40, true>::ap_int_base<8, true>(ap_int_base<8, true> const&)' (D:/Xilinx/Vitis_HLS/2022.1/common/technology/autopilot\ap_int_base.h:231:106)
INFO: [HLS 214-131] Inlining function '_ZN8ssdm_intILi40ELb1EEC2EDq40_i' into 'ap_int_base<40, true>::ap_int_base<32, true>(ap_int_base<32, true> const&)' (D:/Xilinx/Vitis_HLS/2022.1/common/technology/autopilot\ap_int_base.h:231:106)
INFO: [HLS 214-131] Inlining function '_ZN8ssdm_intILi40ELb1EEC2EDq40_i' into 'ap_int_base<40, true>::ap_int_base(int)' (D:/Xilinx/Vitis_HLS/2022.1/common/technology/autopilot\ap_int_base.h:260:67)
INFO: [HLS 214-131] Inlining function 'ap_int_base<40, true>::ap_int_base<8, true>(ap_int_base<8, true> const&)' into 'ap_int_base<8, true>::RType<32, true>::mult operator*<8, true, 32, true>(ap_int_base<8, true> const&, ap_int_base<32, true> const&)' (D:/Xilinx/Vitis_HLS/2022.1/common/technology/autopilot\ap_int_base.h:1540:339)
INFO: [HLS 214-131] Inlining function 'ap_int<40>::ap_int<40, true>(ap_int_base<40, true> const&)' into 'ap_int_base<8, true>::RType<32, true>::mult operator*<8, true, 32, true>(ap_int_base<8, true> const&, ap_int_base<32, true> const&)' (D:/Xilinx/Vitis_HLS/2022.1/common/technology/autopilot\ap_int_base.h:1540:554)
INFO: [HLS 214-131] Inlining function 'ap_int_base<40, true>::ap_int_base(int)' into 'ap_int_base<8, true>::RType<32, true>::mult operator*<8, true, 32, true>(ap_int_base<8, true> const&, ap_int_base<32, true> const&)' (D:/Xilinx/Vitis_HLS/2022.1/common/technology/autopilot\ap_int_base.h:1540:516)
INFO: [HLS 214-131] Inlining function 'ap_int_base<40, true>::ap_int_base<32, true>(ap_int_base<32, true> const&)' into 'ap_int_base<8, true>::RType<32, true>::mult operator*<8, true, 32, true>(ap_int_base<8, true> const&, ap_int_base<32, true> const&)' (D:/Xilinx/Vitis_HLS/2022.1/common/technology/autopilot\ap_int_base.h:1540:427)
INFO: [HLS 214-131] Inlining function 'ap_int_base<32, true>::ap_int_base(int)' into 'ap_int_base<8, true>::RType<($_0)32, true>::mult operator*<8, true>(ap_int_base<8, true> const&, int)' (D:/Xilinx/Vitis_HLS/2022.1/common/technology/autopilot\ap_int_base.h:1679:483)
INFO: [HLS 214-131] Inlining function 'ap_int_base<8, true>::RType<32, true>::mult operator*<8, true, 32, true>(ap_int_base<8, true> const&, ap_int_base<32, true> const&)' into 'ap_int_base<8, true>::RType<($_0)32, true>::mult operator*<8, true>(ap_int_base<8, true> const&, int)' (D:/Xilinx/Vitis_HLS/2022.1/common/technology/autopilot\ap_int_base.h:1679:481)
INFO: [HLS 214-131] Inlining function 'ap_int<8>::ap_int(int)' into 'fir(int*, int)' (fir128_Q4/fir.cpp:31:18)
INFO: [HLS 214-131] Inlining function 'ap_int_base<40, true>::operator long long() const' into 'fir(int*, int)' (fir128_Q4/fir.cpp:36:10)
INFO: [HLS 214-131] Inlining function 'ap_int_base<8, true>::RType<($_0)32, true>::mult operator*<8, true>(ap_int_base<8, true> const&, int)' into 'fir(int*, int)' (fir128_Q4/fir.cpp:36:23)
WARNING: [HLS 214-167] The program may have out of bound array access (fir128_Q4/fir.cpp:29:17)
INFO: [HLS 200-111] Finished Compiling Optimization and Transform: CPU user time: 0 seconds. CPU system time: 0 seconds. Elapsed time: 3.521 seconds; current allocated memory: 1.457 GB.
INFO: [HLS 200-111] Finished Checking Pragmas: CPU user time: 0 seconds. CPU system time: 0 seconds. Elapsed time: 0.001 seconds; current allocated memory: 1.457 GB.
INFO: [HLS 200-10] Starting code transformations ...
INFO: [HLS 200-111] Finished Standard Transforms: CPU user time: 0 seconds. CPU system time: 0 seconds. Elapsed time: 0.052 seconds; current allocated memory: 1.457 GB.
INFO: [HLS 200-10] Checking synthesizability ...
INFO: [HLS 200-111] Finished Checking Synthesizability: CPU user time: 0 seconds. CPU system time: 0 seconds. Elapsed time: 0.054 seconds; current allocated memory: 1.457 GB.
INFO: [XFORM 203-510] Pipelining loop 'Time_delay_loop' (fir128_Q4/fir.cpp:25) in function 'fir' automatically.
INFO: [XFORM 203-510] Pipelining loop 'MAC' (fir128_Q4/fir.cpp:24) in function 'fir' automatically.
INFO: [HLS 200-111] Finished Loop, function and other optimizations: CPU user time: 1 seconds. CPU system time: 0 seconds. Elapsed time: 0.085 seconds; current allocated memory: 1.457 GB.
INFO: [HLS 200-472] Inferring partial write operation for 'shift_reg.V' (fir128_Q4/fir.cpp:29:17)
INFO: [HLS 200-472] Inferring partial write operation for 'shift_reg.V' (fir128_Q4/fir.cpp:31:16)
INFO: [HLS 200-111] Finished Architecture Synthesis: CPU user time: 0 seconds. CPU system time: 0 seconds. Elapsed time: 0.053 seconds; current allocated memory: 1.457 GB.
INFO: [HLS 200-10] Starting hardware synthesis ...
INFO: [HLS 200-10] Synthesizing 'fir' ...
INFO: [HLS 200-10] ----------------------------------------------------------------
INFO: [HLS 200-42] -- Implementing module 'fir_Pipeline_Time_delay_loop' 
INFO: [HLS 200-10] ----------------------------------------------------------------
INFO: [SCHED 204-11] Starting scheduling ...
INFO: [SCHED 204-61] Pipelining loop 'Time_delay_loop'.
INFO: [HLS 200-1470] Pipelining result : Target II = NA, Final II = 1, Depth = 2, loop 'Time_delay_loop'
INFO: [SCHED 204-11] Finished scheduling.
INFO: [HLS 200-111] Finished Scheduling: CPU user time: 0 seconds. CPU system time: 0 seconds. Elapsed time: 0.17 seconds; current allocated memory: 1.457 GB.
INFO: [BIND 205-100] Starting micro-architecture generation ...
INFO: [BIND 205-101] Performing variable lifetime analysis.
INFO: [BIND 205-101] Exploring resource sharing.
INFO: [BIND 205-101] Binding ...
INFO: [BIND 205-100] Finished micro-architecture generation.
INFO: [HLS 200-111] Finished Binding: CPU user time: 0 seconds. CPU system time: 0 seconds. Elapsed time: 0.299 seconds; current allocated memory: 1.457 GB.
INFO: [HLS 200-10] ----------------------------------------------------------------
INFO: [HLS 200-42] -- Implementing module 'fir_Pipeline_MAC' 
INFO: [HLS 200-10] ----------------------------------------------------------------
INFO: [SCHED 204-11] Starting scheduling ...
INFO: [HLS 200-486] Changing DSP latency (root=mul_ln36) to 3 in order to utilize available DSP registers.
INFO: [SCHED 204-61] Pipelining loop 'MAC'.
INFO: [HLS 200-1470] Pipelining result : Target II = NA, Final II = 1, Depth = 5, loop 'MAC'
INFO: [SCHED 204-11] Finished scheduling.
INFO: [HLS 200-111] Finished Scheduling: CPU user time: 0 seconds. CPU system time: 0 seconds. Elapsed time: 0.054 seconds; current allocated memory: 1.457 GB.
INFO: [BIND 205-100] Starting micro-architecture generation ...
INFO: [BIND 205-101] Performing variable lifetime analysis.
INFO: [BIND 205-101] Exploring resource sharing.
INFO: [BIND 205-101] Binding ...
INFO: [BIND 205-100] Finished micro-architecture generation.
INFO: [HLS 200-111] Finished Binding: CPU user time: 0 seconds. CPU system time: 0 seconds. Elapsed time: 0.043 seconds; current allocated memory: 1.457 GB.
INFO: [HLS 200-10] ----------------------------------------------------------------
INFO: [HLS 200-42] -- Implementing module 'fir' 
INFO: [HLS 200-10] ----------------------------------------------------------------
INFO: [SCHED 204-11] Starting scheduling ...
INFO: [SCHED 204-11] Finished scheduling.
INFO: [HLS 200-111] Finished Scheduling: CPU user time: 0 seconds. CPU system time: 0 seconds. Elapsed time: 0.091 seconds; current allocated memory: 1.457 GB.
INFO: [BIND 205-100] Starting micro-architecture generation ...
INFO: [BIND 205-101] Performing variable lifetime analysis.
INFO: [BIND 205-101] Exploring resource sharing.
INFO: [BIND 205-101] Binding ...
INFO: [BIND 205-100] Finished micro-architecture generation.
INFO: [HLS 200-111] Finished Binding: CPU user time: 0 seconds. CPU system time: 0 seconds. Elapsed time: 0.044 seconds; current allocated memory: 1.457 GB.
INFO: [HLS 200-10] ----------------------------------------------------------------
INFO: [HLS 200-10] -- Generating RTL for module 'fir_Pipeline_Time_delay_loop' 
INFO: [HLS 200-10] ----------------------------------------------------------------
INFO: [HLS 200-1030] Apply Unified Pipeline Control on module 'fir_Pipeline_Time_delay_loop' pipeline 'Time_delay_loop' pipeline type 'loop pipeline'
INFO: [RTGEN 206-100] Finished creating RTL model for 'fir_Pipeline_Time_delay_loop'.
INFO: [HLS 200-111] Finished Creating RTL model: CPU user time: 0 seconds. CPU system time: 0 seconds. Elapsed time: 0.038 seconds; current allocated memory: 1.457 GB.
INFO: [HLS 200-10] ----------------------------------------------------------------
INFO: [HLS 200-10] -- Generating RTL for module 'fir_Pipeline_MAC' 
INFO: [HLS 200-10] ----------------------------------------------------------------
INFO: [HLS 200-1030] Apply Unified Pipeline Control on module 'fir_Pipeline_MAC' pipeline 'MAC' pipeline type 'loop pipeline'
INFO: [RTGEN 206-100] Generating core module 'mac_muladd_5s_8s_19s_19_4_1': 1 instance(s).
INFO: [RTGEN 206-100] Finished creating RTL model for 'fir_Pipeline_MAC'.
INFO: [HLS 200-111] Finished Creating RTL model: CPU user time: 0 seconds. CPU system time: 0 seconds. Elapsed time: 0.07 seconds; current allocated memory: 1.457 GB.
INFO: [HLS 200-10] ----------------------------------------------------------------
INFO: [HLS 200-10] -- Generating RTL for module 'fir' 
INFO: [HLS 200-10] ----------------------------------------------------------------
INFO: [RTGEN 206-500] Setting interface mode on port 'fir/y' to 'ap_vld'.
INFO: [RTGEN 206-500] Setting interface mode on port 'fir/x' to 'ap_none'.
INFO: [RTGEN 206-500] Setting interface mode on function 'fir' to 'ap_ctrl_hs'.
WARNING: [RTGEN 206-101] Global array 'fir_int_int_c' will not be exposed as RTL port.
INFO: [RTGEN 206-100] Finished creating RTL model for 'fir'.
INFO: [HLS 200-111] Finished Creating RTL model: CPU user time: 0 seconds. CPU system time: 0 seconds. Elapsed time: 0.091 seconds; current allocated memory: 1.457 GB.
INFO: [RTMG 210-279] Implementing memory 'fir_fir_Pipeline_MAC_fir_int_int_c_ROM_AUTO_1R' using auto ROMs.
INFO: [RTMG 210-278] Implementing memory 'fir_shift_reg_V_RAM_AUTO_1R1W_ram (RAM)' using auto RAMs with power-on initialization.
INFO: [HLS 200-111] Finished Generating all RTL models: CPU user time: 0 seconds. CPU system time: 0 seconds. Elapsed time: 0.386 seconds; current allocated memory: 1.457 GB.
INFO: [HLS 200-111] Finished Updating report files: CPU user time: 0 seconds. CPU system time: 0 seconds. Elapsed time: 0.232 seconds; current allocated memory: 1.457 GB.
INFO: [VHDL 208-304] Generating VHDL RTL for fir.
INFO: [VLOG 209-307] Generating Verilog RTL for fir.
INFO: [HLS 200-790] **** Loop Constraint Status: All loop constraints were satisfied.
INFO: [HLS 200-789] **** Estimated Fmax: 153.66 MHz
INFO: [HLS 200-111] Finished Command csynth_design CPU user time: 1 seconds. CPU system time: 0 seconds. Elapsed time: 9.001 seconds; current allocated memory: 0.000 MB.
INFO: [HLS 200-112] Total CPU user time: 4 seconds. Total CPU system time: 1 seconds. Total elapsed time: 11.626 seconds; peak allocated memory: 1.457 GB.
==============================================================
Vitis HLS - High-Level Synthesis from C, C++ and OpenCL v2022.1 (64-bit)
Tool Version Limit: 2022.04
Copyright 1986-2022 Xilinx, Inc. All Rights Reserved.
==============================================================
INFO: [SYN 201-201] Setting up clock 'default' with a period of 10ns.
INFO: [HLS 200-1611] Setting target device to 'xc7z020-clg400-1'
INFO: [HLS 200-1505] Using flow_target 'vivado'
INFO: [HLS 200-1510] Running: set_part xc7z020clg400-1 
INFO: [HLS 200-1510] Running: create_clock -period 10 -name default 
INFO: [HLS 200-1510] Running: source ./fir128_Q4/solution2/directives.tcl
INFO: [HLS 200-1510] Running: set_directive_top -name fir fir 
INFO: [HLS 200-1510] Running: set_directive_pipeline fir 
INFO: [HLS 200-1510] Running: csynth_design 
WARNING: [HLS 200-40] Skipped source file 'out.gold.dat'. Source files must have extensions .c, .C, .cc, .cpp, .c++, .cp, or .cxx.
WARNING: [HLS 200-40] Skipped source file 'input.dat'. Source files must have extensions .c, .C, .cc, .cpp, .c++, .cp, or .cxx.
INFO: [HLS 200-111] Finished File checks and directory preparation: CPU user time: 0 seconds. CPU system time: 0 seconds. Elapsed time: 0.011 seconds; current allocated memory: 1.448 GB.
INFO: [HLS 200-10] Analyzing design file 'fir128_Q4/fir.cpp' ... 
INFO: [HLS 200-111] Finished Source Code Analysis and Preprocessing: CPU user time: 0 seconds. CPU system time: 0 seconds. Elapsed time: 3.448 seconds; current allocated memory: 1.448 GB.
INFO: [HLS 200-777] Using interface defaults for 'Vivado' flow target.
INFO: [HLS 214-131] Inlining function 'ssdm_int<8, true>::ssdm_int(signed char)' into 'ap_int_base<8, true>::ap_int_base(int)' (D:/Xilinx/Vitis_HLS/2022.1/common/technology/autopilot\ap_int_base.h:260:67)
INFO: [HLS 214-131] Inlining function 'ap_int_base<8, true>::ap_int_base(int)' into 'ap_int<8>::ap_int(int)' (D:/Xilinx/Vitis_HLS/2022.1/common/technology/autopilot\ap_int.h:179:57)
INFO: [HLS 214-131] Inlining function 'ssdm_int<32, true>::ssdm_int(int)' into 'ap_int_base<32, true>::ap_int_base(int)' (D:/Xilinx/Vitis_HLS/2022.1/common/technology/autopilot\ap_int_base.h:260:67)
INFO: [HLS 214-131] Inlining function '_ZN8ssdm_intILi40ELb1EEC2EDq40_i' into 'ap_int_base<40, true>::ap_int_base<8, true>(ap_int_base<8, true> const&)' (D:/Xilinx/Vitis_HLS/2022.1/common/technology/autopilot\ap_int_base.h:231:106)
INFO: [HLS 214-131] Inlining function '_ZN8ssdm_intILi40ELb1EEC2EDq40_i' into 'ap_int_base<40, true>::ap_int_base<32, true>(ap_int_base<32, true> const&)' (D:/Xilinx/Vitis_HLS/2022.1/common/technology/autopilot\ap_int_base.h:231:106)
INFO: [HLS 214-131] Inlining function '_ZN8ssdm_intILi40ELb1EEC2EDq40_i' into 'ap_int_base<40, true>::ap_int_base(int)' (D:/Xilinx/Vitis_HLS/2022.1/common/technology/autopilot\ap_int_base.h:260:67)
INFO: [HLS 214-131] Inlining function 'ap_int_base<40, true>::ap_int_base<8, true>(ap_int_base<8, true> const&)' into 'ap_int_base<8, true>::RType<32, true>::mult operator*<8, true, 32, true>(ap_int_base<8, true> const&, ap_int_base<32, true> const&)' (D:/Xilinx/Vitis_HLS/2022.1/common/technology/autopilot\ap_int_base.h:1540:339)
INFO: [HLS 214-131] Inlining function 'ap_int<40>::ap_int<40, true>(ap_int_base<40, true> const&)' into 'ap_int_base<8, true>::RType<32, true>::mult operator*<8, true, 32, true>(ap_int_base<8, true> const&, ap_int_base<32, true> const&)' (D:/Xilinx/Vitis_HLS/2022.1/common/technology/autopilot\ap_int_base.h:1540:554)
INFO: [HLS 214-131] Inlining function 'ap_int_base<40, true>::ap_int_base(int)' into 'ap_int_base<8, true>::RType<32, true>::mult operator*<8, true, 32, true>(ap_int_base<8, true> const&, ap_int_base<32, true> const&)' (D:/Xilinx/Vitis_HLS/2022.1/common/technology/autopilot\ap_int_base.h:1540:516)
INFO: [HLS 214-131] Inlining function 'ap_int_base<40, true>::ap_int_base<32, true>(ap_int_base<32, true> const&)' into 'ap_int_base<8, true>::RType<32, true>::mult operator*<8, true, 32, true>(ap_int_base<8, true> const&, ap_int_base<32, true> const&)' (D:/Xilinx/Vitis_HLS/2022.1/common/technology/autopilot\ap_int_base.h:1540:427)
INFO: [HLS 214-131] Inlining function 'ap_int_base<32, true>::ap_int_base(int)' into 'ap_int_base<8, true>::RType<($_0)32, true>::mult operator*<8, true>(ap_int_base<8, true> const&, int)' (D:/Xilinx/Vitis_HLS/2022.1/common/technology/autopilot\ap_int_base.h:1679:483)
INFO: [HLS 214-131] Inlining function 'ap_int_base<8, true>::RType<32, true>::mult operator*<8, true, 32, true>(ap_int_base<8, true> const&, ap_int_base<32, true> const&)' into 'ap_int_base<8, true>::RType<($_0)32, true>::mult operator*<8, true>(ap_int_base<8, true> const&, int)' (D:/Xilinx/Vitis_HLS/2022.1/common/technology/autopilot\ap_int_base.h:1679:481)
INFO: [HLS 214-131] Inlining function 'ap_int<8>::ap_int(int)' into 'fir(int*, int)' (fir128_Q4/fir.cpp:31:18)
INFO: [HLS 214-131] Inlining function 'ap_int_base<40, true>::operator long long() const' into 'fir(int*, int)' (fir128_Q4/fir.cpp:36:10)
INFO: [HLS 214-131] Inlining function 'ap_int_base<8, true>::RType<($_0)32, true>::mult operator*<8, true>(ap_int_base<8, true> const&, int)' into 'fir(int*, int)' (fir128_Q4/fir.cpp:36:23)
INFO: [HLS 214-291] Loop 'MAC' is marked as complete unroll implied by the pipeline pragma (fir128_Q4/fir.cpp:35:2)
INFO: [HLS 214-291] Loop 'Time_delay_loop' is marked as complete unroll implied by the pipeline pragma (fir128_Q4/fir.cpp:27:2)
INFO: [HLS 214-291] Loop 'anonymous' is marked as complete unroll implied by the pipeline pragma (fir128_Q4/fir.cpp:23:8)
INFO: [HLS 214-186] Unrolling loop 'MAC' (fir128_Q4/fir.cpp:35:2) in function 'fir' completely with a factor of 128 (fir128_Q4/fir.cpp:17:0)
INFO: [HLS 214-186] Unrolling loop 'Time_delay_loop' (fir128_Q4/fir.cpp:27:2) in function 'fir' completely with a factor of 128 (fir128_Q4/fir.cpp:17:0)
INFO: [HLS 214-186] Unrolling loop 'anonymous' (fir128_Q4/fir.cpp:23:8) in function 'fir' completely with a factor of 128 (fir128_Q4/fir.cpp:17:0)
INFO: [HLS 200-111] Finished Compiling Optimization and Transform: CPU user time: 0 seconds. CPU system time: 0 seconds. Elapsed time: 4.272 seconds; current allocated memory: 1.448 GB.
INFO: [HLS 200-111] Finished Checking Pragmas: CPU user time: 0 seconds. CPU system time: 0 seconds. Elapsed time: 0.001 seconds; current allocated memory: 1.448 GB.
INFO: [HLS 200-10] Starting code transformations ...
INFO: [HLS 200-111] Finished Standard Transforms: CPU user time: 0 seconds. CPU system time: 0 seconds. Elapsed time: 0.135 seconds; current allocated memory: 1.448 GB.
INFO: [HLS 200-10] Checking synthesizability ...
INFO: [HLS 200-111] Finished Checking Synthesizability: CPU user time: 0 seconds. CPU system time: 0 seconds. Elapsed time: 0.074 seconds; current allocated memory: 1.448 GB.
INFO: [XFORM 203-11] Balancing expressions in function 'fir' (fir128_Q4/fir.cpp:17)...51 expression(s) balanced.
INFO: [HLS 200-111] Finished Loop, function and other optimizations: CPU user time: 1 seconds. CPU system time: 0 seconds. Elapsed time: 0.272 seconds; current allocated memory: 1.448 GB.
INFO: [HLS 200-472] Inferring partial write operation for 'shift_reg.V' (fir128_Q4/fir.cpp:29:17)
INFO: [HLS 200-472] Inferring partial write operation for 'shift_reg.V' (fir128_Q4/fir.cpp:31:16)
INFO: [HLS 200-111] Finished Architecture Synthesis: CPU user time: 0 seconds. CPU system time: 0 seconds. Elapsed time: 0.546 seconds; current allocated memory: 1.448 GB.
INFO: [HLS 200-10] Starting hardware synthesis ...
INFO: [HLS 200-10] Synthesizing 'fir' ...
INFO: [HLS 200-10] ----------------------------------------------------------------
INFO: [HLS 200-42] -- Implementing module 'fir' 
INFO: [HLS 200-10] ----------------------------------------------------------------
INFO: [SCHED 204-11] Starting scheduling ...
INFO: [HLS 200-486] Changing DSP latency (root=tmp179) to 3 in order to utilize available DSP registers.
INFO: [SCHED 204-61] Pipelining function 'fir'.
WARNING: [HLS 200-885] The II Violation in module 'fir' (function 'fir'): Unable to schedule 'load' operation ('shift_reg_V_load_125', fir128_Q4/fir.cpp:29) on array 'shift_reg_V' due to limited memory ports (II = 1). Please consider using a memory core with more ports or partitioning the array 'shift_reg_V'.
WARNING: [HLS 200-885] The II Violation in module 'fir' (function 'fir'): Unable to schedule 'load' operation ('shift_reg_V_load_5', fir128_Q4/fir.cpp:29) on array 'shift_reg_V' due to limited memory ports (II = 2). Please consider using a memory core with more ports or partitioning the array 'shift_reg_V'.
WARNING: [HLS 200-885] The II Violation in module 'fir' (function 'fir'): Unable to schedule 'load' operation ('shift_reg_V_load_9', fir128_Q4/fir.cpp:29) on array 'shift_reg_V' due to limited memory ports (II = 3). Please consider using a memory core with more ports or partitioning the array 'shift_reg_V'.
WARNING: [HLS 200-885] The II Violation in module 'fir' (function 'fir'): Unable to schedule 'load' operation ('shift_reg_V_load_12', fir128_Q4/fir.cpp:29) on array 'shift_reg_V' due to limited memory ports (II = 4). Please consider using a memory core with more ports or partitioning the array 'shift_reg_V'.
WARNING: [HLS 200-885] The II Violation in module 'fir' (function 'fir'): Unable to schedule 'store' operation ('114_write_ln29', fir128_Q4/fir.cpp:29) of variable 'shift_reg_V_load_13', fir128_Q4/fir.cpp:29 on array 'shift_reg_V' due to limited memory ports (II = 67). Please consider using a memory core with more ports or partitioning the array 'shift_reg_V'.
WARNING: [HLS 200-885] The II Violation in module 'fir' (function 'fir'): Unable to schedule 'store' operation ('39_write_ln29', fir128_Q4/fir.cpp:29) of variable 'shift_reg_V_load_88', fir128_Q4/fir.cpp:29 on array 'shift_reg_V' due to limited memory ports (II = 98). Please consider using a memory core with more ports or partitioning the array 'shift_reg_V'.
WARNING: [HLS 200-885] The II Violation in module 'fir' (function 'fir'): Unable to schedule 'store' operation ('4_write_ln29', fir128_Q4/fir.cpp:29) of variable 'shift_reg_V_load_123', fir128_Q4/fir.cpp:29 on array 'shift_reg_V' due to limited memory ports (II = 114). Please consider using a memory core with more ports or partitioning the array 'shift_reg_V'.
WARNING: [HLS 200-885] The II Violation in module 'fir' (function 'fir'): Unable to schedule 'store' operation ('1_write_ln29', fir128_Q4/fir.cpp:29) of variable 'shift_reg_V_load_126', fir128_Q4/fir.cpp:29 on array 'shift_reg_V' due to limited memory ports (II = 115). Please consider using a memory core with more ports or partitioning the array 'shift_reg_V'.
INFO: [HLS 200-1470] Pipelining result : Target II = NA, Final II = 116, Depth = 116, function 'fir'
INFO: [SCHED 204-11] Finished scheduling.
INFO: [HLS 200-111] Finished Scheduling: CPU user time: 6 seconds. CPU system time: 0 seconds. Elapsed time: 6.225 seconds; current allocated memory: 1.448 GB.
INFO: [BIND 205-100] Starting micro-architecture generation ...
INFO: [BIND 205-101] Performing variable lifetime analysis.
INFO: [BIND 205-101] Exploring resource sharing.
INFO: [BIND 205-101] Binding ...
INFO: [BIND 205-100] Finished micro-architecture generation.
INFO: [HLS 200-111] Finished Binding: CPU user time: 0 seconds. CPU system time: 0 seconds. Elapsed time: 0.834 seconds; current allocated memory: 1.448 GB.
INFO: [HLS 200-10] ----------------------------------------------------------------
INFO: [HLS 200-10] -- Generating RTL for module 'fir' 
INFO: [HLS 200-10] ----------------------------------------------------------------
INFO: [RTGEN 206-500] Setting interface mode on port 'fir/y' to 'ap_vld'.
INFO: [RTGEN 206-500] Setting interface mode on port 'fir/x' to 'ap_none'.
INFO: [RTGEN 206-500] Setting interface mode on function 'fir' to 'ap_ctrl_hs'.
INFO: [RTGEN 206-100] Generating core module 'ama_addmuladd_9s_13s_4ns_15s_17_4_1': 1 instance(s).
INFO: [RTGEN 206-100] Finished creating RTL model for 'fir'.
INFO: [HLS 200-111] Finished Creating RTL model: CPU user time: 1 seconds. CPU system time: 0 seconds. Elapsed time: 0.823 seconds; current allocated memory: 1.448 GB.
INFO: [RTMG 210-278] Implementing memory 'fir_shift_reg_V_RAM_AUTO_1R1W_ram (RAM)' using auto RAMs with power-on initialization.
INFO: [HLS 200-111] Finished Generating all RTL models: CPU user time: 2 seconds. CPU system time: 0 seconds. Elapsed time: 2.055 seconds; current allocated memory: 1.448 GB.
INFO: [HLS 200-111] Finished Updating report files: CPU user time: 0 seconds. CPU system time: 0 seconds. Elapsed time: 0.231 seconds; current allocated memory: 1.448 GB.
INFO: [VHDL 208-304] Generating VHDL RTL for fir.
INFO: [VLOG 209-307] Generating Verilog RTL for fir.
INFO: [HLS 200-789] **** Estimated Fmax: 140.69 MHz
INFO: [HLS 200-111] Finished Command csynth_design CPU user time: 10 seconds. CPU system time: 0 seconds. Elapsed time: 18.964 seconds; current allocated memory: 0.000 MB.
INFO: [HLS 200-112] Total CPU user time: 13 seconds. Total CPU system time: 1 seconds. Total elapsed time: 21.603 seconds; peak allocated memory: 1.448 GB.
==============================================================
Vitis HLS - High-Level Synthesis from C, C++ and OpenCL v2022.1 (64-bit)
Tool Version Limit: 2022.04
Copyright 1986-2022 Xilinx, Inc. All Rights Reserved.
==============================================================
INFO: [SYN 201-201] Setting up clock 'default' with a period of 10ns.
INFO: [HLS 200-1611] Setting target device to 'xc7z020-clg400-1'
INFO: [HLS 200-1505] Using flow_target 'vivado'
INFO: [HLS 200-1510] Running: set_part xc7z020clg400-1 
INFO: [HLS 200-1510] Running: create_clock -period 10 -name default 
INFO: [HLS 200-1510] Running: source ./fir128_Q4/solution2/directives.tcl
INFO: [HLS 200-1510] Running: set_directive_top -name fir fir 
INFO: [HLS 200-1510] Running: set_directive_pipeline fir/Time_delay_loop 
INFO: [HLS 200-1510] Running: set_directive_pipeline fir/MAC 
INFO: [HLS 200-1510] Running: csynth_design 
WARNING: [HLS 200-40] Skipped source file 'out.gold.dat'. Source files must have extensions .c, .C, .cc, .cpp, .c++, .cp, or .cxx.
WARNING: [HLS 200-40] Skipped source file 'input.dat'. Source files must have extensions .c, .C, .cc, .cpp, .c++, .cp, or .cxx.
INFO: [HLS 200-111] Finished File checks and directory preparation: CPU user time: 0 seconds. CPU system time: 0 seconds. Elapsed time: 0.01 seconds; current allocated memory: 1.455 GB.
INFO: [HLS 200-10] Analyzing design file 'fir128_Q4/fir.cpp' ... 
INFO: [HLS 200-111] Finished Source Code Analysis and Preprocessing: CPU user time: 0 seconds. CPU system time: 0 seconds. Elapsed time: 3.574 seconds; current allocated memory: 1.455 GB.
INFO: [HLS 200-777] Using interface defaults for 'Vivado' flow target.
INFO: [HLS 214-131] Inlining function 'ssdm_int<8, true>::ssdm_int(signed char)' into 'ap_int_base<8, true>::ap_int_base(int)' (D:/Xilinx/Vitis_HLS/2022.1/common/technology/autopilot\ap_int_base.h:260:67)
INFO: [HLS 214-131] Inlining function 'ap_int_base<8, true>::ap_int_base(int)' into 'ap_int<8>::ap_int(int)' (D:/Xilinx/Vitis_HLS/2022.1/common/technology/autopilot\ap_int.h:179:57)
INFO: [HLS 214-131] Inlining function 'ssdm_int<32, true>::ssdm_int(int)' into 'ap_int_base<32, true>::ap_int_base(int)' (D:/Xilinx/Vitis_HLS/2022.1/common/technology/autopilot\ap_int_base.h:260:67)
INFO: [HLS 214-131] Inlining function '_ZN8ssdm_intILi40ELb1EEC2EDq40_i' into 'ap_int_base<40, true>::ap_int_base<8, true>(ap_int_base<8, true> const&)' (D:/Xilinx/Vitis_HLS/2022.1/common/technology/autopilot\ap_int_base.h:231:106)
INFO: [HLS 214-131] Inlining function '_ZN8ssdm_intILi40ELb1EEC2EDq40_i' into 'ap_int_base<40, true>::ap_int_base<32, true>(ap_int_base<32, true> const&)' (D:/Xilinx/Vitis_HLS/2022.1/common/technology/autopilot\ap_int_base.h:231:106)
INFO: [HLS 214-131] Inlining function '_ZN8ssdm_intILi40ELb1EEC2EDq40_i' into 'ap_int_base<40, true>::ap_int_base(int)' (D:/Xilinx/Vitis_HLS/2022.1/common/technology/autopilot\ap_int_base.h:260:67)
INFO: [HLS 214-131] Inlining function 'ap_int_base<40, true>::ap_int_base<8, true>(ap_int_base<8, true> const&)' into 'ap_int_base<8, true>::RType<32, true>::mult operator*<8, true, 32, true>(ap_int_base<8, true> const&, ap_int_base<32, true> const&)' (D:/Xilinx/Vitis_HLS/2022.1/common/technology/autopilot\ap_int_base.h:1540:339)
INFO: [HLS 214-131] Inlining function 'ap_int<40>::ap_int<40, true>(ap_int_base<40, true> const&)' into 'ap_int_base<8, true>::RType<32, true>::mult operator*<8, true, 32, true>(ap_int_base<8, true> const&, ap_int_base<32, true> const&)' (D:/Xilinx/Vitis_HLS/2022.1/common/technology/autopilot\ap_int_base.h:1540:554)
INFO: [HLS 214-131] Inlining function 'ap_int_base<40, true>::ap_int_base(int)' into 'ap_int_base<8, true>::RType<32, true>::mult operator*<8, true, 32, true>(ap_int_base<8, true> const&, ap_int_base<32, true> const&)' (D:/Xilinx/Vitis_HLS/2022.1/common/technology/autopilot\ap_int_base.h:1540:516)
INFO: [HLS 214-131] Inlining function 'ap_int_base<40, true>::ap_int_base<32, true>(ap_int_base<32, true> const&)' into 'ap_int_base<8, true>::RType<32, true>::mult operator*<8, true, 32, true>(ap_int_base<8, true> const&, ap_int_base<32, true> const&)' (D:/Xilinx/Vitis_HLS/2022.1/common/technology/autopilot\ap_int_base.h:1540:427)
INFO: [HLS 214-131] Inlining function 'ap_int_base<32, true>::ap_int_base(int)' into 'ap_int_base<8, true>::RType<($_0)32, true>::mult operator*<8, true>(ap_int_base<8, true> const&, int)' (D:/Xilinx/Vitis_HLS/2022.1/common/technology/autopilot\ap_int_base.h:1679:483)
INFO: [HLS 214-131] Inlining function 'ap_int_base<8, true>::RType<32, true>::mult operator*<8, true, 32, true>(ap_int_base<8, true> const&, ap_int_base<32, true> const&)' into 'ap_int_base<8, true>::RType<($_0)32, true>::mult operator*<8, true>(ap_int_base<8, true> const&, int)' (D:/Xilinx/Vitis_HLS/2022.1/common/technology/autopilot\ap_int_base.h:1679:481)
INFO: [HLS 214-131] Inlining function 'ap_int<8>::ap_int(int)' into 'fir(int*, int)' (fir128_Q4/fir.cpp:31:18)
INFO: [HLS 214-131] Inlining function 'ap_int_base<40, true>::operator long long() const' into 'fir(int*, int)' (fir128_Q4/fir.cpp:36:10)
INFO: [HLS 214-131] Inlining function 'ap_int_base<8, true>::RType<($_0)32, true>::mult operator*<8, true>(ap_int_base<8, true> const&, int)' into 'fir(int*, int)' (fir128_Q4/fir.cpp:36:23)
WARNING: [HLS 214-167] The program may have out of bound array access (fir128_Q4/fir.cpp:29:17)
INFO: [HLS 200-111] Finished Compiling Optimization and Transform: CPU user time: 0 seconds. CPU system time: 0 seconds. Elapsed time: 3.306 seconds; current allocated memory: 1.455 GB.
INFO: [HLS 200-111] Finished Checking Pragmas: CPU user time: 0 seconds. CPU system time: 0 seconds. Elapsed time: 0.001 seconds; current allocated memory: 1.455 GB.
INFO: [HLS 200-10] Starting code transformations ...
INFO: [HLS 200-111] Finished Standard Transforms: CPU user time: 0 seconds. CPU system time: 0 seconds. Elapsed time: 0.051 seconds; current allocated memory: 1.455 GB.
INFO: [HLS 200-10] Checking synthesizability ...
INFO: [HLS 200-111] Finished Checking Synthesizability: CPU user time: 0 seconds. CPU system time: 0 seconds. Elapsed time: 0.055 seconds; current allocated memory: 1.455 GB.
INFO: [HLS 200-111] Finished Loop, function and other optimizations: CPU user time: 0 seconds. CPU system time: 0 seconds. Elapsed time: 0.076 seconds; current allocated memory: 1.455 GB.
INFO: [HLS 200-472] Inferring partial write operation for 'shift_reg.V' (fir128_Q4/fir.cpp:29:17)
INFO: [HLS 200-472] Inferring partial write operation for 'shift_reg.V' (fir128_Q4/fir.cpp:31:16)
INFO: [HLS 200-111] Finished Architecture Synthesis: CPU user time: 0 seconds. CPU system time: 0 seconds. Elapsed time: 0.055 seconds; current allocated memory: 1.455 GB.
INFO: [HLS 200-10] Starting hardware synthesis ...
INFO: [HLS 200-10] Synthesizing 'fir' ...
INFO: [HLS 200-10] ----------------------------------------------------------------
INFO: [HLS 200-42] -- Implementing module 'fir_Pipeline_Time_delay_loop' 
INFO: [HLS 200-10] ----------------------------------------------------------------
INFO: [SCHED 204-11] Starting scheduling ...
INFO: [SCHED 204-61] Pipelining loop 'Time_delay_loop'.
INFO: [HLS 200-1470] Pipelining result : Target II = NA, Final II = 1, Depth = 2, loop 'Time_delay_loop'
INFO: [SCHED 204-11] Finished scheduling.
INFO: [HLS 200-111] Finished Scheduling: CPU user time: 0 seconds. CPU system time: 0 seconds. Elapsed time: 0.112 seconds; current allocated memory: 1.455 GB.
INFO: [BIND 205-100] Starting micro-architecture generation ...
INFO: [BIND 205-101] Performing variable lifetime analysis.
INFO: [BIND 205-101] Exploring resource sharing.
INFO: [BIND 205-101] Binding ...
INFO: [BIND 205-100] Finished micro-architecture generation.
INFO: [HLS 200-111] Finished Binding: CPU user time: 0 seconds. CPU system time: 0 seconds. Elapsed time: 0.031 seconds; current allocated memory: 1.455 GB.
INFO: [HLS 200-10] ----------------------------------------------------------------
INFO: [HLS 200-42] -- Implementing module 'fir_Pipeline_MAC' 
INFO: [HLS 200-10] ----------------------------------------------------------------
INFO: [SCHED 204-11] Starting scheduling ...
INFO: [HLS 200-486] Changing DSP latency (root=mul_ln36) to 3 in order to utilize available DSP registers.
INFO: [SCHED 204-61] Pipelining loop 'MAC'.
INFO: [HLS 200-1470] Pipelining result : Target II = NA, Final II = 1, Depth = 5, loop 'MAC'
INFO: [SCHED 204-11] Finished scheduling.
INFO: [HLS 200-111] Finished Scheduling: CPU user time: 0 seconds. CPU system time: 0 seconds. Elapsed time: 0.055 seconds; current allocated memory: 1.455 GB.
INFO: [BIND 205-100] Starting micro-architecture generation ...
INFO: [BIND 205-101] Performing variable lifetime analysis.
INFO: [BIND 205-101] Exploring resource sharing.
INFO: [BIND 205-101] Binding ...
INFO: [BIND 205-100] Finished micro-architecture generation.
INFO: [HLS 200-111] Finished Binding: CPU user time: 0 seconds. CPU system time: 0 seconds. Elapsed time: 0.042 seconds; current allocated memory: 1.455 GB.
INFO: [HLS 200-10] ----------------------------------------------------------------
INFO: [HLS 200-42] -- Implementing module 'fir' 
INFO: [HLS 200-10] ----------------------------------------------------------------
INFO: [SCHED 204-11] Starting scheduling ...
INFO: [SCHED 204-11] Finished scheduling.
INFO: [HLS 200-111] Finished Scheduling: CPU user time: 0 seconds. CPU system time: 0 seconds. Elapsed time: 0.043 seconds; current allocated memory: 1.455 GB.
INFO: [BIND 205-100] Starting micro-architecture generation ...
INFO: [BIND 205-101] Performing variable lifetime analysis.
INFO: [BIND 205-101] Exploring resource sharing.
INFO: [BIND 205-101] Binding ...
INFO: [BIND 205-100] Finished micro-architecture generation.
INFO: [HLS 200-111] Finished Binding: CPU user time: 0 seconds. CPU system time: 0 seconds. Elapsed time: 0.043 seconds; current allocated memory: 1.455 GB.
INFO: [HLS 200-10] ----------------------------------------------------------------
INFO: [HLS 200-10] -- Generating RTL for module 'fir_Pipeline_Time_delay_loop' 
INFO: [HLS 200-10] ----------------------------------------------------------------
INFO: [HLS 200-1030] Apply Unified Pipeline Control on module 'fir_Pipeline_Time_delay_loop' pipeline 'Time_delay_loop' pipeline type 'loop pipeline'
INFO: [RTGEN 206-100] Finished creating RTL model for 'fir_Pipeline_Time_delay_loop'.
INFO: [HLS 200-111] Finished Creating RTL model: CPU user time: 0 seconds. CPU system time: 0 seconds. Elapsed time: 0.039 seconds; current allocated memory: 1.455 GB.
INFO: [HLS 200-10] ----------------------------------------------------------------
INFO: [HLS 200-10] -- Generating RTL for module 'fir_Pipeline_MAC' 
INFO: [HLS 200-10] ----------------------------------------------------------------
INFO: [HLS 200-1030] Apply Unified Pipeline Control on module 'fir_Pipeline_MAC' pipeline 'MAC' pipeline type 'loop pipeline'
INFO: [RTGEN 206-100] Generating core module 'mac_muladd_5s_8s_19s_19_4_1': 1 instance(s).
INFO: [RTGEN 206-100] Finished creating RTL model for 'fir_Pipeline_MAC'.
INFO: [HLS 200-111] Finished Creating RTL model: CPU user time: 0 seconds. CPU system time: 0 seconds. Elapsed time: 0.066 seconds; current allocated memory: 1.455 GB.
INFO: [HLS 200-10] ----------------------------------------------------------------
INFO: [HLS 200-10] -- Generating RTL for module 'fir' 
INFO: [HLS 200-10] ----------------------------------------------------------------
INFO: [RTGEN 206-500] Setting interface mode on port 'fir/y' to 'ap_vld'.
INFO: [RTGEN 206-500] Setting interface mode on port 'fir/x' to 'ap_none'.
INFO: [RTGEN 206-500] Setting interface mode on function 'fir' to 'ap_ctrl_hs'.
WARNING: [RTGEN 206-101] Global array 'fir_int_int_c' will not be exposed as RTL port.
INFO: [RTGEN 206-100] Finished creating RTL model for 'fir'.
INFO: [HLS 200-111] Finished Creating RTL model: CPU user time: 0 seconds. CPU system time: 0 seconds. Elapsed time: 0.095 seconds; current allocated memory: 1.455 GB.
INFO: [RTMG 210-279] Implementing memory 'fir_fir_Pipeline_MAC_fir_int_int_c_ROM_AUTO_1R' using auto ROMs.
INFO: [RTMG 210-278] Implementing memory 'fir_shift_reg_V_RAM_AUTO_1R1W_ram (RAM)' using auto RAMs with power-on initialization.
INFO: [HLS 200-111] Finished Generating all RTL models: CPU user time: 0 seconds. CPU system time: 0 seconds. Elapsed time: 0.392 seconds; current allocated memory: 1.455 GB.
INFO: [HLS 200-111] Finished Updating report files: CPU user time: 1 seconds. CPU system time: 0 seconds. Elapsed time: 0.24 seconds; current allocated memory: 1.455 GB.
INFO: [VHDL 208-304] Generating VHDL RTL for fir.
INFO: [VLOG 209-307] Generating Verilog RTL for fir.
INFO: [HLS 200-790] **** Loop Constraint Status: All loop constraints were satisfied.
INFO: [HLS 200-789] **** Estimated Fmax: 153.66 MHz
INFO: [HLS 200-111] Finished Command csynth_design CPU user time: 1 seconds. CPU system time: 0 seconds. Elapsed time: 8.357 seconds; current allocated memory: 0.000 MB.
INFO: [HLS 200-112] Total CPU user time: 4 seconds. Total CPU system time: 1 seconds. Total elapsed time: 10.939 seconds; peak allocated memory: 1.455 GB.
==============================================================
Vitis HLS - High-Level Synthesis from C, C++ and OpenCL v2022.1 (64-bit)
Tool Version Limit: 2022.04
Copyright 1986-2022 Xilinx, Inc. All Rights Reserved.
==============================================================
INFO: [SYN 201-201] Setting up clock 'default' with a period of 10ns.
INFO: [HLS 200-1611] Setting target device to 'xc7z020-clg400-1'
INFO: [HLS 200-1505] Using flow_target 'vivado'
INFO: [HLS 200-1510] Running: set_part xc7z020clg400-1 
INFO: [HLS 200-1510] Running: create_clock -period 10 -name default 
INFO: [HLS 200-1510] Running: source ./fir128_Q4/solution2/directives.tcl
INFO: [HLS 200-1510] Running: set_directive_top -name fir fir 
INFO: [HLS 200-1510] Running: set_directive_pipeline -II 1 fir/MAC 
INFO: [HLS 200-1510] Running: set_directive_pipeline -II 1 fir/Time_delay_loop 
INFO: [HLS 200-1510] Running: csynth_design 
WARNING: [HLS 200-40] Skipped source file 'out.gold.dat'. Source files must have extensions .c, .C, .cc, .cpp, .c++, .cp, or .cxx.
WARNING: [HLS 200-40] Skipped source file 'input.dat'. Source files must have extensions .c, .C, .cc, .cpp, .c++, .cp, or .cxx.
INFO: [HLS 200-111] Finished File checks and directory preparation: CPU user time: 0 seconds. CPU system time: 0 seconds. Elapsed time: 0.012 seconds; current allocated memory: 1.449 GB.
INFO: [HLS 200-10] Analyzing design file 'fir128_Q4/fir.cpp' ... 
INFO: [HLS 200-111] Finished Source Code Analysis and Preprocessing: CPU user time: 0 seconds. CPU system time: 0 seconds. Elapsed time: 3.459 seconds; current allocated memory: 1.449 GB.
INFO: [HLS 200-777] Using interface defaults for 'Vivado' flow target.
INFO: [HLS 214-131] Inlining function 'ssdm_int<8, true>::ssdm_int(signed char)' into 'ap_int_base<8, true>::ap_int_base(int)' (D:/Xilinx/Vitis_HLS/2022.1/common/technology/autopilot\ap_int_base.h:260:67)
INFO: [HLS 214-131] Inlining function 'ap_int_base<8, true>::ap_int_base(int)' into 'ap_int<8>::ap_int(int)' (D:/Xilinx/Vitis_HLS/2022.1/common/technology/autopilot\ap_int.h:179:57)
INFO: [HLS 214-131] Inlining function 'ssdm_int<32, true>::ssdm_int(int)' into 'ap_int_base<32, true>::ap_int_base(int)' (D:/Xilinx/Vitis_HLS/2022.1/common/technology/autopilot\ap_int_base.h:260:67)
INFO: [HLS 214-131] Inlining function '_ZN8ssdm_intILi40ELb1EEC2EDq40_i' into 'ap_int_base<40, true>::ap_int_base<8, true>(ap_int_base<8, true> const&)' (D:/Xilinx/Vitis_HLS/2022.1/common/technology/autopilot\ap_int_base.h:231:106)
INFO: [HLS 214-131] Inlining function '_ZN8ssdm_intILi40ELb1EEC2EDq40_i' into 'ap_int_base<40, true>::ap_int_base<32, true>(ap_int_base<32, true> const&)' (D:/Xilinx/Vitis_HLS/2022.1/common/technology/autopilot\ap_int_base.h:231:106)
INFO: [HLS 214-131] Inlining function '_ZN8ssdm_intILi40ELb1EEC2EDq40_i' into 'ap_int_base<40, true>::ap_int_base(int)' (D:/Xilinx/Vitis_HLS/2022.1/common/technology/autopilot\ap_int_base.h:260:67)
INFO: [HLS 214-131] Inlining function 'ap_int_base<40, true>::ap_int_base<8, true>(ap_int_base<8, true> const&)' into 'ap_int_base<8, true>::RType<32, true>::mult operator*<8, true, 32, true>(ap_int_base<8, true> const&, ap_int_base<32, true> const&)' (D:/Xilinx/Vitis_HLS/2022.1/common/technology/autopilot\ap_int_base.h:1540:339)
INFO: [HLS 214-131] Inlining function 'ap_int<40>::ap_int<40, true>(ap_int_base<40, true> const&)' into 'ap_int_base<8, true>::RType<32, true>::mult operator*<8, true, 32, true>(ap_int_base<8, true> const&, ap_int_base<32, true> const&)' (D:/Xilinx/Vitis_HLS/2022.1/common/technology/autopilot\ap_int_base.h:1540:554)
INFO: [HLS 214-131] Inlining function 'ap_int_base<40, true>::ap_int_base(int)' into 'ap_int_base<8, true>::RType<32, true>::mult operator*<8, true, 32, true>(ap_int_base<8, true> const&, ap_int_base<32, true> const&)' (D:/Xilinx/Vitis_HLS/2022.1/common/technology/autopilot\ap_int_base.h:1540:516)
INFO: [HLS 214-131] Inlining function 'ap_int_base<40, true>::ap_int_base<32, true>(ap_int_base<32, true> const&)' into 'ap_int_base<8, true>::RType<32, true>::mult operator*<8, true, 32, true>(ap_int_base<8, true> const&, ap_int_base<32, true> const&)' (D:/Xilinx/Vitis_HLS/2022.1/common/technology/autopilot\ap_int_base.h:1540:427)
INFO: [HLS 214-131] Inlining function 'ap_int_base<32, true>::ap_int_base(int)' into 'ap_int_base<8, true>::RType<($_0)32, true>::mult operator*<8, true>(ap_int_base<8, true> const&, int)' (D:/Xilinx/Vitis_HLS/2022.1/common/technology/autopilot\ap_int_base.h:1679:483)
INFO: [HLS 214-131] Inlining function 'ap_int_base<8, true>::RType<32, true>::mult operator*<8, true, 32, true>(ap_int_base<8, true> const&, ap_int_base<32, true> const&)' into 'ap_int_base<8, true>::RType<($_0)32, true>::mult operator*<8, true>(ap_int_base<8, true> const&, int)' (D:/Xilinx/Vitis_HLS/2022.1/common/technology/autopilot\ap_int_base.h:1679:481)
INFO: [HLS 214-131] Inlining function 'ap_int<8>::ap_int(int)' into 'fir(int*, int)' (fir128_Q4/fir.cpp:31:18)
INFO: [HLS 214-131] Inlining function 'ap_int_base<40, true>::operator long long() const' into 'fir(int*, int)' (fir128_Q4/fir.cpp:36:10)
INFO: [HLS 214-131] Inlining function 'ap_int_base<8, true>::RType<($_0)32, true>::mult operator*<8, true>(ap_int_base<8, true> const&, int)' into 'fir(int*, int)' (fir128_Q4/fir.cpp:36:23)
WARNING: [HLS 214-167] The program may have out of bound array access (fir128_Q4/fir.cpp:29:17)
INFO: [HLS 200-111] Finished Compiling Optimization and Transform: CPU user time: 0 seconds. CPU system time: 0 seconds. Elapsed time: 3.303 seconds; current allocated memory: 1.449 GB.
INFO: [HLS 200-111] Finished Checking Pragmas: CPU user time: 0 seconds. CPU system time: 0 seconds. Elapsed time: 0.001 seconds; current allocated memory: 1.449 GB.
INFO: [HLS 200-10] Starting code transformations ...
INFO: [HLS 200-111] Finished Standard Transforms: CPU user time: 0 seconds. CPU system time: 0 seconds. Elapsed time: 0.056 seconds; current allocated memory: 1.449 GB.
INFO: [HLS 200-10] Checking synthesizability ...
INFO: [HLS 200-111] Finished Checking Synthesizability: CPU user time: 0 seconds. CPU system time: 0 seconds. Elapsed time: 0.056 seconds; current allocated memory: 1.449 GB.
INFO: [HLS 200-111] Finished Loop, function and other optimizations: CPU user time: 0 seconds. CPU system time: 0 seconds. Elapsed time: 0.082 seconds; current allocated memory: 1.449 GB.
INFO: [HLS 200-472] Inferring partial write operation for 'shift_reg.V' (fir128_Q4/fir.cpp:29:17)
INFO: [HLS 200-472] Inferring partial write operation for 'shift_reg.V' (fir128_Q4/fir.cpp:31:16)
INFO: [HLS 200-111] Finished Architecture Synthesis: CPU user time: 0 seconds. CPU system time: 0 seconds. Elapsed time: 0.052 seconds; current allocated memory: 1.449 GB.
INFO: [HLS 200-10] Starting hardware synthesis ...
INFO: [HLS 200-10] Synthesizing 'fir' ...
INFO: [HLS 200-10] ----------------------------------------------------------------
INFO: [HLS 200-42] -- Implementing module 'fir_Pipeline_Time_delay_loop' 
INFO: [HLS 200-10] ----------------------------------------------------------------
INFO: [SCHED 204-11] Starting scheduling ...
INFO: [SCHED 204-61] Pipelining loop 'Time_delay_loop'.
INFO: [HLS 200-1470] Pipelining result : Target II = 1, Final II = 1, Depth = 2, loop 'Time_delay_loop'
INFO: [SCHED 204-11] Finished scheduling.
INFO: [HLS 200-111] Finished Scheduling: CPU user time: 0 seconds. CPU system time: 0 seconds. Elapsed time: 0.21 seconds; current allocated memory: 1.449 GB.
INFO: [BIND 205-100] Starting micro-architecture generation ...
INFO: [BIND 205-101] Performing variable lifetime analysis.
INFO: [BIND 205-101] Exploring resource sharing.
INFO: [BIND 205-101] Binding ...
INFO: [BIND 205-100] Finished micro-architecture generation.
INFO: [HLS 200-111] Finished Binding: CPU user time: 0 seconds. CPU system time: 0 seconds. Elapsed time: 0.031 seconds; current allocated memory: 1.449 GB.
INFO: [HLS 200-10] ----------------------------------------------------------------
INFO: [HLS 200-42] -- Implementing module 'fir_Pipeline_MAC' 
INFO: [HLS 200-10] ----------------------------------------------------------------
INFO: [SCHED 204-11] Starting scheduling ...
INFO: [HLS 200-486] Changing DSP latency (root=mul_ln36) to 3 in order to utilize available DSP registers.
INFO: [SCHED 204-61] Pipelining loop 'MAC'.
INFO: [HLS 200-1470] Pipelining result : Target II = 1, Final II = 1, Depth = 5, loop 'MAC'
INFO: [SCHED 204-11] Finished scheduling.
INFO: [HLS 200-111] Finished Scheduling: CPU user time: 0 seconds. CPU system time: 0 seconds. Elapsed time: 0.055 seconds; current allocated memory: 1.449 GB.
INFO: [BIND 205-100] Starting micro-architecture generation ...
INFO: [BIND 205-101] Performing variable lifetime analysis.
INFO: [BIND 205-101] Exploring resource sharing.
INFO: [BIND 205-101] Binding ...
INFO: [BIND 205-100] Finished micro-architecture generation.
INFO: [HLS 200-111] Finished Binding: CPU user time: 0 seconds. CPU system time: 0 seconds. Elapsed time: 0.042 seconds; current allocated memory: 1.449 GB.
INFO: [HLS 200-10] ----------------------------------------------------------------
INFO: [HLS 200-42] -- Implementing module 'fir' 
INFO: [HLS 200-10] ----------------------------------------------------------------
INFO: [SCHED 204-11] Starting scheduling ...
INFO: [SCHED 204-11] Finished scheduling.
INFO: [HLS 200-111] Finished Scheduling: CPU user time: 0 seconds. CPU system time: 0 seconds. Elapsed time: 0.043 seconds; current allocated memory: 1.449 GB.
INFO: [BIND 205-100] Starting micro-architecture generation ...
INFO: [BIND 205-101] Performing variable lifetime analysis.
INFO: [BIND 205-101] Exploring resource sharing.
INFO: [BIND 205-101] Binding ...
INFO: [BIND 205-100] Finished micro-architecture generation.
INFO: [HLS 200-111] Finished Binding: CPU user time: 0 seconds. CPU system time: 0 seconds. Elapsed time: 0.044 seconds; current allocated memory: 1.449 GB.
INFO: [HLS 200-10] ----------------------------------------------------------------
INFO: [HLS 200-10] -- Generating RTL for module 'fir_Pipeline_Time_delay_loop' 
INFO: [HLS 200-10] ----------------------------------------------------------------
INFO: [HLS 200-1030] Apply Unified Pipeline Control on module 'fir_Pipeline_Time_delay_loop' pipeline 'Time_delay_loop' pipeline type 'loop pipeline'
INFO: [RTGEN 206-100] Finished creating RTL model for 'fir_Pipeline_Time_delay_loop'.
INFO: [HLS 200-111] Finished Creating RTL model: CPU user time: 0 seconds. CPU system time: 0 seconds. Elapsed time: 0.038 seconds; current allocated memory: 1.449 GB.
INFO: [HLS 200-10] ----------------------------------------------------------------
INFO: [HLS 200-10] -- Generating RTL for module 'fir_Pipeline_MAC' 
INFO: [HLS 200-10] ----------------------------------------------------------------
INFO: [HLS 200-1030] Apply Unified Pipeline Control on module 'fir_Pipeline_MAC' pipeline 'MAC' pipeline type 'loop pipeline'
INFO: [RTGEN 206-100] Generating core module 'mac_muladd_5s_8s_19s_19_4_1': 1 instance(s).
INFO: [RTGEN 206-100] Finished creating RTL model for 'fir_Pipeline_MAC'.
INFO: [HLS 200-111] Finished Creating RTL model: CPU user time: 0 seconds. CPU system time: 0 seconds. Elapsed time: 0.068 seconds; current allocated memory: 1.449 GB.
INFO: [HLS 200-10] ----------------------------------------------------------------
INFO: [HLS 200-10] -- Generating RTL for module 'fir' 
INFO: [HLS 200-10] ----------------------------------------------------------------
INFO: [RTGEN 206-500] Setting interface mode on port 'fir/y' to 'ap_vld'.
INFO: [RTGEN 206-500] Setting interface mode on port 'fir/x' to 'ap_none'.
INFO: [RTGEN 206-500] Setting interface mode on function 'fir' to 'ap_ctrl_hs'.
WARNING: [RTGEN 206-101] Global array 'fir_int_int_c' will not be exposed as RTL port.
INFO: [RTGEN 206-100] Finished creating RTL model for 'fir'.
INFO: [HLS 200-111] Finished Creating RTL model: CPU user time: 0 seconds. CPU system time: 0 seconds. Elapsed time: 0.089 seconds; current allocated memory: 1.449 GB.
INFO: [RTMG 210-279] Implementing memory 'fir_fir_Pipeline_MAC_fir_int_int_c_ROM_AUTO_1R' using auto ROMs.
INFO: [RTMG 210-278] Implementing memory 'fir_shift_reg_V_RAM_AUTO_1R1W_ram (RAM)' using auto RAMs with power-on initialization.
INFO: [HLS 200-111] Finished Generating all RTL models: CPU user time: 0 seconds. CPU system time: 0 seconds. Elapsed time: 0.401 seconds; current allocated memory: 1.449 GB.
INFO: [HLS 200-111] Finished Updating report files: CPU user time: 1 seconds. CPU system time: 0 seconds. Elapsed time: 0.237 seconds; current allocated memory: 1.449 GB.
INFO: [VHDL 208-304] Generating VHDL RTL for fir.
INFO: [VLOG 209-307] Generating Verilog RTL for fir.
INFO: [HLS 200-790] **** Loop Constraint Status: All loop constraints were satisfied.
INFO: [HLS 200-789] **** Estimated Fmax: 153.66 MHz
INFO: [HLS 200-111] Finished Command csynth_design CPU user time: 1 seconds. CPU system time: 0 seconds. Elapsed time: 8.35 seconds; current allocated memory: 0.000 MB.
INFO: [HLS 200-112] Total CPU user time: 4 seconds. Total CPU system time: 1 seconds. Total elapsed time: 10.982 seconds; peak allocated memory: 1.449 GB.
==============================================================
Vitis HLS - High-Level Synthesis from C, C++ and OpenCL v2022.1 (64-bit)
Tool Version Limit: 2022.04
Copyright 1986-2022 Xilinx, Inc. All Rights Reserved.
==============================================================
INFO: [SYN 201-201] Setting up clock 'default' with a period of 10ns.
INFO: [HLS 200-1611] Setting target device to 'xc7z020-clg400-1'
INFO: [HLS 200-1505] Using flow_target 'vivado'
INFO: [HLS 200-1510] Running: set_part xc7z020clg400-1 
INFO: [HLS 200-1510] Running: create_clock -period 10 -name default 
INFO: [HLS 200-1510] Running: source ./fir128_Q4/solution2/directives.tcl
INFO: [HLS 200-1510] Running: set_directive_top -name fir fir 
INFO: [HLS 200-1510] Running: set_directive_pipeline -II 1 fir/MAC 
INFO: [HLS 200-1510] Running: set_directive_pipeline -II 1 fir/Time_delay_loop 
INFO: [HLS 200-1510] Running: csynth_design 
WARNING: [HLS 200-40] Skipped source file 'out.gold.dat'. Source files must have extensions .c, .C, .cc, .cpp, .c++, .cp, or .cxx.
WARNING: [HLS 200-40] Skipped source file 'input.dat'. Source files must have extensions .c, .C, .cc, .cpp, .c++, .cp, or .cxx.
INFO: [HLS 200-111] Finished File checks and directory preparation: CPU user time: 0 seconds. CPU system time: 0 seconds. Elapsed time: 0.009 seconds; current allocated memory: 1.457 GB.
INFO: [HLS 200-10] Analyzing design file 'fir128_Q4/fir.cpp' ... 
INFO: [HLS 200-111] Finished Source Code Analysis and Preprocessing: CPU user time: 0 seconds. CPU system time: 0 seconds. Elapsed time: 3.505 seconds; current allocated memory: 1.457 GB.
INFO: [HLS 200-777] Using interface defaults for 'Vivado' flow target.
INFO: [HLS 214-131] Inlining function 'ssdm_int<8, true>::ssdm_int(signed char)' into 'ap_int_base<8, true>::ap_int_base(int)' (D:/Xilinx/Vitis_HLS/2022.1/common/technology/autopilot\ap_int_base.h:260:67)
INFO: [HLS 214-131] Inlining function 'ap_int_base<8, true>::ap_int_base(int)' into 'ap_int<8>::ap_int(int)' (D:/Xilinx/Vitis_HLS/2022.1/common/technology/autopilot\ap_int.h:179:57)
INFO: [HLS 214-131] Inlining function 'ssdm_int<32, true>::ssdm_int(int)' into 'ap_int_base<32, true>::ap_int_base(int)' (D:/Xilinx/Vitis_HLS/2022.1/common/technology/autopilot\ap_int_base.h:260:67)
INFO: [HLS 214-131] Inlining function '_ZN8ssdm_intILi40ELb1EEC2EDq40_i' into 'ap_int_base<40, true>::ap_int_base<8, true>(ap_int_base<8, true> const&)' (D:/Xilinx/Vitis_HLS/2022.1/common/technology/autopilot\ap_int_base.h:231:106)
INFO: [HLS 214-131] Inlining function '_ZN8ssdm_intILi40ELb1EEC2EDq40_i' into 'ap_int_base<40, true>::ap_int_base<32, true>(ap_int_base<32, true> const&)' (D:/Xilinx/Vitis_HLS/2022.1/common/technology/autopilot\ap_int_base.h:231:106)
INFO: [HLS 214-131] Inlining function '_ZN8ssdm_intILi40ELb1EEC2EDq40_i' into 'ap_int_base<40, true>::ap_int_base(int)' (D:/Xilinx/Vitis_HLS/2022.1/common/technology/autopilot\ap_int_base.h:260:67)
INFO: [HLS 214-131] Inlining function 'ap_int_base<40, true>::ap_int_base<8, true>(ap_int_base<8, true> const&)' into 'ap_int_base<8, true>::RType<32, true>::mult operator*<8, true, 32, true>(ap_int_base<8, true> const&, ap_int_base<32, true> const&)' (D:/Xilinx/Vitis_HLS/2022.1/common/technology/autopilot\ap_int_base.h:1540:339)
INFO: [HLS 214-131] Inlining function 'ap_int<40>::ap_int<40, true>(ap_int_base<40, true> const&)' into 'ap_int_base<8, true>::RType<32, true>::mult operator*<8, true, 32, true>(ap_int_base<8, true> const&, ap_int_base<32, true> const&)' (D:/Xilinx/Vitis_HLS/2022.1/common/technology/autopilot\ap_int_base.h:1540:554)
INFO: [HLS 214-131] Inlining function 'ap_int_base<40, true>::ap_int_base(int)' into 'ap_int_base<8, true>::RType<32, true>::mult operator*<8, true, 32, true>(ap_int_base<8, true> const&, ap_int_base<32, true> const&)' (D:/Xilinx/Vitis_HLS/2022.1/common/technology/autopilot\ap_int_base.h:1540:516)
INFO: [HLS 214-131] Inlining function 'ap_int_base<40, true>::ap_int_base<32, true>(ap_int_base<32, true> const&)' into 'ap_int_base<8, true>::RType<32, true>::mult operator*<8, true, 32, true>(ap_int_base<8, true> const&, ap_int_base<32, true> const&)' (D:/Xilinx/Vitis_HLS/2022.1/common/technology/autopilot\ap_int_base.h:1540:427)
INFO: [HLS 214-131] Inlining function 'ap_int_base<32, true>::ap_int_base(int)' into 'ap_int_base<8, true>::RType<($_0)32, true>::mult operator*<8, true>(ap_int_base<8, true> const&, int)' (D:/Xilinx/Vitis_HLS/2022.1/common/technology/autopilot\ap_int_base.h:1679:483)
INFO: [HLS 214-131] Inlining function 'ap_int_base<8, true>::RType<32, true>::mult operator*<8, true, 32, true>(ap_int_base<8, true> const&, ap_int_base<32, true> const&)' into 'ap_int_base<8, true>::RType<($_0)32, true>::mult operator*<8, true>(ap_int_base<8, true> const&, int)' (D:/Xilinx/Vitis_HLS/2022.1/common/technology/autopilot\ap_int_base.h:1679:481)
INFO: [HLS 214-131] Inlining function 'ap_int<8>::ap_int(int)' into 'fir(int*, int)' (fir128_Q4/fir.cpp:31:18)
INFO: [HLS 214-131] Inlining function 'ap_int_base<40, true>::operator long long() const' into 'fir(int*, int)' (fir128_Q4/fir.cpp:36:10)
INFO: [HLS 214-131] Inlining function 'ap_int_base<8, true>::RType<($_0)32, true>::mult operator*<8, true>(ap_int_base<8, true> const&, int)' into 'fir(int*, int)' (fir128_Q4/fir.cpp:36:23)
WARNING: [HLS 214-167] The program may have out of bound array access (fir128_Q4/fir.cpp:29:17)
INFO: [HLS 200-111] Finished Compiling Optimization and Transform: CPU user time: 0 seconds. CPU system time: 0 seconds. Elapsed time: 3.281 seconds; current allocated memory: 1.457 GB.
INFO: [HLS 200-111] Finished Checking Pragmas: CPU user time: 0 seconds. CPU system time: 0 seconds. Elapsed time: 0.001 seconds; current allocated memory: 1.457 GB.
INFO: [HLS 200-10] Starting code transformations ...
INFO: [HLS 200-111] Finished Standard Transforms: CPU user time: 0 seconds. CPU system time: 0 seconds. Elapsed time: 0.054 seconds; current allocated memory: 1.457 GB.
INFO: [HLS 200-10] Checking synthesizability ...
INFO: [HLS 200-111] Finished Checking Synthesizability: CPU user time: 0 seconds. CPU system time: 0 seconds. Elapsed time: 0.054 seconds; current allocated memory: 1.457 GB.
INFO: [HLS 200-111] Finished Loop, function and other optimizations: CPU user time: 0 seconds. CPU system time: 0 seconds. Elapsed time: 0.08 seconds; current allocated memory: 1.457 GB.
INFO: [HLS 200-472] Inferring partial write operation for 'shift_reg.V' (fir128_Q4/fir.cpp:29:17)
INFO: [HLS 200-472] Inferring partial write operation for 'shift_reg.V' (fir128_Q4/fir.cpp:31:16)
INFO: [HLS 200-111] Finished Architecture Synthesis: CPU user time: 0 seconds. CPU system time: 0 seconds. Elapsed time: 0.051 seconds; current allocated memory: 1.457 GB.
INFO: [HLS 200-10] Starting hardware synthesis ...
INFO: [HLS 200-10] Synthesizing 'fir' ...
INFO: [HLS 200-10] ----------------------------------------------------------------
INFO: [HLS 200-42] -- Implementing module 'fir_Pipeline_Time_delay_loop' 
INFO: [HLS 200-10] ----------------------------------------------------------------
INFO: [SCHED 204-11] Starting scheduling ...
INFO: [SCHED 204-61] Pipelining loop 'Time_delay_loop'.
INFO: [HLS 200-1470] Pipelining result : Target II = 1, Final II = 1, Depth = 2, loop 'Time_delay_loop'
INFO: [SCHED 204-11] Finished scheduling.
INFO: [HLS 200-111] Finished Scheduling: CPU user time: 0 seconds. CPU system time: 0 seconds. Elapsed time: 0.182 seconds; current allocated memory: 1.457 GB.
INFO: [BIND 205-100] Starting micro-architecture generation ...
INFO: [BIND 205-101] Performing variable lifetime analysis.
INFO: [BIND 205-101] Exploring resource sharing.
INFO: [BIND 205-101] Binding ...
INFO: [BIND 205-100] Finished micro-architecture generation.
INFO: [HLS 200-111] Finished Binding: CPU user time: 0 seconds. CPU system time: 0 seconds. Elapsed time: 0.035 seconds; current allocated memory: 1.457 GB.
INFO: [HLS 200-10] ----------------------------------------------------------------
INFO: [HLS 200-42] -- Implementing module 'fir_Pipeline_MAC' 
INFO: [HLS 200-10] ----------------------------------------------------------------
INFO: [SCHED 204-11] Starting scheduling ...
INFO: [HLS 200-486] Changing DSP latency (root=mul_ln36) to 3 in order to utilize available DSP registers.
INFO: [SCHED 204-61] Pipelining loop 'MAC'.
INFO: [HLS 200-1470] Pipelining result : Target II = 1, Final II = 1, Depth = 5, loop 'MAC'
INFO: [SCHED 204-11] Finished scheduling.
INFO: [HLS 200-111] Finished Scheduling: CPU user time: 0 seconds. CPU system time: 0 seconds. Elapsed time: 0.053 seconds; current allocated memory: 1.457 GB.
INFO: [BIND 205-100] Starting micro-architecture generation ...
INFO: [BIND 205-101] Performing variable lifetime analysis.
INFO: [BIND 205-101] Exploring resource sharing.
INFO: [BIND 205-101] Binding ...
INFO: [BIND 205-100] Finished micro-architecture generation.
INFO: [HLS 200-111] Finished Binding: CPU user time: 0 seconds. CPU system time: 0 seconds. Elapsed time: 0.042 seconds; current allocated memory: 1.457 GB.
INFO: [HLS 200-10] ----------------------------------------------------------------
INFO: [HLS 200-42] -- Implementing module 'fir' 
INFO: [HLS 200-10] ----------------------------------------------------------------
INFO: [SCHED 204-11] Starting scheduling ...
INFO: [SCHED 204-11] Finished scheduling.
INFO: [HLS 200-111] Finished Scheduling: CPU user time: 0 seconds. CPU system time: 0 seconds. Elapsed time: 0.043 seconds; current allocated memory: 1.457 GB.
INFO: [BIND 205-100] Starting micro-architecture generation ...
INFO: [BIND 205-101] Performing variable lifetime analysis.
INFO: [BIND 205-101] Exploring resource sharing.
INFO: [BIND 205-101] Binding ...
INFO: [BIND 205-100] Finished micro-architecture generation.
INFO: [HLS 200-111] Finished Binding: CPU user time: 0 seconds. CPU system time: 0 seconds. Elapsed time: 0.043 seconds; current allocated memory: 1.457 GB.
INFO: [HLS 200-10] ----------------------------------------------------------------
INFO: [HLS 200-10] -- Generating RTL for module 'fir_Pipeline_Time_delay_loop' 
INFO: [HLS 200-10] ----------------------------------------------------------------
INFO: [HLS 200-1030] Apply Unified Pipeline Control on module 'fir_Pipeline_Time_delay_loop' pipeline 'Time_delay_loop' pipeline type 'loop pipeline'
INFO: [RTGEN 206-100] Finished creating RTL model for 'fir_Pipeline_Time_delay_loop'.
INFO: [HLS 200-111] Finished Creating RTL model: CPU user time: 0 seconds. CPU system time: 0 seconds. Elapsed time: 0.039 seconds; current allocated memory: 1.457 GB.
INFO: [HLS 200-10] ----------------------------------------------------------------
INFO: [HLS 200-10] -- Generating RTL for module 'fir_Pipeline_MAC' 
INFO: [HLS 200-10] ----------------------------------------------------------------
INFO: [HLS 200-1030] Apply Unified Pipeline Control on module 'fir_Pipeline_MAC' pipeline 'MAC' pipeline type 'loop pipeline'
INFO: [RTGEN 206-100] Generating core module 'mac_muladd_5s_8s_19s_19_4_1': 1 instance(s).
INFO: [RTGEN 206-100] Finished creating RTL model for 'fir_Pipeline_MAC'.
INFO: [HLS 200-111] Finished Creating RTL model: CPU user time: 0 seconds. CPU system time: 0 seconds. Elapsed time: 0.066 seconds; current allocated memory: 1.457 GB.
INFO: [HLS 200-10] ----------------------------------------------------------------
INFO: [HLS 200-10] -- Generating RTL for module 'fir' 
INFO: [HLS 200-10] ----------------------------------------------------------------
INFO: [RTGEN 206-500] Setting interface mode on port 'fir/y' to 'ap_vld'.
INFO: [RTGEN 206-500] Setting interface mode on port 'fir/x' to 'ap_none'.
INFO: [RTGEN 206-500] Setting interface mode on function 'fir' to 'ap_ctrl_hs'.
WARNING: [RTGEN 206-101] Global array 'fir_int_int_c' will not be exposed as RTL port.
INFO: [RTGEN 206-100] Finished creating RTL model for 'fir'.
INFO: [HLS 200-111] Finished Creating RTL model: CPU user time: 0 seconds. CPU system time: 0 seconds. Elapsed time: 0.089 seconds; current allocated memory: 1.457 GB.
INFO: [RTMG 210-279] Implementing memory 'fir_fir_Pipeline_MAC_fir_int_int_c_ROM_AUTO_1R' using auto ROMs.
INFO: [RTMG 210-278] Implementing memory 'fir_shift_reg_V_RAM_AUTO_1R1W_ram (RAM)' using auto RAMs with power-on initialization.
INFO: [HLS 200-111] Finished Generating all RTL models: CPU user time: 0 seconds. CPU system time: 0 seconds. Elapsed time: 0.484 seconds; current allocated memory: 1.457 GB.
INFO: [HLS 200-111] Finished Updating report files: CPU user time: 0 seconds. CPU system time: 0 seconds. Elapsed time: 0.239 seconds; current allocated memory: 1.457 GB.
INFO: [VHDL 208-304] Generating VHDL RTL for fir.
INFO: [VLOG 209-307] Generating Verilog RTL for fir.
INFO: [HLS 200-790] **** Loop Constraint Status: All loop constraints were satisfied.
INFO: [HLS 200-789] **** Estimated Fmax: 153.66 MHz
INFO: [HLS 200-111] Finished Command csynth_design CPU user time: 0 seconds. CPU system time: 0 seconds. Elapsed time: 8.418 seconds; current allocated memory: 0.000 MB.
INFO: [HLS 200-112] Total CPU user time: 3 seconds. Total CPU system time: 1 seconds. Total elapsed time: 11.115 seconds; peak allocated memory: 1.457 GB.
==============================================================
Vitis HLS - High-Level Synthesis from C, C++ and OpenCL v2022.1 (64-bit)
Tool Version Limit: 2022.04
Copyright 1986-2022 Xilinx, Inc. All Rights Reserved.
==============================================================
INFO: [SYN 201-201] Setting up clock 'default' with a period of 10ns.
INFO: [HLS 200-1611] Setting target device to 'xc7z020-clg400-1'
INFO: [HLS 200-1505] Using flow_target 'vivado'
INFO: [HLS 200-1510] Running: set_part xc7z020-clg400-1 
INFO: [HLS 200-1510] Running: create_clock -period 10 -name default 
INFO: [HLS 200-1510] Running: source ./fir128_Q4/solution2/directives.tcl
INFO: [HLS 200-1510] Running: set_directive_top -name fir fir 
INFO: [HLS 200-1510] Running: set_directive_pipeline -II 1 fir/MAC 
INFO: [HLS 200-1510] Running: set_directive_pipeline -II 1 fir/Time_delay_loop 
INFO: [HLS 200-1510] Running: csynth_design 
WARNING: [HLS 200-40] Skipped source file 'input.dat'. Source files must have extensions .c, .C, .cc, .cpp, .c++, .cp, or .cxx.
WARNING: [HLS 200-40] Skipped source file 'out.gold.dat'. Source files must have extensions .c, .C, .cc, .cpp, .c++, .cp, or .cxx.
INFO: [HLS 200-111] Finished File checks and directory preparation: CPU user time: 0 seconds. CPU system time: 0 seconds. Elapsed time: 0.013 seconds; current allocated memory: 1.403 GB.
INFO: [HLS 200-10] Analyzing design file 'fir128_Q4/fir.cpp' ... 
INFO: [HLS 200-111] Finished Source Code Analysis and Preprocessing: CPU user time: 0 seconds. CPU system time: 0 seconds. Elapsed time: 5.749 seconds; current allocated memory: 1.403 GB.
INFO: [HLS 200-777] Using interface defaults for 'Vivado' flow target.
INFO: [HLS 214-131] Inlining function 'ssdm_int<8, true>::ssdm_int(signed char)' into 'ap_int_base<8, true>::ap_int_base(int)' (D:/Xilinx/Vitis_HLS/2022.1/common/technology/autopilot\ap_int_base.h:260:67)
INFO: [HLS 214-131] Inlining function 'ap_int_base<8, true>::ap_int_base(int)' into 'ap_int<8>::ap_int(int)' (D:/Xilinx/Vitis_HLS/2022.1/common/technology/autopilot\ap_int.h:179:57)
INFO: [HLS 214-131] Inlining function 'ssdm_int<32, true>::ssdm_int(int)' into 'ap_int_base<32, true>::ap_int_base(int)' (D:/Xilinx/Vitis_HLS/2022.1/common/technology/autopilot\ap_int_base.h:260:67)
INFO: [HLS 214-131] Inlining function '_ZN8ssdm_intILi40ELb1EEC2EDq40_i' into 'ap_int_base<40, true>::ap_int_base<8, true>(ap_int_base<8, true> const&)' (D:/Xilinx/Vitis_HLS/2022.1/common/technology/autopilot\ap_int_base.h:231:106)
INFO: [HLS 214-131] Inlining function '_ZN8ssdm_intILi40ELb1EEC2EDq40_i' into 'ap_int_base<40, true>::ap_int_base<32, true>(ap_int_base<32, true> const&)' (D:/Xilinx/Vitis_HLS/2022.1/common/technology/autopilot\ap_int_base.h:231:106)
INFO: [HLS 214-131] Inlining function '_ZN8ssdm_intILi40ELb1EEC2EDq40_i' into 'ap_int_base<40, true>::ap_int_base(int)' (D:/Xilinx/Vitis_HLS/2022.1/common/technology/autopilot\ap_int_base.h:260:67)
INFO: [HLS 214-131] Inlining function 'ap_int_base<40, true>::ap_int_base<8, true>(ap_int_base<8, true> const&)' into 'ap_int_base<8, true>::RType<32, true>::mult operator*<8, true, 32, true>(ap_int_base<8, true> const&, ap_int_base<32, true> const&)' (D:/Xilinx/Vitis_HLS/2022.1/common/technology/autopilot\ap_int_base.h:1540:339)
INFO: [HLS 214-131] Inlining function 'ap_int<40>::ap_int<40, true>(ap_int_base<40, true> const&)' into 'ap_int_base<8, true>::RType<32, true>::mult operator*<8, true, 32, true>(ap_int_base<8, true> const&, ap_int_base<32, true> const&)' (D:/Xilinx/Vitis_HLS/2022.1/common/technology/autopilot\ap_int_base.h:1540:554)
INFO: [HLS 214-131] Inlining function 'ap_int_base<40, true>::ap_int_base(int)' into 'ap_int_base<8, true>::RType<32, true>::mult operator*<8, true, 32, true>(ap_int_base<8, true> const&, ap_int_base<32, true> const&)' (D:/Xilinx/Vitis_HLS/2022.1/common/technology/autopilot\ap_int_base.h:1540:516)
INFO: [HLS 214-131] Inlining function 'ap_int_base<40, true>::ap_int_base<32, true>(ap_int_base<32, true> const&)' into 'ap_int_base<8, true>::RType<32, true>::mult operator*<8, true, 32, true>(ap_int_base<8, true> const&, ap_int_base<32, true> const&)' (D:/Xilinx/Vitis_HLS/2022.1/common/technology/autopilot\ap_int_base.h:1540:427)
INFO: [HLS 214-131] Inlining function 'ap_int_base<32, true>::ap_int_base(int)' into 'ap_int_base<8, true>::RType<($_0)32, true>::mult operator*<8, true>(ap_int_base<8, true> const&, int)' (D:/Xilinx/Vitis_HLS/2022.1/common/technology/autopilot\ap_int_base.h:1679:483)
INFO: [HLS 214-131] Inlining function 'ap_int_base<8, true>::RType<32, true>::mult operator*<8, true, 32, true>(ap_int_base<8, true> const&, ap_int_base<32, true> const&)' into 'ap_int_base<8, true>::RType<($_0)32, true>::mult operator*<8, true>(ap_int_base<8, true> const&, int)' (D:/Xilinx/Vitis_HLS/2022.1/common/technology/autopilot\ap_int_base.h:1679:481)
INFO: [HLS 214-131] Inlining function 'ap_int<8>::ap_int(int)' into 'fir(int*, int)' (fir128_Q4/fir.cpp:31:18)
INFO: [HLS 214-131] Inlining function 'ap_int_base<40, true>::operator long long() const' into 'fir(int*, int)' (fir128_Q4/fir.cpp:36:10)
INFO: [HLS 214-131] Inlining function 'ap_int_base<8, true>::RType<($_0)32, true>::mult operator*<8, true>(ap_int_base<8, true> const&, int)' into 'fir(int*, int)' (fir128_Q4/fir.cpp:36:23)
WARNING: [HLS 214-167] The program may have out of bound array access (fir128_Q4/fir.cpp:29:17)
INFO: [HLS 200-111] Finished Compiling Optimization and Transform: CPU user time: 0 seconds. CPU system time: 0 seconds. Elapsed time: 4.936 seconds; current allocated memory: 1.403 GB.
INFO: [HLS 200-111] Finished Checking Pragmas: CPU user time: 0 seconds. CPU system time: 0 seconds. Elapsed time: 0.003 seconds; current allocated memory: 1.403 GB.
INFO: [HLS 200-10] Starting code transformations ...
INFO: [HLS 200-111] Finished Standard Transforms: CPU user time: 0 seconds. CPU system time: 0 seconds. Elapsed time: 0.078 seconds; current allocated memory: 1.403 GB.
INFO: [HLS 200-10] Checking synthesizability ...
INFO: [HLS 200-111] Finished Checking Synthesizability: CPU user time: 0 seconds. CPU system time: 0 seconds. Elapsed time: 0.075 seconds; current allocated memory: 1.403 GB.
INFO: [HLS 200-111] Finished Loop, function and other optimizations: CPU user time: 0 seconds. CPU system time: 0 seconds. Elapsed time: 0.111 seconds; current allocated memory: 1.403 GB.
INFO: [HLS 200-472] Inferring partial write operation for 'shift_reg.V' (fir128_Q4/fir.cpp:29:17)
INFO: [HLS 200-472] Inferring partial write operation for 'shift_reg.V' (fir128_Q4/fir.cpp:31:16)
INFO: [HLS 200-111] Finished Architecture Synthesis: CPU user time: 0 seconds. CPU system time: 0 seconds. Elapsed time: 0.079 seconds; current allocated memory: 1.403 GB.
INFO: [HLS 200-10] Starting hardware synthesis ...
INFO: [HLS 200-10] Synthesizing 'fir' ...
INFO: [HLS 200-10] ----------------------------------------------------------------
INFO: [HLS 200-42] -- Implementing module 'fir_Pipeline_Time_delay_loop' 
INFO: [HLS 200-10] ----------------------------------------------------------------
INFO: [SCHED 204-11] Starting scheduling ...
INFO: [SCHED 204-61] Pipelining loop 'Time_delay_loop'.
INFO: [HLS 200-1470] Pipelining result : Target II = 1, Final II = 1, Depth = 2, loop 'Time_delay_loop'
INFO: [SCHED 204-11] Finished scheduling.
INFO: [HLS 200-111] Finished Scheduling: CPU user time: 0 seconds. CPU system time: 0 seconds. Elapsed time: 0.13 seconds; current allocated memory: 1.403 GB.
INFO: [BIND 205-100] Starting micro-architecture generation ...
INFO: [BIND 205-101] Performing variable lifetime analysis.
INFO: [BIND 205-101] Exploring resource sharing.
INFO: [BIND 205-101] Binding ...
INFO: [BIND 205-100] Finished micro-architecture generation.
INFO: [HLS 200-111] Finished Binding: CPU user time: 0 seconds. CPU system time: 0 seconds. Elapsed time: 0.047 seconds; current allocated memory: 1.403 GB.
INFO: [HLS 200-10] ----------------------------------------------------------------
INFO: [HLS 200-42] -- Implementing module 'fir_Pipeline_MAC' 
INFO: [HLS 200-10] ----------------------------------------------------------------
INFO: [SCHED 204-11] Starting scheduling ...
INFO: [HLS 200-486] Changing DSP latency (root=mul_ln36) to 3 in order to utilize available DSP registers.
INFO: [SCHED 204-61] Pipelining loop 'MAC'.
INFO: [HLS 200-1470] Pipelining result : Target II = 1, Final II = 1, Depth = 5, loop 'MAC'
INFO: [SCHED 204-11] Finished scheduling.
INFO: [HLS 200-111] Finished Scheduling: CPU user time: 0 seconds. CPU system time: 0 seconds. Elapsed time: 0.099 seconds; current allocated memory: 1.403 GB.
INFO: [BIND 205-100] Starting micro-architecture generation ...
INFO: [BIND 205-101] Performing variable lifetime analysis.
INFO: [BIND 205-101] Exploring resource sharing.
INFO: [BIND 205-101] Binding ...
INFO: [BIND 205-100] Finished micro-architecture generation.
INFO: [HLS 200-111] Finished Binding: CPU user time: 0 seconds. CPU system time: 0 seconds. Elapsed time: 0.072 seconds; current allocated memory: 1.403 GB.
INFO: [HLS 200-10] ----------------------------------------------------------------
INFO: [HLS 200-42] -- Implementing module 'fir' 
INFO: [HLS 200-10] ----------------------------------------------------------------
INFO: [SCHED 204-11] Starting scheduling ...
INFO: [SCHED 204-11] Finished scheduling.
INFO: [HLS 200-111] Finished Scheduling: CPU user time: 0 seconds. CPU system time: 0 seconds. Elapsed time: 0.063 seconds; current allocated memory: 1.403 GB.
INFO: [BIND 205-100] Starting micro-architecture generation ...
INFO: [BIND 205-101] Performing variable lifetime analysis.
INFO: [BIND 205-101] Exploring resource sharing.
INFO: [BIND 205-101] Binding ...
INFO: [BIND 205-100] Finished micro-architecture generation.
INFO: [HLS 200-111] Finished Binding: CPU user time: 0 seconds. CPU system time: 0 seconds. Elapsed time: 0.053 seconds; current allocated memory: 1.403 GB.
INFO: [HLS 200-10] ----------------------------------------------------------------
INFO: [HLS 200-10] -- Generating RTL for module 'fir_Pipeline_Time_delay_loop' 
INFO: [HLS 200-10] ----------------------------------------------------------------
INFO: [HLS 200-1030] Apply Unified Pipeline Control on module 'fir_Pipeline_Time_delay_loop' pipeline 'Time_delay_loop' pipeline type 'loop pipeline'
INFO: [RTGEN 206-100] Finished creating RTL model for 'fir_Pipeline_Time_delay_loop'.
INFO: [HLS 200-111] Finished Creating RTL model: CPU user time: 0 seconds. CPU system time: 0 seconds. Elapsed time: 0.057 seconds; current allocated memory: 1.403 GB.
INFO: [HLS 200-10] ----------------------------------------------------------------
INFO: [HLS 200-10] -- Generating RTL for module 'fir_Pipeline_MAC' 
INFO: [HLS 200-10] ----------------------------------------------------------------
INFO: [HLS 200-1030] Apply Unified Pipeline Control on module 'fir_Pipeline_MAC' pipeline 'MAC' pipeline type 'loop pipeline'
INFO: [RTGEN 206-100] Generating core module 'mac_muladd_5s_8s_19s_19_4_1': 1 instance(s).
INFO: [RTGEN 206-100] Finished creating RTL model for 'fir_Pipeline_MAC'.
INFO: [HLS 200-111] Finished Creating RTL model: CPU user time: 0 seconds. CPU system time: 0 seconds. Elapsed time: 0.41 seconds; current allocated memory: 1.403 GB.
INFO: [HLS 200-10] ----------------------------------------------------------------
INFO: [HLS 200-10] -- Generating RTL for module 'fir' 
INFO: [HLS 200-10] ----------------------------------------------------------------
INFO: [RTGEN 206-500] Setting interface mode on port 'fir/y' to 'ap_vld'.
INFO: [RTGEN 206-500] Setting interface mode on port 'fir/x' to 'ap_none'.
INFO: [RTGEN 206-500] Setting interface mode on function 'fir' to 'ap_ctrl_hs'.
WARNING: [RTGEN 206-101] Global array 'fir_int_int_c' will not be exposed as RTL port.
INFO: [RTGEN 206-100] Finished creating RTL model for 'fir'.
INFO: [HLS 200-111] Finished Creating RTL model: CPU user time: 0 seconds. CPU system time: 0 seconds. Elapsed time: 0.161 seconds; current allocated memory: 1.403 GB.
INFO: [RTMG 210-279] Implementing memory 'fir_fir_Pipeline_MAC_fir_int_int_c_ROM_AUTO_1R' using auto ROMs.
INFO: [RTMG 210-278] Implementing memory 'fir_shift_reg_V_RAM_AUTO_1R1W_ram (RAM)' using auto RAMs with power-on initialization.
INFO: [HLS 200-111] Finished Generating all RTL models: CPU user time: 0 seconds. CPU system time: 0 seconds. Elapsed time: 0.667 seconds; current allocated memory: 1.403 GB.
INFO: [HLS 200-111] Finished Updating report files: CPU user time: 0 seconds. CPU system time: 0 seconds. Elapsed time: 0.308 seconds; current allocated memory: 1.403 GB.
INFO: [VHDL 208-304] Generating VHDL RTL for fir.
INFO: [VLOG 209-307] Generating Verilog RTL for fir.
INFO: [HLS 200-790] **** Loop Constraint Status: All loop constraints were satisfied.
INFO: [HLS 200-789] **** Estimated Fmax: 153.66 MHz
INFO: [HLS 200-111] Finished Command csynth_design CPU user time: 0 seconds. CPU system time: 0 seconds. Elapsed time: 13.208 seconds; current allocated memory: 0.000 MB.
INFO: [HLS 200-112] Total CPU user time: 4 seconds. Total CPU system time: 1 seconds. Total elapsed time: 16.304 seconds; peak allocated memory: 1.403 GB.
==============================================================
Vitis HLS - High-Level Synthesis from C, C++ and OpenCL v2022.1 (64-bit)
Tool Version Limit: 2022.04
Copyright 1986-2022 Xilinx, Inc. All Rights Reserved.
==============================================================
INFO: [SYN 201-201] Setting up clock 'default' with a period of 10ns.
INFO: [HLS 200-1611] Setting target device to 'xc7z020-clg400-1'
INFO: [HLS 200-1505] Using flow_target 'vivado'
INFO: [HLS 200-1510] Running: set_part xc7z020-clg400-1 
INFO: [HLS 200-1510] Running: create_clock -period 10 -name default 
INFO: [HLS 200-1510] Running: source ./fir128_Q4/solution2/directives.tcl
INFO: [HLS 200-1510] Running: set_directive_top -name fir fir 
INFO: [HLS 200-1510] Running: set_directive_pipeline fir/Time_delay_loop 
INFO: [HLS 200-1510] Running: csim_design -quiet 
INFO: [SIM 211-2] *************** CSIM start ***************
INFO: [SIM 211-4] CSIM will launch GCC as the compiler.
INFO: [SIM 211-1] CSim done with 0 errors.
INFO: [SIM 211-3] *************** CSIM finish ***************
INFO: [HLS 200-111] Finished Command csim_design CPU user time: 0 seconds. CPU system time: 0 seconds. Elapsed time: 3.411 seconds; current allocated memory: 0.000 MB.
INFO: [HLS 200-112] Total CPU user time: 3 seconds. Total CPU system time: 1 seconds. Total elapsed time: 6.75 seconds; peak allocated memory: 1.384 GB.
==============================================================
Vitis HLS - High-Level Synthesis from C, C++ and OpenCL v2022.1 (64-bit)
Tool Version Limit: 2022.04
Copyright 1986-2022 Xilinx, Inc. All Rights Reserved.
==============================================================
INFO: [SYN 201-201] Setting up clock 'default' with a period of 10ns.
INFO: [HLS 200-1611] Setting target device to 'xc7z020-clg400-1'
INFO: [HLS 200-1505] Using flow_target 'vivado'
INFO: [HLS 200-1510] Running: set_part xc7z020-clg400-1 
INFO: [HLS 200-1510] Running: create_clock -period 10 -name default 
INFO: [HLS 200-1510] Running: source ./fir128_Q4/solution2/directives.tcl
INFO: [HLS 200-1510] Running: set_directive_top -name fir fir 
INFO: [HLS 200-1510] Running: set_directive_pipeline fir/Time_delay_loop 
INFO: [HLS 200-1510] Running: csynth_design 
WARNING: [HLS 200-40] Skipped source file 'out.gold.dat'. Source files must have extensions .c, .C, .cc, .cpp, .c++, .cp, or .cxx.
WARNING: [HLS 200-40] Skipped source file 'input.dat'. Source files must have extensions .c, .C, .cc, .cpp, .c++, .cp, or .cxx.
INFO: [HLS 200-111] Finished File checks and directory preparation: CPU user time: 0 seconds. CPU system time: 0 seconds. Elapsed time: 0.015 seconds; current allocated memory: 1.392 GB.
INFO: [HLS 200-10] Analyzing design file 'fir128_Q4/fir.cpp' ... 
INFO: [HLS 200-111] Finished Source Code Analysis and Preprocessing: CPU user time: 0 seconds. CPU system time: 0 seconds. Elapsed time: 4.402 seconds; current allocated memory: 1.392 GB.
INFO: [HLS 200-777] Using interface defaults for 'Vivado' flow target.
INFO: [HLS 214-131] Inlining function 'ssdm_int<8, true>::ssdm_int(signed char)' into 'ap_int_base<8, true>::ap_int_base(int)' (D:/Xilinx/Vitis_HLS/2022.1/common/technology/autopilot\ap_int_base.h:260:67)
INFO: [HLS 214-131] Inlining function 'ap_int_base<8, true>::ap_int_base(int)' into 'ap_int<8>::ap_int(int)' (D:/Xilinx/Vitis_HLS/2022.1/common/technology/autopilot\ap_int.h:179:57)
INFO: [HLS 214-131] Inlining function 'ssdm_int<32, true>::ssdm_int(int)' into 'ap_int_base<32, true>::ap_int_base(int)' (D:/Xilinx/Vitis_HLS/2022.1/common/technology/autopilot\ap_int_base.h:260:67)
INFO: [HLS 214-131] Inlining function '_ZN8ssdm_intILi40ELb1EEC2EDq40_i' into 'ap_int_base<40, true>::ap_int_base<8, true>(ap_int_base<8, true> const&)' (D:/Xilinx/Vitis_HLS/2022.1/common/technology/autopilot\ap_int_base.h:231:106)
INFO: [HLS 214-131] Inlining function '_ZN8ssdm_intILi40ELb1EEC2EDq40_i' into 'ap_int_base<40, true>::ap_int_base<32, true>(ap_int_base<32, true> const&)' (D:/Xilinx/Vitis_HLS/2022.1/common/technology/autopilot\ap_int_base.h:231:106)
INFO: [HLS 214-131] Inlining function '_ZN8ssdm_intILi40ELb1EEC2EDq40_i' into 'ap_int_base<40, true>::ap_int_base(int)' (D:/Xilinx/Vitis_HLS/2022.1/common/technology/autopilot\ap_int_base.h:260:67)
INFO: [HLS 214-131] Inlining function 'ap_int_base<40, true>::ap_int_base<8, true>(ap_int_base<8, true> const&)' into 'ap_int_base<8, true>::RType<32, true>::mult operator*<8, true, 32, true>(ap_int_base<8, true> const&, ap_int_base<32, true> const&)' (D:/Xilinx/Vitis_HLS/2022.1/common/technology/autopilot\ap_int_base.h:1540:339)
INFO: [HLS 214-131] Inlining function 'ap_int<40>::ap_int<40, true>(ap_int_base<40, true> const&)' into 'ap_int_base<8, true>::RType<32, true>::mult operator*<8, true, 32, true>(ap_int_base<8, true> const&, ap_int_base<32, true> const&)' (D:/Xilinx/Vitis_HLS/2022.1/common/technology/autopilot\ap_int_base.h:1540:554)
INFO: [HLS 214-131] Inlining function 'ap_int_base<40, true>::ap_int_base(int)' into 'ap_int_base<8, true>::RType<32, true>::mult operator*<8, true, 32, true>(ap_int_base<8, true> const&, ap_int_base<32, true> const&)' (D:/Xilinx/Vitis_HLS/2022.1/common/technology/autopilot\ap_int_base.h:1540:516)
INFO: [HLS 214-131] Inlining function 'ap_int_base<40, true>::ap_int_base<32, true>(ap_int_base<32, true> const&)' into 'ap_int_base<8, true>::RType<32, true>::mult operator*<8, true, 32, true>(ap_int_base<8, true> const&, ap_int_base<32, true> const&)' (D:/Xilinx/Vitis_HLS/2022.1/common/technology/autopilot\ap_int_base.h:1540:427)
INFO: [HLS 214-131] Inlining function 'ap_int_base<32, true>::ap_int_base(int)' into 'ap_int_base<8, true>::RType<($_0)32, true>::mult operator*<8, true>(ap_int_base<8, true> const&, int)' (D:/Xilinx/Vitis_HLS/2022.1/common/technology/autopilot\ap_int_base.h:1679:483)
INFO: [HLS 214-131] Inlining function 'ap_int_base<8, true>::RType<32, true>::mult operator*<8, true, 32, true>(ap_int_base<8, true> const&, ap_int_base<32, true> const&)' into 'ap_int_base<8, true>::RType<($_0)32, true>::mult operator*<8, true>(ap_int_base<8, true> const&, int)' (D:/Xilinx/Vitis_HLS/2022.1/common/technology/autopilot\ap_int_base.h:1679:481)
INFO: [HLS 214-131] Inlining function 'ap_int<8>::ap_int(int)' into 'fir(int*, int)' (fir128_Q4/fir.cpp:31:18)
INFO: [HLS 214-131] Inlining function 'ap_int_base<40, true>::operator long long() const' into 'fir(int*, int)' (fir128_Q4/fir.cpp:36:10)
INFO: [HLS 214-131] Inlining function 'ap_int_base<8, true>::RType<($_0)32, true>::mult operator*<8, true>(ap_int_base<8, true> const&, int)' into 'fir(int*, int)' (fir128_Q4/fir.cpp:36:23)
WARNING: [HLS 214-167] The program may have out of bound array access (fir128_Q4/fir.cpp:29:17)
INFO: [HLS 200-111] Finished Compiling Optimization and Transform: CPU user time: 0 seconds. CPU system time: 0 seconds. Elapsed time: 4.073 seconds; current allocated memory: 1.392 GB.
INFO: [HLS 200-111] Finished Checking Pragmas: CPU user time: 0 seconds. CPU system time: 0 seconds. Elapsed time: 0.001 seconds; current allocated memory: 1.392 GB.
INFO: [HLS 200-10] Starting code transformations ...
INFO: [HLS 200-111] Finished Standard Transforms: CPU user time: 0 seconds. CPU system time: 0 seconds. Elapsed time: 0.062 seconds; current allocated memory: 1.392 GB.
INFO: [HLS 200-10] Checking synthesizability ...
INFO: [HLS 200-111] Finished Checking Synthesizability: CPU user time: 0 seconds. CPU system time: 0 seconds. Elapsed time: 0.064 seconds; current allocated memory: 1.392 GB.
INFO: [XFORM 203-510] Pipelining loop 'MAC' (fir128_Q4/fir.cpp:24) in function 'fir' automatically.
INFO: [HLS 200-111] Finished Loop, function and other optimizations: CPU user time: 0 seconds. CPU system time: 0 seconds. Elapsed time: 0.093 seconds; current allocated memory: 1.392 GB.
INFO: [HLS 200-472] Inferring partial write operation for 'shift_reg.V' (fir128_Q4/fir.cpp:29:17)
INFO: [HLS 200-472] Inferring partial write operation for 'shift_reg.V' (fir128_Q4/fir.cpp:31:16)
INFO: [HLS 200-111] Finished Architecture Synthesis: CPU user time: 0 seconds. CPU system time: 0 seconds. Elapsed time: 0.066 seconds; current allocated memory: 1.392 GB.
INFO: [HLS 200-10] Starting hardware synthesis ...
INFO: [HLS 200-10] Synthesizing 'fir' ...
INFO: [HLS 200-10] ----------------------------------------------------------------
INFO: [HLS 200-42] -- Implementing module 'fir_Pipeline_Time_delay_loop' 
INFO: [HLS 200-10] ----------------------------------------------------------------
INFO: [SCHED 204-11] Starting scheduling ...
INFO: [SCHED 204-61] Pipelining loop 'Time_delay_loop'.
INFO: [HLS 200-1470] Pipelining result : Target II = NA, Final II = 1, Depth = 2, loop 'Time_delay_loop'
INFO: [SCHED 204-11] Finished scheduling.
INFO: [HLS 200-111] Finished Scheduling: CPU user time: 0 seconds. CPU system time: 0 seconds. Elapsed time: 0.313 seconds; current allocated memory: 1.392 GB.
INFO: [BIND 205-100] Starting micro-architecture generation ...
INFO: [BIND 205-101] Performing variable lifetime analysis.
INFO: [BIND 205-101] Exploring resource sharing.
INFO: [BIND 205-101] Binding ...
INFO: [BIND 205-100] Finished micro-architecture generation.
INFO: [HLS 200-111] Finished Binding: CPU user time: 0 seconds. CPU system time: 0 seconds. Elapsed time: 0.037 seconds; current allocated memory: 1.392 GB.
INFO: [HLS 200-10] ----------------------------------------------------------------
INFO: [HLS 200-42] -- Implementing module 'fir_Pipeline_MAC' 
INFO: [HLS 200-10] ----------------------------------------------------------------
INFO: [SCHED 204-11] Starting scheduling ...
INFO: [HLS 200-486] Changing DSP latency (root=mul_ln36) to 3 in order to utilize available DSP registers.
INFO: [SCHED 204-61] Pipelining loop 'MAC'.
INFO: [HLS 200-1470] Pipelining result : Target II = NA, Final II = 1, Depth = 5, loop 'MAC'
INFO: [SCHED 204-11] Finished scheduling.
INFO: [HLS 200-111] Finished Scheduling: CPU user time: 0 seconds. CPU system time: 0 seconds. Elapsed time: 0.066 seconds; current allocated memory: 1.392 GB.
INFO: [BIND 205-100] Starting micro-architecture generation ...
INFO: [BIND 205-101] Performing variable lifetime analysis.
INFO: [BIND 205-101] Exploring resource sharing.
INFO: [BIND 205-101] Binding ...
INFO: [BIND 205-100] Finished micro-architecture generation.
INFO: [HLS 200-111] Finished Binding: CPU user time: 0 seconds. CPU system time: 0 seconds. Elapsed time: 0.084 seconds; current allocated memory: 1.392 GB.
INFO: [HLS 200-10] ----------------------------------------------------------------
INFO: [HLS 200-42] -- Implementing module 'fir' 
INFO: [HLS 200-10] ----------------------------------------------------------------
INFO: [SCHED 204-11] Starting scheduling ...
INFO: [SCHED 204-11] Finished scheduling.
INFO: [HLS 200-111] Finished Scheduling: CPU user time: 0 seconds. CPU system time: 0 seconds. Elapsed time: 0.053 seconds; current allocated memory: 1.392 GB.
INFO: [BIND 205-100] Starting micro-architecture generation ...
INFO: [BIND 205-101] Performing variable lifetime analysis.
INFO: [BIND 205-101] Exploring resource sharing.
INFO: [BIND 205-101] Binding ...
INFO: [BIND 205-100] Finished micro-architecture generation.
INFO: [HLS 200-111] Finished Binding: CPU user time: 0 seconds. CPU system time: 0 seconds. Elapsed time: 0.053 seconds; current allocated memory: 1.392 GB.
INFO: [HLS 200-10] ----------------------------------------------------------------
INFO: [HLS 200-10] -- Generating RTL for module 'fir_Pipeline_Time_delay_loop' 
INFO: [HLS 200-10] ----------------------------------------------------------------
INFO: [HLS 200-1030] Apply Unified Pipeline Control on module 'fir_Pipeline_Time_delay_loop' pipeline 'Time_delay_loop' pipeline type 'loop pipeline'
INFO: [RTGEN 206-100] Finished creating RTL model for 'fir_Pipeline_Time_delay_loop'.
INFO: [HLS 200-111] Finished Creating RTL model: CPU user time: 0 seconds. CPU system time: 0 seconds. Elapsed time: 0.048 seconds; current allocated memory: 1.392 GB.
INFO: [HLS 200-10] ----------------------------------------------------------------
INFO: [HLS 200-10] -- Generating RTL for module 'fir_Pipeline_MAC' 
INFO: [HLS 200-10] ----------------------------------------------------------------
INFO: [HLS 200-1030] Apply Unified Pipeline Control on module 'fir_Pipeline_MAC' pipeline 'MAC' pipeline type 'loop pipeline'
INFO: [RTGEN 206-100] Generating core module 'mac_muladd_5s_8s_19s_19_4_1': 1 instance(s).
INFO: [RTGEN 206-100] Finished creating RTL model for 'fir_Pipeline_MAC'.
INFO: [HLS 200-111] Finished Creating RTL model: CPU user time: 0 seconds. CPU system time: 0 seconds. Elapsed time: 0.083 seconds; current allocated memory: 1.392 GB.
INFO: [HLS 200-10] ----------------------------------------------------------------
INFO: [HLS 200-10] -- Generating RTL for module 'fir' 
INFO: [HLS 200-10] ----------------------------------------------------------------
INFO: [RTGEN 206-500] Setting interface mode on port 'fir/y' to 'ap_vld'.
INFO: [RTGEN 206-500] Setting interface mode on port 'fir/x' to 'ap_none'.
INFO: [RTGEN 206-500] Setting interface mode on function 'fir' to 'ap_ctrl_hs'.
WARNING: [RTGEN 206-101] Global array 'fir_int_int_c' will not be exposed as RTL port.
INFO: [RTGEN 206-100] Finished creating RTL model for 'fir'.
INFO: [HLS 200-111] Finished Creating RTL model: CPU user time: 0 seconds. CPU system time: 0 seconds. Elapsed time: 0.109 seconds; current allocated memory: 1.392 GB.
INFO: [RTMG 210-279] Implementing memory 'fir_fir_Pipeline_MAC_fir_int_int_c_ROM_AUTO_1R' using auto ROMs.
INFO: [RTMG 210-278] Implementing memory 'fir_shift_reg_V_RAM_AUTO_1R1W_ram (RAM)' using auto RAMs with power-on initialization.
INFO: [HLS 200-111] Finished Generating all RTL models: CPU user time: 0 seconds. CPU system time: 0 seconds. Elapsed time: 0.687 seconds; current allocated memory: 1.392 GB.
INFO: [HLS 200-111] Finished Updating report files: CPU user time: 1 seconds. CPU system time: 0 seconds. Elapsed time: 0.291 seconds; current allocated memory: 1.392 GB.
INFO: [VHDL 208-304] Generating VHDL RTL for fir.
INFO: [VLOG 209-307] Generating Verilog RTL for fir.
INFO: [HLS 200-790] **** Loop Constraint Status: All loop constraints were satisfied.
INFO: [HLS 200-789] **** Estimated Fmax: 153.66 MHz
INFO: [HLS 200-111] Finished Command csynth_design CPU user time: 1 seconds. CPU system time: 0 seconds. Elapsed time: 10.694 seconds; current allocated memory: 0.000 MB.
INFO: [HLS 200-112] Total CPU user time: 4 seconds. Total CPU system time: 1 seconds. Total elapsed time: 13.808 seconds; peak allocated memory: 1.392 GB.
