

================================================================
== Vitis HLS Report for 'fir_Pipeline_Shift_Accum_Loop'
================================================================
* Date:           Sun Apr  2 14:46:15 2023

* Version:        2022.1 (Build 3526262 on Mon Apr 18 15:48:16 MDT 2022)
* Project:        fir128_Q4
* Solution:       merge (Vivado IP Flow Target)
* Product family: zynq
* Target device:  xc7z020-clg400-1


================================================================
== Performance Estimates
================================================================
+ Timing: 
    * Summary: 
    +--------+----------+----------+------------+
    |  Clock |  Target  | Estimated| Uncertainty|
    +--------+----------+----------+------------+
    |ap_clk  |  10.00 ns|  6.508 ns|     2.70 ns|
    +--------+----------+----------+------------+

+ Latency: 
    * Summary: 
    +---------+---------+----------+----------+-----+-----+---------+
    |  Latency (cycles) |  Latency (absolute) |  Interval | Pipeline|
    |   min   |   max   |    min   |    max   | min | max |   Type  |
    +---------+---------+----------+----------+-----+-----+---------+
    |      133|      133|  1.330 us|  1.330 us|  133|  133|       no|
    +---------+---------+----------+----------+-----+-----+---------+

    + Detail: 
        * Instance: 
        N/A

        * Loop: 
        +--------------------+---------+---------+----------+-----------+-----------+------+----------+
        |                    |  Latency (cycles) | Iteration|  Initiation Interval  | Trip |          |
        |      Loop Name     |   min   |   max   |  Latency |  achieved |   target  | Count| Pipelined|
        +--------------------+---------+---------+----------+-----------+-----------+------+----------+
        |- Shift_Accum_Loop  |      131|      131|         5|          1|          1|   128|       yes|
        +--------------------+---------+---------+----------+-----------+-----------+------+----------+

============================================================
+ Verbose Summary: Synthesis Manager
============================================================
InlineROM: 1
ExposeGlobal: 0
============================================================
+ Verbose Summary: CDFG Model
============================================================
IsTopModel: 0
ResetActiveHigh: 1
IsCombinational: 0
IsDatapathOnly: 0
HasWiredReturn: 1
HasMFsm: 2
HasVarLatency: 1
IsPipeline: 0
IsRtlPipelined: 0
IsInstanceOverlapped: 0
IsDontTouch: 0
HasImplIP: 0
IsGatedGlobalClock: 0

+ Individual pipeline summary: 
  * Pipeline-0: initiation interval (II) = 1, depth = 5


============================================================
+ Verbose Summary: Schedule
============================================================
* Number of FSM states : 5
* Pipeline : 1
  Pipeline-0 : II = 1, D = 5, States = { 1 2 3 4 5 }
* Dataflow Pipeline: 0

* FSM state transitions: 
1 --> 2 
2 --> 3 
3 --> 4 
4 --> 5 
5 --> 

* FSM state operations: 

State 1 <SV = 0> <Delay = 5.16>
ST_1 : Operation 8 [1/1] (0.00ns)   --->   "%acc = alloca i32 1"   --->   Operation 8 'alloca' 'acc' <Predicate = true> <Delay = 0.00>
ST_1 : Operation 9 [1/1] (0.00ns)   --->   "%i = alloca i32 1"   --->   Operation 9 'alloca' 'i' <Predicate = true> <Delay = 0.00>
ST_1 : Operation 10 [1/1] (1.58ns)   --->   "%store_ln0 = store i8 127, i8 %i"   --->   Operation 10 'store' 'store_ln0' <Predicate = true> <Delay = 1.58>
ST_1 : Operation 11 [1/1] (1.58ns)   --->   "%store_ln0 = store i19 0, i19 %acc"   --->   Operation 11 'store' 'store_ln0' <Predicate = true> <Delay = 1.58>
ST_1 : Operation 12 [1/1] (0.00ns)   --->   "%br_ln0 = br void %for.inc"   --->   Operation 12 'br' 'br_ln0' <Predicate = true> <Delay = 0.00>
ST_1 : Operation 13 [1/1] (0.00ns)   --->   "%i_1 = load i8 %i" [fir128_Q4/fir.cpp:28]   --->   Operation 13 'load' 'i_1' <Predicate = true> <Delay = 0.00>
ST_1 : Operation 14 [1/1] (0.00ns)   --->   "%specpipeline_ln0 = specpipeline void @_ssdm_op_SpecPipeline, i32 4294967295, i32 0, i32 1, i32 0, void @p_str"   --->   Operation 14 'specpipeline' 'specpipeline_ln0' <Predicate = true> <Delay = 0.00>
ST_1 : Operation 15 [1/1] (0.00ns)   --->   "%tmp = bitselect i1 @_ssdm_op_BitSelect.i1.i8.i32, i8 %i_1, i32 7" [fir128_Q4/fir.cpp:28]   --->   Operation 15 'bitselect' 'tmp' <Predicate = true> <Delay = 0.00>
ST_1 : Operation 16 [1/1] (0.00ns)   --->   "%empty = speclooptripcount i32 @_ssdm_op_SpecLoopTripCount, i64 128, i64 128, i64 128"   --->   Operation 16 'speclooptripcount' 'empty' <Predicate = true> <Delay = 0.00>
ST_1 : Operation 17 [1/1] (0.00ns)   --->   "%br_ln28 = br i1 %tmp, void %for.inc.split, void %for.end.exitStub" [fir128_Q4/fir.cpp:28]   --->   Operation 17 'br' 'br_ln28' <Predicate = true> <Delay = 0.00>
ST_1 : Operation 18 [1/1] (0.00ns)   --->   "%i_cast = zext i8 %i_1" [fir128_Q4/fir.cpp:28]   --->   Operation 18 'zext' 'i_cast' <Predicate = (!tmp)> <Delay = 0.00>
ST_1 : Operation 19 [1/1] (1.91ns)   --->   "%add_ln28 = add i8 %i_1, i8 255" [fir128_Q4/fir.cpp:28]   --->   Operation 19 'add' 'add_ln28' <Predicate = (!tmp)> <Delay = 1.91> <CoreInst = "Adder">   --->   Core 1 'Adder' <Latency = 0> <II = 1> <Delay = 1.91> <FuncUnit> <Opcode : 'add' 'sub'> <InPorts = 2> <OutPorts = 1>
ST_1 : Operation 20 [1/1] (0.00ns)   --->   "%zext_ln30 = zext i8 %add_ln28" [fir128_Q4/fir.cpp:30]   --->   Operation 20 'zext' 'zext_ln30' <Predicate = (!tmp)> <Delay = 0.00>
ST_1 : Operation 21 [1/1] (0.00ns)   --->   "%shift_reg_V_addr = getelementptr i8 %shift_reg_V, i64 0, i64 %zext_ln30" [fir128_Q4/fir.cpp:30]   --->   Operation 21 'getelementptr' 'shift_reg_V_addr' <Predicate = (!tmp)> <Delay = 0.00>
ST_1 : Operation 22 [2/2] (3.25ns)   --->   "%shift_reg_V_load = load i7 %shift_reg_V_addr" [fir128_Q4/fir.cpp:30]   --->   Operation 22 'load' 'shift_reg_V_load' <Predicate = (!tmp)> <Delay = 3.25> <CoreInst = "RAM">   --->   Core 82 'RAM' <Latency = 1> <II = 1> <Delay = 3.25> <Storage> <Opcode : 'load' 'store'> <Ports = 2> <Width = 8> <Depth = 128> <RAM>
ST_1 : Operation 23 [1/1] (0.00ns)   --->   "%fir_int_int_c_addr = getelementptr i32 %fir_int_int_c, i64 0, i64 %i_cast" [fir128_Q4/fir.cpp:31]   --->   Operation 23 'getelementptr' 'fir_int_int_c_addr' <Predicate = (!tmp)> <Delay = 0.00>
ST_1 : Operation 24 [2/2] (3.25ns)   --->   "%fir_int_int_c_load = load i7 %fir_int_int_c_addr" [fir128_Q4/fir.cpp:31]   --->   Operation 24 'load' 'fir_int_int_c_load' <Predicate = (!tmp)> <Delay = 3.25> <CoreInst = "ROM">   --->   Core 95 'ROM' <Latency = 1> <II = 1> <Delay = 3.25> <Storage> <Opcode : 'load'> <Ports = 0> <Width = 32> <Depth = 128> <ROM>
ST_1 : Operation 25 [1/1] (1.58ns)   --->   "%store_ln28 = store i8 %add_ln28, i8 %i" [fir128_Q4/fir.cpp:28]   --->   Operation 25 'store' 'store_ln28' <Predicate = (!tmp)> <Delay = 1.58>

State 2 <SV = 1> <Delay = 6.50>
ST_2 : Operation 26 [1/2] (3.25ns)   --->   "%shift_reg_V_load = load i7 %shift_reg_V_addr" [fir128_Q4/fir.cpp:30]   --->   Operation 26 'load' 'shift_reg_V_load' <Predicate = true> <Delay = 3.25> <CoreInst = "RAM">   --->   Core 82 'RAM' <Latency = 1> <II = 1> <Delay = 3.25> <Storage> <Opcode : 'load' 'store'> <Ports = 2> <Width = 8> <Depth = 128> <RAM>
ST_2 : Operation 27 [1/1] (0.00ns)   --->   "%shift_reg_V_addr_1 = getelementptr i8 %shift_reg_V, i64 0, i64 %i_cast" [fir128_Q4/fir.cpp:30]   --->   Operation 27 'getelementptr' 'shift_reg_V_addr_1' <Predicate = true> <Delay = 0.00>
ST_2 : Operation 28 [1/1] (3.25ns)   --->   "%store_ln30 = store i8 %shift_reg_V_load, i7 %shift_reg_V_addr_1" [fir128_Q4/fir.cpp:30]   --->   Operation 28 'store' 'store_ln30' <Predicate = true> <Delay = 3.25> <CoreInst = "RAM">   --->   Core 82 'RAM' <Latency = 1> <II = 1> <Delay = 3.25> <Storage> <Opcode : 'load' 'store'> <Ports = 2> <Width = 8> <Depth = 128> <RAM>
ST_2 : Operation 29 [1/2] (3.25ns)   --->   "%fir_int_int_c_load = load i7 %fir_int_int_c_addr" [fir128_Q4/fir.cpp:31]   --->   Operation 29 'load' 'fir_int_int_c_load' <Predicate = true> <Delay = 3.25> <CoreInst = "ROM">   --->   Core 95 'ROM' <Latency = 1> <II = 1> <Delay = 3.25> <Storage> <Opcode : 'load'> <Ports = 0> <Width = 32> <Depth = 128> <ROM>
ST_2 : Operation 30 [1/1] (0.00ns)   --->   "%trunc_ln1679 = trunc i32 %fir_int_int_c_load"   --->   Operation 30 'trunc' 'trunc_ln1679' <Predicate = true> <Delay = 0.00>
ST_2 : Operation 31 [1/1] (0.00ns)   --->   "%sext_ln1679 = sext i5 %trunc_ln1679"   --->   Operation 31 'sext' 'sext_ln1679' <Predicate = true> <Delay = 0.00>
ST_2 : Operation 32 [1/1] (0.00ns)   --->   "%sext_ln31 = sext i8 %shift_reg_V_load" [fir128_Q4/fir.cpp:31]   --->   Operation 32 'sext' 'sext_ln31' <Predicate = true> <Delay = 0.00>
ST_2 : Operation 33 [3/3] (1.05ns) (grouped into DSP with root node acc_1)   --->   "%mul_ln31 = mul i13 %sext_ln1679, i13 %sext_ln31" [fir128_Q4/fir.cpp:31]   --->   Operation 33 'mul' 'mul_ln31' <Predicate = true> <Delay = 1.05> <CoreInst = "DSP48">   --->   Core 119 'DSP48' <Latency = 3> <II = 1> <Delay = 2.15> <IPBlock> <Opcode : 'mul' 'add' 'sub' 'select'> <InPorts = 0> <OutPorts = 1> <Sync> <CReg>

State 3 <SV = 2> <Delay = 1.05>
ST_3 : Operation 34 [2/3] (1.05ns) (grouped into DSP with root node acc_1)   --->   "%mul_ln31 = mul i13 %sext_ln1679, i13 %sext_ln31" [fir128_Q4/fir.cpp:31]   --->   Operation 34 'mul' 'mul_ln31' <Predicate = true> <Delay = 1.05> <CoreInst = "DSP48">   --->   Core 119 'DSP48' <Latency = 3> <II = 1> <Delay = 2.15> <IPBlock> <Opcode : 'mul' 'add' 'sub' 'select'> <InPorts = 0> <OutPorts = 1> <Sync> <CReg>

State 4 <SV = 3> <Delay = 2.10>
ST_4 : Operation 35 [1/1] (0.00ns)   --->   "%acc_load = load i19 %acc" [fir128_Q4/fir.cpp:31]   --->   Operation 35 'load' 'acc_load' <Predicate = true> <Delay = 0.00>
ST_4 : Operation 36 [1/3] (0.00ns) (grouped into DSP with root node acc_1)   --->   "%mul_ln31 = mul i13 %sext_ln1679, i13 %sext_ln31" [fir128_Q4/fir.cpp:31]   --->   Operation 36 'mul' 'mul_ln31' <Predicate = true> <Delay = 0.00> <CoreInst = "DSP48">   --->   Core 119 'DSP48' <Latency = 3> <II = 1> <Delay = 2.15> <IPBlock> <Opcode : 'mul' 'add' 'sub' 'select'> <InPorts = 0> <OutPorts = 1> <Sync> <CReg>
ST_4 : Operation 37 [1/1] (0.00ns) (grouped into DSP with root node acc_1)   --->   "%sext_ln31_1 = sext i13 %mul_ln31" [fir128_Q4/fir.cpp:31]   --->   Operation 37 'sext' 'sext_ln31_1' <Predicate = true> <Delay = 0.00>
ST_4 : Operation 38 [2/2] (2.10ns) (root node of the DSP)   --->   "%acc_1 = add i19 %sext_ln31_1, i19 %acc_load" [fir128_Q4/fir.cpp:31]   --->   Operation 38 'add' 'acc_1' <Predicate = true> <Delay = 2.10> <CoreInst = "DSP48">   --->   Core 119 'DSP48' <Latency = 3> <II = 1> <Delay = 2.15> <IPBlock> <Opcode : 'mul' 'add' 'sub' 'select'> <InPorts = 0> <OutPorts = 1> <Sync> <CReg>
ST_4 : Operation 43 [1/1] (0.00ns)   --->   "%acc_load_1 = load i19 %acc"   --->   Operation 43 'load' 'acc_load_1' <Predicate = (tmp)> <Delay = 0.00>
ST_4 : Operation 44 [1/1] (0.00ns)   --->   "%write_ln0 = write void @_ssdm_op_Write.ap_auto.i19P0A, i19 %acc_out, i19 %acc_load_1"   --->   Operation 44 'write' 'write_ln0' <Predicate = (tmp)> <Delay = 0.00>
ST_4 : Operation 45 [1/1] (0.00ns)   --->   "%ret_ln0 = ret"   --->   Operation 45 'ret' 'ret_ln0' <Predicate = (tmp)> <Delay = 0.00>

State 5 <SV = 4> <Delay = 3.68>
ST_5 : Operation 39 [1/1] (0.00ns)   --->   "%specloopname_ln24 = specloopname void @_ssdm_op_SpecLoopName, void @empty_2" [fir128_Q4/fir.cpp:24]   --->   Operation 39 'specloopname' 'specloopname_ln24' <Predicate = true> <Delay = 0.00>
ST_5 : Operation 40 [1/2] (2.10ns) (root node of the DSP)   --->   "%acc_1 = add i19 %sext_ln31_1, i19 %acc_load" [fir128_Q4/fir.cpp:31]   --->   Operation 40 'add' 'acc_1' <Predicate = true> <Delay = 2.10> <CoreInst = "DSP48">   --->   Core 119 'DSP48' <Latency = 3> <II = 1> <Delay = 2.15> <IPBlock> <Opcode : 'mul' 'add' 'sub' 'select'> <InPorts = 0> <OutPorts = 1> <Sync> <CReg>
ST_5 : Operation 41 [1/1] (1.58ns)   --->   "%store_ln28 = store i19 %acc_1, i19 %acc" [fir128_Q4/fir.cpp:28]   --->   Operation 41 'store' 'store_ln28' <Predicate = true> <Delay = 1.58>
ST_5 : Operation 42 [1/1] (0.00ns)   --->   "%br_ln28 = br void %for.inc" [fir128_Q4/fir.cpp:28]   --->   Operation 42 'br' 'br_ln28' <Predicate = true> <Delay = 0.00>


============================================================
+ Verbose Summary: Binding
============================================================
STG Binding: 
---------------- STG Properties BEGIN ----------------
- Is combinational: 0
- Is one-state seq: 0
- Is datapath-only: 0
- Is pipelined: 0
- Is top level: 0
Port [ Return ] is wired: 1; IO mode=ap_ctrl_hs:ce=0
Port [ acc_out]:  wired=1; compound=0; hidden=0; nouse=0; global=0; static=0; extern=0; dir=1; type=0; pingpong=0; private_global=0; IO mode=ap_vld:ce=0
Port [ shift_reg_V]:  wired=1; compound=1; hidden=0; nouse=0; global=1; static=1; extern=0; dir=2; type=1; pingpong=0; private_global=0; MemPort=[01]; IO mode=ap_memory:ce=0
Port [ fir_int_int_c]:  wired=0; compound=1; hidden=1; nouse=0; global=1; static=0; extern=0; dir=0; type=1; pingpong=0; private_global=1; MemPort=[1]; IO mode=ap_memory:ce=0
---------------- STG Properties END ------------------

---------------- Datapath Model BEGIN ----------------

<LifeTime>
<method=bitvector/>
acc                (alloca           ) [ 011111]
i                  (alloca           ) [ 010000]
store_ln0          (store            ) [ 000000]
store_ln0          (store            ) [ 000000]
br_ln0             (br               ) [ 000000]
i_1                (load             ) [ 000000]
specpipeline_ln0   (specpipeline     ) [ 000000]
tmp                (bitselect        ) [ 011110]
empty              (speclooptripcount) [ 000000]
br_ln28            (br               ) [ 000000]
i_cast             (zext             ) [ 011000]
add_ln28           (add              ) [ 000000]
zext_ln30          (zext             ) [ 000000]
shift_reg_V_addr   (getelementptr    ) [ 011000]
fir_int_int_c_addr (getelementptr    ) [ 011000]
store_ln28         (store            ) [ 000000]
shift_reg_V_load   (load             ) [ 000000]
shift_reg_V_addr_1 (getelementptr    ) [ 000000]
store_ln30         (store            ) [ 000000]
fir_int_int_c_load (load             ) [ 000000]
trunc_ln1679       (trunc            ) [ 000000]
sext_ln1679        (sext             ) [ 010110]
sext_ln31          (sext             ) [ 010110]
acc_load           (load             ) [ 010001]
mul_ln31           (mul              ) [ 000000]
sext_ln31_1        (sext             ) [ 010001]
specloopname_ln24  (specloopname     ) [ 000000]
acc_1              (add              ) [ 000000]
store_ln28         (store            ) [ 000000]
br_ln28            (br               ) [ 000000]
acc_load_1         (load             ) [ 000000]
write_ln0          (write            ) [ 000000]
ret_ln0            (ret              ) [ 000000]
</LifeTime>

<model>

<comp_list>
<comp id="0" class="1000" name="acc_out">
<pin_list>
<pin id="1" dir="1" index="0" bw="1" slack="0"/>
</pin_list>
<bind>
<StgValue><ssdm name="acc_out"/></StgValue>
</bind>
</comp>

<comp id="2" class="1000" name="shift_reg_V">
<pin_list>
<pin id="3" dir="1" index="0" bw="1" slack="0"/>
</pin_list>
<bind>
<StgValue><ssdm name="shift_reg_V"/><MemPortTyVec>0 1 </MemPortTyVec>
</StgValue>
</bind>
</comp>

<comp id="4" class="1000" name="fir_int_int_c">
<pin_list>
<pin id="5" dir="1" index="0" bw="1" slack="0"/>
</pin_list>
<bind>
<StgValue><ssdm name="fir_int_int_c"/><MemPortTyVec>1 </MemPortTyVec>
</StgValue>
</bind>
</comp>

<comp id="6" class="1001" name="const_6">
<pin_list>
<pin id="7" dir="1" index="0" bw="1" slack="0"/>
</pin_list>
<bind>
<StgValue><ssdm name=""/></StgValue>
</bind>
</comp>

<comp id="8" class="1001" name="const_8">
<pin_list>
<pin id="9" dir="1" index="0" bw="1" slack="0"/>
</pin_list>
<bind>
<StgValue><ssdm name=""/></StgValue>
</bind>
</comp>

<comp id="10" class="1001" name="const_10">
<pin_list>
<pin id="11" dir="1" index="0" bw="1" slack="0"/>
</pin_list>
<bind>
<StgValue><ssdm name=""/></StgValue>
</bind>
</comp>

<comp id="12" class="1001" name="const_12">
<pin_list>
<pin id="13" dir="1" index="0" bw="1" slack="2147483647"/>
</pin_list>
<bind>
<StgValue><ssdm name="_ssdm_op_SpecPipeline"/></StgValue>
</bind>
</comp>

<comp id="14" class="1001" name="const_14">
<pin_list>
<pin id="15" dir="1" index="0" bw="1" slack="2147483647"/>
</pin_list>
<bind>
<StgValue><ssdm name=""/></StgValue>
</bind>
</comp>

<comp id="16" class="1001" name="const_16">
<pin_list>
<pin id="17" dir="1" index="0" bw="1" slack="2147483647"/>
</pin_list>
<bind>
<StgValue><ssdm name=""/></StgValue>
</bind>
</comp>

<comp id="18" class="1001" name="const_18">
<pin_list>
<pin id="19" dir="1" index="0" bw="1" slack="2147483647"/>
</pin_list>
<bind>
<StgValue><ssdm name="p_str"/></StgValue>
</bind>
</comp>

<comp id="20" class="1001" name="const_20">
<pin_list>
<pin id="21" dir="1" index="0" bw="1" slack="0"/>
</pin_list>
<bind>
<StgValue><ssdm name="_ssdm_op_BitSelect.i1.i8.i32"/></StgValue>
</bind>
</comp>

<comp id="22" class="1001" name="const_22">
<pin_list>
<pin id="23" dir="1" index="0" bw="1" slack="0"/>
</pin_list>
<bind>
<StgValue><ssdm name=""/></StgValue>
</bind>
</comp>

<comp id="24" class="1001" name="const_24">
<pin_list>
<pin id="25" dir="1" index="0" bw="1" slack="2147483647"/>
</pin_list>
<bind>
<StgValue><ssdm name="_ssdm_op_SpecLoopTripCount"/></StgValue>
</bind>
</comp>

<comp id="26" class="1001" name="const_26">
<pin_list>
<pin id="27" dir="1" index="0" bw="1" slack="2147483647"/>
</pin_list>
<bind>
<StgValue><ssdm name=""/></StgValue>
</bind>
</comp>

<comp id="28" class="1001" name="const_28">
<pin_list>
<pin id="29" dir="1" index="0" bw="1" slack="0"/>
</pin_list>
<bind>
<StgValue><ssdm name=""/></StgValue>
</bind>
</comp>

<comp id="30" class="1001" name="const_30">
<pin_list>
<pin id="31" dir="1" index="0" bw="1" slack="0"/>
</pin_list>
<bind>
<StgValue><ssdm name=""/></StgValue>
</bind>
</comp>

<comp id="32" class="1001" name="const_32">
<pin_list>
<pin id="33" dir="1" index="0" bw="1" slack="2147483647"/>
</pin_list>
<bind>
<StgValue><ssdm name="_ssdm_op_SpecLoopName"/></StgValue>
</bind>
</comp>

<comp id="34" class="1001" name="const_34">
<pin_list>
<pin id="35" dir="1" index="0" bw="1" slack="2147483647"/>
</pin_list>
<bind>
<StgValue><ssdm name="empty_2"/></StgValue>
</bind>
</comp>

<comp id="36" class="1001" name="const_36">
<pin_list>
<pin id="37" dir="1" index="0" bw="1" slack="0"/>
</pin_list>
<bind>
<StgValue><ssdm name="_ssdm_op_Write.ap_auto.i19P0A"/></StgValue>
</bind>
</comp>

<comp id="38" class="1004" name="acc_fu_38">
<pin_list>
<pin id="39" dir="0" index="0" bw="1" slack="0"/>
<pin id="40" dir="1" index="1" bw="19" slack="0"/>
</pin_list>
<bind>
<opcode="alloca(26) " fcode="alloca"/>
<opset="acc/1 "/>
</bind>
</comp>

<comp id="42" class="1004" name="i_fu_42">
<pin_list>
<pin id="43" dir="0" index="0" bw="1" slack="0"/>
<pin id="44" dir="1" index="1" bw="8" slack="0"/>
</pin_list>
<bind>
<opcode="alloca(26) " fcode="alloca"/>
<opset="i/1 "/>
</bind>
</comp>

<comp id="46" class="1004" name="write_ln0_write_fu_46">
<pin_list>
<pin id="47" dir="0" index="0" bw="0" slack="0"/>
<pin id="48" dir="0" index="1" bw="19" slack="0"/>
<pin id="49" dir="0" index="2" bw="19" slack="0"/>
<pin id="50" dir="1" index="3" bw="0" slack="2147483647"/>
</pin_list>
<bind>
<opcode="write(1151) " fcode="write"/>
<opset="write_ln0/4 "/>
</bind>
</comp>

<comp id="53" class="1004" name="shift_reg_V_addr_gep_fu_53">
<pin_list>
<pin id="54" dir="0" index="0" bw="8" slack="0"/>
<pin id="55" dir="0" index="1" bw="1" slack="0"/>
<pin id="56" dir="0" index="2" bw="8" slack="0"/>
<pin id="57" dir="1" index="3" bw="7" slack="0"/>
</pin_list>
<bind>
<opcode="getelementptr(29) " fcode="getelementptr"/>
<opset="shift_reg_V_addr/1 "/>
</bind>
</comp>

<comp id="60" class="1004" name="grp_access_fu_60">
<pin_list>
<pin id="61" dir="0" index="0" bw="7" slack="0"/>
<pin id="62" dir="0" index="1" bw="8" slack="0"/>
<pin id="63" dir="0" index="2" bw="0" slack="0"/>
<pin id="65" dir="0" index="4" bw="7" slack="2147483647"/>
<pin id="66" dir="0" index="5" bw="8" slack="2147483647"/>
<pin id="67" dir="0" index="6" bw="0" slack="2147483647"/>
<pin id="64" dir="1" index="3" bw="8" slack="2147483647"/>
<pin id="68" dir="1" index="7" bw="8" slack="0"/>
</pin_list>
<bind>
<opcode="load(27) store(28) " fcode="store"/>
<opset="shift_reg_V_load/1 store_ln30/2 "/>
</bind>
</comp>

<comp id="70" class="1004" name="fir_int_int_c_addr_gep_fu_70">
<pin_list>
<pin id="71" dir="0" index="0" bw="32" slack="0"/>
<pin id="72" dir="0" index="1" bw="1" slack="0"/>
<pin id="73" dir="0" index="2" bw="8" slack="0"/>
<pin id="74" dir="1" index="3" bw="7" slack="0"/>
</pin_list>
<bind>
<opcode="getelementptr(29) " fcode="getelementptr"/>
<opset="fir_int_int_c_addr/1 "/>
</bind>
</comp>

<comp id="77" class="1004" name="grp_access_fu_77">
<pin_list>
<pin id="78" dir="0" index="0" bw="7" slack="0"/>
<pin id="79" dir="0" index="1" bw="32" slack="2147483647"/>
<pin id="80" dir="0" index="2" bw="0" slack="2147483647"/>
<pin id="81" dir="1" index="3" bw="32" slack="0"/>
</pin_list>
<bind>
<opcode="load(27) " fcode="load"/>
<opset="fir_int_int_c_load/1 "/>
</bind>
</comp>

<comp id="83" class="1004" name="shift_reg_V_addr_1_gep_fu_83">
<pin_list>
<pin id="84" dir="0" index="0" bw="8" slack="0"/>
<pin id="85" dir="0" index="1" bw="1" slack="0"/>
<pin id="86" dir="0" index="2" bw="8" slack="1"/>
<pin id="87" dir="1" index="3" bw="7" slack="0"/>
</pin_list>
<bind>
<opcode="getelementptr(29) " fcode="getelementptr"/>
<opset="shift_reg_V_addr_1/2 "/>
</bind>
</comp>

<comp id="92" class="1004" name="store_ln0_store_fu_92">
<pin_list>
<pin id="93" dir="0" index="0" bw="8" slack="0"/>
<pin id="94" dir="0" index="1" bw="8" slack="0"/>
<pin id="95" dir="1" index="2" bw="0" slack="2147483647"/>
</pin_list>
<bind>
<opcode="store(28) " fcode="store"/>
<opset="store_ln0/1 "/>
</bind>
</comp>

<comp id="97" class="1004" name="store_ln0_store_fu_97">
<pin_list>
<pin id="98" dir="0" index="0" bw="1" slack="0"/>
<pin id="99" dir="0" index="1" bw="19" slack="0"/>
<pin id="100" dir="1" index="2" bw="0" slack="2147483647"/>
</pin_list>
<bind>
<opcode="store(28) " fcode="store"/>
<opset="store_ln0/1 "/>
</bind>
</comp>

<comp id="102" class="1004" name="i_1_load_fu_102">
<pin_list>
<pin id="103" dir="0" index="0" bw="8" slack="0"/>
<pin id="104" dir="1" index="1" bw="8" slack="0"/>
</pin_list>
<bind>
<opcode="load(27) " fcode="load"/>
<opset="i_1/1 "/>
</bind>
</comp>

<comp id="105" class="1004" name="tmp_fu_105">
<pin_list>
<pin id="106" dir="0" index="0" bw="1" slack="0"/>
<pin id="107" dir="0" index="1" bw="8" slack="0"/>
<pin id="108" dir="0" index="2" bw="4" slack="0"/>
<pin id="109" dir="1" index="3" bw="1" slack="3"/>
</pin_list>
<bind>
<opcode="bitselect(1000) " fcode="bitselect"/>
<opset="tmp/1 "/>
</bind>
</comp>

<comp id="113" class="1004" name="i_cast_fu_113">
<pin_list>
<pin id="114" dir="0" index="0" bw="8" slack="0"/>
<pin id="115" dir="1" index="1" bw="64" slack="0"/>
</pin_list>
<bind>
<opcode="zext(34) " fcode="zext"/>
<opset="i_cast/1 "/>
</bind>
</comp>

<comp id="118" class="1004" name="add_ln28_fu_118">
<pin_list>
<pin id="119" dir="0" index="0" bw="8" slack="0"/>
<pin id="120" dir="0" index="1" bw="1" slack="0"/>
<pin id="121" dir="1" index="2" bw="8" slack="0"/>
</pin_list>
<bind>
<opcode="add(8) " fcode="add"/>
<opset="add_ln28/1 "/>
</bind>
</comp>

<comp id="124" class="1004" name="zext_ln30_fu_124">
<pin_list>
<pin id="125" dir="0" index="0" bw="8" slack="0"/>
<pin id="126" dir="1" index="1" bw="64" slack="0"/>
</pin_list>
<bind>
<opcode="zext(34) " fcode="zext"/>
<opset="zext_ln30/1 "/>
</bind>
</comp>

<comp id="129" class="1004" name="store_ln28_store_fu_129">
<pin_list>
<pin id="130" dir="0" index="0" bw="8" slack="0"/>
<pin id="131" dir="0" index="1" bw="8" slack="0"/>
<pin id="132" dir="1" index="2" bw="0" slack="2147483647"/>
</pin_list>
<bind>
<opcode="store(28) " fcode="store"/>
<opset="store_ln28/1 "/>
</bind>
</comp>

<comp id="134" class="1004" name="trunc_ln1679_fu_134">
<pin_list>
<pin id="135" dir="0" index="0" bw="6" slack="0"/>
<pin id="136" dir="1" index="1" bw="5" slack="0"/>
</pin_list>
<bind>
<opcode="trunc(33) " fcode="trunc"/>
<opset="trunc_ln1679/2 "/>
</bind>
</comp>

<comp id="138" class="1004" name="sext_ln1679_fu_138">
<pin_list>
<pin id="139" dir="0" index="0" bw="5" slack="0"/>
<pin id="140" dir="1" index="1" bw="13" slack="0"/>
</pin_list>
<bind>
<opcode="sext(35) " fcode="sext"/>
<opset="sext_ln1679/2 "/>
</bind>
</comp>

<comp id="142" class="1004" name="sext_ln31_fu_142">
<pin_list>
<pin id="143" dir="0" index="0" bw="8" slack="0"/>
<pin id="144" dir="1" index="1" bw="13" slack="0"/>
</pin_list>
<bind>
<opcode="sext(35) " fcode="sext"/>
<opset="sext_ln31/2 "/>
</bind>
</comp>

<comp id="146" class="1004" name="acc_load_load_fu_146">
<pin_list>
<pin id="147" dir="0" index="0" bw="19" slack="3"/>
<pin id="148" dir="1" index="1" bw="19" slack="0"/>
</pin_list>
<bind>
<opcode="load(27) " fcode="load"/>
<opset="acc_load/4 "/>
</bind>
</comp>

<comp id="149" class="1004" name="store_ln28_store_fu_149">
<pin_list>
<pin id="150" dir="0" index="0" bw="19" slack="0"/>
<pin id="151" dir="0" index="1" bw="19" slack="4"/>
<pin id="152" dir="1" index="2" bw="0" slack="2147483647"/>
</pin_list>
<bind>
<opcode="store(28) " fcode="store"/>
<opset="store_ln28/5 "/>
</bind>
</comp>

<comp id="153" class="1004" name="acc_load_1_load_fu_153">
<pin_list>
<pin id="154" dir="0" index="0" bw="19" slack="3"/>
<pin id="155" dir="1" index="1" bw="19" slack="0"/>
</pin_list>
<bind>
<opcode="load(27) " fcode="load"/>
<opset="acc_load_1/4 "/>
</bind>
</comp>

<comp id="157" class="1007" name="grp_fu_157">
<pin_list>
<pin id="158" dir="0" index="0" bw="5" slack="0"/>
<pin id="159" dir="0" index="1" bw="8" slack="0"/>
<pin id="160" dir="0" index="2" bw="19" slack="0"/>
<pin id="161" dir="1" index="3" bw="19" slack="0"/>
</pin_list>
<bind>
<opcode="muladd(1172) " fcode="muladd"/>
<opset="mul_ln31/2 sext_ln31_1/4 acc_1/4 "/>
</bind>
</comp>

<comp id="166" class="1005" name="acc_reg_166">
<pin_list>
<pin id="167" dir="0" index="0" bw="19" slack="0"/>
<pin id="168" dir="1" index="1" bw="19" slack="0"/>
</pin_list>
<bind>
<opset="acc "/>
</bind>
</comp>

<comp id="174" class="1005" name="i_reg_174">
<pin_list>
<pin id="175" dir="0" index="0" bw="8" slack="0"/>
<pin id="176" dir="1" index="1" bw="8" slack="0"/>
</pin_list>
<bind>
<opset="i "/>
</bind>
</comp>

<comp id="181" class="1005" name="tmp_reg_181">
<pin_list>
<pin id="182" dir="0" index="0" bw="1" slack="3"/>
<pin id="183" dir="1" index="1" bw="1" slack="2147483647"/>
</pin_list>
<bind>
<opset="tmp "/>
</bind>
</comp>

<comp id="185" class="1005" name="i_cast_reg_185">
<pin_list>
<pin id="186" dir="0" index="0" bw="64" slack="1"/>
<pin id="187" dir="1" index="1" bw="64" slack="1"/>
</pin_list>
<bind>
<opset="i_cast "/>
</bind>
</comp>

<comp id="190" class="1005" name="shift_reg_V_addr_reg_190">
<pin_list>
<pin id="191" dir="0" index="0" bw="7" slack="1"/>
<pin id="192" dir="1" index="1" bw="7" slack="1"/>
</pin_list>
<bind>
<opset="shift_reg_V_addr "/>
</bind>
</comp>

<comp id="195" class="1005" name="fir_int_int_c_addr_reg_195">
<pin_list>
<pin id="196" dir="0" index="0" bw="7" slack="1"/>
<pin id="197" dir="1" index="1" bw="7" slack="1"/>
</pin_list>
<bind>
<opset="fir_int_int_c_addr "/>
</bind>
</comp>

<comp id="200" class="1005" name="sext_ln1679_reg_200">
<pin_list>
<pin id="201" dir="0" index="0" bw="13" slack="1"/>
<pin id="202" dir="1" index="1" bw="13" slack="1"/>
</pin_list>
<bind>
<opset="sext_ln1679 "/>
</bind>
</comp>

<comp id="205" class="1005" name="sext_ln31_reg_205">
<pin_list>
<pin id="206" dir="0" index="0" bw="13" slack="1"/>
<pin id="207" dir="1" index="1" bw="13" slack="1"/>
</pin_list>
<bind>
<opset="sext_ln31 "/>
</bind>
</comp>

<comp id="210" class="1005" name="acc_load_reg_210">
<pin_list>
<pin id="211" dir="0" index="0" bw="19" slack="1"/>
<pin id="212" dir="1" index="1" bw="19" slack="1"/>
</pin_list>
<bind>
<opset="acc_load "/>
</bind>
</comp>

</comp_list>

<net_list>
<net id="41"><net_src comp="6" pin="0"/><net_sink comp="38" pin=0"/></net>

<net id="45"><net_src comp="6" pin="0"/><net_sink comp="42" pin=0"/></net>

<net id="51"><net_src comp="36" pin="0"/><net_sink comp="46" pin=0"/></net>

<net id="52"><net_src comp="0" pin="0"/><net_sink comp="46" pin=1"/></net>

<net id="58"><net_src comp="2" pin="0"/><net_sink comp="53" pin=0"/></net>

<net id="59"><net_src comp="30" pin="0"/><net_sink comp="53" pin=1"/></net>

<net id="69"><net_src comp="53" pin="3"/><net_sink comp="60" pin=2"/></net>

<net id="75"><net_src comp="4" pin="0"/><net_sink comp="70" pin=0"/></net>

<net id="76"><net_src comp="30" pin="0"/><net_sink comp="70" pin=1"/></net>

<net id="82"><net_src comp="70" pin="3"/><net_sink comp="77" pin=0"/></net>

<net id="88"><net_src comp="2" pin="0"/><net_sink comp="83" pin=0"/></net>

<net id="89"><net_src comp="30" pin="0"/><net_sink comp="83" pin=1"/></net>

<net id="90"><net_src comp="60" pin="7"/><net_sink comp="60" pin=1"/></net>

<net id="91"><net_src comp="83" pin="3"/><net_sink comp="60" pin=0"/></net>

<net id="96"><net_src comp="8" pin="0"/><net_sink comp="92" pin=0"/></net>

<net id="101"><net_src comp="10" pin="0"/><net_sink comp="97" pin=0"/></net>

<net id="110"><net_src comp="20" pin="0"/><net_sink comp="105" pin=0"/></net>

<net id="111"><net_src comp="102" pin="1"/><net_sink comp="105" pin=1"/></net>

<net id="112"><net_src comp="22" pin="0"/><net_sink comp="105" pin=2"/></net>

<net id="116"><net_src comp="102" pin="1"/><net_sink comp="113" pin=0"/></net>

<net id="117"><net_src comp="113" pin="1"/><net_sink comp="70" pin=2"/></net>

<net id="122"><net_src comp="102" pin="1"/><net_sink comp="118" pin=0"/></net>

<net id="123"><net_src comp="28" pin="0"/><net_sink comp="118" pin=1"/></net>

<net id="127"><net_src comp="118" pin="2"/><net_sink comp="124" pin=0"/></net>

<net id="128"><net_src comp="124" pin="1"/><net_sink comp="53" pin=2"/></net>

<net id="133"><net_src comp="118" pin="2"/><net_sink comp="129" pin=0"/></net>

<net id="137"><net_src comp="77" pin="3"/><net_sink comp="134" pin=0"/></net>

<net id="141"><net_src comp="134" pin="1"/><net_sink comp="138" pin=0"/></net>

<net id="145"><net_src comp="60" pin="7"/><net_sink comp="142" pin=0"/></net>

<net id="156"><net_src comp="153" pin="1"/><net_sink comp="46" pin=2"/></net>

<net id="162"><net_src comp="138" pin="1"/><net_sink comp="157" pin=0"/></net>

<net id="163"><net_src comp="142" pin="1"/><net_sink comp="157" pin=1"/></net>

<net id="164"><net_src comp="146" pin="1"/><net_sink comp="157" pin=2"/></net>

<net id="165"><net_src comp="157" pin="3"/><net_sink comp="149" pin=0"/></net>

<net id="169"><net_src comp="38" pin="1"/><net_sink comp="166" pin=0"/></net>

<net id="170"><net_src comp="166" pin="1"/><net_sink comp="97" pin=1"/></net>

<net id="171"><net_src comp="166" pin="1"/><net_sink comp="146" pin=0"/></net>

<net id="172"><net_src comp="166" pin="1"/><net_sink comp="149" pin=1"/></net>

<net id="173"><net_src comp="166" pin="1"/><net_sink comp="153" pin=0"/></net>

<net id="177"><net_src comp="42" pin="1"/><net_sink comp="174" pin=0"/></net>

<net id="178"><net_src comp="174" pin="1"/><net_sink comp="92" pin=1"/></net>

<net id="179"><net_src comp="174" pin="1"/><net_sink comp="102" pin=0"/></net>

<net id="180"><net_src comp="174" pin="1"/><net_sink comp="129" pin=1"/></net>

<net id="184"><net_src comp="105" pin="3"/><net_sink comp="181" pin=0"/></net>

<net id="188"><net_src comp="113" pin="1"/><net_sink comp="185" pin=0"/></net>

<net id="189"><net_src comp="185" pin="1"/><net_sink comp="83" pin=2"/></net>

<net id="193"><net_src comp="53" pin="3"/><net_sink comp="190" pin=0"/></net>

<net id="194"><net_src comp="190" pin="1"/><net_sink comp="60" pin=2"/></net>

<net id="198"><net_src comp="70" pin="3"/><net_sink comp="195" pin=0"/></net>

<net id="199"><net_src comp="195" pin="1"/><net_sink comp="77" pin=0"/></net>

<net id="203"><net_src comp="138" pin="1"/><net_sink comp="200" pin=0"/></net>

<net id="204"><net_src comp="200" pin="1"/><net_sink comp="157" pin=0"/></net>

<net id="208"><net_src comp="142" pin="1"/><net_sink comp="205" pin=0"/></net>

<net id="209"><net_src comp="205" pin="1"/><net_sink comp="157" pin=1"/></net>

<net id="213"><net_src comp="146" pin="1"/><net_sink comp="210" pin=0"/></net>

<net id="214"><net_src comp="210" pin="1"/><net_sink comp="157" pin=1"/></net>

</net_list>

</model> 
---------------- Datapath Model END ------------------

* FSMD analyzer results:
  - Output states:
	Port: acc_out | {4 }
	Port: shift_reg_V | {2 }
 - Input state : 
	Port: fir_Pipeline_Shift_Accum_Loop : shift_reg_V | {1 2 }
	Port: fir_Pipeline_Shift_Accum_Loop : fir_int_int_c | {1 2 }
  - Chain level:
	State 1
		store_ln0 : 1
		store_ln0 : 1
		i_1 : 1
		tmp : 2
		br_ln28 : 3
		i_cast : 2
		add_ln28 : 2
		zext_ln30 : 3
		shift_reg_V_addr : 4
		shift_reg_V_load : 5
		fir_int_int_c_addr : 3
		fir_int_int_c_load : 4
		store_ln28 : 3
	State 2
		store_ln30 : 1
		trunc_ln1679 : 1
		sext_ln1679 : 2
		sext_ln31 : 1
		mul_ln31 : 3
	State 3
	State 4
		sext_ln31_1 : 1
		acc_1 : 2
		write_ln0 : 1
	State 5
		store_ln28 : 1


============================================================
+ Verbose Summary: Datapath Resource usage 
============================================================

* Functional unit list:
|----------|-----------------------|---------|---------|---------|
| Operation|    Functional Unit    |   DSP   |    FF   |   LUT   |
|----------|-----------------------|---------|---------|---------|
|    add   |    add_ln28_fu_118    |    0    |    0    |    15   |
|----------|-----------------------|---------|---------|---------|
|  muladd  |       grp_fu_157      |    1    |    0    |    0    |
|----------|-----------------------|---------|---------|---------|
|   write  | write_ln0_write_fu_46 |    0    |    0    |    0    |
|----------|-----------------------|---------|---------|---------|
| bitselect|       tmp_fu_105      |    0    |    0    |    0    |
|----------|-----------------------|---------|---------|---------|
|   zext   |     i_cast_fu_113     |    0    |    0    |    0    |
|          |    zext_ln30_fu_124   |    0    |    0    |    0    |
|----------|-----------------------|---------|---------|---------|
|   trunc  |  trunc_ln1679_fu_134  |    0    |    0    |    0    |
|----------|-----------------------|---------|---------|---------|
|   sext   |   sext_ln1679_fu_138  |    0    |    0    |    0    |
|          |    sext_ln31_fu_142   |    0    |    0    |    0    |
|----------|-----------------------|---------|---------|---------|
|   Total  |                       |    1    |    0    |    15   |
|----------|-----------------------|---------|---------|---------|

Memories:
N/A

* Register list:
+--------------------------+--------+
|                          |   FF   |
+--------------------------+--------+
|     acc_load_reg_210     |   19   |
|        acc_reg_166       |   19   |
|fir_int_int_c_addr_reg_195|    7   |
|      i_cast_reg_185      |   64   |
|         i_reg_174        |    8   |
|    sext_ln1679_reg_200   |   13   |
|     sext_ln31_reg_205    |   13   |
| shift_reg_V_addr_reg_190 |    7   |
|        tmp_reg_181       |    1   |
+--------------------------+--------+
|           Total          |   151  |
+--------------------------+--------+

* Multiplexer (MUX) list: 
|------------------|------|------|------|--------||---------||---------|
|       Comp       |  Pin | Size |  BW  | S x BW ||  Delay  ||   LUT   |
|------------------|------|------|------|--------||---------||---------|
| grp_access_fu_60 |  p2  |   2  |   0  |    0   ||    9    |
| grp_access_fu_77 |  p0  |   2  |   7  |   14   ||    9    |
|    grp_fu_157    |  p0  |   2  |   5  |   10   ||    9    |
|    grp_fu_157    |  p1  |   3  |   8  |   24   ||    14   |
|------------------|------|------|------|--------||---------||---------|
|       Total      |      |      |      |   48   ||  6.4713 ||    41   |
|------------------|------|------|------|--------||---------||---------|



* Summary:
+-----------+--------+--------+--------+--------+
|           |   DSP  |  Delay |   FF   |   LUT  |
+-----------+--------+--------+--------+--------+
|  Function |    1   |    -   |    0   |   15   |
|   Memory  |    -   |    -   |    -   |    -   |
|Multiplexer|    -   |    6   |    -   |   41   |
|  Register |    -   |    -   |   151  |    -   |
+-----------+--------+--------+--------+--------+
|   Total   |    1   |    6   |   151  |   56   |
+-----------+--------+--------+--------+--------+
