==============================================================
Vitis HLS - High-Level Synthesis from C, C++ and OpenCL v2022.1 (64-bit)
Tool Version Limit: 2022.04
Copyright 1986-2022 Xilinx, Inc. All Rights Reserved.
==============================================================
INFO: [SYN 201-201] Setting up clock 'default' with a period of 10ns.
INFO: [HLS 200-1611] Setting target device to 'xc7z020-clg400-1'
INFO: [HLS 200-1505] Using flow_target 'vivado'
INFO: [HLS 200-1510] Running: set_part xc7z020-clg400-1 
INFO: [HLS 200-1510] Running: create_clock -period 10 -name default 
INFO: [HLS 200-1510] Running: source ./fir128_Q5/origin/directives.tcl
INFO: [HLS 200-1510] Running: set_directive_top -name fir fir 
INFO: [HLS 200-1510] Running: csim_design -quiet 
INFO: [SIM 211-2] *************** CSIM start ***************
INFO: [SIM 211-4] CSIM will launch GCC as the compiler.
INFO: [SIM 211-1] CSim done with 0 errors.
INFO: [SIM 211-3] *************** CSIM finish ***************
INFO: [HLS 200-111] Finished Command csim_design CPU user time: 1 seconds. CPU system time: 0 seconds. Elapsed time: 1.808 seconds; current allocated memory: 0.000 MB.
INFO: [HLS 200-112] Total CPU user time: 3 seconds. Total CPU system time: 0 seconds. Total elapsed time: 4.996 seconds; peak allocated memory: 1.392 GB.
==============================================================
Vitis HLS - High-Level Synthesis from C, C++ and OpenCL v2022.1 (64-bit)
Tool Version Limit: 2022.04
Copyright 1986-2022 Xilinx, Inc. All Rights Reserved.
==============================================================
INFO: [SYN 201-201] Setting up clock 'default' with a period of 10ns.
INFO: [HLS 200-1611] Setting target device to 'xc7z020-clg400-1'
INFO: [HLS 200-1505] Using flow_target 'vivado'
INFO: [HLS 200-1510] Running: set_part xc7z020-clg400-1 
INFO: [HLS 200-1510] Running: create_clock -period 10 -name default 
INFO: [HLS 200-1510] Running: source ./fir128_Q5/origin/directives.tcl
INFO: [HLS 200-1510] Running: set_directive_top -name fir fir 
INFO: [HLS 200-1510] Running: csynth_design 
WARNING: [HLS 200-40] Skipped source file 'out.gold.dat'. Source files must have extensions .c, .C, .cc, .cpp, .c++, .cp, or .cxx.
WARNING: [HLS 200-40] Skipped source file 'input.dat'. Source files must have extensions .c, .C, .cc, .cpp, .c++, .cp, or .cxx.
INFO: [HLS 200-111] Finished File checks and directory preparation: CPU user time: 0 seconds. CPU system time: 0 seconds. Elapsed time: 0.017 seconds; current allocated memory: 1.406 GB.
INFO: [HLS 200-10] Analyzing design file 'fir128_Q5/fir.cpp' ... 
INFO: [HLS 200-111] Finished Source Code Analysis and Preprocessing: CPU user time: 0 seconds. CPU system time: 0 seconds. Elapsed time: 5.15 seconds; current allocated memory: 1.406 GB.
INFO: [HLS 200-777] Using interface defaults for 'Vivado' flow target.
INFO: [HLS 214-131] Inlining function 'ssdm_int<8, true>::ssdm_int(signed char)' into 'ap_int_base<8, true>::ap_int_base(int)' (D:/Xilinx/Vitis_HLS/2022.1/common/technology/autopilot\ap_int_base.h:260:67)
INFO: [HLS 214-131] Inlining function 'ap_int_base<8, true>::ap_int_base(int)' into 'ap_int<8>::ap_int(int)' (D:/Xilinx/Vitis_HLS/2022.1/common/technology/autopilot\ap_int.h:179:57)
INFO: [HLS 214-131] Inlining function 'ssdm_int<32, true>::ssdm_int(int)' into 'ap_int_base<32, true>::ap_int_base(int)' (D:/Xilinx/Vitis_HLS/2022.1/common/technology/autopilot\ap_int_base.h:260:67)
INFO: [HLS 214-131] Inlining function '_ZN8ssdm_intILi40ELb1EEC2EDq40_i' into 'ap_int_base<40, true>::ap_int_base<8, true>(ap_int_base<8, true> const&)' (D:/Xilinx/Vitis_HLS/2022.1/common/technology/autopilot\ap_int_base.h:231:106)
INFO: [HLS 214-131] Inlining function '_ZN8ssdm_intILi40ELb1EEC2EDq40_i' into 'ap_int_base<40, true>::ap_int_base<32, true>(ap_int_base<32, true> const&)' (D:/Xilinx/Vitis_HLS/2022.1/common/technology/autopilot\ap_int_base.h:231:106)
INFO: [HLS 214-131] Inlining function '_ZN8ssdm_intILi40ELb1EEC2EDq40_i' into 'ap_int_base<40, true>::ap_int_base(int)' (D:/Xilinx/Vitis_HLS/2022.1/common/technology/autopilot\ap_int_base.h:260:67)
INFO: [HLS 214-131] Inlining function 'ap_int_base<40, true>::ap_int_base<8, true>(ap_int_base<8, true> const&)' into 'ap_int_base<8, true>::RType<32, true>::mult operator*<8, true, 32, true>(ap_int_base<8, true> const&, ap_int_base<32, true> const&)' (D:/Xilinx/Vitis_HLS/2022.1/common/technology/autopilot\ap_int_base.h:1540:339)
INFO: [HLS 214-131] Inlining function 'ap_int<40>::ap_int<40, true>(ap_int_base<40, true> const&)' into 'ap_int_base<8, true>::RType<32, true>::mult operator*<8, true, 32, true>(ap_int_base<8, true> const&, ap_int_base<32, true> const&)' (D:/Xilinx/Vitis_HLS/2022.1/common/technology/autopilot\ap_int_base.h:1540:554)
INFO: [HLS 214-131] Inlining function 'ap_int_base<40, true>::ap_int_base(int)' into 'ap_int_base<8, true>::RType<32, true>::mult operator*<8, true, 32, true>(ap_int_base<8, true> const&, ap_int_base<32, true> const&)' (D:/Xilinx/Vitis_HLS/2022.1/common/technology/autopilot\ap_int_base.h:1540:516)
INFO: [HLS 214-131] Inlining function 'ap_int_base<40, true>::ap_int_base<32, true>(ap_int_base<32, true> const&)' into 'ap_int_base<8, true>::RType<32, true>::mult operator*<8, true, 32, true>(ap_int_base<8, true> const&, ap_int_base<32, true> const&)' (D:/Xilinx/Vitis_HLS/2022.1/common/technology/autopilot\ap_int_base.h:1540:427)
INFO: [HLS 214-131] Inlining function 'ap_int_base<32, true>::ap_int_base(int)' into 'ap_int_base<8, true>::RType<($_0)32, true>::mult operator*<8, true>(ap_int_base<8, true> const&, int)' (D:/Xilinx/Vitis_HLS/2022.1/common/technology/autopilot\ap_int_base.h:1679:483)
INFO: [HLS 214-131] Inlining function 'ap_int_base<8, true>::RType<32, true>::mult operator*<8, true, 32, true>(ap_int_base<8, true> const&, ap_int_base<32, true> const&)' into 'ap_int_base<8, true>::RType<($_0)32, true>::mult operator*<8, true>(ap_int_base<8, true> const&, int)' (D:/Xilinx/Vitis_HLS/2022.1/common/technology/autopilot\ap_int_base.h:1679:481)
INFO: [HLS 214-131] Inlining function 'ap_int<8>::ap_int(int)' into 'fir(int*, int)' (fir128_Q5/fir.cpp:31:18)
INFO: [HLS 214-131] Inlining function 'ap_int_base<40, true>::operator long long() const' into 'fir(int*, int)' (fir128_Q5/fir.cpp:36:10)
INFO: [HLS 214-131] Inlining function 'ap_int_base<8, true>::RType<($_0)32, true>::mult operator*<8, true>(ap_int_base<8, true> const&, int)' into 'fir(int*, int)' (fir128_Q5/fir.cpp:36:23)
WARNING: [HLS 214-167] The program may have out of bound array access (fir128_Q5/fir.cpp:29:17)
INFO: [HLS 200-111] Finished Compiling Optimization and Transform: CPU user time: 0 seconds. CPU system time: 0 seconds. Elapsed time: 3.962 seconds; current allocated memory: 1.406 GB.
INFO: [HLS 200-111] Finished Checking Pragmas: CPU user time: 0 seconds. CPU system time: 0 seconds. Elapsed time: 0.001 seconds; current allocated memory: 1.406 GB.
INFO: [HLS 200-10] Starting code transformations ...
INFO: [HLS 200-111] Finished Standard Transforms: CPU user time: 0 seconds. CPU system time: 0 seconds. Elapsed time: 0.066 seconds; current allocated memory: 1.406 GB.
INFO: [HLS 200-10] Checking synthesizability ...
INFO: [HLS 200-111] Finished Checking Synthesizability: CPU user time: 0 seconds. CPU system time: 0 seconds. Elapsed time: 0.067 seconds; current allocated memory: 1.406 GB.
INFO: [XFORM 203-510] Pipelining loop 'Time_delay_loop' (fir128_Q5/fir.cpp:25) in function 'fir' automatically.
INFO: [XFORM 203-510] Pipelining loop 'MAC' (fir128_Q5/fir.cpp:24) in function 'fir' automatically.
INFO: [HLS 200-111] Finished Loop, function and other optimizations: CPU user time: 0 seconds. CPU system time: 0 seconds. Elapsed time: 0.113 seconds; current allocated memory: 1.406 GB.
INFO: [HLS 200-472] Inferring partial write operation for 'shift_reg.V' (fir128_Q5/fir.cpp:29:17)
INFO: [HLS 200-472] Inferring partial write operation for 'shift_reg.V' (fir128_Q5/fir.cpp:31:16)
INFO: [HLS 200-111] Finished Architecture Synthesis: CPU user time: 0 seconds. CPU system time: 0 seconds. Elapsed time: 0.067 seconds; current allocated memory: 1.406 GB.
INFO: [HLS 200-10] Starting hardware synthesis ...
INFO: [HLS 200-10] Synthesizing 'fir' ...
INFO: [HLS 200-10] ----------------------------------------------------------------
INFO: [HLS 200-42] -- Implementing module 'fir_Pipeline_Time_delay_loop' 
INFO: [HLS 200-10] ----------------------------------------------------------------
INFO: [SCHED 204-11] Starting scheduling ...
INFO: [SCHED 204-61] Pipelining loop 'Time_delay_loop'.
INFO: [HLS 200-1470] Pipelining result : Target II = NA, Final II = 1, Depth = 2, loop 'Time_delay_loop'
INFO: [SCHED 204-11] Finished scheduling.
INFO: [HLS 200-111] Finished Scheduling: CPU user time: 0 seconds. CPU system time: 0 seconds. Elapsed time: 0.136 seconds; current allocated memory: 1.406 GB.
INFO: [BIND 205-100] Starting micro-architecture generation ...
INFO: [BIND 205-101] Performing variable lifetime analysis.
INFO: [BIND 205-101] Exploring resource sharing.
INFO: [BIND 205-101] Binding ...
INFO: [BIND 205-100] Finished micro-architecture generation.
INFO: [HLS 200-111] Finished Binding: CPU user time: 0 seconds. CPU system time: 0 seconds. Elapsed time: 0.042 seconds; current allocated memory: 1.406 GB.
INFO: [HLS 200-10] ----------------------------------------------------------------
INFO: [HLS 200-42] -- Implementing module 'fir_Pipeline_MAC' 
INFO: [HLS 200-10] ----------------------------------------------------------------
INFO: [SCHED 204-11] Starting scheduling ...
INFO: [HLS 200-486] Changing DSP latency (root=mul_ln36) to 3 in order to utilize available DSP registers.
INFO: [SCHED 204-61] Pipelining loop 'MAC'.
INFO: [HLS 200-1470] Pipelining result : Target II = NA, Final II = 1, Depth = 5, loop 'MAC'
INFO: [SCHED 204-11] Finished scheduling.
INFO: [HLS 200-111] Finished Scheduling: CPU user time: 0 seconds. CPU system time: 0 seconds. Elapsed time: 0.077 seconds; current allocated memory: 1.406 GB.
INFO: [BIND 205-100] Starting micro-architecture generation ...
INFO: [BIND 205-101] Performing variable lifetime analysis.
INFO: [BIND 205-101] Exploring resource sharing.
INFO: [BIND 205-101] Binding ...
INFO: [BIND 205-100] Finished micro-architecture generation.
INFO: [HLS 200-111] Finished Binding: CPU user time: 0 seconds. CPU system time: 0 seconds. Elapsed time: 0.05 seconds; current allocated memory: 1.406 GB.
INFO: [HLS 200-10] ----------------------------------------------------------------
INFO: [HLS 200-42] -- Implementing module 'fir' 
INFO: [HLS 200-10] ----------------------------------------------------------------
INFO: [SCHED 204-11] Starting scheduling ...
INFO: [SCHED 204-11] Finished scheduling.
INFO: [HLS 200-111] Finished Scheduling: CPU user time: 0 seconds. CPU system time: 0 seconds. Elapsed time: 0.052 seconds; current allocated memory: 1.406 GB.
INFO: [BIND 205-100] Starting micro-architecture generation ...
INFO: [BIND 205-101] Performing variable lifetime analysis.
INFO: [BIND 205-101] Exploring resource sharing.
INFO: [BIND 205-101] Binding ...
INFO: [BIND 205-100] Finished micro-architecture generation.
INFO: [HLS 200-111] Finished Binding: CPU user time: 0 seconds. CPU system time: 0 seconds. Elapsed time: 0.76 seconds; current allocated memory: 1.406 GB.
INFO: [HLS 200-10] ----------------------------------------------------------------
INFO: [HLS 200-10] -- Generating RTL for module 'fir_Pipeline_Time_delay_loop' 
INFO: [HLS 200-10] ----------------------------------------------------------------
INFO: [HLS 200-1030] Apply Unified Pipeline Control on module 'fir_Pipeline_Time_delay_loop' pipeline 'Time_delay_loop' pipeline type 'loop pipeline'
INFO: [RTGEN 206-100] Finished creating RTL model for 'fir_Pipeline_Time_delay_loop'.
INFO: [HLS 200-111] Finished Creating RTL model: CPU user time: 0 seconds. CPU system time: 0 seconds. Elapsed time: 0.047 seconds; current allocated memory: 1.406 GB.
INFO: [HLS 200-10] ----------------------------------------------------------------
INFO: [HLS 200-10] -- Generating RTL for module 'fir_Pipeline_MAC' 
INFO: [HLS 200-10] ----------------------------------------------------------------
INFO: [HLS 200-1030] Apply Unified Pipeline Control on module 'fir_Pipeline_MAC' pipeline 'MAC' pipeline type 'loop pipeline'
INFO: [RTGEN 206-100] Generating core module 'mac_muladd_5s_8s_19s_19_4_1': 1 instance(s).
INFO: [RTGEN 206-100] Finished creating RTL model for 'fir_Pipeline_MAC'.
INFO: [HLS 200-111] Finished Creating RTL model: CPU user time: 0 seconds. CPU system time: 0 seconds. Elapsed time: 0.08 seconds; current allocated memory: 1.406 GB.
INFO: [HLS 200-10] ----------------------------------------------------------------
INFO: [HLS 200-10] -- Generating RTL for module 'fir' 
INFO: [HLS 200-10] ----------------------------------------------------------------
INFO: [RTGEN 206-500] Setting interface mode on port 'fir/y' to 'ap_vld'.
INFO: [RTGEN 206-500] Setting interface mode on port 'fir/x' to 'ap_none'.
INFO: [RTGEN 206-500] Setting interface mode on function 'fir' to 'ap_ctrl_hs'.
WARNING: [RTGEN 206-101] Global array 'fir_int_int_c' will not be exposed as RTL port.
INFO: [RTGEN 206-100] Finished creating RTL model for 'fir'.
INFO: [HLS 200-111] Finished Creating RTL model: CPU user time: 0 seconds. CPU system time: 0 seconds. Elapsed time: 0.104 seconds; current allocated memory: 1.406 GB.
INFO: [RTMG 210-279] Implementing memory 'fir_fir_Pipeline_MAC_fir_int_int_c_ROM_AUTO_1R' using auto ROMs.
INFO: [RTMG 210-278] Implementing memory 'fir_shift_reg_V_RAM_AUTO_1R1W_ram (RAM)' using auto RAMs with power-on initialization.
INFO: [HLS 200-111] Finished Generating all RTL models: CPU user time: 0 seconds. CPU system time: 0 seconds. Elapsed time: 0.623 seconds; current allocated memory: 1.406 GB.
INFO: [HLS 200-111] Finished Updating report files: CPU user time: 0 seconds. CPU system time: 0 seconds. Elapsed time: 0.28 seconds; current allocated memory: 1.406 GB.
INFO: [VHDL 208-304] Generating VHDL RTL for fir.
INFO: [VLOG 209-307] Generating Verilog RTL for fir.
INFO: [HLS 200-790] **** Loop Constraint Status: All loop constraints were satisfied.
INFO: [HLS 200-789] **** Estimated Fmax: 153.66 MHz
INFO: [HLS 200-111] Finished Command csynth_design CPU user time: 0 seconds. CPU system time: 0 seconds. Elapsed time: 11.785 seconds; current allocated memory: 0.000 MB.
INFO: [HLS 200-112] Total CPU user time: 2 seconds. Total CPU system time: 1 seconds. Total elapsed time: 15.155 seconds; peak allocated memory: 1.406 GB.
