

================================================================
== Vitis HLS Report for 'fir_Pipeline_Shift_Accum_Loop'
================================================================
* Date:           Wed Mar 29 14:45:36 2023

* Version:        2022.1 (Build 3526262 on Mon Apr 18 15:48:16 MDT 2022)
* Project:        fir11_baseline
* Solution:       solution1 (Vivado IP Flow Target)
* Product family: zynq
* Target device:  xc7z020-clg400-1


================================================================
== Performance Estimates
================================================================
+ Timing: 
    * Summary: 
    +--------+----------+----------+------------+
    |  Clock |  Target  | Estimated| Uncertainty|
    +--------+----------+----------+------------+
    |ap_clk  |  10.00 ns|  6.912 ns|     2.70 ns|
    +--------+----------+----------+------------+

+ Latency: 
    * Summary: 
    +---------+---------+----------+----------+-----+-----+---------+
    |  Latency (cycles) |  Latency (absolute) |  Interval | Pipeline|
    |   min   |   max   |    min   |    max   | min | max |   Type  |
    +---------+---------+----------+----------+-----+-----+---------+
    |       16|       16|  0.160 us|  0.160 us|   16|   16|       no|
    +---------+---------+----------+----------+-----+-----+---------+

    + Detail: 
        * Instance: 
        N/A

        * Loop: 
        +--------------------+---------+---------+----------+-----------+-----------+------+----------+
        |                    |  Latency (cycles) | Iteration|  Initiation Interval  | Trip |          |
        |      Loop Name     |   min   |   max   |  Latency |  achieved |   target  | Count| Pipelined|
        +--------------------+---------+---------+----------+-----------+-----------+------+----------+
        |- Shift_Accum_Loop  |       14|       14|         5|          1|          1|    11|       yes|
        +--------------------+---------+---------+----------+-----------+-----------+------+----------+



================================================================
== Utilization Estimates
================================================================
* Summary: 
+-----------------+---------+-----+--------+-------+-----+
|       Name      | BRAM_18K| DSP |   FF   |  LUT  | URAM|
+-----------------+---------+-----+--------+-------+-----+
|DSP              |        -|    -|       -|      -|    -|
|Expression       |        -|    -|       0|     80|    -|
|FIFO             |        -|    -|       -|      -|    -|
|Instance         |        -|    2|     165|     50|    -|
|Memory           |        0|    -|      96|     12|    0|
|Multiplexer      |        -|    -|       -|     77|    -|
|Register         |        -|    -|     405|     64|    -|
+-----------------+---------+-----+--------+-------+-----+
|Total            |        0|    2|     666|    283|    0|
+-----------------+---------+-----+--------+-------+-----+
|Available        |      280|  220|  106400|  53200|    0|
+-----------------+---------+-----+--------+-------+-----+
|Utilization (%)  |        0|   ~0|      ~0|     ~0|    0|
+-----------------+---------+-----+--------+-------+-----+

+ Detail: 
    * Instance: 
    +-----------------------+--------------------+---------+----+-----+----+-----+
    |        Instance       |       Module       | BRAM_18K| DSP|  FF | LUT| URAM|
    +-----------------------+--------------------+---------+----+-----+----+-----+
    |mul_11s_32s_32_2_1_U1  |mul_11s_32s_32_2_1  |        0|   2|  165|  50|    0|
    +-----------------------+--------------------+---------+----+-----+----+-----+
    |Total                  |                    |        0|   2|  165|  50|    0|
    +-----------------------+--------------------+---------+----+-----+----+-----+

    * DSP: 
    N/A

    * Memory: 
    +-----------------+---------------------------------------------------------+---------+----+----+-----+------+-----+------+-------------+
    |      Memory     |                          Module                         | BRAM_18K| FF | LUT| URAM| Words| Bits| Banks| W*Bits*Banks|
    +-----------------+---------------------------------------------------------+---------+----+----+-----+------+-----+------+-------------+
    |fir_int_int_c_U  |fir_Pipeline_Shift_Accum_Loop_fir_int_int_c_ROM_AUTO_1R  |        0|  32|   6|    0|    11|   32|     1|          352|
    |shift_reg_U      |fir_Pipeline_Shift_Accum_Loop_shift_reg_RAM_AUTO_1R1W    |        0|  64|   6|    0|    11|   32|     1|          352|
    +-----------------+---------------------------------------------------------+---------+----+----+-----+------+-----+------+-------------+
    |Total            |                                                         |        0|  96|  12|    0|    22|   64|     2|          704|
    +-----------------+---------------------------------------------------------+---------+----+----+-----+------+-----+------+-------------+

    * FIFO: 
    N/A

    * Expression: 
    +---------------------+----------+----+---+----+------------+------------+
    |    Variable Name    | Operation| DSP| FF| LUT| Bitwidth P0| Bitwidth P1|
    +---------------------+----------+----+---+----+------------+------------+
    |acc_1_fu_190_p2      |         +|   0|  0|  39|          32|          32|
    |add_ln29_fu_172_p2   |         +|   0|  0|  13|           5|           2|
    |add_ln34_fu_161_p2   |         +|   0|  0|  13|           4|           2|
    |ap_condition_143     |       and|   0|  0|   2|           1|           1|
    |ap_condition_279     |       and|   0|  0|   2|           1|           1|
    |icmp_ln30_fu_155_p2  |      icmp|   0|  0|   9|           5|           1|
    |ap_enable_pp0        |       xor|   0|  0|   2|           1|           2|
    +---------------------+----------+----+---+----+------------+------------+
    |Total                |          |   0|  0|  80|          49|          41|
    +---------------------+----------+----+---+----+------------+------------+

    * Multiplexer: 
    +-------------------------------------+----+-----------+-----+-----------+
    |                 Name                | LUT| Input Size| Bits| Total Bits|
    +-------------------------------------+----+-----------+-----+-----------+
    |acc_fu_48                            |   9|          2|   32|         64|
    |ap_done_int                          |   9|          2|    1|          2|
    |ap_enable_reg_pp0_iter1              |   9|          2|    1|          2|
    |ap_phi_mux_mul_pn_phi_fu_119_p4      |   9|          2|   32|         64|
    |ap_phi_reg_pp0_iter1_mul_pn_reg_116  |   9|          2|   32|         64|
    |ap_sig_allocacmp_i_1                 |   9|          2|    5|         10|
    |i_fu_52                              |   9|          2|    5|         10|
    |shift_reg_address1                   |  14|          3|    4|         12|
    +-------------------------------------+----+-----------+-----+-----------+
    |Total                                |  77|         17|  112|        228|
    +-------------------------------------+----+-----------+-----+-----------+

    * Register: 
    +-------------------------------------+----+----+-----+-----------+
    |                 Name                | FF | LUT| Bits| Const Bits|
    +-------------------------------------+----+----+-----+-----------+
    |acc_fu_48                            |  32|   0|   32|          0|
    |ap_CS_fsm                            |   1|   0|    1|          0|
    |ap_done_reg                          |   1|   0|    1|          0|
    |ap_enable_reg_pp0_iter1              |   1|   0|    1|          0|
    |ap_enable_reg_pp0_iter2              |   1|   0|    1|          0|
    |ap_enable_reg_pp0_iter3              |   1|   0|    1|          0|
    |ap_enable_reg_pp0_iter4              |   1|   0|    1|          0|
    |ap_loop_exit_ready_pp0_iter1_reg     |   1|   0|    1|          0|
    |ap_loop_exit_ready_pp0_iter2_reg     |   1|   0|    1|          0|
    |ap_loop_exit_ready_pp0_iter3_reg     |   1|   0|    1|          0|
    |ap_phi_reg_pp0_iter1_mul_pn_reg_116  |  32|   0|   32|          0|
    |ap_phi_reg_pp0_iter2_mul_pn_reg_116  |  32|   0|   32|          0|
    |ap_phi_reg_pp0_iter3_mul_pn_reg_116  |  32|   0|   32|          0|
    |ap_phi_reg_pp0_iter4_mul_pn_reg_116  |  32|   0|   32|          0|
    |fir_int_int_c_load_reg_253           |  32|   0|   32|          0|
    |i_cast1_reg_229                      |   5|   0|   64|         59|
    |i_fu_52                              |   5|   0|    5|          0|
    |icmp_ln30_reg_234                    |   1|   0|    1|          0|
    |mul_ln35_reg_258                     |  32|   0|   32|          0|
    |shift_reg_load_reg_248               |  32|   0|   32|          0|
    |tmp_reg_225                          |   1|   0|    1|          0|
    |icmp_ln30_reg_234                    |  64|  32|    1|          0|
    |tmp_reg_225                          |  64|  32|    1|          0|
    +-------------------------------------+----+----+-----+-----------+
    |Total                                | 405|  64|  338|         59|
    +-------------------------------------+----+----+-----+-----------+



================================================================
== Interface
================================================================
* Summary: 
+----------------+-----+-----+------------+-------------------------------+--------------+
|    RTL Ports   | Dir | Bits|  Protocol  |         Source Object         |    C Type    |
+----------------+-----+-----+------------+-------------------------------+--------------+
|ap_clk          |   in|    1|  ap_ctrl_hs|  fir_Pipeline_Shift_Accum_Loop|  return value|
|ap_rst          |   in|    1|  ap_ctrl_hs|  fir_Pipeline_Shift_Accum_Loop|  return value|
|ap_start        |   in|    1|  ap_ctrl_hs|  fir_Pipeline_Shift_Accum_Loop|  return value|
|ap_done         |  out|    1|  ap_ctrl_hs|  fir_Pipeline_Shift_Accum_Loop|  return value|
|ap_idle         |  out|    1|  ap_ctrl_hs|  fir_Pipeline_Shift_Accum_Loop|  return value|
|ap_ready        |  out|    1|  ap_ctrl_hs|  fir_Pipeline_Shift_Accum_Loop|  return value|
|mul             |   in|   32|     ap_none|                            mul|        scalar|
|x               |   in|   32|     ap_none|                              x|        scalar|
|acc_out         |  out|   32|      ap_vld|                        acc_out|       pointer|
|acc_out_ap_vld  |  out|    1|      ap_vld|                        acc_out|       pointer|
+----------------+-----+-----+------------+-------------------------------+--------------+

