

================================================================
== Vitis HLS Report for 'fir_Pipeline_Shift_Accum_Loop'
================================================================
* Date:           Wed Mar 29 16:44:38 2023

* Version:        2022.1 (Build 3526262 on Mon Apr 18 15:48:16 MDT 2022)
* Project:        fir128_Q2
* Solution:       solution1 (Vivado IP Flow Target)
* Product family: zynq
* Target device:  xc7z020-clg400-1


================================================================
== Performance Estimates
================================================================
+ Timing: 
    * Summary: 
    +--------+----------+----------+------------+
    |  Clock |  Target  | Estimated| Uncertainty|
    +--------+----------+----------+------------+
    |ap_clk  |  10.00 ns|  6.508 ns|     2.70 ns|
    +--------+----------+----------+------------+

+ Latency: 
    * Summary: 
    +---------+---------+----------+----------+-----+-----+---------+
    |  Latency (cycles) |  Latency (absolute) |  Interval | Pipeline|
    |   min   |   max   |    min   |    max   | min | max |   Type  |
    +---------+---------+----------+----------+-----+-----+---------+
    |      132|      132|  1.320 us|  1.320 us|  132|  132|       no|
    +---------+---------+----------+----------+-----+-----+---------+

    + Detail: 
        * Instance: 
        N/A

        * Loop: 
        +--------------------+---------+---------+----------+-----------+-----------+------+----------+
        |                    |  Latency (cycles) | Iteration|  Initiation Interval  | Trip |          |
        |      Loop Name     |   min   |   max   |  Latency |  achieved |   target  | Count| Pipelined|
        +--------------------+---------+---------+----------+-----------+-----------+------+----------+
        |- Shift_Accum_Loop  |      130|      130|         4|          1|          1|   128|       yes|
        +--------------------+---------+---------+----------+-----------+-----------+------+----------+



================================================================
== Utilization Estimates
================================================================
* Summary: 
+-----------------+---------+-----+--------+-------+-----+
|       Name      | BRAM_18K| DSP |   FF   |  LUT  | URAM|
+-----------------+---------+-----+--------+-------+-----+
|DSP              |        -|    -|       -|      -|    -|
|Expression       |        -|    -|       0|     85|    -|
|FIFO             |        -|    -|       -|      -|    -|
|Instance         |        -|    0|       0|     41|    -|
|Memory           |        2|    -|       0|      0|    0|
|Multiplexer      |        -|    -|       -|     77|    -|
|Register         |        -|    -|     294|     64|    -|
+-----------------+---------+-----+--------+-------+-----+
|Total            |        2|    0|     294|    267|    0|
+-----------------+---------+-----+--------+-------+-----+
|Available        |      280|  220|  106400|  53200|    0|
+-----------------+---------+-----+--------+-------+-----+
|Utilization (%)  |       ~0|    0|      ~0|     ~0|    0|
+-----------------+---------+-----+--------+-------+-----+

+ Detail: 
    * Instance: 
    +---------------------+------------------+---------+----+---+----+-----+
    |       Instance      |      Module      | BRAM_18K| DSP| FF| LUT| URAM|
    +---------------------+------------------+---------+----+---+----+-----+
    |mul_5s_8s_13_1_1_U1  |mul_5s_8s_13_1_1  |        0|   0|  0|  41|    0|
    +---------------------+------------------+---------+----+---+----+-----+
    |Total                |                  |        0|   0|  0|  41|    0|
    +---------------------+------------------+---------+----+---+----+-----+

    * DSP: 
    N/A

    * Memory: 
    +-----------------+---------------------------------------------------------+---------+---+----+-----+------+-----+------+-------------+
    |      Memory     |                          Module                         | BRAM_18K| FF| LUT| URAM| Words| Bits| Banks| W*Bits*Banks|
    +-----------------+---------------------------------------------------------+---------+---+----+-----+------+-----+------+-------------+
    |fir_int_int_c_U  |fir_Pipeline_Shift_Accum_Loop_fir_int_int_c_ROM_AUTO_1R  |        1|  0|   0|    0|   128|   32|     1|         4096|
    |shift_reg_V_U    |fir_Pipeline_Shift_Accum_Loop_shift_reg_V_RAM_AUTO_1R1W  |        1|  0|   0|    0|   128|    8|     1|         1024|
    +-----------------+---------------------------------------------------------+---------+---+----+-----+------+-----+------+-------------+
    |Total            |                                                         |        2|  0|   0|    0|   256|   40|     2|         5120|
    +-----------------+---------------------------------------------------------+---------+---+----+-----+------+-----+------+-------------+

    * FIFO: 
    N/A

    * Expression: 
    +---------------------+----------+----+---+----+------------+------------+
    |    Variable Name    | Operation| DSP| FF| LUT| Bitwidth P0| Bitwidth P1|
    +---------------------+----------+----+---+----+------------+------------+
    |acc_1_fu_206_p2      |         +|   0|  0|  39|          32|          32|
    |add_ln28_fu_172_p2   |         +|   0|  0|  15|           8|           2|
    |add_ln33_fu_161_p2   |         +|   0|  0|  14|           7|           2|
    |ap_condition_133     |       and|   0|  0|   2|           1|           1|
    |ap_condition_268     |       and|   0|  0|   2|           1|           1|
    |icmp_ln29_fu_155_p2  |      icmp|   0|  0|  11|           8|           1|
    |ap_enable_pp0        |       xor|   0|  0|   2|           1|           2|
    +---------------------+----------+----+---+----+------------+------------+
    |Total                |          |   0|  0|  85|          58|          41|
    +---------------------+----------+----+---+----+------------+------------+

    * Multiplexer: 
    +-------------------------------------+----+-----------+-----+-----------+
    |                 Name                | LUT| Input Size| Bits| Total Bits|
    +-------------------------------------+----+-----------+-----+-----------+
    |acc_fu_48                            |   9|          2|   32|         64|
    |ap_done_int                          |   9|          2|    1|          2|
    |ap_enable_reg_pp0_iter1              |   9|          2|    1|          2|
    |ap_phi_reg_pp0_iter1_mul_pn_reg_116  |   9|          2|   32|         64|
    |ap_phi_reg_pp0_iter3_mul_pn_reg_116  |   9|          2|   32|         64|
    |ap_sig_allocacmp_i_1                 |   9|          2|    8|         16|
    |i_fu_52                              |   9|          2|    8|         16|
    |shift_reg_V_address1                 |  14|          3|    7|         21|
    +-------------------------------------+----+-----------+-----+-----------+
    |Total                                |  77|         17|  121|        249|
    +-------------------------------------+----+-----------+-----+-----------+

    * Register: 
    +-------------------------------------+----+----+-----+-----------+
    |                 Name                | FF | LUT| Bits| Const Bits|
    +-------------------------------------+----+----+-----+-----------+
    |acc_fu_48                            |  32|   0|   32|          0|
    |ap_CS_fsm                            |   1|   0|    1|          0|
    |ap_done_reg                          |   1|   0|    1|          0|
    |ap_enable_reg_pp0_iter1              |   1|   0|    1|          0|
    |ap_enable_reg_pp0_iter2              |   1|   0|    1|          0|
    |ap_enable_reg_pp0_iter3              |   1|   0|    1|          0|
    |ap_loop_exit_ready_pp0_iter1_reg     |   1|   0|    1|          0|
    |ap_loop_exit_ready_pp0_iter2_reg     |   1|   0|    1|          0|
    |ap_phi_reg_pp0_iter1_mul_pn_reg_116  |  32|   0|   32|          0|
    |ap_phi_reg_pp0_iter2_mul_pn_reg_116  |  32|   0|   32|          0|
    |ap_phi_reg_pp0_iter3_mul_pn_reg_116  |  32|   0|   32|          0|
    |i_fu_52                              |   8|   0|    8|          0|
    |icmp_ln29_reg_250                    |   1|   0|    1|          0|
    |shift_reg_V_load_reg_264             |   8|   0|    8|          0|
    |tmp_reg_241                          |   1|   0|    1|          0|
    |trunc_ln1679_reg_269                 |   5|   0|    5|          0|
    |zext_ln28_reg_245                    |   8|   0|   64|         56|
    |icmp_ln29_reg_250                    |  64|  32|    1|          0|
    |tmp_reg_241                          |  64|  32|    1|          0|
    +-------------------------------------+----+----+-----+-----------+
    |Total                                | 294|  64|  224|         56|
    +-------------------------------------+----+----+-----+-----------+



================================================================
== Interface
================================================================
* Summary: 
+----------------+-----+-----+------------+-------------------------------+--------------+
|    RTL Ports   | Dir | Bits|  Protocol  |         Source Object         |    C Type    |
+----------------+-----+-----+------------+-------------------------------+--------------+
|ap_clk          |   in|    1|  ap_ctrl_hs|  fir_Pipeline_Shift_Accum_Loop|  return value|
|ap_rst          |   in|    1|  ap_ctrl_hs|  fir_Pipeline_Shift_Accum_Loop|  return value|
|ap_start        |   in|    1|  ap_ctrl_hs|  fir_Pipeline_Shift_Accum_Loop|  return value|
|ap_done         |  out|    1|  ap_ctrl_hs|  fir_Pipeline_Shift_Accum_Loop|  return value|
|ap_idle         |  out|    1|  ap_ctrl_hs|  fir_Pipeline_Shift_Accum_Loop|  return value|
|ap_ready        |  out|    1|  ap_ctrl_hs|  fir_Pipeline_Shift_Accum_Loop|  return value|
|mul             |   in|   32|     ap_none|                            mul|        scalar|
|conv2_i_i       |   in|    8|     ap_none|                      conv2_i_i|        scalar|
|acc_out         |  out|   32|      ap_vld|                        acc_out|       pointer|
|acc_out_ap_vld  |  out|    1|      ap_vld|                        acc_out|       pointer|
+----------------+-----+-----+------------+-------------------------------+--------------+

============================================================
+ Verbose Summary: Synthesis Manager
============================================================
InlineROM: 1
ExposeGlobal: 0
============================================================
+ Verbose Summary: CDFG Model
============================================================
IsTopModel: 0
ResetActiveHigh: 1
IsCombinational: 2
IsDatapathOnly: 2
HasWiredReturn: 1
HasMFsm: 2
HasVarLatency: 1
IsPipeline: 0
IsRtlPipelined: 0
IsInstanceOverlapped: 0
IsDontTouch: 0
HasImplIP: 0
IsGatedGlobalClock: 0

+ Individual pipeline summary: 
  * Pipeline-0: initiation interval (II) = 1, depth = 4


============================================================
+ Verbose Summary: Schedule
============================================================
* Number of FSM states : 4
* Pipeline : 1
  Pipeline-0 : II = 1, D = 4, States = { 1 2 3 4 }
* Dataflow Pipeline: 0

* FSM state transitions: 
1 --> 2 
2 --> 3 
3 --> 4 
4 --> 

* FSM state operations: 

State 1 <SV = 0> <Delay = 5.78>
ST_1 : Operation 7 [1/1] (0.00ns)   --->   "%acc = alloca i32 1"   --->   Operation 7 'alloca' 'acc' <Predicate = true> <Delay = 0.00>
ST_1 : Operation 8 [1/1] (0.00ns)   --->   "%i = alloca i32 1"   --->   Operation 8 'alloca' 'i' <Predicate = true> <Delay = 0.00>
ST_1 : Operation 9 [1/1] (0.00ns)   --->   "%conv2_i_i_read = read i8 @_ssdm_op_Read.ap_auto.i8, i8 %conv2_i_i"   --->   Operation 9 'read' 'conv2_i_i_read' <Predicate = true> <Delay = 0.00>
ST_1 : Operation 10 [1/1] (0.00ns)   --->   "%mul_read = read i32 @_ssdm_op_Read.ap_auto.i32, i32 %mul"   --->   Operation 10 'read' 'mul_read' <Predicate = true> <Delay = 0.00>
ST_1 : Operation 11 [1/1] (1.58ns)   --->   "%store_ln0 = store i8 127, i8 %i"   --->   Operation 11 'store' 'store_ln0' <Predicate = true> <Delay = 1.58>
ST_1 : Operation 12 [1/1] (1.58ns)   --->   "%store_ln0 = store i32 0, i32 %acc"   --->   Operation 12 'store' 'store_ln0' <Predicate = true> <Delay = 1.58>
ST_1 : Operation 13 [1/1] (0.00ns)   --->   "%br_ln0 = br void %for.body"   --->   Operation 13 'br' 'br_ln0' <Predicate = true> <Delay = 0.00>
ST_1 : Operation 14 [1/1] (0.00ns)   --->   "%i_1 = load i8 %i" [fir128_Q2/fir.cpp:28]   --->   Operation 14 'load' 'i_1' <Predicate = true> <Delay = 0.00>
ST_1 : Operation 15 [1/1] (0.00ns)   --->   "%tmp = bitselect i1 @_ssdm_op_BitSelect.i1.i8.i32, i8 %i_1, i32 7" [fir128_Q2/fir.cpp:28]   --->   Operation 15 'bitselect' 'tmp' <Predicate = true> <Delay = 0.00>
ST_1 : Operation 16 [1/1] (0.00ns)   --->   "%empty = speclooptripcount i32 @_ssdm_op_SpecLoopTripCount, i64 128, i64 128, i64 128"   --->   Operation 16 'speclooptripcount' 'empty' <Predicate = true> <Delay = 0.00>
ST_1 : Operation 17 [1/1] (0.00ns)   --->   "%br_ln28 = br i1 %tmp, void %for.body.split, void %for.end.exitStub" [fir128_Q2/fir.cpp:28]   --->   Operation 17 'br' 'br_ln28' <Predicate = true> <Delay = 0.00>
ST_1 : Operation 18 [1/1] (0.00ns)   --->   "%zext_ln28 = zext i8 %i_1" [fir128_Q2/fir.cpp:28]   --->   Operation 18 'zext' 'zext_ln28' <Predicate = (!tmp)> <Delay = 0.00>
ST_1 : Operation 19 [1/1] (0.00ns)   --->   "%trunc_ln28 = trunc i8 %i_1" [fir128_Q2/fir.cpp:28]   --->   Operation 19 'trunc' 'trunc_ln28' <Predicate = (!tmp)> <Delay = 0.00>
ST_1 : Operation 20 [1/1] (0.00ns)   --->   "%specpipeline_ln7 = specpipeline void @_ssdm_op_SpecPipeline, i32 1, i32 0, i32 0, i32 0, void @empty_0" [D:/HLS/HLS_LABC/fir128_Q2/solution1/directives.tcl:7]   --->   Operation 20 'specpipeline' 'specpipeline_ln7' <Predicate = (!tmp)> <Delay = 0.00>
ST_1 : Operation 21 [1/1] (0.00ns)   --->   "%specloopname_ln24 = specloopname void @_ssdm_op_SpecLoopName, void @empty_2" [fir128_Q2/fir.cpp:24]   --->   Operation 21 'specloopname' 'specloopname_ln24' <Predicate = (!tmp)> <Delay = 0.00>
ST_1 : Operation 22 [1/1] (1.55ns)   --->   "%icmp_ln29 = icmp_eq  i8 %i_1, i8 0" [fir128_Q2/fir.cpp:29]   --->   Operation 22 'icmp' 'icmp_ln29' <Predicate = (!tmp)> <Delay = 1.55> <CoreInst = "Cmp">   --->   Core 9 'Cmp' <Latency = 0> <II = 1> <Delay = 1.55> <FuncUnit> <Opcode : 'icmp'> <InPorts = 2> <OutPorts = 1>
ST_1 : Operation 23 [1/1] (0.00ns)   --->   "%br_ln29 = br i1 %icmp_ln29, void %if.else, void %if.then" [fir128_Q2/fir.cpp:29]   --->   Operation 23 'br' 'br_ln29' <Predicate = (!tmp)> <Delay = 0.00>
ST_1 : Operation 24 [1/1] (1.87ns)   --->   "%add_ln33 = add i7 %trunc_ln28, i7 127" [fir128_Q2/fir.cpp:33]   --->   Operation 24 'add' 'add_ln33' <Predicate = (!tmp & !icmp_ln29)> <Delay = 1.87> <CoreInst = "Adder">   --->   Core 1 'Adder' <Latency = 0> <II = 1> <Delay = 1.87> <FuncUnit> <Opcode : 'add' 'sub'> <InPorts = 2> <OutPorts = 1>
ST_1 : Operation 25 [1/1] (0.00ns)   --->   "%zext_ln33 = zext i7 %add_ln33" [fir128_Q2/fir.cpp:33]   --->   Operation 25 'zext' 'zext_ln33' <Predicate = (!tmp & !icmp_ln29)> <Delay = 0.00>
ST_1 : Operation 26 [1/1] (0.00ns)   --->   "%shift_reg_V_addr = getelementptr i8 %shift_reg_V, i64 0, i64 %zext_ln33" [fir128_Q2/fir.cpp:33]   --->   Operation 26 'getelementptr' 'shift_reg_V_addr' <Predicate = (!tmp & !icmp_ln29)> <Delay = 0.00>
ST_1 : Operation 27 [2/2] (3.25ns)   --->   "%shift_reg_V_load = load i7 %shift_reg_V_addr" [fir128_Q2/fir.cpp:33]   --->   Operation 27 'load' 'shift_reg_V_load' <Predicate = (!tmp & !icmp_ln29)> <Delay = 3.25> <CoreInst = "RAM">   --->   Core 82 'RAM' <Latency = 1> <II = 1> <Delay = 3.25> <Storage> <Opcode : 'load' 'store'> <Ports = 2> <Width = 8> <Depth = 128> <RAM>
ST_1 : Operation 28 [1/1] (0.00ns)   --->   "%fir_int_int_c_addr = getelementptr i32 %fir_int_int_c, i64 0, i64 %zext_ln28" [fir128_Q2/fir.cpp:34]   --->   Operation 28 'getelementptr' 'fir_int_int_c_addr' <Predicate = (!tmp & !icmp_ln29)> <Delay = 0.00>
ST_1 : Operation 29 [2/2] (3.25ns)   --->   "%fir_int_int_c_load = load i7 %fir_int_int_c_addr" [fir128_Q2/fir.cpp:34]   --->   Operation 29 'load' 'fir_int_int_c_load' <Predicate = (!tmp & !icmp_ln29)> <Delay = 3.25> <CoreInst = "ROM">   --->   Core 95 'ROM' <Latency = 1> <II = 1> <Delay = 3.25> <Storage> <Opcode : 'load'> <Ports = 0> <Width = 32> <Depth = 128> <ROM>
ST_1 : Operation 30 [1/1] (3.25ns)   --->   "%store_ln31 = store i8 %conv2_i_i_read, i8 0" [fir128_Q2/fir.cpp:31]   --->   Operation 30 'store' 'store_ln31' <Predicate = (!tmp & icmp_ln29)> <Delay = 3.25> <CoreInst = "RAM">   --->   Core 82 'RAM' <Latency = 1> <II = 1> <Delay = 3.25> <Storage> <Opcode : 'load' 'store'> <Ports = 2> <Width = 8> <Depth = 128> <RAM>
ST_1 : Operation 31 [1/1] (1.58ns)   --->   "%br_ln32 = br void %for.inc" [fir128_Q2/fir.cpp:32]   --->   Operation 31 'br' 'br_ln32' <Predicate = (!tmp & icmp_ln29)> <Delay = 1.58>
ST_1 : Operation 32 [1/1] (1.91ns)   --->   "%add_ln28 = add i8 %i_1, i8 255" [fir128_Q2/fir.cpp:28]   --->   Operation 32 'add' 'add_ln28' <Predicate = (!tmp)> <Delay = 1.91> <CoreInst = "Adder">   --->   Core 1 'Adder' <Latency = 0> <II = 1> <Delay = 1.91> <FuncUnit> <Opcode : 'add' 'sub'> <InPorts = 2> <OutPorts = 1>
ST_1 : Operation 33 [1/1] (1.58ns)   --->   "%store_ln28 = store i8 %add_ln28, i8 %i" [fir128_Q2/fir.cpp:28]   --->   Operation 33 'store' 'store_ln28' <Predicate = (!tmp)> <Delay = 1.58>

State 2 <SV = 1> <Delay = 6.50>
ST_2 : Operation 34 [1/2] (3.25ns)   --->   "%shift_reg_V_load = load i7 %shift_reg_V_addr" [fir128_Q2/fir.cpp:33]   --->   Operation 34 'load' 'shift_reg_V_load' <Predicate = (!tmp & !icmp_ln29)> <Delay = 3.25> <CoreInst = "RAM">   --->   Core 82 'RAM' <Latency = 1> <II = 1> <Delay = 3.25> <Storage> <Opcode : 'load' 'store'> <Ports = 2> <Width = 8> <Depth = 128> <RAM>
ST_2 : Operation 35 [1/1] (0.00ns)   --->   "%shift_reg_V_addr_1 = getelementptr i8 %shift_reg_V, i64 0, i64 %zext_ln28" [fir128_Q2/fir.cpp:33]   --->   Operation 35 'getelementptr' 'shift_reg_V_addr_1' <Predicate = (!tmp & !icmp_ln29)> <Delay = 0.00>
ST_2 : Operation 36 [1/1] (3.25ns)   --->   "%store_ln33 = store i8 %shift_reg_V_load, i7 %shift_reg_V_addr_1" [fir128_Q2/fir.cpp:33]   --->   Operation 36 'store' 'store_ln33' <Predicate = (!tmp & !icmp_ln29)> <Delay = 3.25> <CoreInst = "RAM">   --->   Core 82 'RAM' <Latency = 1> <II = 1> <Delay = 3.25> <Storage> <Opcode : 'load' 'store'> <Ports = 2> <Width = 8> <Depth = 128> <RAM>
ST_2 : Operation 37 [1/2] (3.25ns)   --->   "%fir_int_int_c_load = load i7 %fir_int_int_c_addr" [fir128_Q2/fir.cpp:34]   --->   Operation 37 'load' 'fir_int_int_c_load' <Predicate = (!tmp & !icmp_ln29)> <Delay = 3.25> <CoreInst = "ROM">   --->   Core 95 'ROM' <Latency = 1> <II = 1> <Delay = 3.25> <Storage> <Opcode : 'load'> <Ports = 0> <Width = 32> <Depth = 128> <ROM>
ST_2 : Operation 38 [1/1] (0.00ns)   --->   "%trunc_ln1679 = trunc i32 %fir_int_int_c_load"   --->   Operation 38 'trunc' 'trunc_ln1679' <Predicate = (!tmp & !icmp_ln29)> <Delay = 0.00>

State 3 <SV = 2> <Delay = 4.17>
ST_3 : Operation 39 [1/1] (0.00ns)   --->   "%sext_ln1679 = sext i5 %trunc_ln1679"   --->   Operation 39 'sext' 'sext_ln1679' <Predicate = (!tmp & !icmp_ln29)> <Delay = 0.00>
ST_3 : Operation 40 [1/1] (0.00ns)   --->   "%sext_ln34 = sext i8 %shift_reg_V_load" [fir128_Q2/fir.cpp:34]   --->   Operation 40 'sext' 'sext_ln34' <Predicate = (!tmp & !icmp_ln29)> <Delay = 0.00>
ST_3 : Operation 41 [1/1] (4.17ns)   --->   "%mul_ln34 = mul i13 %sext_ln1679, i13 %sext_ln34" [fir128_Q2/fir.cpp:34]   --->   Operation 41 'mul' 'mul_ln34' <Predicate = (!tmp & !icmp_ln29)> <Delay = 4.17> <CoreInst = "Multiplier">   --->   Core 3 'Multiplier' <Latency = 0> <II = 1> <Delay = 4.17> <FuncUnit> <Opcode : 'mul'> <InPorts = 2> <OutPorts = 1>
ST_3 : Operation 42 [1/1] (0.00ns)   --->   "%mul_ln34_cast = sext i13 %mul_ln34" [fir128_Q2/fir.cpp:34]   --->   Operation 42 'sext' 'mul_ln34_cast' <Predicate = (!tmp & !icmp_ln29)> <Delay = 0.00>
ST_3 : Operation 43 [1/1] (1.58ns)   --->   "%br_ln0 = br void %for.inc"   --->   Operation 43 'br' 'br_ln0' <Predicate = (!tmp & !icmp_ln29)> <Delay = 1.58>
ST_3 : Operation 49 [1/1] (0.00ns)   --->   "%acc_load_1 = load i32 %acc"   --->   Operation 49 'load' 'acc_load_1' <Predicate = (tmp)> <Delay = 0.00>
ST_3 : Operation 50 [1/1] (0.00ns)   --->   "%write_ln0 = write void @_ssdm_op_Write.ap_auto.i32P0A, i32 %acc_out, i32 %acc_load_1"   --->   Operation 50 'write' 'write_ln0' <Predicate = (tmp)> <Delay = 0.00>
ST_3 : Operation 51 [1/1] (0.00ns)   --->   "%ret_ln0 = ret"   --->   Operation 51 'ret' 'ret_ln0' <Predicate = (tmp)> <Delay = 0.00>

State 4 <SV = 3> <Delay = 4.14>
ST_4 : Operation 44 [1/1] (0.00ns) (grouped into LUT with out node acc_1)   --->   "%mul_pn = phi i32 %mul_read, void %if.then, i32 %mul_ln34_cast, void %if.else" [fir128_Q2/fir.cpp:34]   --->   Operation 44 'phi' 'mul_pn' <Predicate = true> <Delay = 0.00>
ST_4 : Operation 45 [1/1] (0.00ns)   --->   "%acc_load = load i32 %acc" [fir128_Q2/fir.cpp:24]   --->   Operation 45 'load' 'acc_load' <Predicate = true> <Delay = 0.00>
ST_4 : Operation 46 [1/1] (2.55ns) (out node of the LUT)   --->   "%acc_1 = add i32 %mul_pn, i32 %acc_load" [fir128_Q2/fir.cpp:24]   --->   Operation 46 'add' 'acc_1' <Predicate = true> <Delay = 2.55> <CoreInst = "Adder">   --->   Core 1 'Adder' <Latency = 0> <II = 1> <Delay = 2.55> <FuncUnit> <Opcode : 'add' 'sub'> <InPorts = 2> <OutPorts = 1>
ST_4 : Operation 47 [1/1] (1.58ns)   --->   "%store_ln28 = store i32 %acc_1, i32 %acc" [fir128_Q2/fir.cpp:28]   --->   Operation 47 'store' 'store_ln28' <Predicate = true> <Delay = 1.58>
ST_4 : Operation 48 [1/1] (0.00ns)   --->   "%br_ln28 = br void %for.body" [fir128_Q2/fir.cpp:28]   --->   Operation 48 'br' 'br_ln28' <Predicate = true> <Delay = 0.00>


============================================================
+ Verbose Summary: Binding
============================================================
STG Binding: 
---------------- STG Properties BEGIN ----------------
- Is combinational: 0
- Is one-state seq: 0
- Is datapath-only: 0
- Is pipelined: 0
- Is top level: 0
Port [ Return ] is wired: 1; IO mode=ap_ctrl_hs:ce=0
Port [ mul]:  wired=1; compound=0; hidden=0; nouse=0; global=0; static=0; extern=0; dir=0; type=0; pingpong=0; private_global=0; IO mode=ap_none:ce=0
Port [ conv2_i_i]:  wired=1; compound=0; hidden=0; nouse=0; global=0; static=0; extern=0; dir=0; type=0; pingpong=0; private_global=0; IO mode=ap_none:ce=0
Port [ acc_out]:  wired=1; compound=0; hidden=0; nouse=0; global=0; static=0; extern=0; dir=1; type=0; pingpong=0; private_global=0; IO mode=ap_vld:ce=0
Port [ shift_reg_V]:  wired=0; compound=1; hidden=1; nouse=0; global=1; static=1; extern=0; dir=2; type=1; pingpong=0; private_global=1; MemPort=[02]; IO mode=ap_memory:ce=0
Port [ fir_int_int_c]:  wired=0; compound=1; hidden=1; nouse=0; global=1; static=0; extern=0; dir=0; type=1; pingpong=0; private_global=1; MemPort=[1]; IO mode=ap_memory:ce=0
---------------- STG Properties END ------------------

---------------- Datapath Model BEGIN ----------------

<LifeTime>
<method=bitvector/>
acc                (alloca           ) [ 01111]
i                  (alloca           ) [ 01000]
conv2_i_i_read     (read             ) [ 00000]
mul_read           (read             ) [ 01111]
store_ln0          (store            ) [ 00000]
store_ln0          (store            ) [ 00000]
br_ln0             (br               ) [ 00000]
i_1                (load             ) [ 00000]
tmp                (bitselect        ) [ 01111]
empty              (speclooptripcount) [ 00000]
br_ln28            (br               ) [ 00000]
zext_ln28          (zext             ) [ 01100]
trunc_ln28         (trunc            ) [ 00000]
specpipeline_ln7   (specpipeline     ) [ 00000]
specloopname_ln24  (specloopname     ) [ 00000]
icmp_ln29          (icmp             ) [ 01111]
br_ln29            (br               ) [ 00000]
add_ln33           (add              ) [ 00000]
zext_ln33          (zext             ) [ 00000]
shift_reg_V_addr   (getelementptr    ) [ 01100]
fir_int_int_c_addr (getelementptr    ) [ 01100]
store_ln31         (store            ) [ 00000]
br_ln32            (br               ) [ 01111]
add_ln28           (add              ) [ 00000]
store_ln28         (store            ) [ 00000]
shift_reg_V_load   (load             ) [ 01010]
shift_reg_V_addr_1 (getelementptr    ) [ 00000]
store_ln33         (store            ) [ 00000]
fir_int_int_c_load (load             ) [ 00000]
trunc_ln1679       (trunc            ) [ 01010]
sext_ln1679        (sext             ) [ 00000]
sext_ln34          (sext             ) [ 00000]
mul_ln34           (mul              ) [ 00000]
mul_ln34_cast      (sext             ) [ 01011]
br_ln0             (br               ) [ 01011]
mul_pn             (phi              ) [ 01001]
acc_load           (load             ) [ 00000]
acc_1              (add              ) [ 00000]
store_ln28         (store            ) [ 00000]
br_ln28            (br               ) [ 00000]
acc_load_1         (load             ) [ 00000]
write_ln0          (write            ) [ 00000]
ret_ln0            (ret              ) [ 00000]
</LifeTime>

<model>

<comp_list>
<comp id="0" class="1000" name="mul">
<pin_list>
<pin id="1" dir="1" index="0" bw="1" slack="0"/>
</pin_list>
<bind>
<StgValue><ssdm name="mul"/></StgValue>
</bind>
</comp>

<comp id="2" class="1000" name="conv2_i_i">
<pin_list>
<pin id="3" dir="1" index="0" bw="1" slack="0"/>
</pin_list>
<bind>
<StgValue><ssdm name="conv2_i_i"/></StgValue>
</bind>
</comp>

<comp id="4" class="1000" name="acc_out">
<pin_list>
<pin id="5" dir="1" index="0" bw="1" slack="0"/>
</pin_list>
<bind>
<StgValue><ssdm name="acc_out"/></StgValue>
</bind>
</comp>

<comp id="6" class="1000" name="shift_reg_V">
<pin_list>
<pin id="7" dir="1" index="0" bw="1" slack="0"/>
</pin_list>
<bind>
<StgValue><ssdm name="shift_reg_V"/><MemPortTyVec>0 2 </MemPortTyVec>
</StgValue>
</bind>
</comp>

<comp id="8" class="1000" name="fir_int_int_c">
<pin_list>
<pin id="9" dir="1" index="0" bw="1" slack="0"/>
</pin_list>
<bind>
<StgValue><ssdm name="fir_int_int_c"/><MemPortTyVec>1 </MemPortTyVec>
</StgValue>
</bind>
</comp>

<comp id="10" class="1001" name="const_10">
<pin_list>
<pin id="11" dir="1" index="0" bw="1" slack="0"/>
</pin_list>
<bind>
<StgValue><ssdm name=""/></StgValue>
</bind>
</comp>

<comp id="12" class="1001" name="const_12">
<pin_list>
<pin id="13" dir="1" index="0" bw="1" slack="0"/>
</pin_list>
<bind>
<StgValue><ssdm name="_ssdm_op_Read.ap_auto.i8"/></StgValue>
</bind>
</comp>

<comp id="14" class="1001" name="const_14">
<pin_list>
<pin id="15" dir="1" index="0" bw="1" slack="0"/>
</pin_list>
<bind>
<StgValue><ssdm name="_ssdm_op_Read.ap_auto.i32"/></StgValue>
</bind>
</comp>

<comp id="16" class="1001" name="const_16">
<pin_list>
<pin id="17" dir="1" index="0" bw="1" slack="0"/>
</pin_list>
<bind>
<StgValue><ssdm name=""/></StgValue>
</bind>
</comp>

<comp id="18" class="1001" name="const_18">
<pin_list>
<pin id="19" dir="1" index="0" bw="1" slack="0"/>
</pin_list>
<bind>
<StgValue><ssdm name=""/></StgValue>
</bind>
</comp>

<comp id="20" class="1001" name="const_20">
<pin_list>
<pin id="21" dir="1" index="0" bw="1" slack="0"/>
</pin_list>
<bind>
<StgValue><ssdm name="_ssdm_op_BitSelect.i1.i8.i32"/></StgValue>
</bind>
</comp>

<comp id="22" class="1001" name="const_22">
<pin_list>
<pin id="23" dir="1" index="0" bw="1" slack="0"/>
</pin_list>
<bind>
<StgValue><ssdm name=""/></StgValue>
</bind>
</comp>

<comp id="24" class="1001" name="const_24">
<pin_list>
<pin id="25" dir="1" index="0" bw="1" slack="2147483647"/>
</pin_list>
<bind>
<StgValue><ssdm name="_ssdm_op_SpecLoopTripCount"/></StgValue>
</bind>
</comp>

<comp id="26" class="1001" name="const_26">
<pin_list>
<pin id="27" dir="1" index="0" bw="1" slack="2147483647"/>
</pin_list>
<bind>
<StgValue><ssdm name=""/></StgValue>
</bind>
</comp>

<comp id="28" class="1001" name="const_28">
<pin_list>
<pin id="29" dir="1" index="0" bw="1" slack="2147483647"/>
</pin_list>
<bind>
<StgValue><ssdm name="_ssdm_op_SpecPipeline"/></StgValue>
</bind>
</comp>

<comp id="30" class="1001" name="const_30">
<pin_list>
<pin id="31" dir="1" index="0" bw="1" slack="2147483647"/>
</pin_list>
<bind>
<StgValue><ssdm name="empty_0"/></StgValue>
</bind>
</comp>

<comp id="32" class="1001" name="const_32">
<pin_list>
<pin id="33" dir="1" index="0" bw="1" slack="2147483647"/>
</pin_list>
<bind>
<StgValue><ssdm name="_ssdm_op_SpecLoopName"/></StgValue>
</bind>
</comp>

<comp id="34" class="1001" name="const_34">
<pin_list>
<pin id="35" dir="1" index="0" bw="1" slack="2147483647"/>
</pin_list>
<bind>
<StgValue><ssdm name="empty_2"/></StgValue>
</bind>
</comp>

<comp id="36" class="1001" name="const_36">
<pin_list>
<pin id="37" dir="1" index="0" bw="1" slack="0"/>
</pin_list>
<bind>
<StgValue><ssdm name=""/></StgValue>
</bind>
</comp>

<comp id="38" class="1001" name="const_38">
<pin_list>
<pin id="39" dir="1" index="0" bw="1" slack="0"/>
</pin_list>
<bind>
<StgValue><ssdm name=""/></StgValue>
</bind>
</comp>

<comp id="40" class="1001" name="const_40">
<pin_list>
<pin id="41" dir="1" index="0" bw="1" slack="0"/>
</pin_list>
<bind>
<StgValue><ssdm name=""/></StgValue>
</bind>
</comp>

<comp id="42" class="1001" name="const_42">
<pin_list>
<pin id="43" dir="1" index="0" bw="1" slack="0"/>
</pin_list>
<bind>
<StgValue><ssdm name=""/></StgValue>
</bind>
</comp>

<comp id="44" class="1001" name="const_44">
<pin_list>
<pin id="45" dir="1" index="0" bw="1" slack="0"/>
</pin_list>
<bind>
<StgValue><ssdm name=""/></StgValue>
</bind>
</comp>

<comp id="46" class="1001" name="const_46">
<pin_list>
<pin id="47" dir="1" index="0" bw="1" slack="0"/>
</pin_list>
<bind>
<StgValue><ssdm name="_ssdm_op_Write.ap_auto.i32P0A"/></StgValue>
</bind>
</comp>

<comp id="48" class="1004" name="acc_fu_48">
<pin_list>
<pin id="49" dir="0" index="0" bw="1" slack="0"/>
<pin id="50" dir="1" index="1" bw="32" slack="0"/>
</pin_list>
<bind>
<opcode="alloca(26) " fcode="alloca"/>
<opset="acc/1 "/>
</bind>
</comp>

<comp id="52" class="1004" name="i_fu_52">
<pin_list>
<pin id="53" dir="0" index="0" bw="1" slack="0"/>
<pin id="54" dir="1" index="1" bw="8" slack="0"/>
</pin_list>
<bind>
<opcode="alloca(26) " fcode="alloca"/>
<opset="i/1 "/>
</bind>
</comp>

<comp id="56" class="1004" name="conv2_i_i_read_read_fu_56">
<pin_list>
<pin id="57" dir="0" index="0" bw="8" slack="0"/>
<pin id="58" dir="0" index="1" bw="8" slack="0"/>
<pin id="59" dir="1" index="2" bw="8" slack="0"/>
</pin_list>
<bind>
<opcode="read(1150) " fcode="read"/>
<opset="conv2_i_i_read/1 "/>
</bind>
</comp>

<comp id="62" class="1004" name="mul_read_read_fu_62">
<pin_list>
<pin id="63" dir="0" index="0" bw="32" slack="0"/>
<pin id="64" dir="0" index="1" bw="32" slack="0"/>
<pin id="65" dir="1" index="2" bw="32" slack="3"/>
</pin_list>
<bind>
<opcode="read(1150) " fcode="read"/>
<opset="mul_read/1 "/>
</bind>
</comp>

<comp id="68" class="1004" name="write_ln0_write_fu_68">
<pin_list>
<pin id="69" dir="0" index="0" bw="0" slack="0"/>
<pin id="70" dir="0" index="1" bw="32" slack="0"/>
<pin id="71" dir="0" index="2" bw="32" slack="0"/>
<pin id="72" dir="1" index="3" bw="0" slack="2147483647"/>
</pin_list>
<bind>
<opcode="write(1151) " fcode="write"/>
<opset="write_ln0/3 "/>
</bind>
</comp>

<comp id="75" class="1004" name="shift_reg_V_addr_gep_fu_75">
<pin_list>
<pin id="76" dir="0" index="0" bw="8" slack="0"/>
<pin id="77" dir="0" index="1" bw="1" slack="0"/>
<pin id="78" dir="0" index="2" bw="7" slack="0"/>
<pin id="79" dir="1" index="3" bw="7" slack="0"/>
</pin_list>
<bind>
<opcode="getelementptr(29) " fcode="getelementptr"/>
<opset="shift_reg_V_addr/1 "/>
</bind>
</comp>

<comp id="82" class="1004" name="grp_access_fu_82">
<pin_list>
<pin id="83" dir="0" index="0" bw="7" slack="0"/>
<pin id="84" dir="0" index="1" bw="8" slack="0"/>
<pin id="85" dir="0" index="2" bw="0" slack="0"/>
<pin id="87" dir="0" index="4" bw="7" slack="0"/>
<pin id="88" dir="0" index="5" bw="8" slack="2147483647"/>
<pin id="89" dir="0" index="6" bw="0" slack="2147483647"/>
<pin id="86" dir="1" index="3" bw="8" slack="2147483647"/>
<pin id="90" dir="1" index="7" bw="8" slack="0"/>
</pin_list>
<bind>
<opcode="load(27) store(28) " fcode="store"/>
<opset="shift_reg_V_load/1 store_ln31/1 store_ln33/2 "/>
</bind>
</comp>

<comp id="92" class="1004" name="fir_int_int_c_addr_gep_fu_92">
<pin_list>
<pin id="93" dir="0" index="0" bw="32" slack="0"/>
<pin id="94" dir="0" index="1" bw="1" slack="0"/>
<pin id="95" dir="0" index="2" bw="8" slack="0"/>
<pin id="96" dir="1" index="3" bw="7" slack="0"/>
</pin_list>
<bind>
<opcode="getelementptr(29) " fcode="getelementptr"/>
<opset="fir_int_int_c_addr/1 "/>
</bind>
</comp>

<comp id="99" class="1004" name="grp_access_fu_99">
<pin_list>
<pin id="100" dir="0" index="0" bw="7" slack="0"/>
<pin id="101" dir="0" index="1" bw="32" slack="2147483647"/>
<pin id="102" dir="0" index="2" bw="0" slack="2147483647"/>
<pin id="103" dir="1" index="3" bw="32" slack="0"/>
</pin_list>
<bind>
<opcode="load(27) " fcode="load"/>
<opset="fir_int_int_c_load/1 "/>
</bind>
</comp>

<comp id="107" class="1004" name="shift_reg_V_addr_1_gep_fu_107">
<pin_list>
<pin id="108" dir="0" index="0" bw="8" slack="0"/>
<pin id="109" dir="0" index="1" bw="1" slack="0"/>
<pin id="110" dir="0" index="2" bw="8" slack="1"/>
<pin id="111" dir="1" index="3" bw="7" slack="0"/>
</pin_list>
<bind>
<opcode="getelementptr(29) " fcode="getelementptr"/>
<opset="shift_reg_V_addr_1/2 "/>
</bind>
</comp>

<comp id="116" class="1005" name="mul_pn_reg_116">
<pin_list>
<pin id="117" dir="0" index="0" bw="32" slack="2147483647"/>
<pin id="118" dir="1" index="1" bw="32" slack="2147483647"/>
</pin_list>
<bind>
<opset="mul_pn (phireg) "/>
</bind>
</comp>

<comp id="119" class="1004" name="mul_pn_phi_fu_119">
<pin_list>
<pin id="120" dir="0" index="0" bw="32" slack="3"/>
<pin id="121" dir="0" index="1" bw="0" slack="2147483647"/>
<pin id="122" dir="0" index="2" bw="13" slack="1"/>
<pin id="123" dir="0" index="3" bw="0" slack="2147483647"/>
<pin id="124" dir="1" index="4" bw="32" slack="0"/>
</pin_list>
<bind>
<opcode="phi(47) " fcode="phi"/>
<opset="mul_pn/4 "/>
</bind>
</comp>

<comp id="125" class="1004" name="store_ln0_store_fu_125">
<pin_list>
<pin id="126" dir="0" index="0" bw="8" slack="0"/>
<pin id="127" dir="0" index="1" bw="8" slack="0"/>
<pin id="128" dir="1" index="2" bw="0" slack="2147483647"/>
</pin_list>
<bind>
<opcode="store(28) " fcode="store"/>
<opset="store_ln0/1 "/>
</bind>
</comp>

<comp id="130" class="1004" name="store_ln0_store_fu_130">
<pin_list>
<pin id="131" dir="0" index="0" bw="1" slack="0"/>
<pin id="132" dir="0" index="1" bw="32" slack="0"/>
<pin id="133" dir="1" index="2" bw="0" slack="2147483647"/>
</pin_list>
<bind>
<opcode="store(28) " fcode="store"/>
<opset="store_ln0/1 "/>
</bind>
</comp>

<comp id="135" class="1004" name="i_1_load_fu_135">
<pin_list>
<pin id="136" dir="0" index="0" bw="8" slack="0"/>
<pin id="137" dir="1" index="1" bw="8" slack="0"/>
</pin_list>
<bind>
<opcode="load(27) " fcode="load"/>
<opset="i_1/1 "/>
</bind>
</comp>

<comp id="138" class="1004" name="tmp_fu_138">
<pin_list>
<pin id="139" dir="0" index="0" bw="1" slack="0"/>
<pin id="140" dir="0" index="1" bw="8" slack="0"/>
<pin id="141" dir="0" index="2" bw="4" slack="0"/>
<pin id="142" dir="1" index="3" bw="1" slack="1"/>
</pin_list>
<bind>
<opcode="bitselect(1000) " fcode="bitselect"/>
<opset="tmp/1 "/>
</bind>
</comp>

<comp id="146" class="1004" name="zext_ln28_fu_146">
<pin_list>
<pin id="147" dir="0" index="0" bw="8" slack="0"/>
<pin id="148" dir="1" index="1" bw="64" slack="0"/>
</pin_list>
<bind>
<opcode="zext(34) " fcode="zext"/>
<opset="zext_ln28/1 "/>
</bind>
</comp>

<comp id="151" class="1004" name="trunc_ln28_fu_151">
<pin_list>
<pin id="152" dir="0" index="0" bw="8" slack="0"/>
<pin id="153" dir="1" index="1" bw="7" slack="0"/>
</pin_list>
<bind>
<opcode="trunc(33) " fcode="trunc"/>
<opset="trunc_ln28/1 "/>
</bind>
</comp>

<comp id="155" class="1004" name="icmp_ln29_fu_155">
<pin_list>
<pin id="156" dir="0" index="0" bw="8" slack="0"/>
<pin id="157" dir="0" index="1" bw="8" slack="0"/>
<pin id="158" dir="1" index="2" bw="1" slack="1"/>
</pin_list>
<bind>
<opcode="icmp(45) " fcode="icmp"/>
<opset="icmp_ln29/1 "/>
</bind>
</comp>

<comp id="161" class="1004" name="add_ln33_fu_161">
<pin_list>
<pin id="162" dir="0" index="0" bw="7" slack="0"/>
<pin id="163" dir="0" index="1" bw="1" slack="0"/>
<pin id="164" dir="1" index="2" bw="7" slack="0"/>
</pin_list>
<bind>
<opcode="add(8) " fcode="add"/>
<opset="add_ln33/1 "/>
</bind>
</comp>

<comp id="167" class="1004" name="zext_ln33_fu_167">
<pin_list>
<pin id="168" dir="0" index="0" bw="7" slack="0"/>
<pin id="169" dir="1" index="1" bw="64" slack="0"/>
</pin_list>
<bind>
<opcode="zext(34) " fcode="zext"/>
<opset="zext_ln33/1 "/>
</bind>
</comp>

<comp id="172" class="1004" name="add_ln28_fu_172">
<pin_list>
<pin id="173" dir="0" index="0" bw="8" slack="0"/>
<pin id="174" dir="0" index="1" bw="1" slack="0"/>
<pin id="175" dir="1" index="2" bw="8" slack="0"/>
</pin_list>
<bind>
<opcode="add(8) " fcode="add"/>
<opset="add_ln28/1 "/>
</bind>
</comp>

<comp id="178" class="1004" name="store_ln28_store_fu_178">
<pin_list>
<pin id="179" dir="0" index="0" bw="8" slack="0"/>
<pin id="180" dir="0" index="1" bw="8" slack="0"/>
<pin id="181" dir="1" index="2" bw="0" slack="2147483647"/>
</pin_list>
<bind>
<opcode="store(28) " fcode="store"/>
<opset="store_ln28/1 "/>
</bind>
</comp>

<comp id="183" class="1004" name="trunc_ln1679_fu_183">
<pin_list>
<pin id="184" dir="0" index="0" bw="6" slack="0"/>
<pin id="185" dir="1" index="1" bw="5" slack="1"/>
</pin_list>
<bind>
<opcode="trunc(33) " fcode="trunc"/>
<opset="trunc_ln1679/2 "/>
</bind>
</comp>

<comp id="187" class="1004" name="sext_ln1679_fu_187">
<pin_list>
<pin id="188" dir="0" index="0" bw="5" slack="1"/>
<pin id="189" dir="1" index="1" bw="13" slack="0"/>
</pin_list>
<bind>
<opcode="sext(35) " fcode="sext"/>
<opset="sext_ln1679/3 "/>
</bind>
</comp>

<comp id="190" class="1004" name="sext_ln34_fu_190">
<pin_list>
<pin id="191" dir="0" index="0" bw="8" slack="1"/>
<pin id="192" dir="1" index="1" bw="13" slack="0"/>
</pin_list>
<bind>
<opcode="sext(35) " fcode="sext"/>
<opset="sext_ln34/3 "/>
</bind>
</comp>

<comp id="193" class="1004" name="mul_ln34_fu_193">
<pin_list>
<pin id="194" dir="0" index="0" bw="5" slack="0"/>
<pin id="195" dir="0" index="1" bw="8" slack="0"/>
<pin id="196" dir="1" index="2" bw="13" slack="0"/>
</pin_list>
<bind>
<opcode="mul(12) " fcode="mul"/>
<opset="mul_ln34/3 "/>
</bind>
</comp>

<comp id="199" class="1004" name="mul_ln34_cast_fu_199">
<pin_list>
<pin id="200" dir="0" index="0" bw="13" slack="0"/>
<pin id="201" dir="1" index="1" bw="32" slack="1"/>
</pin_list>
<bind>
<opcode="sext(35) " fcode="sext"/>
<opset="mul_ln34_cast/3 "/>
</bind>
</comp>

<comp id="203" class="1004" name="acc_load_load_fu_203">
<pin_list>
<pin id="204" dir="0" index="0" bw="32" slack="3"/>
<pin id="205" dir="1" index="1" bw="32" slack="0"/>
</pin_list>
<bind>
<opcode="load(27) " fcode="load"/>
<opset="acc_load/4 "/>
</bind>
</comp>

<comp id="206" class="1004" name="acc_1_fu_206">
<pin_list>
<pin id="207" dir="0" index="0" bw="32" slack="0"/>
<pin id="208" dir="0" index="1" bw="32" slack="0"/>
<pin id="209" dir="1" index="2" bw="32" slack="0"/>
</pin_list>
<bind>
<opcode="add(8) " fcode="add"/>
<opset="acc_1/4 "/>
</bind>
</comp>

<comp id="212" class="1004" name="store_ln28_store_fu_212">
<pin_list>
<pin id="213" dir="0" index="0" bw="32" slack="0"/>
<pin id="214" dir="0" index="1" bw="32" slack="3"/>
<pin id="215" dir="1" index="2" bw="0" slack="2147483647"/>
</pin_list>
<bind>
<opcode="store(28) " fcode="store"/>
<opset="store_ln28/4 "/>
</bind>
</comp>

<comp id="217" class="1004" name="acc_load_1_load_fu_217">
<pin_list>
<pin id="218" dir="0" index="0" bw="32" slack="2"/>
<pin id="219" dir="1" index="1" bw="32" slack="0"/>
</pin_list>
<bind>
<opcode="load(27) " fcode="load"/>
<opset="acc_load_1/3 "/>
</bind>
</comp>

<comp id="221" class="1005" name="acc_reg_221">
<pin_list>
<pin id="222" dir="0" index="0" bw="32" slack="0"/>
<pin id="223" dir="1" index="1" bw="32" slack="0"/>
</pin_list>
<bind>
<opset="acc "/>
</bind>
</comp>

<comp id="229" class="1005" name="i_reg_229">
<pin_list>
<pin id="230" dir="0" index="0" bw="8" slack="0"/>
<pin id="231" dir="1" index="1" bw="8" slack="0"/>
</pin_list>
<bind>
<opset="i "/>
</bind>
</comp>

<comp id="236" class="1005" name="mul_read_reg_236">
<pin_list>
<pin id="237" dir="0" index="0" bw="32" slack="3"/>
<pin id="238" dir="1" index="1" bw="32" slack="3"/>
</pin_list>
<bind>
<opset="mul_read "/>
</bind>
</comp>

<comp id="241" class="1005" name="tmp_reg_241">
<pin_list>
<pin id="242" dir="0" index="0" bw="1" slack="1"/>
<pin id="243" dir="1" index="1" bw="1" slack="2147483647"/>
</pin_list>
<bind>
<opset="tmp "/>
</bind>
</comp>

<comp id="245" class="1005" name="zext_ln28_reg_245">
<pin_list>
<pin id="246" dir="0" index="0" bw="64" slack="1"/>
<pin id="247" dir="1" index="1" bw="64" slack="1"/>
</pin_list>
<bind>
<opset="zext_ln28 "/>
</bind>
</comp>

<comp id="250" class="1005" name="icmp_ln29_reg_250">
<pin_list>
<pin id="251" dir="0" index="0" bw="1" slack="1"/>
<pin id="252" dir="1" index="1" bw="1" slack="2147483647"/>
</pin_list>
<bind>
<opset="icmp_ln29 "/>
</bind>
</comp>

<comp id="254" class="1005" name="shift_reg_V_addr_reg_254">
<pin_list>
<pin id="255" dir="0" index="0" bw="7" slack="1"/>
<pin id="256" dir="1" index="1" bw="7" slack="1"/>
</pin_list>
<bind>
<opset="shift_reg_V_addr "/>
</bind>
</comp>

<comp id="259" class="1005" name="fir_int_int_c_addr_reg_259">
<pin_list>
<pin id="260" dir="0" index="0" bw="7" slack="1"/>
<pin id="261" dir="1" index="1" bw="7" slack="1"/>
</pin_list>
<bind>
<opset="fir_int_int_c_addr "/>
</bind>
</comp>

<comp id="264" class="1005" name="shift_reg_V_load_reg_264">
<pin_list>
<pin id="265" dir="0" index="0" bw="8" slack="1"/>
<pin id="266" dir="1" index="1" bw="8" slack="1"/>
</pin_list>
<bind>
<opset="shift_reg_V_load "/>
</bind>
</comp>

<comp id="269" class="1005" name="trunc_ln1679_reg_269">
<pin_list>
<pin id="270" dir="0" index="0" bw="5" slack="1"/>
<pin id="271" dir="1" index="1" bw="5" slack="1"/>
</pin_list>
<bind>
<opset="trunc_ln1679 "/>
</bind>
</comp>

<comp id="274" class="1005" name="mul_ln34_cast_reg_274">
<pin_list>
<pin id="275" dir="0" index="0" bw="32" slack="1"/>
<pin id="276" dir="1" index="1" bw="32" slack="1"/>
</pin_list>
<bind>
<opset="mul_ln34_cast "/>
</bind>
</comp>

</comp_list>

<net_list>
<net id="51"><net_src comp="10" pin="0"/><net_sink comp="48" pin=0"/></net>

<net id="55"><net_src comp="10" pin="0"/><net_sink comp="52" pin=0"/></net>

<net id="60"><net_src comp="12" pin="0"/><net_sink comp="56" pin=0"/></net>

<net id="61"><net_src comp="2" pin="0"/><net_sink comp="56" pin=1"/></net>

<net id="66"><net_src comp="14" pin="0"/><net_sink comp="62" pin=0"/></net>

<net id="67"><net_src comp="0" pin="0"/><net_sink comp="62" pin=1"/></net>

<net id="73"><net_src comp="46" pin="0"/><net_sink comp="68" pin=0"/></net>

<net id="74"><net_src comp="4" pin="0"/><net_sink comp="68" pin=1"/></net>

<net id="80"><net_src comp="6" pin="0"/><net_sink comp="75" pin=0"/></net>

<net id="81"><net_src comp="40" pin="0"/><net_sink comp="75" pin=1"/></net>

<net id="91"><net_src comp="75" pin="3"/><net_sink comp="82" pin=2"/></net>

<net id="97"><net_src comp="8" pin="0"/><net_sink comp="92" pin=0"/></net>

<net id="98"><net_src comp="40" pin="0"/><net_sink comp="92" pin=1"/></net>

<net id="104"><net_src comp="92" pin="3"/><net_sink comp="99" pin=0"/></net>

<net id="105"><net_src comp="56" pin="2"/><net_sink comp="82" pin=4"/></net>

<net id="106"><net_src comp="42" pin="0"/><net_sink comp="82" pin=2"/></net>

<net id="112"><net_src comp="6" pin="0"/><net_sink comp="107" pin=0"/></net>

<net id="113"><net_src comp="40" pin="0"/><net_sink comp="107" pin=1"/></net>

<net id="114"><net_src comp="82" pin="7"/><net_sink comp="82" pin=1"/></net>

<net id="115"><net_src comp="107" pin="3"/><net_sink comp="82" pin=0"/></net>

<net id="129"><net_src comp="16" pin="0"/><net_sink comp="125" pin=0"/></net>

<net id="134"><net_src comp="18" pin="0"/><net_sink comp="130" pin=0"/></net>

<net id="143"><net_src comp="20" pin="0"/><net_sink comp="138" pin=0"/></net>

<net id="144"><net_src comp="135" pin="1"/><net_sink comp="138" pin=1"/></net>

<net id="145"><net_src comp="22" pin="0"/><net_sink comp="138" pin=2"/></net>

<net id="149"><net_src comp="135" pin="1"/><net_sink comp="146" pin=0"/></net>

<net id="150"><net_src comp="146" pin="1"/><net_sink comp="92" pin=2"/></net>

<net id="154"><net_src comp="135" pin="1"/><net_sink comp="151" pin=0"/></net>

<net id="159"><net_src comp="135" pin="1"/><net_sink comp="155" pin=0"/></net>

<net id="160"><net_src comp="36" pin="0"/><net_sink comp="155" pin=1"/></net>

<net id="165"><net_src comp="151" pin="1"/><net_sink comp="161" pin=0"/></net>

<net id="166"><net_src comp="38" pin="0"/><net_sink comp="161" pin=1"/></net>

<net id="170"><net_src comp="161" pin="2"/><net_sink comp="167" pin=0"/></net>

<net id="171"><net_src comp="167" pin="1"/><net_sink comp="75" pin=2"/></net>

<net id="176"><net_src comp="135" pin="1"/><net_sink comp="172" pin=0"/></net>

<net id="177"><net_src comp="44" pin="0"/><net_sink comp="172" pin=1"/></net>

<net id="182"><net_src comp="172" pin="2"/><net_sink comp="178" pin=0"/></net>

<net id="186"><net_src comp="99" pin="3"/><net_sink comp="183" pin=0"/></net>

<net id="197"><net_src comp="187" pin="1"/><net_sink comp="193" pin=0"/></net>

<net id="198"><net_src comp="190" pin="1"/><net_sink comp="193" pin=1"/></net>

<net id="202"><net_src comp="193" pin="2"/><net_sink comp="199" pin=0"/></net>

<net id="210"><net_src comp="119" pin="4"/><net_sink comp="206" pin=0"/></net>

<net id="211"><net_src comp="203" pin="1"/><net_sink comp="206" pin=1"/></net>

<net id="216"><net_src comp="206" pin="2"/><net_sink comp="212" pin=0"/></net>

<net id="220"><net_src comp="217" pin="1"/><net_sink comp="68" pin=2"/></net>

<net id="224"><net_src comp="48" pin="1"/><net_sink comp="221" pin=0"/></net>

<net id="225"><net_src comp="221" pin="1"/><net_sink comp="130" pin=1"/></net>

<net id="226"><net_src comp="221" pin="1"/><net_sink comp="203" pin=0"/></net>

<net id="227"><net_src comp="221" pin="1"/><net_sink comp="212" pin=1"/></net>

<net id="228"><net_src comp="221" pin="1"/><net_sink comp="217" pin=0"/></net>

<net id="232"><net_src comp="52" pin="1"/><net_sink comp="229" pin=0"/></net>

<net id="233"><net_src comp="229" pin="1"/><net_sink comp="125" pin=1"/></net>

<net id="234"><net_src comp="229" pin="1"/><net_sink comp="135" pin=0"/></net>

<net id="235"><net_src comp="229" pin="1"/><net_sink comp="178" pin=1"/></net>

<net id="239"><net_src comp="62" pin="2"/><net_sink comp="236" pin=0"/></net>

<net id="240"><net_src comp="236" pin="1"/><net_sink comp="119" pin=0"/></net>

<net id="244"><net_src comp="138" pin="3"/><net_sink comp="241" pin=0"/></net>

<net id="248"><net_src comp="146" pin="1"/><net_sink comp="245" pin=0"/></net>

<net id="249"><net_src comp="245" pin="1"/><net_sink comp="107" pin=2"/></net>

<net id="253"><net_src comp="155" pin="2"/><net_sink comp="250" pin=0"/></net>

<net id="257"><net_src comp="75" pin="3"/><net_sink comp="254" pin=0"/></net>

<net id="258"><net_src comp="254" pin="1"/><net_sink comp="82" pin=2"/></net>

<net id="262"><net_src comp="92" pin="3"/><net_sink comp="259" pin=0"/></net>

<net id="263"><net_src comp="259" pin="1"/><net_sink comp="99" pin=0"/></net>

<net id="267"><net_src comp="82" pin="7"/><net_sink comp="264" pin=0"/></net>

<net id="268"><net_src comp="264" pin="1"/><net_sink comp="190" pin=0"/></net>

<net id="272"><net_src comp="183" pin="1"/><net_sink comp="269" pin=0"/></net>

<net id="273"><net_src comp="269" pin="1"/><net_sink comp="187" pin=0"/></net>

<net id="277"><net_src comp="199" pin="1"/><net_sink comp="274" pin=0"/></net>

<net id="278"><net_src comp="274" pin="1"/><net_sink comp="119" pin=2"/></net>

</net_list>

</model> 
---------------- Datapath Model END ------------------

* FSMD analyzer results:
  - Output states:
	Port: acc_out | {3 }
	Port: shift_reg_V | {1 2 }
	Port: fir_int_int_c | {}
 - Input state : 
	Port: fir_Pipeline_Shift_Accum_Loop : mul | {1 }
	Port: fir_Pipeline_Shift_Accum_Loop : conv2_i_i | {1 }
	Port: fir_Pipeline_Shift_Accum_Loop : shift_reg_V | {1 2 }
	Port: fir_Pipeline_Shift_Accum_Loop : fir_int_int_c | {1 2 }
  - Chain level:
	State 1
		store_ln0 : 1
		store_ln0 : 1
		i_1 : 1
		tmp : 2
		br_ln28 : 3
		zext_ln28 : 2
		trunc_ln28 : 2
		icmp_ln29 : 2
		br_ln29 : 3
		add_ln33 : 3
		zext_ln33 : 4
		shift_reg_V_addr : 5
		shift_reg_V_load : 6
		fir_int_int_c_addr : 3
		fir_int_int_c_load : 4
		add_ln28 : 2
		store_ln28 : 3
	State 2
		store_ln33 : 1
		trunc_ln1679 : 1
	State 3
		mul_ln34 : 1
		mul_ln34_cast : 2
		write_ln0 : 1
	State 4
		acc_1 : 1
		store_ln28 : 2


============================================================
+ Verbose Summary: Datapath Resource usage 
============================================================

* Functional unit list:
|----------|---------------------------|---------|---------|---------|
| Operation|      Functional Unit      |   DSP   |    FF   |   LUT   |
|----------|---------------------------|---------|---------|---------|
|          |      add_ln33_fu_161      |    0    |    0    |    14   |
|    add   |      add_ln28_fu_172      |    0    |    0    |    15   |
|          |        acc_1_fu_206       |    0    |    0    |    39   |
|----------|---------------------------|---------|---------|---------|
|    mul   |      mul_ln34_fu_193      |    0    |    0    |    41   |
|----------|---------------------------|---------|---------|---------|
|   icmp   |      icmp_ln29_fu_155     |    0    |    0    |    11   |
|----------|---------------------------|---------|---------|---------|
|   read   | conv2_i_i_read_read_fu_56 |    0    |    0    |    0    |
|          |    mul_read_read_fu_62    |    0    |    0    |    0    |
|----------|---------------------------|---------|---------|---------|
|   write  |   write_ln0_write_fu_68   |    0    |    0    |    0    |
|----------|---------------------------|---------|---------|---------|
| bitselect|         tmp_fu_138        |    0    |    0    |    0    |
|----------|---------------------------|---------|---------|---------|
|   zext   |      zext_ln28_fu_146     |    0    |    0    |    0    |
|          |      zext_ln33_fu_167     |    0    |    0    |    0    |
|----------|---------------------------|---------|---------|---------|
|   trunc  |     trunc_ln28_fu_151     |    0    |    0    |    0    |
|          |    trunc_ln1679_fu_183    |    0    |    0    |    0    |
|----------|---------------------------|---------|---------|---------|
|          |     sext_ln1679_fu_187    |    0    |    0    |    0    |
|   sext   |      sext_ln34_fu_190     |    0    |    0    |    0    |
|          |    mul_ln34_cast_fu_199   |    0    |    0    |    0    |
|----------|---------------------------|---------|---------|---------|
|   Total  |                           |    0    |    0    |   120   |
|----------|---------------------------|---------|---------|---------|

Memories:
N/A

* Register list:
+--------------------------+--------+
|                          |   FF   |
+--------------------------+--------+
|        acc_reg_221       |   32   |
|fir_int_int_c_addr_reg_259|    7   |
|         i_reg_229        |    8   |
|     icmp_ln29_reg_250    |    1   |
|   mul_ln34_cast_reg_274  |   32   |
|      mul_pn_reg_116      |   32   |
|     mul_read_reg_236     |   32   |
| shift_reg_V_addr_reg_254 |    7   |
| shift_reg_V_load_reg_264 |    8   |
|        tmp_reg_241       |    1   |
|   trunc_ln1679_reg_269   |    5   |
|     zext_ln28_reg_245    |   64   |
+--------------------------+--------+
|           Total          |   229  |
+--------------------------+--------+

* Multiplexer (MUX) list: 
|------------------|------|------|------|--------||---------||---------|
|       Comp       |  Pin | Size |  BW  | S x BW ||  Delay  ||   LUT   |
|------------------|------|------|------|--------||---------||---------|
| grp_access_fu_82 |  p2  |   3  |   0  |    0   ||    14   |
| grp_access_fu_99 |  p0  |   2  |   7  |   14   ||    9    |
|------------------|------|------|------|--------||---------||---------|
|       Total      |      |      |      |   14   ||  3.2953 ||    23   |
|------------------|------|------|------|--------||---------||---------|



* Summary:
+-----------+--------+--------+--------+--------+
|           |   DSP  |  Delay |   FF   |   LUT  |
+-----------+--------+--------+--------+--------+
|  Function |    0   |    -   |    0   |   120  |
|   Memory  |    -   |    -   |    -   |    -   |
|Multiplexer|    -   |    3   |    -   |   23   |
|  Register |    -   |    -   |   229  |    -   |
+-----------+--------+--------+--------+--------+
|   Total   |    0   |    3   |   229  |   143  |
+-----------+--------+--------+--------+--------+
