

================================================================
== Synthesis Summary Report of 'fir'
================================================================
+ General Information: 
    * Date:           Sun Apr  2 18:30:26 2023
    * Version:        2022.1 (Build 3526262 on Mon Apr 18 15:48:16 MDT 2022)
    * Project:        fir128_best
    * Solution:       merge (Vivado IP Flow Target)
    * Product family: zynq
    * Target device:  xc7z020-clg400-1
    

+ Performance & Resource Estimates: 
    
    PS: '+' for module; 'o' for loop; '*' for dataflow
    +--------+------+------+---------+--------+----------+---------+------+----------+------+----------+-----------+-----------+-----+
    | Modules| Issue|      | Latency | Latency| Iteration|         | Trip |          |      |          |           |           |     |
    | & Loops| Type | Slack| (cycles)|  (ns)  |  Latency | Interval| Count| Pipelined| BRAM |    DSP   |     FF    |    LUT    | URAM|
    +--------+------+------+---------+--------+----------+---------+------+----------+------+----------+-----------+-----------+-----+
    |+ fir   |    II|  0.17|        5|  50.000|         -|        1|     -|       yes|     -|  24 (10%)|  3225 (3%)|  4042 (7%)|    -|
    +--------+------+------+---------+--------+----------+---------+------+----------+------+----------+-----------+-----------+-----+


================================================================
== HW Interfaces
================================================================
* REGISTER
+-----------+---------+----------+
| Interface | Mode    | Bitwidth |
+-----------+---------+----------+
| x         | ap_none | 32       |
| y         | ap_none | 32       |
+-----------+---------+----------+

* TOP LEVEL CONTROL
+-----------+------------+-----------------------------------+
| Interface | Type       | Ports                             |
+-----------+------------+-----------------------------------+
| ap_clk    | clock      | ap_clk                            |
| ap_rst    | reset      | ap_rst                            |
| ap_ctrl   | ap_ctrl_hs | ap_done ap_idle ap_ready ap_start |
+-----------+------------+-----------------------------------+


================================================================
== SW I/O Information
================================================================
* Top Function Arguments
+----------+-----------+----------+
| Argument | Direction | Datatype |
+----------+-----------+----------+
| y        | out       | int*     |
| x        | in        | int      |
+----------+-----------+----------+

* SW-to-HW Mapping
+----------+--------------+---------+
| Argument | HW Interface | HW Type |
+----------+--------------+---------+
| y        | y            | port    |
| y        | y_ap_vld     | port    |
| x        | x            | port    |
+----------+--------------+---------+


================================================================
== Bind Op Report
================================================================
+------------------------------------+-----+--------+--------------+-----+--------+---------+
| Name                               | DSP | Pragma | Variable     | Op  | Impl   | Latency |
+------------------------------------+-----+--------+--------------+-----+--------+---------+
| + fir                              | 24  |        |              |     |        |         |
|   ret_V_fu_645_p2                  | -   |        | ret_V        | add | fabric | 0       |
|   ret_V_1_fu_689_p2                | -   |        | ret_V_1      | add | fabric | 0       |
|   ret_V_2_fu_733_p2                | -   |        | ret_V_2      | add | fabric | 0       |
|   ret_V_3_fu_777_p2                | -   |        | ret_V_3      | add | fabric | 0       |
|   ret_V_4_fu_821_p2                | -   |        | ret_V_4      | add | fabric | 0       |
|   ret_V_5_fu_865_p2                | -   |        | ret_V_5      | add | fabric | 0       |
|   ret_V_6_fu_909_p2                | -   |        | ret_V_6      | add | fabric | 0       |
|   ret_V_7_fu_953_p2                | -   |        | ret_V_7      | add | fabric | 0       |
|   ret_V_8_fu_997_p2                | -   |        | ret_V_8      | add | fabric | 0       |
|   ret_V_9_fu_1041_p2               | -   |        | ret_V_9      | add | fabric | 0       |
|   ret_V_10_fu_1085_p2              | -   |        | ret_V_10     | add | fabric | 0       |
|   ret_V_11_fu_1129_p2              | -   |        | ret_V_11     | add | fabric | 0       |
|   ret_V_12_fu_1173_p2              | -   |        | ret_V_12     | add | fabric | 0       |
|   ret_V_13_fu_1217_p2              | -   |        | ret_V_13     | add | fabric | 0       |
|   ret_V_14_fu_1261_p2              | -   |        | ret_V_14     | add | fabric | 0       |
|   ret_V_15_fu_1305_p2              | -   |        | ret_V_15     | add | fabric | 0       |
|   ret_V_16_fu_1349_p2              | -   |        | ret_V_16     | add | fabric | 0       |
|   ret_V_17_fu_1393_p2              | -   |        | ret_V_17     | add | fabric | 0       |
|   ret_V_18_fu_1437_p2              | -   |        | ret_V_18     | add | fabric | 0       |
|   ret_V_19_fu_1481_p2              | -   |        | ret_V_19     | add | fabric | 0       |
|   ret_V_20_fu_1525_p2              | -   |        | ret_V_20     | add | fabric | 0       |
|   ret_V_21_fu_5322_p2              | -   |        | ret_V_21     | add | fabric | 0       |
|   mac_muladd_8s_4ns_12s_13_4_1_U1  | 1   |        | ret_V_22     | mul | dsp48  | 3       |
|   mac_muladd_8s_4ns_11s_13_4_1_U2  | 1   |        | ret_V_23     | mul | dsp48  | 3       |
|   ret_V_25_fu_1609_p2              | -   |        | ret_V_25     | sub | fabric | 0       |
|   ret_V_27_fu_5354_p2              | -   |        | ret_V_27     | sub | fabric | 0       |
|   mac_muladd_8s_5s_12s_13_4_1_U3   | 1   |        | ret_V_28     | mul | dsp48  | 3       |
|   mac_muladd_8s_5s_12s_13_4_1_U4   | 1   |        | ret_V_29     | mul | dsp48  | 3       |
|   mac_muladd_8s_5s_12s_13_4_1_U5   | 1   |        | ret_V_38     | mul | dsp48  | 3       |
|   mac_muladd_8s_5s_12s_13_4_1_U6   | 1   |        | ret_V_39     | mul | dsp48  | 3       |
|   ret_V_40_fu_5451_p2              | -   |        | ret_V_40     | sub | fabric | 0       |
|   ret_V_41_fu_2069_p2              | -   |        | ret_V_41     | sub | fabric | 0       |
|   mac_muladd_8s_4ns_11s_13_4_1_U7  | 1   |        | ret_V_44     | mul | dsp48  | 3       |
|   mac_muladd_8s_4ns_12s_13_4_1_U8  | 1   |        | ret_V_45     | mul | dsp48  | 3       |
|   ret_V_46_fu_5494_p2              | -   |        | ret_V_46     | add | fabric | 0       |
|   ret_V_47_fu_2189_p2              | -   |        | ret_V_47     | add | fabric | 0       |
|   ret_V_48_fu_2233_p2              | -   |        | ret_V_48     | add | fabric | 0       |
|   ret_V_49_fu_2277_p2              | -   |        | ret_V_49     | add | fabric | 0       |
|   ret_V_50_fu_2321_p2              | -   |        | ret_V_50     | add | fabric | 0       |
|   ret_V_51_fu_2365_p2              | -   |        | ret_V_51     | add | fabric | 0       |
|   ret_V_52_fu_2409_p2              | -   |        | ret_V_52     | add | fabric | 0       |
|   ret_V_53_fu_5526_p2              | -   |        | ret_V_53     | add | fabric | 0       |
|   mac_muladd_8s_4ns_12s_13_4_1_U9  | 1   |        | ret_V_54     | mul | dsp48  | 3       |
|   mac_muladd_8s_4ns_11s_13_4_1_U10 | 1   |        | ret_V_55     | mul | dsp48  | 3       |
|   ret_V_57_fu_2493_p2              | -   |        | ret_V_57     | sub | fabric | 0       |
|   ret_V_59_fu_5558_p2              | -   |        | ret_V_59     | sub | fabric | 0       |
|   mac_muladd_8s_5s_12s_13_4_1_U11  | 1   |        | ret_V_60     | mul | dsp48  | 3       |
|   mac_muladd_8s_5s_12s_13_4_1_U12  | 1   |        | ret_V_61     | mul | dsp48  | 3       |
|   mac_muladd_8s_5s_12s_13_4_1_U13  | 1   |        | ret_V_70     | mul | dsp48  | 3       |
|   mac_muladd_8s_5s_12s_13_4_1_U14  | 1   |        | ret_V_71     | mul | dsp48  | 3       |
|   ret_V_72_fu_5655_p2              | -   |        | ret_V_72     | sub | fabric | 0       |
|   ret_V_73_fu_2953_p2              | -   |        | ret_V_73     | sub | fabric | 0       |
|   mac_muladd_8s_4ns_11s_13_4_1_U15 | 1   |        | ret_V_76     | mul | dsp48  | 3       |
|   mac_muladd_8s_4ns_12s_13_4_1_U16 | 1   |        | ret_V_77     | mul | dsp48  | 3       |
|   ret_V_78_fu_5698_p2              | -   |        | ret_V_78     | add | fabric | 0       |
|   ret_V_79_fu_3073_p2              | -   |        | ret_V_79     | add | fabric | 0       |
|   ret_V_80_fu_3117_p2              | -   |        | ret_V_80     | add | fabric | 0       |
|   ret_V_81_fu_3161_p2              | -   |        | ret_V_81     | add | fabric | 0       |
|   ret_V_82_fu_3205_p2              | -   |        | ret_V_82     | add | fabric | 0       |
|   ret_V_83_fu_3249_p2              | -   |        | ret_V_83     | add | fabric | 0       |
|   ret_V_84_fu_3293_p2              | -   |        | ret_V_84     | add | fabric | 0       |
|   ret_V_85_fu_5730_p2              | -   |        | ret_V_85     | add | fabric | 0       |
|   mac_muladd_8s_4ns_12s_13_4_1_U17 | 1   |        | ret_V_86     | mul | dsp48  | 3       |
|   mac_muladd_8s_4ns_11s_13_4_1_U18 | 1   |        | ret_V_87     | mul | dsp48  | 3       |
|   ret_V_89_fu_3377_p2              | -   |        | ret_V_89     | sub | fabric | 0       |
|   ret_V_91_fu_5762_p2              | -   |        | ret_V_91     | sub | fabric | 0       |
|   mac_muladd_8s_5s_12s_13_4_1_U19  | 1   |        | ret_V_92     | mul | dsp48  | 3       |
|   mac_muladd_8s_5s_12s_13_4_1_U20  | 1   |        | ret_V_93     | mul | dsp48  | 3       |
|   mac_muladd_8s_5s_12s_13_4_1_U21  | 1   |        | ret_V_118    | mul | dsp48  | 3       |
|   mac_muladd_8s_5s_12s_13_4_1_U22  | 1   |        | ret_V_119    | mul | dsp48  | 3       |
|   ret_V_120_fu_5859_p2             | -   |        | ret_V_120    | sub | fabric | 0       |
|   ret_V_121_fu_4637_p2             | -   |        | ret_V_121    | sub | fabric | 0       |
|   mac_muladd_8s_4ns_11s_13_4_1_U23 | 1   |        | ret_V_124    | mul | dsp48  | 3       |
|   mac_muladd_8s_4ns_4ns_12_4_1_U24 | 1   |        | mul_ln1540   | mul | dsp48  | 3       |
|   add_ln46_fu_4761_p2              | -   |        | add_ln46     | add | fabric | 0       |
|   add_ln46_1_fu_4771_p2            | -   |        | add_ln46_1   | add | fabric | 0       |
|   add_ln49_1_fu_4797_p2            | -   |        | add_ln49_1   | add | fabric | 0       |
|   add_ln49_2_fu_4807_p2            | -   |        | add_ln49_2   | add | fabric | 0       |
|   add_ln49_3_fu_4813_p2            | -   |        | add_ln49_3   | add | fabric | 0       |
|   add_ln49_4_fu_4823_p2            | -   |        | add_ln49_4   | add | fabric | 0       |
|   add_ln49_5_fu_4833_p2            | -   |        | add_ln49_5   | add | fabric | 0       |
|   add_ln49_6_fu_5243_p2            | -   |        | add_ln49_6   | add | fabric | 0       |
|   add_ln49_7_fu_4839_p2            | -   |        | add_ln49_7   | add | fabric | 0       |
|   add_ln49_8_fu_4849_p2            | -   |        | add_ln49_8   | add | fabric | 0       |
|   add_ln49_9_fu_4859_p2            | -   |        | add_ln49_9   | add | fabric | 0       |
|   add_ln49_10_fu_4869_p2           | -   |        | add_ln49_10  | add | fabric | 0       |
|   add_ln49_11_fu_4879_p2           | -   |        | add_ln49_11  | add | fabric | 0       |
|   add_ln49_12_fu_4889_p2           | -   |        | add_ln49_12  | add | fabric | 0       |
|   add_ln49_13_fu_4899_p2           | -   |        | add_ln49_13  | add | fabric | 0       |
|   add_ln49_14_fu_5256_p2           | -   |        | add_ln49_14  | add | fabric | 0       |
|   add_ln49_15_fu_4905_p2           | -   |        | add_ln49_15  | add | fabric | 0       |
|   add_ln49_16_fu_4915_p2           | -   |        | add_ln49_16  | add | fabric | 0       |
|   add_ln49_17_fu_4925_p2           | -   |        | add_ln49_17  | add | fabric | 0       |
|   add_ln49_18_fu_4931_p2           | -   |        | add_ln49_18  | add | fabric | 0       |
|   mac_muladd_8s_4ns_12s_13_4_1_U1  | 1   |        | add_ln49_19  | add | dsp48  | 3       |
|   add_ln49_20_fu_5903_p2           | -   |        | add_ln49_20  | add | fabric | 0       |
|   add_ln49_21_fu_5913_p2           | -   |        | add_ln49_21  | add | fabric | 0       |
|   mac_muladd_8s_4ns_11s_13_4_1_U2  | 1   |        | add_ln49_22  | add | dsp48  | 3       |
|   add_ln49_24_fu_5922_p2           | -   |        | add_ln49_24  | add | fabric | 0       |
|   mac_muladd_8s_5s_12s_13_4_1_U3   | 1   |        | add_ln49_25  | add | dsp48  | 3       |
|   mac_muladd_8s_5s_12s_13_4_1_U4   | 1   |        | add_ln49_26  | add | dsp48  | 3       |
|   add_ln49_27_fu_5937_p2           | -   |        | add_ln49_27  | add | fabric | 0       |
|   add_ln49_28_fu_5947_p2           | -   |        | add_ln49_28  | add | fabric | 0       |
|   add_ln49_29_fu_6253_p2           | -   |        | add_ln49_29  | add | fabric | 0       |
|   add_ln49_30_fu_6263_p2           | -   |        | add_ln49_30  | add | fabric | 0       |
|   add_ln49_31_fu_4943_p2           | -   |        | add_ln49_31  | add | fabric | 0       |
|   add_ln49_32_fu_4953_p2           | -   |        | add_ln49_32  | add | fabric | 0       |
|   add_ln49_33_fu_4963_p2           | -   |        | add_ln49_33  | add | fabric | 0       |
|   add_ln49_34_fu_4969_p2           | -   |        | add_ln49_34  | add | fabric | 0       |
|   mac_muladd_8s_5s_12s_13_4_1_U5   | 1   |        | add_ln49_35  | add | dsp48  | 3       |
|   add_ln49_36_fu_5962_p2           | -   |        | add_ln49_36  | add | fabric | 0       |
|   add_ln49_37_fu_5972_p2           | -   |        | add_ln49_37  | add | fabric | 0       |
|   mac_muladd_8s_5s_12s_13_4_1_U6   | 1   |        | add_ln49_38  | add | dsp48  | 3       |
|   add_ln49_40_fu_5981_p2           | -   |        | add_ln49_40  | add | fabric | 0       |
|   mac_muladd_8s_4ns_11s_13_4_1_U7  | 1   |        | add_ln49_41  | add | dsp48  | 3       |
|   mac_muladd_8s_4ns_12s_13_4_1_U8  | 1   |        | add_ln49_42  | add | dsp48  | 3       |
|   add_ln49_43_fu_5996_p2           | -   |        | add_ln49_43  | add | fabric | 0       |
|   add_ln49_44_fu_6006_p2           | -   |        | add_ln49_44  | add | fabric | 0       |
|   add_ln49_45_fu_6279_p2           | -   |        | add_ln49_45  | add | fabric | 0       |
|   add_ln49_46_fu_4981_p2           | -   |        | add_ln49_46  | add | fabric | 0       |
|   add_ln49_47_fu_4991_p2           | -   |        | add_ln49_47  | add | fabric | 0       |
|   add_ln49_48_fu_5001_p2           | -   |        | add_ln49_48  | add | fabric | 0       |
|   add_ln49_49_fu_5007_p2           | -   |        | add_ln49_49  | add | fabric | 0       |
|   mac_muladd_8s_4ns_12s_13_4_1_U9  | 1   |        | add_ln49_50  | add | dsp48  | 3       |
|   add_ln49_51_fu_6021_p2           | -   |        | add_ln49_51  | add | fabric | 0       |
|   add_ln49_52_fu_6031_p2           | -   |        | add_ln49_52  | add | fabric | 0       |
|   mac_muladd_8s_4ns_11s_13_4_1_U10 | 1   |        | add_ln49_53  | add | dsp48  | 3       |
|   add_ln49_55_fu_6040_p2           | -   |        | add_ln49_55  | add | fabric | 0       |
|   mac_muladd_8s_5s_12s_13_4_1_U11  | 1   |        | add_ln49_56  | add | dsp48  | 3       |
|   mac_muladd_8s_5s_12s_13_4_1_U12  | 1   |        | add_ln49_57  | add | dsp48  | 3       |
|   add_ln49_58_fu_6055_p2           | -   |        | add_ln49_58  | add | fabric | 0       |
|   add_ln49_59_fu_6065_p2           | -   |        | add_ln49_59  | add | fabric | 0       |
|   add_ln49_60_fu_6295_p2           | -   |        | add_ln49_60  | add | fabric | 0       |
|   add_ln49_61_fu_6305_p2           | -   |        | add_ln49_61  | add | fabric | 0       |
|   add_ln49_62_fu_6315_p2           | -   |        | add_ln49_62  | add | fabric | 0       |
|   add_ln49_63_fu_5019_p2           | -   |        | add_ln49_63  | add | fabric | 0       |
|   add_ln49_64_fu_5029_p2           | -   |        | add_ln49_64  | add | fabric | 0       |
|   add_ln49_65_fu_5039_p2           | -   |        | add_ln49_65  | add | fabric | 0       |
|   add_ln49_66_fu_5045_p2           | -   |        | add_ln49_66  | add | fabric | 0       |
|   mac_muladd_8s_5s_12s_13_4_1_U13  | 1   |        | add_ln49_67  | add | dsp48  | 3       |
|   add_ln49_68_fu_6080_p2           | -   |        | add_ln49_68  | add | fabric | 0       |
|   add_ln49_69_fu_6090_p2           | -   |        | add_ln49_69  | add | fabric | 0       |
|   mac_muladd_8s_5s_12s_13_4_1_U14  | 1   |        | add_ln49_70  | add | dsp48  | 3       |
|   add_ln49_72_fu_6099_p2           | -   |        | add_ln49_72  | add | fabric | 0       |
|   mac_muladd_8s_4ns_11s_13_4_1_U15 | 1   |        | add_ln49_73  | add | dsp48  | 3       |
|   mac_muladd_8s_4ns_12s_13_4_1_U16 | 1   |        | add_ln49_74  | add | dsp48  | 3       |
|   add_ln49_75_fu_6114_p2           | -   |        | add_ln49_75  | add | fabric | 0       |
|   add_ln49_76_fu_6124_p2           | -   |        | add_ln49_76  | add | fabric | 0       |
|   add_ln49_77_fu_6327_p2           | -   |        | add_ln49_77  | add | fabric | 0       |
|   add_ln49_78_fu_5057_p2           | -   |        | add_ln49_78  | add | fabric | 0       |
|   add_ln49_79_fu_5067_p2           | -   |        | add_ln49_79  | add | fabric | 0       |
|   add_ln49_80_fu_5077_p2           | -   |        | add_ln49_80  | add | fabric | 0       |
|   add_ln49_81_fu_5083_p2           | -   |        | add_ln49_81  | add | fabric | 0       |
|   mac_muladd_8s_4ns_12s_13_4_1_U17 | 1   |        | add_ln49_82  | add | dsp48  | 3       |
|   add_ln49_83_fu_6139_p2           | -   |        | add_ln49_83  | add | fabric | 0       |
|   add_ln49_84_fu_6149_p2           | -   |        | add_ln49_84  | add | fabric | 0       |
|   mac_muladd_8s_4ns_11s_13_4_1_U18 | 1   |        | add_ln49_85  | add | dsp48  | 3       |
|   add_ln49_87_fu_6158_p2           | -   |        | add_ln49_87  | add | fabric | 0       |
|   mac_muladd_8s_5s_12s_13_4_1_U19  | 1   |        | add_ln49_88  | add | dsp48  | 3       |
|   mac_muladd_8s_5s_12s_13_4_1_U20  | 1   |        | add_ln49_89  | add | dsp48  | 3       |
|   add_ln49_90_fu_6173_p2           | -   |        | add_ln49_90  | add | fabric | 0       |
|   add_ln49_91_fu_6183_p2           | -   |        | add_ln49_91  | add | fabric | 0       |
|   add_ln49_92_fu_6343_p2           | -   |        | add_ln49_92  | add | fabric | 0       |
|   add_ln49_93_fu_6353_p2           | -   |        | add_ln49_93  | add | fabric | 0       |
|   add_ln49_94_fu_5095_p2           | -   |        | add_ln49_94  | add | fabric | 0       |
|   add_ln49_95_fu_5105_p2           | -   |        | add_ln49_95  | add | fabric | 0       |
|   add_ln49_96_fu_5115_p2           | -   |        | add_ln49_96  | add | fabric | 0       |
|   add_ln49_97_fu_5121_p2           | -   |        | add_ln49_97  | add | fabric | 0       |
|   add_ln49_98_fu_5131_p2           | -   |        | add_ln49_98  | add | fabric | 0       |
|   add_ln49_99_fu_5141_p2           | -   |        | add_ln49_99  | add | fabric | 0       |
|   add_ln49_100_fu_5268_p2          | -   |        | add_ln49_100 | add | fabric | 0       |
|   add_ln49_101_fu_5147_p2          | -   |        | add_ln49_101 | add | fabric | 0       |
|   add_ln49_102_fu_5157_p2          | -   |        | add_ln49_102 | add | fabric | 0       |
|   add_ln49_103_fu_5167_p2          | -   |        | add_ln49_103 | add | fabric | 0       |
|   add_ln49_104_fu_5173_p2          | -   |        | add_ln49_104 | add | fabric | 0       |
|   add_ln49_105_fu_5183_p2          | -   |        | add_ln49_105 | add | fabric | 0       |
|   add_ln49_106_fu_5193_p2          | -   |        | add_ln49_106 | add | fabric | 0       |
|   add_ln49_107_fu_5284_p2          | -   |        | add_ln49_107 | add | fabric | 0       |
|   add_ln49_108_fu_5294_p2          | -   |        | add_ln49_108 | add | fabric | 0       |
|   add_ln49_109_fu_5199_p2          | -   |        | add_ln49_109 | add | fabric | 0       |
|   add_ln49_110_fu_5209_p2          | -   |        | add_ln49_110 | add | fabric | 0       |
|   add_ln49_111_fu_5219_p2          | -   |        | add_ln49_111 | add | fabric | 0       |
|   add_ln49_112_fu_5225_p2          | -   |        | add_ln49_112 | add | fabric | 0       |
|   mac_muladd_8s_5s_12s_13_4_1_U21  | 1   |        | add_ln49_113 | add | dsp48  | 3       |
|   add_ln49_114_fu_6198_p2          | -   |        | add_ln49_114 | add | fabric | 0       |
|   add_ln49_115_fu_6208_p2          | -   |        | add_ln49_115 | add | fabric | 0       |
|   mac_muladd_8s_5s_12s_13_4_1_U22  | 1   |        | add_ln49_116 | add | dsp48  | 3       |
|   add_ln49_118_fu_6217_p2          | -   |        | add_ln49_118 | add | fabric | 0       |
|   mac_muladd_8s_4ns_11s_13_4_1_U23 | 1   |        | add_ln49_119 | add | dsp48  | 3       |
|   mac_muladd_8s_4ns_4ns_12_4_1_U24 | 1   |        | add_ln49_120 | add | dsp48  | 3       |
|   add_ln49_121_fu_6229_p2          | -   |        | add_ln49_121 | add | fabric | 0       |
|   add_ln49_122_fu_6238_p2          | -   |        | add_ln49_122 | add | fabric | 0       |
|   add_ln49_123_fu_6372_p2          | -   |        | add_ln49_123 | add | fabric | 0       |
|   add_ln49_124_fu_6382_p2          | -   |        | add_ln49_124 | add | fabric | 0       |
|   add_ln49_125_fu_6392_p2          | -   |        | add_ln49_125 | add | fabric | 0       |
|   acc_fu_6404_p2                   | -   |        | acc          | add | fabric | 0       |
+------------------------------------+-----+--------+--------------+-----+--------+---------+


================================================================
== Bind Storage Report
================================================================
  No bind storage info in design

================================================================
== Pragma Report
================================================================
* Valid Pragma Syntax
+---------------+-----------------------------------+------------------------------------------------------+
| Type          | Options                           | Location                                             |
+---------------+-----------------------------------+------------------------------------------------------+
| array_reshape | variable=c complete dim=1         | fir128_best/merge/directives.tcl:6 in fir, c         |
| array_reshape | variable=shift_reg complete dim=1 | fir128_best/merge/directives.tcl:7 in fir, shift_reg |
| pipeline      |                                   | fir128_best/merge/directives.tcl:9 in fir            |
+---------------+-----------------------------------+------------------------------------------------------+


