0 100 1000
1 -2 1080
2 -100 78
3 13 -192
4 97 297
5 -36 -256
6 -86 -1179
7 66 -651
8 59 56
9 -93 -624
10 -10 -895
11 98 -127
12 -52 -410
13 -61 -906
14 97 -212
15 -17 -357
16 -81 -934
17 90 -190
18 -6 -355
19 -82 -984
20 92 -113
21 -21 -435
22 -66 -985
23 100 9
24 -59 -643
25 -22 -824
26 86 46
27 -97 -942
28 52 -447
29 18 -219
30 -77 -1004
31 100 -47
32 -81 -753
33 32 -617
34 25 -347
35 -72 -597
36 97 725
37 -97 79
38 75 817
39 -40 549
40 0 509
41 37 511
42 -66 149
43 87 1134
44 -97 -13
45 100 861
46 -97 137
47 90 1057
48 -81 -54
49 72 977
50 -63 398
51 57 414
52 -52 -560
53 50 -134
54 -51 -820
55 54 -422
56 -59 -822
57 66 28
58 -75 -883
59 84 -256
60 -92 -895
61 98 139
62 -100 -1114
63 95 -94
64 -81 -787
65 58 -352
66 -25 -764
67 -13 -319
68 52 700
69 -84 -134
70 100 1064
71 -92 282
72 59 640
73 -6 413
74 -51 68
75 91 1140
76 -97 -47
77 61 453
78 6 780
79 -72 48
80 100 852
81 -70 385
82 -6 454
83 79 639
84 -97 -771
85 41 -402
86 51 -106
87 -100 -1177
88 59 -386
89 40 134
90 -100 -923
91 54 -658
92 52 105
93 -99 -771
94 25 -775
95 82 29
96 -81 -633
97 -32 -981
98 100 -304
99 -18 42
100 -92 -60
101 54 202
102 75 1107
103 -75 724
104 -59 -126
105 85 391
106 51 957
107 -87 747
108 -52 -333
109 82 259
110 63 1364
111 -70 627
112 -81 -240
113 44 -17
114 97 1184
115 -3 1206
116 -97 59
117 -50 -78
118 66 226
119 93 1027
120 0 1282
121 -92 423
122 -75 1
123 26 -223
124 97 539
125 69 1099
126 -25 1346
127 -95 1240
128 -81 -1139
129 -2 -1865
130 77 -638
131 98 290
132 52 914
133 -26 1893
134 -86 2252
135 -98 -612
136 -59 -3277
137 6 -2602
138 66 -1806
139 98 -561
140 92 2394
141 57 4914
142 6 3919
143 -44 2108
144 -81 784
145 -99 -2672
146 -97 -4858
147 -79 -5016
148 -52 -5636
149 -21 -4155
150 10 -1631
151 37 8
152 59 2767
153 75 4159
154 86 4627
155 93 6805
156 97 6973
157 99 6294
158 100 6063
159 100 4220
160 100 4054
161 100 3459
162 100 3128
163 99 2590
164 97 -452
165 93 -1496
166 86 -3329
167 75 -3579
168 59 -3648
169 37 -4154
170 10 -5632
171 -21 -10157
172 -52 -13215
173 -79 -16836
174 -97 -17005
175 -99 -17845
176 -81 -15568
177 -44 -14687
178 6 -12199
179 57 -9953
180 92 -6309
181 98 -4947
182 66 -4894
183 6 -8038
184 -59 -12045
185 -98 -17780
186 -86 -19768
187 -26 -19931
188 52 -15900
189 98 -12995
190 77 -8691
191 -2 -7970
192 -81 -7486
193 -95 -8966
194 -25 -8507
195 69 -6965
196 97 -4858
197 26 -72
198 -75 3076
199 -92 7770
200 0 11466
201 93 15965
202 66 18946
203 -50 17751
204 -97 17256
205 -3 15860
206 97 16036
207 44 16806
208 -81 14466
209 -70 12741
210 63 10308
211 82 6617
212 -52 3277
213 -87 -2073
214 51 -6550
215 85 -9155
216 -59 -14151
217 -75 -17817
218 75 -16580
219 54 -15254
220 -92 -15266
221 -18 -14696
222 100 -15524
223 -32 -17788
224 -81 -17239
225 82 -13460
226 25 -9730
227 -99 -5817
228 52 -928
229 54 1999
230 -100 4055
231 40 9681
232 59 15141
233 -100 16339
234 51 16870
235 41 16640
236 -97 14809
237 79 14805
238 -6 15331
239 -70 16479
240 100 17912
241 -72 14387
242 6 9564
243 61 5679
244 -97 1191
245 91 -1540
246 -51 -6308
247 -6 -10942
248 59 -13578
249 -92 -15464
250 100 -14516
251 -84 -15607
252 52 -16376
253 -13 -18030
254 -25 -19009
255 58 -17923
256 -81 -15802
257 95 -10559
258 -100 -7358
259 98 -2886
260 -92 -501
261 84 3377
262 -75 5016
263 66 8398
264 -59 10158
265 54 11500
266 -51 10472
267 50 10385
268 -52 9918
269 57 11793
270 -63 13753
271 72 16926
272 -81 16777
273 90 16234
274 -97 13325
275 100 12600
276 -97 10246
277 87 10701
278 -66 10234
279 37 10630
280 0 10214
281 -40 10109
282 75 11770
283 -97 11137
284 97 11653
285 -72 9257
286 25 6546
287 32 4038
288 -81 1975
289 100 3292
290 -77 2923
291 18 2713
292 52 2250
293 -97 -457
294 86 -1623
295 -22 -2771
296 -59 -3031
297 100 -1819
298 -66 -2593
299 -21 -2765
300 92 -1854
301 -82 -2168
302 -6 -850
303 90 1472
304 -81 1512
305 -17 1192
306 97 2047
307 -61 1243
308 -52 -212
309 98 -357
310 -10 -1130
311 -93 -1952
312 59 -1066
313 66 535
314 -86 1153
315 -36 632
316 97 761
317 13 347
318 -100 -1240
319 -2 -1507
320 100 -162
321 2 1528
322 -100 754
323 -13 -556
324 97 -345
325 36 -136
326 -86 -113
327 -66 -131
328 59 488
329 93 620
330 -10 -449
331 -98 -527
332 -52 -136
333 61 196
334 97 213
335 17 -168
336 -81 410
337 -90 208
338 -6 -631
339 82 -1225
340 92 -159
341 21 1915
342 -66 1286
343 -100 -547
344 -59 -1167
345 22 -1260
346 86 -1358
347 97 -368
348 52 2670
349 -18 3488
350 -77 1055
351 -100 -457
352 -81 -1978
353 -32 -4032
354 25 -4071
355 72 -913
356 97 1560
357 97 2955
358 75 5378
359 40 5204
360 0 3272
361 -37 2030
362 -66 -975
363 -87 -3699
364 -97 -4841
365 -100 -6451
366 -97 -6154
367 -90 -5416
368 -81 -5989
369 -72 -4164
370 -63 -2270
371 -57 -1134
372 -52 965
373 -50 994
374 -51 1701
375 -54 2141
376 -59 2984
377 -66 5321
378 -75 4851
379 -84 5075
380 -92 3765
381 -98 3065
382 -100 3366
383 -95 4937
384 -81 8544
385 -58 9856
386 -25 11732
387 13 11253
388 52 13012
389 84 13328
390 100 16311
391 92 17750
392 59 19101
393 6 18302
394 -51 18316
395 -91 17236
396 -97 16882
397 -61 15758
398 6 15923
399 72 14087
400 100 13762
401 70 12396
402 -6 13026
403 -79 10755
404 -97 9422
405 -41 6150
406 51 4912
407 100 3610
408 59 3652
409 -40 3168
410 -100 -898
411 -54 -4258
412 52 -8605
413 99 -9775
414 25 -10248
415 -82 -9272
416 -81 -6809
417 32 -6907
418 100 -6381
419 18 -8183
420 -92 -11088
421 -54 -11323
422 75 -11107
423 75 -8960
424 -59 -7028
425 -85 -5921
426 51 -517
427 87 5673
428 -52 9053
429 -82 12185
430 63 13460
431 70 11373
432 -81 8000
433 -44 4733
434 97 4162
435 3 7074
436 -97 9811
437 50 11354
438 66 12560
439 -93 11431
440 0 7776
441 92 3667
442 -75 -711
443 -26 -5035
444 97 -9077
445 -69 -12407
446 -25 -12304
447 95 -10310
448 -81 -9431
449 2 -6397
450 77 -3354
451 -98 -5536
452 52 -9230
453 26 -12571
454 -86 -13820
455 98 -10614
456 -59 -7849
457 -6 -3864
458 66 1760
459 -98 5555
460 92 9430
461 -57 10180
462 6 10375
463 44 10514
464 -81 9288
465 99 9192
466 -97 6988
467 79 6750
468 -52 6710
469 21 8851
470 10 10157
471 -37 9436
472 59 7997
473 -75 4099
474 86 901
475 -93 -3411
476 97 -4459
477 -99 -7128
478 100 -7307
479 -100 -8420
480 100 -6904
481 -100 -7789
482 100 -7558
483 -99 -11016
484 97 -14284
485 -93 -19868
486 86 -21825
487 -75 -22795
488 59 -20846
489 -37 -18872
490 10 -15924
491 21 -13559
492 -52 -12511
493 79 -10222
494 -97 -9513
495 99 -8003
496 -81 -9510
497 44 -9829
498 6 -10757
499 -57 -10861
500 92 -8095
501 -98 -6483
502 66 -4276
503 -6 -4590
504 -59 -5453
505 98 -4948
506 -86 -5440
507 26 -3813
508 52 -1294
509 -98 -659
510 77 327
511 2 808
512 -81 664
513 95 2044
514 -25 2665
515 -69 2217
516 97 2360
517 -26 756
518 -75 -1062
519 92 -448
520 0 -1214
521 -93 -2275
522 66 -1086
523 50 239
524 -97 294
525 3 1018
526 97 1982
527 -44 702
528 -81 -1168
529 70 -1053
530 63 -330
531 -82 -411
532 -52 19
533 87 1119
534 51 1446
535 -85 -549
536 -59 -1793
537 75 -589
538 75 1044
539 -54 1160
540 -92 -208
541 18 -1168
542 100 -510
543 32 716
544 -81 887
545 -82 -294
546 25 -1114
547 99 -421
548 52 810
549 -54 1317
550 -100 -249
551 -40 -1433
552 59 -813
553 100 595
554 51 1094
555 -41 664
556 -97 495
557 -79 -59
558 -6 -1645
559 70 -2277
560 100 -270
561 72 2345
562 6 2608
563 -61 1723
564 -97 941
565 -91 -1880
566 -51 -4162
567 6 -3666
568 59 -2030
569 92 -26
570 100 3106
571 84 4905
572 52 4674
573 13 4510
574 -25 2709
575 -58 -665
576 -81 -2256
577 -95 -4453
578 -100 -6634
579 -98 -5532
580 -92 -5967
581 -84 -5979
582 -75 -4278
583 -66 -3556
584 -59 -1026
585 -54 256
586 -51 614
587 -50 2047
588 -52 1274
589 -57 2999
590 -63 4499
591 -72 4942
592 -81 5441
593 -90 3598
594 -97 3767
595 -100 2492
596 -97 4556
597 -87 7111
598 -66 9588
599 -37 11314
Comparing against output data 
*******************************************
PASS: The output matches the golden output!
*******************************************

D:\HLS\HLS_LABC\fir128_best\solution4\sim\verilog>set PATH= 

D:\HLS\HLS_LABC\fir128_best\solution4\sim\verilog>call D:/Xilinx/Vivado/2022.1/bin/xelab xil_defaultlib.apatb_fir_top glbl -Oenable_linking_all_libraries  -prj fir.prj -L smartconnect_v1_0 -L axi_protocol_checker_v1_1_12 -L axi_protocol_checker_v1_1_13 -L axis_protocol_checker_v1_1_11 -L axis_protocol_checker_v1_1_12 -L xil_defaultlib -L unisims_ver -L xpm  -L floating_point_v7_0_20 -L floating_point_v7_1_14 --lib "ieee_proposed=./ieee_proposed" -s fir -debug wave 
Vivado Simulator v2022.1
Copyright 1986-1999, 2001-2022 Xilinx, Inc. All Rights Reserved.
Running: D:/Xilinx/Vivado/2022.1/bin/unwrapped/win64.o/xelab.exe xil_defaultlib.apatb_fir_top glbl -Oenable_linking_all_libraries -prj fir.prj -L smartconnect_v1_0 -L axi_protocol_checker_v1_1_12 -L axi_protocol_checker_v1_1_13 -L axis_protocol_checker_v1_1_11 -L axis_protocol_checker_v1_1_12 -L xil_defaultlib -L unisims_ver -L xpm -L floating_point_v7_0_20 -L floating_point_v7_1_14 --lib ieee_proposed=./ieee_proposed -s fir -debug wave 
Multi-threading is on. Using 14 slave threads.
INFO: [VRFC 10-2263] Analyzing SystemVerilog file "D:/HLS/HLS_LABC/fir128_best/solution4/sim/verilog/glbl.v" into library work
INFO: [VRFC 10-311] analyzing module glbl
INFO: [VRFC 10-2263] Analyzing SystemVerilog file "D:/HLS/HLS_LABC/fir128_best/solution4/sim/verilog/fir.autotb.v" into library xil_defaultlib
INFO: [VRFC 10-311] analyzing module apatb_fir_top
INFO: [VRFC 10-2263] Analyzing SystemVerilog file "D:/HLS/HLS_LABC/fir128_best/solution4/sim/verilog/fir.v" into library xil_defaultlib
INFO: [VRFC 10-311] analyzing module fir
INFO: [VRFC 10-2263] Analyzing SystemVerilog file "D:/HLS/HLS_LABC/fir128_best/solution4/sim/verilog/fir_ama_addmuladd_8s_8s_4ns_12s_14_4_1.v" into library xil_defaultlib
INFO: [VRFC 10-311] analyzing module fir_ama_addmuladd_8s_8s_4ns_12s_14_4_1_DSP48_0
INFO: [VRFC 10-311] analyzing module fir_ama_addmuladd_8s_8s_4ns_12s_14_4_1
INFO: [VRFC 10-2263] Analyzing SystemVerilog file "D:/HLS/HLS_LABC/fir128_best/solution4/sim/verilog/fir_am_addmul_8s_8s_5s_13_4_1.v" into library xil_defaultlib
INFO: [VRFC 10-311] analyzing module fir_am_addmul_8s_8s_5s_13_4_1_DSP48_1
INFO: [VRFC 10-311] analyzing module fir_am_addmul_8s_8s_5s_13_4_1
INFO: [VRFC 10-2263] Analyzing SystemVerilog file "D:/HLS/HLS_LABC/fir128_best/solution4/sim/verilog/dataflow_monitor.sv" into library xil_defaultlib
INFO: [VRFC 10-311] analyzing module dataflow_monitor
Starting static elaboration
Pass Through NonSizing Optimizer
Completed static elaboration
Starting simulation data flow analysis
Completed simulation data flow analysis
Time Resolution for simulation is 1ps
Compiling package xil_defaultlib.$unit_dataflow_monitor_sv
Compiling module xil_defaultlib.fir_ama_addmuladd_8s_8s_4ns_12s_...
Compiling module xil_defaultlib.fir_ama_addmuladd_8s_8s_4ns_12s_...
Compiling module xil_defaultlib.fir_am_addmul_8s_8s_5s_13_4_1_DS...
Compiling module xil_defaultlib.fir_am_addmul_8s_8s_5s_13_4_1(ID...
Compiling module xil_defaultlib.fir
Compiling module xil_defaultlib.nodf_module_intf
Compiling module xil_defaultlib.dataflow_monitor_1
Compiling module xil_defaultlib.apatb_fir_top
Compiling module work.glbl
Built simulation snapshot fir

****** xsim v2022.1 (64-bit)
  **** SW Build 3526262 on Mon Apr 18 15:48:16 MDT 2022
  **** IP Build 3524634 on Mon Apr 18 20:55:01 MDT 2022
    ** Copyright 1986-2022 Xilinx, Inc. All Rights Reserved.

source xsim.dir/fir/xsim_script.tcl
# xsim {fir} -view {{fir_dataflow_ana.wcfg}} -tclbatch {fir.tcl} -protoinst {fir.protoinst}
INFO: [Wavedata 42-565] Reading protoinst file fir.protoinst
INFO: [Wavedata 42-564]   Found protocol instance at /apatb_fir_top/AESL_inst_fir//AESL_inst_fir_activity
Time resolution is 1 ps
open_wave_config fir_dataflow_ana.wcfg
source fir.tcl
## log_wave -r /
WARNING: [Simtcl 6-197] One or more HDL objects could not be logged because of object type or size limitations.  To see details please rerun the command with -verbose (-v).
## set designtopgroup [add_wave_group "Design Top Signals"]
## set coutputgroup [add_wave_group "C Outputs" -into $designtopgroup]
## set return_group [add_wave_group return(wire) -into $coutputgroup]
## add_wave /apatb_fir_top/AESL_inst_fir/y_ap_vld -into $return_group -color #ffff00 -radix hex
## add_wave /apatb_fir_top/AESL_inst_fir/y -into $return_group -radix hex
## set cinputgroup [add_wave_group "C Inputs" -into $designtopgroup]
## set return_group [add_wave_group return(wire) -into $cinputgroup]
## add_wave /apatb_fir_top/AESL_inst_fir/x -into $return_group -radix hex
## set blocksiggroup [add_wave_group "Block-level IO Handshake" -into $designtopgroup]
## add_wave /apatb_fir_top/AESL_inst_fir/ap_start -into $blocksiggroup
## add_wave /apatb_fir_top/AESL_inst_fir/ap_done -into $blocksiggroup
## add_wave /apatb_fir_top/AESL_inst_fir/ap_idle -into $blocksiggroup
## add_wave /apatb_fir_top/AESL_inst_fir/ap_ready -into $blocksiggroup
## set resetgroup [add_wave_group "Reset" -into $designtopgroup]
## add_wave /apatb_fir_top/AESL_inst_fir/ap_rst -into $resetgroup
## set clockgroup [add_wave_group "Clock" -into $designtopgroup]
## add_wave /apatb_fir_top/AESL_inst_fir/ap_clk -into $clockgroup
## set testbenchgroup [add_wave_group "Test Bench Signals"]
## set tbinternalsiggroup [add_wave_group "Internal Signals" -into $testbenchgroup]
## set tb_simstatus_group [add_wave_group "Simulation Status" -into $tbinternalsiggroup]
## set tb_portdepth_group [add_wave_group "Port Depth" -into $tbinternalsiggroup]
## add_wave /apatb_fir_top/AUTOTB_TRANSACTION_NUM -into $tb_simstatus_group -radix hex
## add_wave /apatb_fir_top/ready_cnt -into $tb_simstatus_group -radix hex
## add_wave /apatb_fir_top/done_cnt -into $tb_simstatus_group -radix hex
## add_wave /apatb_fir_top/LENGTH_y -into $tb_portdepth_group -radix hex
## add_wave /apatb_fir_top/LENGTH_x -into $tb_portdepth_group -radix hex
## set tbcoutputgroup [add_wave_group "C Outputs" -into $testbenchgroup]
## set tb_return_group [add_wave_group return(wire) -into $tbcoutputgroup]
## add_wave /apatb_fir_top/y_ap_vld -into $tb_return_group -color #ffff00 -radix hex
## add_wave /apatb_fir_top/y -into $tb_return_group -radix hex
## set tbcinputgroup [add_wave_group "C Inputs" -into $testbenchgroup]
## set tb_return_group [add_wave_group return(wire) -into $tbcinputgroup]
## add_wave /apatb_fir_top/x -into $tb_return_group -radix hex
## save_wave_config fir.wcfg
## run all
////////////////////////////////////////////////////////////////////////////////////
// Inter-Transaction Progress: Completed Transaction / Total Transaction
// Intra-Transaction Progress: Measured Latency / Latency Estimation * 100%
//
// RTL Simulation : "Inter-Transaction Progress" ["Intra-Transaction Progress"] @ "Simulation Time"
////////////////////////////////////////////////////////////////////////////////////
// RTL Simulation : 0 / 600 [0.00%] @ "125000"
// RTL Simulation : 1 / 600 [75.00%] @ "185000"
// RTL Simulation : 2 / 600 [75.00%] @ "195000"
// RTL Simulation : 3 / 600 [75.00%] @ "205000"
// RTL Simulation : 4 / 600 [75.00%] @ "215000"
// RTL Simulation : 5 / 600 [75.00%] @ "225000"
// RTL Simulation : 6 / 600 [75.00%] @ "235000"
// RTL Simulation : 7 / 600 [75.00%] @ "245000"
// RTL Simulation : 8 / 600 [75.00%] @ "255000"
// RTL Simulation : 9 / 600 [75.00%] @ "265000"
// RTL Simulation : 10 / 600 [75.00%] @ "275000"
// RTL Simulation : 11 / 600 [75.00%] @ "285000"
// RTL Simulation : 12 / 600 [75.00%] @ "295000"
// RTL Simulation : 13 / 600 [75.00%] @ "305000"
// RTL Simulation : 14 / 600 [75.00%] @ "315000"
// RTL Simulation : 15 / 600 [75.00%] @ "325000"
// RTL Simulation : 16 / 600 [75.00%] @ "335000"
// RTL Simulation : 17 / 600 [75.00%] @ "345000"
// RTL Simulation : 18 / 600 [75.00%] @ "355000"
// RTL Simulation : 19 / 600 [75.00%] @ "365000"
// RTL Simulation : 20 / 600 [75.00%] @ "375000"
// RTL Simulation : 21 / 600 [75.00%] @ "385000"
// RTL Simulation : 22 / 600 [75.00%] @ "395000"
// RTL Simulation : 23 / 600 [75.00%] @ "405000"
// RTL Simulation : 24 / 600 [75.00%] @ "415000"
// RTL Simulation : 25 / 600 [75.00%] @ "425000"
// RTL Simulation : 26 / 600 [75.00%] @ "435000"
// RTL Simulation : 27 / 600 [75.00%] @ "445000"
// RTL Simulation : 28 / 600 [75.00%] @ "455000"
// RTL Simulation : 29 / 600 [75.00%] @ "465000"
// RTL Simulation : 30 / 600 [75.00%] @ "475000"
// RTL Simulation : 31 / 600 [75.00%] @ "485000"
// RTL Simulation : 32 / 600 [75.00%] @ "495000"
// RTL Simulation : 33 / 600 [75.00%] @ "505000"
// RTL Simulation : 34 / 600 [75.00%] @ "515000"
// RTL Simulation : 35 / 600 [75.00%] @ "525000"
// RTL Simulation : 36 / 600 [75.00%] @ "535000"
// RTL Simulation : 37 / 600 [75.00%] @ "545000"
// RTL Simulation : 38 / 600 [75.00%] @ "555000"
// RTL Simulation : 39 / 600 [75.00%] @ "565000"
// RTL Simulation : 40 / 600 [75.00%] @ "575000"
// RTL Simulation : 41 / 600 [75.00%] @ "585000"
// RTL Simulation : 42 / 600 [75.00%] @ "595000"
// RTL Simulation : 43 / 600 [75.00%] @ "605000"
// RTL Simulation : 44 / 600 [75.00%] @ "615000"
// RTL Simulation : 45 / 600 [75.00%] @ "625000"
// RTL Simulation : 46 / 600 [75.00%] @ "635000"
// RTL Simulation : 47 / 600 [75.00%] @ "645000"
// RTL Simulation : 48 / 600 [75.00%] @ "655000"
// RTL Simulation : 49 / 600 [75.00%] @ "665000"
// RTL Simulation : 50 / 600 [75.00%] @ "675000"
// RTL Simulation : 51 / 600 [75.00%] @ "685000"
// RTL Simulation : 52 / 600 [75.00%] @ "695000"
// RTL Simulation : 53 / 600 [75.00%] @ "705000"
// RTL Simulation : 54 / 600 [75.00%] @ "715000"
// RTL Simulation : 55 / 600 [75.00%] @ "725000"
// RTL Simulation : 56 / 600 [75.00%] @ "735000"
// RTL Simulation : 57 / 600 [75.00%] @ "745000"
// RTL Simulation : 58 / 600 [75.00%] @ "755000"
// RTL Simulation : 59 / 600 [75.00%] @ "765000"
// RTL Simulation : 60 / 600 [75.00%] @ "775000"
// RTL Simulation : 61 / 600 [75.00%] @ "785000"
// RTL Simulation : 62 / 600 [75.00%] @ "795000"
// RTL Simulation : 63 / 600 [75.00%] @ "805000"
// RTL Simulation : 64 / 600 [75.00%] @ "815000"
// RTL Simulation : 65 / 600 [75.00%] @ "825000"
// RTL Simulation : 66 / 600 [75.00%] @ "835000"
// RTL Simulation : 67 / 600 [75.00%] @ "845000"
// RTL Simulation : 68 / 600 [75.00%] @ "855000"
// RTL Simulation : 69 / 600 [75.00%] @ "865000"
// RTL Simulation : 70 / 600 [75.00%] @ "875000"
// RTL Simulation : 71 / 600 [75.00%] @ "885000"
// RTL Simulation : 72 / 600 [75.00%] @ "895000"
// RTL Simulation : 73 / 600 [75.00%] @ "905000"
// RTL Simulation : 74 / 600 [75.00%] @ "915000"
// RTL Simulation : 75 / 600 [75.00%] @ "925000"
// RTL Simulation : 76 / 600 [75.00%] @ "935000"
// RTL Simulation : 77 / 600 [75.00%] @ "945000"
// RTL Simulation : 78 / 600 [75.00%] @ "955000"
// RTL Simulation : 79 / 600 [75.00%] @ "965000"
// RTL Simulation : 80 / 600 [75.00%] @ "975000"
// RTL Simulation : 81 / 600 [75.00%] @ "985000"
// RTL Simulation : 82 / 600 [75.00%] @ "995000"
// RTL Simulation : 83 / 600 [75.00%] @ "1005000"
// RTL Simulation : 84 / 600 [75.00%] @ "1015000"
// RTL Simulation : 85 / 600 [75.00%] @ "1025000"
// RTL Simulation : 86 / 600 [75.00%] @ "1035000"
// RTL Simulation : 87 / 600 [75.00%] @ "1045000"
// RTL Simulation : 88 / 600 [75.00%] @ "1055000"
// RTL Simulation : 89 / 600 [75.00%] @ "1065000"
// RTL Simulation : 90 / 600 [75.00%] @ "1075000"
// RTL Simulation : 91 / 600 [75.00%] @ "1085000"
// RTL Simulation : 92 / 600 [75.00%] @ "1095000"
// RTL Simulation : 93 / 600 [75.00%] @ "1105000"
// RTL Simulation : 94 / 600 [75.00%] @ "1115000"
// RTL Simulation : 95 / 600 [75.00%] @ "1125000"
// RTL Simulation : 96 / 600 [75.00%] @ "1135000"
// RTL Simulation : 97 / 600 [75.00%] @ "1145000"
// RTL Simulation : 98 / 600 [75.00%] @ "1155000"
// RTL Simulation : 99 / 600 [75.00%] @ "1165000"
// RTL Simulation : 100 / 600 [75.00%] @ "1175000"
// RTL Simulation : 101 / 600 [75.00%] @ "1185000"
// RTL Simulation : 102 / 600 [75.00%] @ "1195000"
// RTL Simulation : 103 / 600 [75.00%] @ "1205000"
// RTL Simulation : 104 / 600 [75.00%] @ "1215000"
// RTL Simulation : 105 / 600 [75.00%] @ "1225000"
// RTL Simulation : 106 / 600 [75.00%] @ "1235000"
// RTL Simulation : 107 / 600 [75.00%] @ "1245000"
// RTL Simulation : 108 / 600 [75.00%] @ "1255000"
// RTL Simulation : 109 / 600 [75.00%] @ "1265000"
// RTL Simulation : 110 / 600 [75.00%] @ "1275000"
// RTL Simulation : 111 / 600 [75.00%] @ "1285000"
// RTL Simulation : 112 / 600 [75.00%] @ "1295000"
// RTL Simulation : 113 / 600 [75.00%] @ "1305000"
// RTL Simulation : 114 / 600 [75.00%] @ "1315000"
// RTL Simulation : 115 / 600 [75.00%] @ "1325000"
// RTL Simulation : 116 / 600 [75.00%] @ "1335000"
// RTL Simulation : 117 / 600 [75.00%] @ "1345000"
// RTL Simulation : 118 / 600 [75.00%] @ "1355000"
// RTL Simulation : 119 / 600 [75.00%] @ "1365000"
// RTL Simulation : 120 / 600 [75.00%] @ "1375000"
// RTL Simulation : 121 / 600 [75.00%] @ "1385000"
// RTL Simulation : 122 / 600 [75.00%] @ "1395000"
// RTL Simulation : 123 / 600 [75.00%] @ "1405000"
// RTL Simulation : 124 / 600 [75.00%] @ "1415000"
// RTL Simulation : 125 / 600 [75.00%] @ "1425000"
// RTL Simulation : 126 / 600 [75.00%] @ "1435000"
// RTL Simulation : 127 / 600 [75.00%] @ "1445000"
// RTL Simulation : 128 / 600 [75.00%] @ "1455000"
// RTL Simulation : 129 / 600 [75.00%] @ "1465000"
// RTL Simulation : 130 / 600 [75.00%] @ "1475000"
// RTL Simulation : 131 / 600 [75.00%] @ "1485000"
// RTL Simulation : 132 / 600 [75.00%] @ "1495000"
// RTL Simulation : 133 / 600 [75.00%] @ "1505000"
// RTL Simulation : 134 / 600 [75.00%] @ "1515000"
// RTL Simulation : 135 / 600 [75.00%] @ "1525000"
// RTL Simulation : 136 / 600 [75.00%] @ "1535000"
// RTL Simulation : 137 / 600 [75.00%] @ "1545000"
// RTL Simulation : 138 / 600 [75.00%] @ "1555000"
// RTL Simulation : 139 / 600 [75.00%] @ "1565000"
// RTL Simulation : 140 / 600 [75.00%] @ "1575000"
// RTL Simulation : 141 / 600 [75.00%] @ "1585000"
// RTL Simulation : 142 / 600 [75.00%] @ "1595000"
// RTL Simulation : 143 / 600 [75.00%] @ "1605000"
// RTL Simulation : 144 / 600 [75.00%] @ "1615000"
// RTL Simulation : 145 / 600 [75.00%] @ "1625000"
// RTL Simulation : 146 / 600 [75.00%] @ "1635000"
// RTL Simulation : 147 / 600 [75.00%] @ "1645000"
// RTL Simulation : 148 / 600 [75.00%] @ "1655000"
// RTL Simulation : 149 / 600 [75.00%] @ "1665000"
// RTL Simulation : 150 / 600 [75.00%] @ "1675000"
// RTL Simulation : 151 / 600 [75.00%] @ "1685000"
// RTL Simulation : 152 / 600 [75.00%] @ "1695000"
// RTL Simulation : 153 / 600 [75.00%] @ "1705000"
// RTL Simulation : 154 / 600 [75.00%] @ "1715000"
// RTL Simulation : 155 / 600 [75.00%] @ "1725000"
// RTL Simulation : 156 / 600 [75.00%] @ "1735000"
// RTL Simulation : 157 / 600 [75.00%] @ "1745000"
// RTL Simulation : 158 / 600 [75.00%] @ "1755000"
// RTL Simulation : 159 / 600 [75.00%] @ "1765000"
// RTL Simulation : 160 / 600 [75.00%] @ "1775000"
// RTL Simulation : 161 / 600 [75.00%] @ "1785000"
// RTL Simulation : 162 / 600 [75.00%] @ "1795000"
// RTL Simulation : 163 / 600 [75.00%] @ "1805000"
// RTL Simulation : 164 / 600 [75.00%] @ "1815000"
// RTL Simulation : 165 / 600 [75.00%] @ "1825000"
// RTL Simulation : 166 / 600 [75.00%] @ "1835000"
// RTL Simulation : 167 / 600 [75.00%] @ "1845000"
// RTL Simulation : 168 / 600 [75.00%] @ "1855000"
// RTL Simulation : 169 / 600 [75.00%] @ "1865000"
// RTL Simulation : 170 / 600 [75.00%] @ "1875000"
// RTL Simulation : 171 / 600 [75.00%] @ "1885000"
// RTL Simulation : 172 / 600 [75.00%] @ "1895000"
// RTL Simulation : 173 / 600 [75.00%] @ "1905000"
// RTL Simulation : 174 / 600 [75.00%] @ "1915000"
// RTL Simulation : 175 / 600 [75.00%] @ "1925000"
// RTL Simulation : 176 / 600 [75.00%] @ "1935000"
// RTL Simulation : 177 / 600 [75.00%] @ "1945000"
// RTL Simulation : 178 / 600 [75.00%] @ "1955000"
// RTL Simulation : 179 / 600 [75.00%] @ "1965000"
// RTL Simulation : 180 / 600 [75.00%] @ "1975000"
// RTL Simulation : 181 / 600 [75.00%] @ "1985000"
// RTL Simulation : 182 / 600 [75.00%] @ "1995000"
// RTL Simulation : 183 / 600 [75.00%] @ "2005000"
// RTL Simulation : 184 / 600 [75.00%] @ "2015000"
// RTL Simulation : 185 / 600 [75.00%] @ "2025000"
// RTL Simulation : 186 / 600 [75.00%] @ "2035000"
// RTL Simulation : 187 / 600 [75.00%] @ "2045000"
// RTL Simulation : 188 / 600 [75.00%] @ "2055000"
// RTL Simulation : 189 / 600 [75.00%] @ "2065000"
// RTL Simulation : 190 / 600 [75.00%] @ "2075000"
// RTL Simulation : 191 / 600 [75.00%] @ "2085000"
// RTL Simulation : 192 / 600 [75.00%] @ "2095000"
// RTL Simulation : 193 / 600 [75.00%] @ "2105000"
// RTL Simulation : 194 / 600 [75.00%] @ "2115000"
// RTL Simulation : 195 / 600 [75.00%] @ "2125000"
// RTL Simulation : 196 / 600 [75.00%] @ "2135000"
// RTL Simulation : 197 / 600 [75.00%] @ "2145000"
// RTL Simulation : 198 / 600 [75.00%] @ "2155000"
// RTL Simulation : 199 / 600 [75.00%] @ "2165000"
// RTL Simulation : 200 / 600 [75.00%] @ "2175000"
// RTL Simulation : 201 / 600 [75.00%] @ "2185000"
// RTL Simulation : 202 / 600 [75.00%] @ "2195000"
// RTL Simulation : 203 / 600 [75.00%] @ "2205000"
// RTL Simulation : 204 / 600 [75.00%] @ "2215000"
// RTL Simulation : 205 / 600 [75.00%] @ "2225000"
// RTL Simulation : 206 / 600 [75.00%] @ "2235000"
// RTL Simulation : 207 / 600 [75.00%] @ "2245000"
// RTL Simulation : 208 / 600 [75.00%] @ "2255000"
// RTL Simulation : 209 / 600 [75.00%] @ "2265000"
// RTL Simulation : 210 / 600 [75.00%] @ "2275000"
// RTL Simulation : 211 / 600 [75.00%] @ "2285000"
// RTL Simulation : 212 / 600 [75.00%] @ "2295000"
// RTL Simulation : 213 / 600 [75.00%] @ "2305000"
// RTL Simulation : 214 / 600 [75.00%] @ "2315000"
// RTL Simulation : 215 / 600 [75.00%] @ "2325000"
// RTL Simulation : 216 / 600 [75.00%] @ "2335000"
// RTL Simulation : 217 / 600 [75.00%] @ "2345000"
// RTL Simulation : 218 / 600 [75.00%] @ "2355000"
// RTL Simulation : 219 / 600 [75.00%] @ "2365000"
// RTL Simulation : 220 / 600 [75.00%] @ "2375000"
// RTL Simulation : 221 / 600 [75.00%] @ "2385000"
// RTL Simulation : 222 / 600 [75.00%] @ "2395000"
// RTL Simulation : 223 / 600 [75.00%] @ "2405000"
// RTL Simulation : 224 / 600 [75.00%] @ "2415000"
// RTL Simulation : 225 / 600 [75.00%] @ "2425000"
// RTL Simulation : 226 / 600 [75.00%] @ "2435000"
// RTL Simulation : 227 / 600 [75.00%] @ "2445000"
// RTL Simulation : 228 / 600 [75.00%] @ "2455000"
// RTL Simulation : 229 / 600 [75.00%] @ "2465000"
// RTL Simulation : 230 / 600 [75.00%] @ "2475000"
// RTL Simulation : 231 / 600 [75.00%] @ "2485000"
// RTL Simulation : 232 / 600 [75.00%] @ "2495000"
// RTL Simulation : 233 / 600 [75.00%] @ "2505000"
// RTL Simulation : 234 / 600 [75.00%] @ "2515000"
// RTL Simulation : 235 / 600 [75.00%] @ "2525000"
// RTL Simulation : 236 / 600 [75.00%] @ "2535000"
// RTL Simulation : 237 / 600 [75.00%] @ "2545000"
// RTL Simulation : 238 / 600 [75.00%] @ "2555000"
// RTL Simulation : 239 / 600 [75.00%] @ "2565000"
// RTL Simulation : 240 / 600 [75.00%] @ "2575000"
// RTL Simulation : 241 / 600 [75.00%] @ "2585000"
// RTL Simulation : 242 / 600 [75.00%] @ "2595000"
// RTL Simulation : 243 / 600 [75.00%] @ "2605000"
// RTL Simulation : 244 / 600 [75.00%] @ "2615000"
// RTL Simulation : 245 / 600 [75.00%] @ "2625000"
// RTL Simulation : 246 / 600 [75.00%] @ "2635000"
// RTL Simulation : 247 / 600 [75.00%] @ "2645000"
// RTL Simulation : 248 / 600 [75.00%] @ "2655000"
// RTL Simulation : 249 / 600 [75.00%] @ "2665000"
// RTL Simulation : 250 / 600 [75.00%] @ "2675000"
// RTL Simulation : 251 / 600 [75.00%] @ "2685000"
// RTL Simulation : 252 / 600 [75.00%] @ "2695000"
// RTL Simulation : 253 / 600 [75.00%] @ "2705000"
// RTL Simulation : 254 / 600 [75.00%] @ "2715000"
// RTL Simulation : 255 / 600 [75.00%] @ "2725000"
// RTL Simulation : 256 / 600 [75.00%] @ "2735000"
// RTL Simulation : 257 / 600 [75.00%] @ "2745000"
// RTL Simulation : 258 / 600 [75.00%] @ "2755000"
// RTL Simulation : 259 / 600 [75.00%] @ "2765000"
// RTL Simulation : 260 / 600 [75.00%] @ "2775000"
// RTL Simulation : 261 / 600 [75.00%] @ "2785000"
// RTL Simulation : 262 / 600 [75.00%] @ "2795000"
// RTL Simulation : 263 / 600 [75.00%] @ "2805000"
// RTL Simulation : 264 / 600 [75.00%] @ "2815000"
// RTL Simulation : 265 / 600 [75.00%] @ "2825000"
// RTL Simulation : 266 / 600 [75.00%] @ "2835000"
// RTL Simulation : 267 / 600 [75.00%] @ "2845000"
// RTL Simulation : 268 / 600 [75.00%] @ "2855000"
// RTL Simulation : 269 / 600 [75.00%] @ "2865000"
// RTL Simulation : 270 / 600 [75.00%] @ "2875000"
// RTL Simulation : 271 / 600 [75.00%] @ "2885000"
// RTL Simulation : 272 / 600 [75.00%] @ "2895000"
// RTL Simulation : 273 / 600 [75.00%] @ "2905000"
// RTL Simulation : 274 / 600 [75.00%] @ "2915000"
// RTL Simulation : 275 / 600 [75.00%] @ "2925000"
// RTL Simulation : 276 / 600 [75.00%] @ "2935000"
// RTL Simulation : 277 / 600 [75.00%] @ "2945000"
// RTL Simulation : 278 / 600 [75.00%] @ "2955000"
// RTL Simulation : 279 / 600 [75.00%] @ "2965000"
// RTL Simulation : 280 / 600 [75.00%] @ "2975000"
// RTL Simulation : 281 / 600 [75.00%] @ "2985000"
// RTL Simulation : 282 / 600 [75.00%] @ "2995000"
// RTL Simulation : 283 / 600 [75.00%] @ "3005000"
// RTL Simulation : 284 / 600 [75.00%] @ "3015000"
// RTL Simulation : 285 / 600 [75.00%] @ "3025000"
// RTL Simulation : 286 / 600 [75.00%] @ "3035000"
// RTL Simulation : 287 / 600 [75.00%] @ "3045000"
// RTL Simulation : 288 / 600 [75.00%] @ "3055000"
// RTL Simulation : 289 / 600 [75.00%] @ "3065000"
// RTL Simulation : 290 / 600 [75.00%] @ "3075000"
// RTL Simulation : 291 / 600 [75.00%] @ "3085000"
// RTL Simulation : 292 / 600 [75.00%] @ "3095000"
// RTL Simulation : 293 / 600 [75.00%] @ "3105000"
// RTL Simulation : 294 / 600 [75.00%] @ "3115000"
// RTL Simulation : 295 / 600 [75.00%] @ "3125000"
// RTL Simulation : 296 / 600 [75.00%] @ "3135000"
// RTL Simulation : 297 / 600 [75.00%] @ "3145000"
// RTL Simulation : 298 / 600 [75.00%] @ "3155000"
// RTL Simulation : 299 / 600 [75.00%] @ "3165000"
// RTL Simulation : 300 / 600 [75.00%] @ "3175000"
// RTL Simulation : 301 / 600 [75.00%] @ "3185000"
// RTL Simulation : 302 / 600 [75.00%] @ "3195000"
// RTL Simulation : 303 / 600 [75.00%] @ "3205000"
// RTL Simulation : 304 / 600 [75.00%] @ "3215000"
// RTL Simulation : 305 / 600 [75.00%] @ "3225000"
// RTL Simulation : 306 / 600 [75.00%] @ "3235000"
// RTL Simulation : 307 / 600 [75.00%] @ "3245000"
// RTL Simulation : 308 / 600 [75.00%] @ "3255000"
// RTL Simulation : 309 / 600 [75.00%] @ "3265000"
// RTL Simulation : 310 / 600 [75.00%] @ "3275000"
// RTL Simulation : 311 / 600 [75.00%] @ "3285000"
// RTL Simulation : 312 / 600 [75.00%] @ "3295000"
// RTL Simulation : 313 / 600 [75.00%] @ "3305000"
// RTL Simulation : 314 / 600 [75.00%] @ "3315000"
// RTL Simulation : 315 / 600 [75.00%] @ "3325000"
// RTL Simulation : 316 / 600 [75.00%] @ "3335000"
// RTL Simulation : 317 / 600 [75.00%] @ "3345000"
// RTL Simulation : 318 / 600 [75.00%] @ "3355000"
// RTL Simulation : 319 / 600 [75.00%] @ "3365000"
// RTL Simulation : 320 / 600 [75.00%] @ "3375000"
// RTL Simulation : 321 / 600 [75.00%] @ "3385000"
// RTL Simulation : 322 / 600 [75.00%] @ "3395000"
// RTL Simulation : 323 / 600 [75.00%] @ "3405000"
// RTL Simulation : 324 / 600 [75.00%] @ "3415000"
// RTL Simulation : 325 / 600 [75.00%] @ "3425000"
// RTL Simulation : 326 / 600 [75.00%] @ "3435000"
// RTL Simulation : 327 / 600 [75.00%] @ "3445000"
// RTL Simulation : 328 / 600 [75.00%] @ "3455000"
// RTL Simulation : 329 / 600 [75.00%] @ "3465000"
// RTL Simulation : 330 / 600 [75.00%] @ "3475000"
// RTL Simulation : 331 / 600 [75.00%] @ "3485000"
// RTL Simulation : 332 / 600 [75.00%] @ "3495000"
// RTL Simulation : 333 / 600 [75.00%] @ "3505000"
// RTL Simulation : 334 / 600 [75.00%] @ "3515000"
// RTL Simulation : 335 / 600 [75.00%] @ "3525000"
// RTL Simulation : 336 / 600 [75.00%] @ "3535000"
// RTL Simulation : 337 / 600 [75.00%] @ "3545000"
// RTL Simulation : 338 / 600 [75.00%] @ "3555000"
// RTL Simulation : 339 / 600 [75.00%] @ "3565000"
// RTL Simulation : 340 / 600 [75.00%] @ "3575000"
// RTL Simulation : 341 / 600 [75.00%] @ "3585000"
// RTL Simulation : 342 / 600 [75.00%] @ "3595000"
// RTL Simulation : 343 / 600 [75.00%] @ "3605000"
// RTL Simulation : 344 / 600 [75.00%] @ "3615000"
// RTL Simulation : 345 / 600 [75.00%] @ "3625000"
// RTL Simulation : 346 / 600 [75.00%] @ "3635000"
// RTL Simulation : 347 / 600 [75.00%] @ "3645000"
// RTL Simulation : 348 / 600 [75.00%] @ "3655000"
// RTL Simulation : 349 / 600 [75.00%] @ "3665000"
// RTL Simulation : 350 / 600 [75.00%] @ "3675000"
// RTL Simulation : 351 / 600 [75.00%] @ "3685000"
// RTL Simulation : 352 / 600 [75.00%] @ "3695000"
// RTL Simulation : 353 / 600 [75.00%] @ "3705000"
// RTL Simulation : 354 / 600 [75.00%] @ "3715000"
// RTL Simulation : 355 / 600 [75.00%] @ "3725000"
// RTL Simulation : 356 / 600 [75.00%] @ "3735000"
// RTL Simulation : 357 / 600 [75.00%] @ "3745000"
// RTL Simulation : 358 / 600 [75.00%] @ "3755000"
// RTL Simulation : 359 / 600 [75.00%] @ "3765000"
// RTL Simulation : 360 / 600 [75.00%] @ "3775000"
// RTL Simulation : 361 / 600 [75.00%] @ "3785000"
// RTL Simulation : 362 / 600 [75.00%] @ "3795000"
// RTL Simulation : 363 / 600 [75.00%] @ "3805000"
// RTL Simulation : 364 / 600 [75.00%] @ "3815000"
// RTL Simulation : 365 / 600 [75.00%] @ "3825000"
// RTL Simulation : 366 / 600 [75.00%] @ "3835000"
// RTL Simulation : 367 / 600 [75.00%] @ "3845000"
// RTL Simulation : 368 / 600 [75.00%] @ "3855000"
// RTL Simulation : 369 / 600 [75.00%] @ "3865000"
// RTL Simulation : 370 / 600 [75.00%] @ "3875000"
// RTL Simulation : 371 / 600 [75.00%] @ "3885000"
// RTL Simulation : 372 / 600 [75.00%] @ "3895000"
// RTL Simulation : 373 / 600 [75.00%] @ "3905000"
// RTL Simulation : 374 / 600 [75.00%] @ "3915000"
// RTL Simulation : 375 / 600 [75.00%] @ "3925000"
// RTL Simulation : 376 / 600 [75.00%] @ "3935000"
// RTL Simulation : 377 / 600 [75.00%] @ "3945000"
// RTL Simulation : 378 / 600 [75.00%] @ "3955000"
// RTL Simulation : 379 / 600 [75.00%] @ "3965000"
// RTL Simulation : 380 / 600 [75.00%] @ "3975000"
// RTL Simulation : 381 / 600 [75.00%] @ "3985000"
// RTL Simulation : 382 / 600 [75.00%] @ "3995000"
// RTL Simulation : 383 / 600 [75.00%] @ "4005000"
// RTL Simulation : 384 / 600 [75.00%] @ "4015000"
// RTL Simulation : 385 / 600 [75.00%] @ "4025000"
// RTL Simulation : 386 / 600 [75.00%] @ "4035000"
// RTL Simulation : 387 / 600 [75.00%] @ "4045000"
// RTL Simulation : 388 / 600 [75.00%] @ "4055000"
// RTL Simulation : 389 / 600 [75.00%] @ "4065000"
// RTL Simulation : 390 / 600 [75.00%] @ "4075000"
// RTL Simulation : 391 / 600 [75.00%] @ "4085000"
// RTL Simulation : 392 / 600 [75.00%] @ "4095000"
// RTL Simulation : 393 / 600 [75.00%] @ "4105000"
// RTL Simulation : 394 / 600 [75.00%] @ "4115000"
// RTL Simulation : 395 / 600 [75.00%] @ "4125000"
// RTL Simulation : 396 / 600 [75.00%] @ "4135000"
// RTL Simulation : 397 / 600 [75.00%] @ "4145000"
// RTL Simulation : 398 / 600 [75.00%] @ "4155000"
// RTL Simulation : 399 / 600 [75.00%] @ "4165000"
// RTL Simulation : 400 / 600 [75.00%] @ "4175000"
// RTL Simulation : 401 / 600 [75.00%] @ "4185000"
// RTL Simulation : 402 / 600 [75.00%] @ "4195000"
// RTL Simulation : 403 / 600 [75.00%] @ "4205000"
// RTL Simulation : 404 / 600 [75.00%] @ "4215000"
// RTL Simulation : 405 / 600 [75.00%] @ "4225000"
// RTL Simulation : 406 / 600 [75.00%] @ "4235000"
// RTL Simulation : 407 / 600 [75.00%] @ "4245000"
// RTL Simulation : 408 / 600 [75.00%] @ "4255000"
// RTL Simulation : 409 / 600 [75.00%] @ "4265000"
// RTL Simulation : 410 / 600 [75.00%] @ "4275000"
// RTL Simulation : 411 / 600 [75.00%] @ "4285000"
// RTL Simulation : 412 / 600 [75.00%] @ "4295000"
// RTL Simulation : 413 / 600 [75.00%] @ "4305000"
// RTL Simulation : 414 / 600 [75.00%] @ "4315000"
// RTL Simulation : 415 / 600 [75.00%] @ "4325000"
// RTL Simulation : 416 / 600 [75.00%] @ "4335000"
// RTL Simulation : 417 / 600 [75.00%] @ "4345000"
// RTL Simulation : 418 / 600 [75.00%] @ "4355000"
// RTL Simulation : 419 / 600 [75.00%] @ "4365000"
// RTL Simulation : 420 / 600 [75.00%] @ "4375000"
// RTL Simulation : 421 / 600 [75.00%] @ "4385000"
// RTL Simulation : 422 / 600 [75.00%] @ "4395000"
// RTL Simulation : 423 / 600 [75.00%] @ "4405000"
// RTL Simulation : 424 / 600 [75.00%] @ "4415000"
// RTL Simulation : 425 / 600 [75.00%] @ "4425000"
// RTL Simulation : 426 / 600 [75.00%] @ "4435000"
// RTL Simulation : 427 / 600 [75.00%] @ "4445000"
// RTL Simulation : 428 / 600 [75.00%] @ "4455000"
// RTL Simulation : 429 / 600 [75.00%] @ "4465000"
// RTL Simulation : 430 / 600 [75.00%] @ "4475000"
// RTL Simulation : 431 / 600 [75.00%] @ "4485000"
// RTL Simulation : 432 / 600 [75.00%] @ "4495000"
// RTL Simulation : 433 / 600 [75.00%] @ "4505000"
// RTL Simulation : 434 / 600 [75.00%] @ "4515000"
// RTL Simulation : 435 / 600 [75.00%] @ "4525000"
// RTL Simulation : 436 / 600 [75.00%] @ "4535000"
// RTL Simulation : 437 / 600 [75.00%] @ "4545000"
// RTL Simulation : 438 / 600 [75.00%] @ "4555000"
// RTL Simulation : 439 / 600 [75.00%] @ "4565000"
// RTL Simulation : 440 / 600 [75.00%] @ "4575000"
// RTL Simulation : 441 / 600 [75.00%] @ "4585000"
// RTL Simulation : 442 / 600 [75.00%] @ "4595000"
// RTL Simulation : 443 / 600 [75.00%] @ "4605000"
// RTL Simulation : 444 / 600 [75.00%] @ "4615000"
// RTL Simulation : 445 / 600 [75.00%] @ "4625000"
// RTL Simulation : 446 / 600 [75.00%] @ "4635000"
// RTL Simulation : 447 / 600 [75.00%] @ "4645000"
// RTL Simulation : 448 / 600 [75.00%] @ "4655000"
// RTL Simulation : 449 / 600 [75.00%] @ "4665000"
// RTL Simulation : 450 / 600 [75.00%] @ "4675000"
// RTL Simulation : 451 / 600 [75.00%] @ "4685000"
// RTL Simulation : 452 / 600 [75.00%] @ "4695000"
// RTL Simulation : 453 / 600 [75.00%] @ "4705000"
// RTL Simulation : 454 / 600 [75.00%] @ "4715000"
// RTL Simulation : 455 / 600 [75.00%] @ "4725000"
// RTL Simulation : 456 / 600 [75.00%] @ "4735000"
// RTL Simulation : 457 / 600 [75.00%] @ "4745000"
// RTL Simulation : 458 / 600 [75.00%] @ "4755000"
// RTL Simulation : 459 / 600 [75.00%] @ "4765000"
// RTL Simulation : 460 / 600 [75.00%] @ "4775000"
// RTL Simulation : 461 / 600 [75.00%] @ "4785000"
// RTL Simulation : 462 / 600 [75.00%] @ "4795000"
// RTL Simulation : 463 / 600 [75.00%] @ "4805000"
// RTL Simulation : 464 / 600 [75.00%] @ "4815000"
// RTL Simulation : 465 / 600 [75.00%] @ "4825000"
// RTL Simulation : 466 / 600 [75.00%] @ "4835000"
// RTL Simulation : 467 / 600 [75.00%] @ "4845000"
// RTL Simulation : 468 / 600 [75.00%] @ "4855000"
// RTL Simulation : 469 / 600 [75.00%] @ "4865000"
// RTL Simulation : 470 / 600 [75.00%] @ "4875000"
// RTL Simulation : 471 / 600 [75.00%] @ "4885000"
// RTL Simulation : 472 / 600 [75.00%] @ "4895000"
// RTL Simulation : 473 / 600 [75.00%] @ "4905000"
// RTL Simulation : 474 / 600 [75.00%] @ "4915000"
// RTL Simulation : 475 / 600 [75.00%] @ "4925000"
// RTL Simulation : 476 / 600 [75.00%] @ "4935000"
// RTL Simulation : 477 / 600 [75.00%] @ "4945000"
// RTL Simulation : 478 / 600 [75.00%] @ "4955000"
// RTL Simulation : 479 / 600 [75.00%] @ "4965000"
// RTL Simulation : 480 / 600 [75.00%] @ "4975000"
// RTL Simulation : 481 / 600 [75.00%] @ "4985000"
// RTL Simulation : 482 / 600 [75.00%] @ "4995000"
// RTL Simulation : 483 / 600 [75.00%] @ "5005000"
// RTL Simulation : 484 / 600 [75.00%] @ "5015000"
// RTL Simulation : 485 / 600 [75.00%] @ "5025000"
// RTL Simulation : 486 / 600 [75.00%] @ "5035000"
// RTL Simulation : 487 / 600 [75.00%] @ "5045000"
// RTL Simulation : 488 / 600 [75.00%] @ "5055000"
// RTL Simulation : 489 / 600 [75.00%] @ "5065000"
// RTL Simulation : 490 / 600 [75.00%] @ "5075000"
// RTL Simulation : 491 / 600 [75.00%] @ "5085000"
// RTL Simulation : 492 / 600 [75.00%] @ "5095000"
// RTL Simulation : 493 / 600 [75.00%] @ "5105000"
// RTL Simulation : 494 / 600 [75.00%] @ "5115000"
// RTL Simulation : 495 / 600 [75.00%] @ "5125000"
// RTL Simulation : 496 / 600 [75.00%] @ "5135000"
// RTL Simulation : 497 / 600 [75.00%] @ "5145000"
// RTL Simulation : 498 / 600 [75.00%] @ "5155000"
// RTL Simulation : 499 / 600 [75.00%] @ "5165000"
// RTL Simulation : 500 / 600 [75.00%] @ "5175000"
// RTL Simulation : 501 / 600 [75.00%] @ "5185000"
// RTL Simulation : 502 / 600 [75.00%] @ "5195000"
// RTL Simulation : 503 / 600 [75.00%] @ "5205000"
// RTL Simulation : 504 / 600 [75.00%] @ "5215000"
// RTL Simulation : 505 / 600 [75.00%] @ "5225000"
// RTL Simulation : 506 / 600 [75.00%] @ "5235000"
// RTL Simulation : 507 / 600 [75.00%] @ "5245000"
// RTL Simulation : 508 / 600 [75.00%] @ "5255000"
// RTL Simulation : 509 / 600 [75.00%] @ "5265000"
// RTL Simulation : 510 / 600 [75.00%] @ "5275000"
// RTL Simulation : 511 / 600 [75.00%] @ "5285000"
// RTL Simulation : 512 / 600 [75.00%] @ "5295000"
// RTL Simulation : 513 / 600 [75.00%] @ "5305000"
// RTL Simulation : 514 / 600 [75.00%] @ "5315000"
// RTL Simulation : 515 / 600 [75.00%] @ "5325000"
// RTL Simulation : 516 / 600 [75.00%] @ "5335000"
// RTL Simulation : 517 / 600 [75.00%] @ "5345000"
// RTL Simulation : 518 / 600 [75.00%] @ "5355000"
// RTL Simulation : 519 / 600 [75.00%] @ "5365000"
// RTL Simulation : 520 / 600 [75.00%] @ "5375000"
// RTL Simulation : 521 / 600 [75.00%] @ "5385000"
// RTL Simulation : 522 / 600 [75.00%] @ "5395000"
// RTL Simulation : 523 / 600 [75.00%] @ "5405000"
// RTL Simulation : 524 / 600 [75.00%] @ "5415000"
// RTL Simulation : 525 / 600 [75.00%] @ "5425000"
// RTL Simulation : 526 / 600 [75.00%] @ "5435000"
// RTL Simulation : 527 / 600 [75.00%] @ "5445000"
// RTL Simulation : 528 / 600 [75.00%] @ "5455000"
// RTL Simulation : 529 / 600 [75.00%] @ "5465000"
// RTL Simulation : 530 / 600 [75.00%] @ "5475000"
// RTL Simulation : 531 / 600 [75.00%] @ "5485000"
// RTL Simulation : 532 / 600 [75.00%] @ "5495000"
// RTL Simulation : 533 / 600 [75.00%] @ "5505000"
// RTL Simulation : 534 / 600 [75.00%] @ "5515000"
// RTL Simulation : 535 / 600 [75.00%] @ "5525000"
// RTL Simulation : 536 / 600 [75.00%] @ "5535000"
// RTL Simulation : 537 / 600 [75.00%] @ "5545000"
// RTL Simulation : 538 / 600 [75.00%] @ "5555000"
// RTL Simulation : 539 / 600 [75.00%] @ "5565000"
// RTL Simulation : 540 / 600 [75.00%] @ "5575000"
// RTL Simulation : 541 / 600 [75.00%] @ "5585000"
// RTL Simulation : 542 / 600 [75.00%] @ "5595000"
// RTL Simulation : 543 / 600 [75.00%] @ "5605000"
// RTL Simulation : 544 / 600 [75.00%] @ "5615000"
// RTL Simulation : 545 / 600 [75.00%] @ "5625000"
// RTL Simulation : 546 / 600 [75.00%] @ "5635000"
// RTL Simulation : 547 / 600 [75.00%] @ "5645000"
// RTL Simulation : 548 / 600 [75.00%] @ "5655000"
// RTL Simulation : 549 / 600 [75.00%] @ "5665000"
// RTL Simulation : 550 / 600 [75.00%] @ "5675000"
// RTL Simulation : 551 / 600 [75.00%] @ "5685000"
// RTL Simulation : 552 / 600 [75.00%] @ "5695000"
// RTL Simulation : 553 / 600 [75.00%] @ "5705000"
// RTL Simulation : 554 / 600 [75.00%] @ "5715000"
// RTL Simulation : 555 / 600 [75.00%] @ "5725000"
// RTL Simulation : 556 / 600 [75.00%] @ "5735000"
// RTL Simulation : 557 / 600 [75.00%] @ "5745000"
// RTL Simulation : 558 / 600 [75.00%] @ "5755000"
// RTL Simulation : 559 / 600 [75.00%] @ "5765000"
// RTL Simulation : 560 / 600 [75.00%] @ "5775000"
// RTL Simulation : 561 / 600 [75.00%] @ "5785000"
// RTL Simulation : 562 / 600 [75.00%] @ "5795000"
// RTL Simulation : 563 / 600 [75.00%] @ "5805000"
// RTL Simulation : 564 / 600 [75.00%] @ "5815000"
// RTL Simulation : 565 / 600 [75.00%] @ "5825000"
// RTL Simulation : 566 / 600 [75.00%] @ "5835000"
// RTL Simulation : 567 / 600 [75.00%] @ "5845000"
// RTL Simulation : 568 / 600 [75.00%] @ "5855000"
// RTL Simulation : 569 / 600 [75.00%] @ "5865000"
// RTL Simulation : 570 / 600 [75.00%] @ "5875000"
// RTL Simulation : 571 / 600 [75.00%] @ "5885000"
// RTL Simulation : 572 / 600 [75.00%] @ "5895000"
// RTL Simulation : 573 / 600 [75.00%] @ "5905000"
// RTL Simulation : 574 / 600 [75.00%] @ "5915000"
// RTL Simulation : 575 / 600 [75.00%] @ "5925000"
// RTL Simulation : 576 / 600 [75.00%] @ "5935000"
// RTL Simulation : 577 / 600 [75.00%] @ "5945000"
// RTL Simulation : 578 / 600 [75.00%] @ "5955000"
// RTL Simulation : 579 / 600 [75.00%] @ "5965000"
// RTL Simulation : 580 / 600 [75.00%] @ "5975000"
// RTL Simulation : 581 / 600 [75.00%] @ "5985000"
// RTL Simulation : 582 / 600 [75.00%] @ "5995000"
// RTL Simulation : 583 / 600 [75.00%] @ "6005000"
// RTL Simulation : 584 / 600 [75.00%] @ "6015000"
// RTL Simulation : 585 / 600 [75.00%] @ "6025000"
// RTL Simulation : 586 / 600 [75.00%] @ "6035000"
// RTL Simulation : 587 / 600 [75.00%] @ "6045000"
// RTL Simulation : 588 / 600 [75.00%] @ "6055000"
// RTL Simulation : 589 / 600 [75.00%] @ "6065000"
// RTL Simulation : 590 / 600 [75.00%] @ "6075000"
// RTL Simulation : 591 / 600 [75.00%] @ "6085000"
// RTL Simulation : 592 / 600 [75.00%] @ "6095000"
// RTL Simulation : 593 / 600 [75.00%] @ "6105000"
// RTL Simulation : 594 / 600 [75.00%] @ "6115000"
// RTL Simulation : 595 / 600 [75.00%] @ "6125000"
// RTL Simulation : 596 / 600 [75.00%] @ "6135000"
// RTL Simulation : 597 / 600 [75.00%] @ "6145000"
// RTL Simulation : 598 / 600 [75.00%] @ "6155000"
// RTL Simulation : 599 / 600 [75.00%] @ "6165000"
// RTL Simulation : 600 / 600 [100.00%] @ "6175000"
////////////////////////////////////////////////////////////////////////////////////
$finish called at time : 6235 ns : File "D:/HLS/HLS_LABC/fir128_best/solution4/sim/verilog/fir.autotb.v" Line 281
## quit
INFO: [Common 17-206] Exiting xsim at Sat Apr  1 13:05:27 2023...
0 100 1000
1 -2 1080
2 -100 78
3 13 -192
4 97 297
5 -36 -256
6 -86 -1179
7 66 -651
8 59 56
9 -93 -624
10 -10 -895
11 98 -127
12 -52 -410
13 -61 -906
14 97 -212
15 -17 -357
16 -81 -934
17 90 -190
18 -6 -355
19 -82 -984
20 92 -113
21 -21 -435
22 -66 -985
23 100 9
24 -59 -643
25 -22 -824
26 86 46
27 -97 -942
28 52 -447
29 18 -219
30 -77 -1004
31 100 -47
32 -81 -753
33 32 -617
34 25 -347
35 -72 -597
36 97 725
37 -97 79
38 75 817
39 -40 549
40 0 509
41 37 511
42 -66 149
43 87 1134
44 -97 -13
45 100 861
46 -97 137
47 90 1057
48 -81 -54
49 72 977
50 -63 398
51 57 414
52 -52 -560
53 50 -134
54 -51 -820
55 54 -422
56 -59 -822
57 66 28
58 -75 -883
59 84 -256
60 -92 -895
61 98 139
62 -100 -1114
63 95 -94
64 -81 -787
65 58 -352
66 -25 -764
67 -13 -319
68 52 700
69 -84 -134
70 100 1064
71 -92 282
72 59 640
73 -6 413
74 -51 68
75 91 1140
76 -97 -47
77 61 453
78 6 780
79 -72 48
80 100 852
81 -70 385
82 -6 454
83 79 639
84 -97 -771
85 41 -402
86 51 -106
87 -100 -1177
88 59 -386
89 40 134
90 -100 -923
91 54 -658
92 52 105
93 -99 -771
94 25 -775
95 82 29
96 -81 -633
97 -32 -981
98 100 -304
99 -18 42
100 -92 -60
101 54 202
102 75 1107
103 -75 724
104 -59 -126
105 85 391
106 51 957
107 -87 747
108 -52 -333
109 82 259
110 63 1364
111 -70 627
112 -81 -240
113 44 -17
114 97 1184
115 -3 1206
116 -97 59
117 -50 -78
118 66 226
119 93 1027
120 0 1282
121 -92 423
122 -75 1
123 26 -223
124 97 539
125 69 1099
126 -25 1346
127 -95 1240
128 -81 -1139
129 -2 -1865
130 77 -638
131 98 290
132 52 914
133 -26 1893
134 -86 2252
135 -98 -612
136 -59 -3277
137 6 -2602
138 66 -1806
139 98 -561
140 92 2394
141 57 4914
142 6 3919
143 -44 2108
144 -81 784
145 -99 -2672
146 -97 -4858
147 -79 -5016
148 -52 -5636
149 -21 -4155
150 10 -1631
151 37 8
152 59 2767
153 75 4159
154 86 4627
155 93 6805
156 97 6973
157 99 6294
158 100 6063
159 100 4220
160 100 4054
161 100 3459
162 100 3128
163 99 2590
164 97 -452
165 93 -1496
166 86 -3329
167 75 -3579
168 59 -3648
169 37 -4154
170 10 -5632
171 -21 -10157
172 -52 -13215
173 -79 -16836
174 -97 -17005
175 -99 -17845
176 -81 -15568
177 -44 -14687
178 6 -12199
179 57 -9953
180 92 -6309
181 98 -4947
182 66 -4894
183 6 -8038
184 -59 -12045
185 -98 -17780
186 -86 -19768
187 -26 -19931
188 52 -15900
189 98 -12995
190 77 -8691
191 -2 -7970
192 -81 -7486
193 -95 -8966
194 -25 -8507
195 69 -6965
196 97 -4858
197 26 -72
198 -75 3076
199 -92 7770
200 0 11466
201 93 15965
202 66 18946
203 -50 17751
204 -97 17256
205 -3 15860
206 97 16036
207 44 16806
208 -81 14466
209 -70 12741
210 63 10308
211 82 6617
212 -52 3277
213 -87 -2073
214 51 -6550
215 85 -9155
216 -59 -14151
217 -75 -17817
218 75 -16580
219 54 -15254
220 -92 -15266
221 -18 -14696
222 100 -15524
223 -32 -17788
224 -81 -17239
225 82 -13460
226 25 -9730
227 -99 -5817
228 52 -928
229 54 1999
230 -100 4055
231 40 9681
232 59 15141
233 -100 16339
234 51 16870
235 41 16640
236 -97 14809
237 79 14805
238 -6 15331
239 -70 16479
240 100 17912
241 -72 14387
242 6 9564
243 61 5679
244 -97 1191
245 91 -1540
246 -51 -6308
247 -6 -10942
248 59 -13578
249 -92 -15464
250 100 -14516
251 -84 -15607
252 52 -16376
253 -13 -18030
254 -25 -19009
255 58 -17923
256 -81 -15802
257 95 -10559
258 -100 -7358
259 98 -2886
260 -92 -501
261 84 3377
262 -75 5016
263 66 8398
264 -59 10158
265 54 11500
266 -51 10472
267 50 10385
268 -52 9918
269 57 11793
270 -63 13753
271 72 16926
272 -81 16777
273 90 16234
274 -97 13325
275 100 12600
276 -97 10246
277 87 10701
278 -66 10234
279 37 10630
280 0 10214
281 -40 10109
282 75 11770
283 -97 11137
284 97 11653
285 -72 9257
286 25 6546
287 32 4038
288 -81 1975
289 100 3292
290 -77 2923
291 18 2713
292 52 2250
293 -97 -457
294 86 -1623
295 -22 -2771
296 -59 -3031
297 100 -1819
298 -66 -2593
299 -21 -2765
300 92 -1854
301 -82 -2168
302 -6 -850
303 90 1472
304 -81 1512
305 -17 1192
306 97 2047
307 -61 1243
308 -52 -212
309 98 -357
310 -10 -1130
311 -93 -1952
312 59 -1066
313 66 535
314 -86 1153
315 -36 632
316 97 761
317 13 347
318 -100 -1240
319 -2 -1507
320 100 -162
321 2 1528
322 -100 754
323 -13 -556
324 97 -345
325 36 -136
326 -86 -113
327 -66 -131
328 59 488
329 93 620
330 -10 -449
331 -98 -527
332 -52 -136
333 61 196
334 97 213
335 17 -168
336 -81 410
337 -90 208
338 -6 -631
339 82 -1225
340 92 -159
341 21 1915
342 -66 1286
343 -100 -547
344 -59 -1167
345 22 -1260
346 86 -1358
347 97 -368
348 52 2670
349 -18 3488
350 -77 1055
351 -100 -457
352 -81 -1978
353 -32 -4032
354 25 -4071
355 72 -913
356 97 1560
357 97 2955
358 75 5378
359 40 5204
360 0 3272
361 -37 2030
362 -66 -975
363 -87 -3699
364 -97 -4841
365 -100 -6451
366 -97 -6154
367 -90 -5416
368 -81 -5989
369 -72 -4164
370 -63 -2270
371 -57 -1134
372 -52 965
373 -50 994
374 -51 1701
375 -54 2141
376 -59 2984
377 -66 5321
378 -75 4851
379 -84 5075
380 -92 3765
381 -98 3065
382 -100 3366
383 -95 4937
384 -81 8544
385 -58 9856
386 -25 11732
387 13 11253
388 52 13012
389 84 13328
390 100 16311
391 92 17750
392 59 19101
393 6 18302
394 -51 18316
395 -91 17236
396 -97 16882
397 -61 15758
398 6 15923
399 72 14087
400 100 13762
401 70 12396
402 -6 13026
403 -79 10755
404 -97 9422
405 -41 6150
406 51 4912
407 100 3610
408 59 3652
409 -40 3168
410 -100 -898
411 -54 -4258
412 52 -8605
413 99 -9775
414 25 -10248
415 -82 -9272
416 -81 -6809
417 32 -6907
418 100 -6381
419 18 -8183
420 -92 -11088
421 -54 -11323
422 75 -11107
423 75 -8960
424 -59 -7028
425 -85 -5921
426 51 -517
427 87 5673
428 -52 9053
429 -82 12185
430 63 13460
431 70 11373
432 -81 8000
433 -44 4733
434 97 4162
435 3 7074
436 -97 9811
437 50 11354
438 66 12560
439 -93 11431
440 0 7776
441 92 3667
442 -75 -711
443 -26 -5035
444 97 -9077
445 -69 -12407
446 -25 -12304
447 95 -10310
448 -81 -9431
449 2 -6397
450 77 -3354
451 -98 -5536
452 52 -9230
453 26 -12571
454 -86 -13820
455 98 -10614
456 -59 -7849
457 -6 -3864
458 66 1760
459 -98 5555
460 92 9430
461 -57 10180
462 6 10375
463 44 10514
464 -81 9288
465 99 9192
466 -97 6988
467 79 6750
468 -52 6710
469 21 8851
470 10 10157
471 -37 9436
472 59 7997
473 -75 4099
474 86 901
475 -93 -3411
476 97 -4459
477 -99 -7128
478 100 -7307
479 -100 -8420
480 100 -6904
481 -100 -7789
482 100 -7558
483 -99 -11016
484 97 -14284
485 -93 -19868
486 86 -21825
487 -75 -22795
488 59 -20846
489 -37 -18872
490 10 -15924
491 21 -13559
492 -52 -12511
493 79 -10222
494 -97 -9513
495 99 -8003
496 -81 -9510
497 44 -9829
498 6 -10757
499 -57 -10861
500 92 -8095
501 -98 -6483
502 66 -4276
503 -6 -4590
504 -59 -5453
505 98 -4948
506 -86 -5440
507 26 -3813
508 52 -1294
509 -98 -659
510 77 327
511 2 808
512 -81 664
513 95 2044
514 -25 2665
515 -69 2217
516 97 2360
517 -26 756
518 -75 -1062
519 92 -448
520 0 -1214
521 -93 -2275
522 66 -1086
523 50 239
524 -97 294
525 3 1018
526 97 1982
527 -44 702
528 -81 -1168
529 70 -1053
530 63 -330
531 -82 -411
532 -52 19
533 87 1119
534 51 1446
535 -85 -549
536 -59 -1793
537 75 -589
538 75 1044
539 -54 1160
540 -92 -208
541 18 -1168
542 100 -510
543 32 716
544 -81 887
545 -82 -294
546 25 -1114
547 99 -421
548 52 810
549 -54 1317
550 -100 -249
551 -40 -1433
552 59 -813
553 100 595
554 51 1094
555 -41 664
556 -97 495
557 -79 -59
558 -6 -1645
559 70 -2277
560 100 -270
561 72 2345
562 6 2608
563 -61 1723
564 -97 941
565 -91 -1880
566 -51 -4162
567 6 -3666
568 59 -2030
569 92 -26
570 100 3106
571 84 4905
572 52 4674
573 13 4510
574 -25 2709
575 -58 -665
576 -81 -2256
577 -95 -4453
578 -100 -6634
579 -98 -5532
580 -92 -5967
581 -84 -5979
582 -75 -4278
583 -66 -3556
584 -59 -1026
585 -54 256
586 -51 614
587 -50 2047
588 -52 1274
589 -57 2999
590 -63 4499
591 -72 4942
592 -81 5441
593 -90 3598
594 -97 3767
595 -100 2492
596 -97 4556
597 -87 7111
598 -66 9588
599 -37 11314
Comparing against output data 
*******************************************
PASS: The output matches the golden output!
*******************************************
