

================================================================
== Synthesis Summary Report of 'fir'
================================================================
+ General Information: 
    * Date:           Sun Apr  2 13:44:02 2023
    * Version:        2022.1 (Build 3526262 on Mon Apr 18 15:48:16 MDT 2022)
    * Project:        fir128_baseline
    * Solution:       solution1 (Vivado IP Flow Target)
    * Product family: zynq
    * Target device:  xc7z020-clg400-1
    

+ Performance & Resource Estimates: 
    
    PS: '+' for module; 'o' for loop; '*' for dataflow
    +----------------------------------+------+------+---------+-----------+----------+---------+------+----------+--------+---------+-----------+-----------+-----+
    |              Modules             | Issue|      | Latency |  Latency  | Iteration|         | Trip |          |        |         |           |           |     |
    |              & Loops             | Type | Slack| (cycles)|    (ns)   |  Latency | Interval| Count| Pipelined|  BRAM  |   DSP   |     FF    |    LUT    | URAM|
    +----------------------------------+------+------+---------+-----------+----------+---------+------+----------+--------+---------+-----------+-----------+-----+
    |+ fir                             |     -|  0.39|      135|  1.350e+03|         -|      136|     -|        no|  3 (1%)|  1 (~0%)|  611 (~0%)|  335 (~0%)|    -|
    | + fir_Pipeline_Shift_Accum_Loop  |     -|  0.39|      133|  1.330e+03|         -|      133|     -|        no|  3 (1%)|  1 (~0%)|  576 (~0%)|  276 (~0%)|    -|
    |  o Shift_Accum_Loop              |     -|  7.30|      131|  1.310e+03|         5|        1|   128|       yes|       -|        -|          -|          -|    -|
    +----------------------------------+------+------+---------+-----------+----------+---------+------+----------+--------+---------+-----------+-----------+-----+


================================================================
== HW Interfaces
================================================================
* REGISTER
+-----------+---------+----------+
| Interface | Mode    | Bitwidth |
+-----------+---------+----------+
| x         | ap_none | 32       |
| y         | ap_none | 32       |
+-----------+---------+----------+

* TOP LEVEL CONTROL
+-----------+------------+-----------------------------------+
| Interface | Type       | Ports                             |
+-----------+------------+-----------------------------------+
| ap_clk    | clock      | ap_clk                            |
| ap_rst    | reset      | ap_rst                            |
| ap_ctrl   | ap_ctrl_hs | ap_done ap_idle ap_ready ap_start |
+-----------+------------+-----------------------------------+


================================================================
== SW I/O Information
================================================================
* Top Function Arguments
+----------+-----------+----------+
| Argument | Direction | Datatype |
+----------+-----------+----------+
| y        | out       | int*     |
| x        | in        | int      |
+----------+-----------+----------+

* SW-to-HW Mapping
+----------+--------------+---------+
| Argument | HW Interface | HW Type |
+----------+--------------+---------+
| y        | y            | port    |
| y        | y_ap_vld     | port    |
| x        | x            | port    |
+----------+--------------+---------+


================================================================
== Bind Op Report
================================================================
+----------------------------------+-----+--------+----------+-----+--------+---------+
| Name                             | DSP | Pragma | Variable | Op  | Impl   | Latency |
+----------------------------------+-----+--------+----------+-----+--------+---------+
| + fir                            | 1   |        |          |     |        |         |
|   mul_fu_77_p2                   | -   |        | mul      | add | fabric | 0       |
|  + fir_Pipeline_Shift_Accum_Loop | 1   |        |          |     |        |         |
|    add_ln32_fu_161_p2            | -   |        | add_ln32 | add | fabric | 0       |
|    mul_6s_32s_32_2_1_U1          | 1   |        | mul_ln33 | mul | auto   | 1       |
|    acc_1_fu_190_p2               | -   |        | acc_1    | add | fabric | 0       |
|    add_ln27_fu_172_p2            | -   |        | add_ln27 | add | fabric | 0       |
+----------------------------------+-----+--------+----------+-----+--------+---------+


================================================================
== Bind Storage Report
================================================================
+----------------------------------+------+------+--------+---------------+---------+------+---------+
| Name                             | BRAM | URAM | Pragma | Variable      | Storage | Impl | Latency |
+----------------------------------+------+------+--------+---------------+---------+------+---------+
| + fir                            | 3    | 0    |        |               |         |      |         |
|  + fir_Pipeline_Shift_Accum_Loop | 3    | 0    |        |               |         |      |         |
|    shift_reg_U                   | 2    | -    |        | shift_reg     | ram_t2p | auto | 1       |
|    fir_int_int_c_U               | 1    | -    |        | fir_int_int_c | rom_1p  | auto | 1       |
+----------------------------------+------+------+--------+---------------+---------+------+---------+


================================================================
== Pragma Report
================================================================
  No pragmas found

