

================================================================
== Synthesis Summary Report of 'fir'
================================================================
+ General Information: 
    * Date:           Wed Mar 29 16:46:27 2023
    * Version:        2022.1 (Build 3526262 on Mon Apr 18 15:48:16 MDT 2022)
    * Project:        fir128_Q2
    * Solution:       solution3 (Vivado IP Flow Target)
    * Product family: zynq
    * Target device:  xc7z020-clg400-1
    

+ Performance & Resource Estimates: 
    
    PS: '+' for module; 'o' for loop; '*' for dataflow
    +----------------------------------+------+------+---------+-----------+----------+---------+------+----------+---------+----+-----------+-----------+-----+
    |              Modules             | Issue|      | Latency |  Latency  | Iteration|         | Trip |          |         |    |           |           |     |
    |              & Loops             | Type | Slack| (cycles)|    (ns)   |  Latency | Interval| Count| Pipelined|  BRAM   | DSP|     FF    |    LUT    | URAM|
    +----------------------------------+------+------+---------+-----------+----------+---------+------+----------+---------+----+-----------+-----------+-----+
    |+ fir                             |     -|  0.79|      388|  3.880e+03|         -|      389|     -|        no|  2 (~0%)|   -|  176 (~0%)|  313 (~0%)|    -|
    | + fir_Pipeline_Shift_Accum_Loop  |     -|  0.79|      386|  3.860e+03|         -|      386|     -|        no|  2 (~0%)|   -|  133 (~0%)|  254 (~0%)|    -|
    |  o Shift_Accum_Loop              |     -|  7.30|      384|  3.840e+03|         4|        3|   128|       yes|        -|   -|          -|          -|    -|
    +----------------------------------+------+------+---------+-----------+----------+---------+------+----------+---------+----+-----------+-----------+-----+


================================================================
== HW Interfaces
================================================================
* REGISTER
+-----------+---------+----------+
| Interface | Mode    | Bitwidth |
+-----------+---------+----------+
| x         | ap_none | 32       |
| y         | ap_none | 32       |
+-----------+---------+----------+

* TOP LEVEL CONTROL
+-----------+------------+-----------------------------------+
| Interface | Type       | Ports                             |
+-----------+------------+-----------------------------------+
| ap_clk    | clock      | ap_clk                            |
| ap_rst    | reset      | ap_rst                            |
| ap_ctrl   | ap_ctrl_hs | ap_done ap_idle ap_ready ap_start |
+-----------+------------+-----------------------------------+


================================================================
== SW I/O Information
================================================================
* Top Function Arguments
+----------+-----------+----------+
| Argument | Direction | Datatype |
+----------+-----------+----------+
| y        | out       | int*     |
| x        | in        | int      |
+----------+-----------+----------+

* SW-to-HW Mapping
+----------+--------------+---------+
| Argument | HW Interface | HW Type |
+----------+--------------+---------+
| y        | y            | port    |
| y        | y_ap_vld     | port    |
| x        | x            | port    |
+----------+--------------+---------+


================================================================
== Bind Op Report
================================================================
+----------------------------------+-----+--------+----------+-----+--------+---------+
| Name                             | DSP | Pragma | Variable | Op  | Impl   | Latency |
+----------------------------------+-----+--------+----------+-----+--------+---------+
| + fir                            | 0   |        |          |     |        |         |
|   mul_fu_76_p2                   | -   |        | mul      | add | fabric | 0       |
|  + fir_Pipeline_Shift_Accum_Loop | 0   |        |          |     |        |         |
|    add_ln33_fu_159_p2            | -   |        | add_ln33 | add | fabric | 0       |
|    mul_5s_8s_13_1_1_U1           | -   |        | mul_ln34 | mul | auto   | 0       |
|    acc_1_fu_204_p2               | -   |        | acc_1    | add | fabric | 0       |
|    add_ln28_fu_170_p2            | -   |        | add_ln28 | add | fabric | 0       |
+----------------------------------+-----+--------+----------+-----+--------+---------+


================================================================
== Bind Storage Report
================================================================
+----------------------------------+------+------+--------+---------------+---------+------+---------+
| Name                             | BRAM | URAM | Pragma | Variable      | Storage | Impl | Latency |
+----------------------------------+------+------+--------+---------------+---------+------+---------+
| + fir                            | 2    | 0    |        |               |         |      |         |
|  + fir_Pipeline_Shift_Accum_Loop | 2    | 0    |        |               |         |      |         |
|    shift_reg_V_U                 | 1    | -    |        | shift_reg_V   | ram_1p  | auto | 1       |
|    fir_int_int_c_U               | 1    | -    |        | fir_int_int_c | rom_1p  | auto | 1       |
+----------------------------------+------+------+--------+---------------+---------+------+---------+


================================================================
== Pragma Report
================================================================
* Valid Pragma Syntax
+----------+---------+---------------------------------------------+
| Type     | Options | Location                                    |
+----------+---------+---------------------------------------------+
| pipeline | II=3    | fir128_Q2/solution3/directives.tcl:7 in fir |
+----------+---------+---------------------------------------------+


