

================================================================
== Vitis HLS Report for 'fir'
================================================================
* Date:           Sun Apr  2 18:01:33 2023

* Version:        2022.1 (Build 3526262 on Mon Apr 18 15:48:16 MDT 2022)
* Project:        fir128_Q5
* Solution:       reshape_pipelinefunction (Vivado IP Flow Target)
* Product family: zynq
* Target device:  xc7z020-clg400-1


================================================================
== Performance Estimates
================================================================
+ Timing: 
    * Summary: 
    +--------+----------+----------+------------+
    |  Clock |  Target  | Estimated| Uncertainty|
    +--------+----------+----------+------------+
    |ap_clk  |  10.00 ns|  7.108 ns|     2.70 ns|
    +--------+----------+----------+------------+

+ Latency: 
    * Summary: 
    +---------+---------+----------+----------+-----+-----+---------+
    |  Latency (cycles) |  Latency (absolute) |  Interval | Pipeline|
    |   min   |   max   |    min   |    max   | min | max |   Type  |
    +---------+---------+----------+----------+-----+-----+---------+
    |       24|       24|  0.240 us|  0.240 us|    1|    1|      yes|
    +---------+---------+----------+----------+-----+-----+---------+

    + Detail: 
        * Instance: 
        N/A

        * Loop: 
        N/A



================================================================
== Utilization Estimates
================================================================
* Summary: 
+-----------------+---------+-----+--------+-------+-----+
|       Name      | BRAM_18K| DSP |   FF   |  LUT  | URAM|
+-----------------+---------+-----+--------+-------+-----+
|DSP              |        -|    1|       -|      -|    -|
|Expression       |        -|    -|       0|   1730|    -|
|FIFO             |        -|    -|       -|      -|    -|
|Instance         |        -|    -|       -|      -|    -|
|Memory           |        -|    -|       -|      -|    -|
|Multiplexer      |        -|    -|       -|      -|    -|
|Register         |        -|    -|    6014|   1888|    -|
+-----------------+---------+-----+--------+-------+-----+
|Total            |        0|    1|    6014|   3618|    0|
+-----------------+---------+-----+--------+-------+-----+
|Available        |      280|  220|  106400|  53200|    0|
+-----------------+---------+-----+--------+-------+-----+
|Utilization (%)  |        0|   ~0|       5|      6|    0|
+-----------------+---------+-----+--------+-------+-----+

+ Detail: 
    * Instance: 
    N/A

    * DSP: 
    +----------------------------------------+-------------------------------------+---------------------+
    |                Instance                |                Module               |      Expression     |
    +----------------------------------------+-------------------------------------+---------------------+
    |ama_addmuladd_9s_13s_4ns_15s_17_4_1_U1  |ama_addmuladd_9s_13s_4ns_15s_17_4_1  |  i0 + (i1 + i2) * i3|
    +----------------------------------------+-------------------------------------+---------------------+

    * Memory: 
    N/A

    * FIFO: 
    N/A

    * Expression: 
    +------------------------+----------+----+---+----+------------+------------+
    |      Variable Name     | Operation| DSP| FF| LUT| Bitwidth P0| Bitwidth P1|
    +------------------------+----------+----+---+----+------------+------------+
    |acc_fu_3275_p2          |         +|   0|  0|  26|          19|          19|
    |add_ln36_2_fu_2997_p2   |         +|   0|  0|  24|          17|          17|
    |add_ln36_fu_3262_p2     |         +|   0|  0|  25|          18|          18|
    |tmp109_fu_2584_p2       |         +|   0|  0|  14|          13|          13|
    |tmp10_fu_2191_p2        |         +|   0|  0|  13|          10|          10|
    |tmp11_fu_2181_p2        |         +|   0|  0|  14|           9|           9|
    |tmp125_fu_2890_p2       |         +|   0|  0|  14|          14|          14|
    |tmp12_fu_2317_p2        |         +|   0|  0|  12|          12|          12|
    |tmp13_fu_2257_p2        |         +|   0|  0|  12|          11|          11|
    |tmp141_fu_3030_p2       |         +|   0|  0|  14|          14|          14|
    |tmp14_fu_2227_p2        |         +|   0|  0|  13|          10|          10|
    |tmp157_fu_2407_p2       |         +|   0|  0|  14|           9|           9|
    |tmp15_fu_2217_p2        |         +|   0|  0|  14|           9|           9|
    |tmp165_fu_2677_p2       |         +|   0|  0|  12|          12|          12|
    |tmp16_fu_2247_p2        |         +|   0|  0|  13|          10|          10|
    |tmp173_fu_2834_p2       |         +|   0|  0|  14|          13|          13|
    |tmp17_fu_2237_p2        |         +|   0|  0|  14|           9|           9|
    |tmp18_fu_2307_p2        |         +|   0|  0|  12|          11|          11|
    |tmp190_fu_2497_p2       |         +|   0|  0|  12|          11|          11|
    |tmp194_fu_2695_p2       |         +|   0|  0|  12|          12|          12|
    |tmp197_fu_2773_p2       |         +|   0|  0|  12|          12|          12|
    |tmp19_fu_2277_p2        |         +|   0|  0|  13|          10|          10|
    |tmp1_fu_2211_p2         |         +|   0|  0|  12|          12|          12|
    |tmp208_fu_2539_p2       |         +|   0|  0|  12|          11|          11|
    |tmp20_fu_2267_p2        |         +|   0|  0|  14|           9|           9|
    |tmp212_fu_2713_p2       |         +|   0|  0|  12|          12|          12|
    |tmp2151_fu_2787_p2      |         +|   0|  0|  12|          12|          12|
    |tmp21_fu_2297_p2        |         +|   0|  0|  13|          10|          10|
    |tmp22_fu_2287_p2        |         +|   0|  0|  14|           9|           9|
    |tmp23_fu_2861_p2        |         +|   0|  0|  14|          14|          14|
    |tmp24_fu_2852_p2        |         +|   0|  0|  14|          14|          14|
    |tmp25_fu_2323_p2        |         +|   0|  0|  14|           9|           9|
    |tmp26_fu_2359_p2        |         +|   0|  0|  12|          11|          11|
    |tmp27_fu_2329_p2        |         +|   0|  0|  14|           9|           9|
    |tmp28_fu_2349_p2        |         +|   0|  0|  13|          10|          10|
    |tmp29_fu_2339_p2        |         +|   0|  0|  14|           9|           9|
    |tmp2_fu_2151_p2         |         +|   0|  0|  12|          11|          11|
    |tmp30_fu_3022_p2        |         +|   0|  0|  14|          14|          14|
    |tmp31_fu_3013_p2        |         +|   0|  0|  14|          14|          14|
    |tmp32_fu_2365_p2        |         +|   0|  0|  14|           9|           9|
    |tmp33_fu_2401_p2        |         +|   0|  0|  12|          11|          11|
    |tmp34_fu_2371_p2        |         +|   0|  0|  14|           9|           9|
    |tmp35_fu_2391_p2        |         +|   0|  0|  13|          10|          10|
    |tmp36_fu_2381_p2        |         +|   0|  0|  14|           9|           9|
    |tmp37_fu_2617_p2        |         +|   0|  0|  11|          11|          11|
    |tmp38_fu_2439_p2        |         +|   0|  0|  13|          10|          10|
    |tmp39_fu_2429_p2        |         +|   0|  0|  14|           9|           9|
    |tmp3_fu_2121_p2         |         +|   0|  0|  13|          10|          10|
    |tmp40_fu_2821_p2        |         +|   0|  0|  12|          12|          12|
    |tmp41_fu_2455_p2        |         +|   0|  0|  13|          10|          10|
    |tmp42_fu_2445_p2        |         +|   0|  0|  14|           9|           9|
    |tmp43_fu_2461_p2        |         +|   0|  0|  14|           9|           9|
    |tmp44_fu_2487_p2        |         +|   0|  0|  14|           9|           9|
    |tmp45_fu_2503_p2        |         +|   0|  0|  14|           9|           9|
    |tmp46_fu_2529_p2        |         +|   0|  0|  14|           9|           9|
    |tmp47_fu_2545_p2        |         +|   0|  0|  14|           9|           9|
    |tmp4_fu_2111_p2         |         +|   0|  0|  14|           9|           9|
    |tmp5_fu_2141_p2         |         +|   0|  0|  13|          10|          10|
    |tmp6_fu_2131_p2         |         +|   0|  0|  14|           9|           9|
    |tmp7_fu_2201_p2         |         +|   0|  0|  12|          11|          11|
    |tmp8_fu_2171_p2         |         +|   0|  0|  13|          10|          10|
    |tmp9_fu_2161_p2         |         +|   0|  0|  14|           9|           9|
    |grp_fu_3286_p1          |         -|   0|  0|  13|          13|          13|
    |sub_ln36_10_fu_3131_p2  |         -|   0|  0|  15|          15|          15|
    |sub_ln36_11_fu_3136_p2  |         -|   0|  0|  15|          15|          15|
    |sub_ln36_12_fu_3148_p2  |         -|   0|  0|  15|          15|          15|
    |sub_ln36_13_fu_3153_p2  |         -|   0|  0|  15|          15|          15|
    |sub_ln36_14_fu_3165_p2  |         -|   0|  0|  15|          15|          15|
    |sub_ln36_15_fu_3170_p2  |         -|   0|  0|  15|          15|          15|
    |sub_ln36_16_fu_3182_p2  |         -|   0|  0|  15|          15|          15|
    |sub_ln36_17_fu_3187_p2  |         -|   0|  0|  15|          15|          15|
    |sub_ln36_18_fu_3199_p2  |         -|   0|  0|  15|          15|          15|
    |sub_ln36_19_fu_3204_p2  |         -|   0|  0|  15|          15|          15|
    |sub_ln36_1_fu_3047_p2   |         -|   0|  0|  14|          14|          14|
    |sub_ln36_20_fu_3216_p2  |         -|   0|  0|  15|          15|          15|
    |sub_ln36_21_fu_3221_p2  |         -|   0|  0|  15|          15|          15|
    |sub_ln36_2_fu_3059_p2   |         -|   0|  0|  14|          14|          14|
    |sub_ln36_3_fu_3064_p2   |         -|   0|  0|  14|          14|          14|
    |sub_ln36_4_fu_3076_p2   |         -|   0|  0|  14|          14|          14|
    |sub_ln36_5_fu_3081_p2   |         -|   0|  0|  14|          14|          14|
    |sub_ln36_6_fu_3093_p2   |         -|   0|  0|  14|          14|          14|
    |sub_ln36_7_fu_3098_p2   |         -|   0|  0|  14|          14|          14|
    |sub_ln36_8_fu_3113_p2   |         -|   0|  0|  15|          15|          15|
    |sub_ln36_9_fu_3119_p2   |         -|   0|  0|  15|          15|          15|
    |sub_ln36_fu_3042_p2     |         -|   0|  0|  14|          14|          14|
    |tmp110_fu_2590_p2       |         -|   0|  0|  13|          13|          13|
    |tmp111_fu_2596_p2       |         -|   0|  0|  13|          13|          13|
    |tmp112_fu_2660_p2       |         -|   0|  0|  13|          13|          13|
    |tmp113_fu_2665_p2       |         -|   0|  0|  13|          13|          13|
    |tmp114_fu_2746_p2       |         -|   0|  0|  13|          13|          13|
    |tmp115_fu_2751_p2       |         -|   0|  0|  13|          13|          13|
    |tmp116_fu_2805_p2       |         -|   0|  0|  13|          13|          13|
    |tmp117_fu_2810_p2       |         -|   0|  0|  13|          13|          13|
    |tmp126_fu_2895_p2       |         -|   0|  0|  14|          14|          14|
    |tmp127_fu_2921_p2       |         -|   0|  0|  14|          14|          14|
    |tmp128_fu_2926_p2       |         -|   0|  0|  14|          14|          14|
    |tmp129_fu_2938_p2       |         -|   0|  0|  14|          14|          14|
    |tmp130_fu_2943_p2       |         -|   0|  0|  14|          14|          14|
    |tmp131_fu_2966_p2       |         -|   0|  0|  14|          14|          14|
    |tmp132_fu_2971_p2       |         -|   0|  0|  14|          14|          14|
    |tmp133_fu_3008_p2       |         -|   0|  0|  14|          14|          14|
    |tmp142_fu_3233_p2       |         -|   0|  0|  15|          15|          15|
    |tmp143_fu_3238_p2       |         -|   0|  0|  15|          15|          15|
    |tmp158_fu_2417_p2       |         -|   0|  0|  10|          10|          10|
    |tmp159_fu_2423_p2       |         -|   0|  0|  10|          10|          10|
    |tmp160_fu_2605_p2       |         -|   0|  0|  12|          11|          11|
    |tmp161_fu_2611_p2       |         -|   0|  0|  11|          11|          11|
    |tmp166_fu_2683_p2       |         -|   0|  0|  12|          12|          12|
    |tmp167_fu_2757_p2       |         -|   0|  0|  12|          12|          12|
    |tmp168_fu_2762_p2       |         -|   0|  0|  12|          12|          12|
    |tmp169_fu_2816_p2       |         -|   0|  0|  12|          12|          12|
    |tmp174_fu_2867_p2       |         -|   0|  0|  13|          13|          13|
    |tmp175_fu_2872_p2       |         -|   0|  0|  13|          13|          13|
    |tmp176_fu_2901_p2       |         -|   0|  0|  13|          13|          13|
    |tmp187_fu_2467_p2       |         -|   0|  0|  14|           9|           9|
    |tmp188_fu_2477_p2       |         -|   0|  0|  13|          10|          10|
    |tmp191_fu_2623_p2       |         -|   0|  0|  11|          11|          11|
    |tmp192_fu_2628_p2       |         -|   0|  0|  11|          11|          11|
    |tmp195_fu_2701_p2       |         -|   0|  0|  12|          12|          12|
    |tmp196_fu_2768_p2       |         -|   0|  0|  12|          12|          12|
    |tmp198_fu_2987_p2       |         -|   0|  0|  17|          14|          14|
    |tmp205_fu_2509_p2       |         -|   0|  0|  14|           9|           9|
    |tmp206_fu_2519_p2       |         -|   0|  0|  13|          10|          10|
    |tmp209_fu_2634_p2       |         -|   0|  0|  11|          11|          11|
    |tmp210_fu_2639_p2       |         -|   0|  0|  11|          11|          11|
    |tmp213_fu_2719_p2       |         -|   0|  0|  12|          12|          12|
    |tmp214_fu_2779_p2       |         -|   0|  0|  12|          12|          12|
    |ap_enable_pp0           |       xor|   0|  0|   2|           1|           2|
    +------------------------+----------+----+---+----+------------+------------+
    |Total                   |          |   0|  0|1730|        1532|        1533|
    +------------------------+----------+----+---+----+------------+------------+

    * Multiplexer: 
    N/A

    * Register: 
    +-------------------------------+------+----+------+-----------+
    |              Name             |  FF  | LUT| Bits | Const Bits|
    +-------------------------------+------+----+------+-----------+
    |add_ln36_2_reg_3793            |    17|   0|    17|          0|
    |ap_CS_fsm                      |     1|   0|     1|          0|
    |ap_enable_reg_pp0_iter1        |     1|   0|     1|          0|
    |ap_enable_reg_pp0_iter10       |     1|   0|     1|          0|
    |ap_enable_reg_pp0_iter11       |     1|   0|     1|          0|
    |ap_enable_reg_pp0_iter12       |     1|   0|     1|          0|
    |ap_enable_reg_pp0_iter13       |     1|   0|     1|          0|
    |ap_enable_reg_pp0_iter14       |     1|   0|     1|          0|
    |ap_enable_reg_pp0_iter15       |     1|   0|     1|          0|
    |ap_enable_reg_pp0_iter16       |     1|   0|     1|          0|
    |ap_enable_reg_pp0_iter17       |     1|   0|     1|          0|
    |ap_enable_reg_pp0_iter18       |     1|   0|     1|          0|
    |ap_enable_reg_pp0_iter19       |     1|   0|     1|          0|
    |ap_enable_reg_pp0_iter2        |     1|   0|     1|          0|
    |ap_enable_reg_pp0_iter20       |     1|   0|     1|          0|
    |ap_enable_reg_pp0_iter21       |     1|   0|     1|          0|
    |ap_enable_reg_pp0_iter22       |     1|   0|     1|          0|
    |ap_enable_reg_pp0_iter23       |     1|   0|     1|          0|
    |ap_enable_reg_pp0_iter24       |     1|   0|     1|          0|
    |ap_enable_reg_pp0_iter3        |     1|   0|     1|          0|
    |ap_enable_reg_pp0_iter4        |     1|   0|     1|          0|
    |ap_enable_reg_pp0_iter5        |     1|   0|     1|          0|
    |ap_enable_reg_pp0_iter6        |     1|   0|     1|          0|
    |ap_enable_reg_pp0_iter7        |     1|   0|     1|          0|
    |ap_enable_reg_pp0_iter8        |     1|   0|     1|          0|
    |ap_enable_reg_pp0_iter9        |     1|   0|     1|          0|
    |fir_int_int_shift_reg          |  1016|   0|  1016|          0|
    |sub_ln36_11_reg_3833           |    15|   0|    15|          0|
    |sub_ln36_13_reg_3838           |    15|   0|    15|          0|
    |sub_ln36_15_reg_3843           |    15|   0|    15|          0|
    |sub_ln36_17_reg_3848           |    15|   0|    15|          0|
    |sub_ln36_19_reg_3853           |    15|   0|    15|          0|
    |sub_ln36_1_reg_3808            |    14|   0|    14|          0|
    |sub_ln36_21_reg_3858           |    15|   0|    15|          0|
    |sub_ln36_3_reg_3813            |    14|   0|    14|          0|
    |sub_ln36_5_reg_3818            |    14|   0|    14|          0|
    |sub_ln36_7_reg_3823            |    14|   0|    14|          0|
    |sub_ln36_9_reg_3828            |    15|   0|    15|          0|
    |tmp111_reg_3687                |    13|   0|    13|          0|
    |tmp113_reg_3707                |    13|   0|    13|          0|
    |tmp115_reg_3727                |    13|   0|    13|          0|
    |tmp117_reg_3748                |    13|   0|    13|          0|
    |tmp126_reg_3768                |    14|   0|    14|          0|
    |tmp128_reg_3773                |    14|   0|    14|          0|
    |tmp12_reg_3622                 |    12|   0|    12|          0|
    |tmp130_reg_3778                |    14|   0|    14|          0|
    |tmp132_reg_3788                |    14|   0|    14|          0|
    |tmp141_reg_3803                |    14|   0|    14|          0|
    |tmp143_reg_3863                |    15|   0|    15|          0|
    |tmp159_reg_3647                |    10|   0|    10|          0|
    |tmp166_reg_3712                |    12|   0|    12|          0|
    |tmp168_reg_3732                |    12|   0|    12|          0|
    |tmp173_reg_3753                |    13|   0|    13|          0|
    |tmp175_reg_3763                |    13|   0|    13|          0|
    |tmp190_reg_3667                |    11|   0|    11|          0|
    |tmp192_reg_3697                |    11|   0|    11|          0|
    |tmp195_reg_3717                |    12|   0|    12|          0|
    |tmp197_reg_3737                |    12|   0|    12|          0|
    |tmp1_reg_3617                  |    12|   0|    12|          0|
    |tmp208_reg_3677                |    11|   0|    11|          0|
    |tmp210_reg_3702                |    11|   0|    11|          0|
    |tmp213_reg_3722                |    12|   0|    12|          0|
    |tmp2151_reg_3743               |    12|   0|    12|          0|
    |tmp23_reg_3758                 |    14|   0|    14|          0|
    |tmp25_reg_3627                 |     9|   0|     9|          0|
    |tmp26_reg_3632                 |    11|   0|    11|          0|
    |tmp31_reg_3798                 |    14|   0|    14|          0|
    |tmp32_reg_3637                 |     9|   0|     9|          0|
    |tmp33_reg_3642                 |    11|   0|    11|          0|
    |tmp37_reg_3692                 |    11|   0|    11|          0|
    |tmp38_reg_3652                 |    10|   0|    10|          0|
    |tmp38_reg_3652_pp0_iter1_reg   |    10|   0|    10|          0|
    |tmp41_reg_3657                 |    10|   0|    10|          0|
    |tmp43_reg_3662                 |     9|   0|     9|          0|
    |tmp45_reg_3672                 |     9|   0|     9|          0|
    |tmp45_reg_3672_pp0_iter1_reg   |     9|   0|     9|          0|
    |tmp47_reg_3682                 |     9|   0|     9|          0|
    |tmp47_reg_3682_pp0_iter1_reg   |     9|   0|     9|          0|
    |tmp_100_reg_3492               |     8|   0|     8|          0|
    |tmp_101_reg_3497               |     8|   0|     8|          0|
    |tmp_102_reg_3502               |     8|   0|     8|          0|
    |tmp_103_reg_3507               |     8|   0|     8|          0|
    |tmp_104_reg_3512               |     8|   0|     8|          0|
    |tmp_105_reg_3517               |     8|   0|     8|          0|
    |tmp_106_reg_3522               |     8|   0|     8|          0|
    |tmp_107_reg_3527               |     8|   0|     8|          0|
    |tmp_108_reg_3532               |     8|   0|     8|          0|
    |tmp_109_reg_3537               |     8|   0|     8|          0|
    |tmp_110_reg_3542               |     8|   0|     8|          0|
    |tmp_111_reg_3547               |     8|   0|     8|          0|
    |tmp_112_reg_3552               |     8|   0|     8|          0|
    |tmp_113_reg_3557               |     8|   0|     8|          0|
    |tmp_114_reg_3562               |     8|   0|     8|          0|
    |tmp_115_reg_3567               |     8|   0|     8|          0|
    |tmp_116_reg_3572               |     8|   0|     8|          0|
    |tmp_117_reg_3577               |     8|   0|     8|          0|
    |tmp_118_reg_3582               |     8|   0|     8|          0|
    |tmp_119_reg_3587               |     8|   0|     8|          0|
    |tmp_120_reg_3592               |     8|   0|     8|          0|
    |tmp_121_reg_3597               |     8|   0|     8|          0|
    |tmp_122_reg_3602               |     8|   0|     8|          0|
    |tmp_123_reg_3607               |     8|   0|     8|          0|
    |tmp_124_reg_3612               |     8|   0|     8|          0|
    |tmp_31_reg_3297                |     8|   0|     8|          0|
    |tmp_32_reg_3302                |     8|   0|     8|          0|
    |tmp_33_reg_3307                |     8|   0|     8|          0|
    |tmp_33_reg_3307_pp0_iter1_reg  |     8|   0|     8|          0|
    |tmp_34_reg_3312                |     8|   0|     8|          0|
    |tmp_34_reg_3312_pp0_iter1_reg  |     8|   0|     8|          0|
    |tmp_35_reg_3317                |     8|   0|     8|          0|
    |tmp_36_reg_3322                |     8|   0|     8|          0|
    |tmp_37_reg_3327                |     8|   0|     8|          0|
    |tmp_38_reg_3332                |     8|   0|     8|          0|
    |tmp_39_reg_3337                |     8|   0|     8|          0|
    |tmp_40_reg_3342                |     8|   0|     8|          0|
    |tmp_45_reg_3347                |     8|   0|     8|          0|
    |tmp_47_reg_3352                |     8|   0|     8|          0|
    |tmp_59_reg_3357                |     8|   0|     8|          0|
    |tmp_60_reg_3362                |     8|   0|     8|          0|
    |tmp_61_reg_3367                |     8|   0|     8|          0|
    |tmp_61_reg_3367_pp0_iter1_reg  |     8|   0|     8|          0|
    |tmp_62_reg_3372                |     8|   0|     8|          0|
    |tmp_63_reg_3377                |     8|   0|     8|          0|
    |tmp_64_reg_3382                |     8|   0|     8|          0|
    |tmp_65_reg_3387                |     8|   0|     8|          0|
    |tmp_66_reg_3392                |     8|   0|     8|          0|
    |tmp_67_reg_3397                |     8|   0|     8|          0|
    |tmp_68_reg_3402                |     8|   0|     8|          0|
    |tmp_69_reg_3407                |     8|   0|     8|          0|
    |tmp_70_reg_3412                |     8|   0|     8|          0|
    |tmp_71_reg_3417                |     8|   0|     8|          0|
    |tmp_72_reg_3422                |     8|   0|     8|          0|
    |tmp_73_reg_3427                |     8|   0|     8|          0|
    |tmp_74_reg_3432                |     8|   0|     8|          0|
    |tmp_77_reg_3437                |     8|   0|     8|          0|
    |tmp_79_reg_3442                |     8|   0|     8|          0|
    |tmp_91_reg_3447                |     8|   0|     8|          0|
    |tmp_91_reg_3447_pp0_iter1_reg  |     8|   0|     8|          0|
    |tmp_92_reg_3452                |     8|   0|     8|          0|
    |tmp_92_reg_3452_pp0_iter1_reg  |     8|   0|     8|          0|
    |tmp_93_reg_3457                |     8|   0|     8|          0|
    |tmp_94_reg_3462                |     8|   0|     8|          0|
    |tmp_95_reg_3467                |     8|   0|     8|          0|
    |tmp_96_reg_3472                |     8|   0|     8|          0|
    |tmp_97_reg_3477                |     8|   0|     8|          0|
    |tmp_98_reg_3482                |     8|   0|     8|          0|
    |tmp_99_reg_3487                |     8|   0|     8|          0|
    |add_ln36_2_reg_3793            |    64|  32|    17|          0|
    |tmp197_reg_3737                |    64|  32|    12|          0|
    |tmp2151_reg_3743               |    64|  32|    12|          0|
    |tmp25_reg_3627                 |    64|  32|     9|          0|
    |tmp26_reg_3632                 |    64|  32|    11|          0|
    |tmp32_reg_3637                 |    64|  32|     9|          0|
    |tmp33_reg_3642                 |    64|  32|    11|          0|
    |tmp41_reg_3657                 |    64|  32|    10|          0|
    |tmp43_reg_3662                 |    64|  32|     9|          0|
    |tmp_100_reg_3492               |    64|  32|     8|          0|
    |tmp_101_reg_3497               |    64|  32|     8|          0|
    |tmp_102_reg_3502               |    64|  32|     8|          0|
    |tmp_103_reg_3507               |    64|  32|     8|          0|
    |tmp_104_reg_3512               |    64|  32|     8|          0|
    |tmp_105_reg_3517               |    64|  32|     8|          0|
    |tmp_106_reg_3522               |    64|  32|     8|          0|
    |tmp_107_reg_3527               |    64|  32|     8|          0|
    |tmp_108_reg_3532               |    64|  32|     8|          0|
    |tmp_109_reg_3537               |    64|  32|     8|          0|
    |tmp_110_reg_3542               |    64|  32|     8|          0|
    |tmp_111_reg_3547               |    64|  32|     8|          0|
    |tmp_112_reg_3552               |    64|  32|     8|          0|
    |tmp_113_reg_3557               |    64|  32|     8|          0|
    |tmp_114_reg_3562               |    64|  32|     8|          0|
    |tmp_115_reg_3567               |    64|  32|     8|          0|
    |tmp_116_reg_3572               |    64|  32|     8|          0|
    |tmp_117_reg_3577               |    64|  32|     8|          0|
    |tmp_118_reg_3582               |    64|  32|     8|          0|
    |tmp_119_reg_3587               |    64|  32|     8|          0|
    |tmp_120_reg_3592               |    64|  32|     8|          0|
    |tmp_121_reg_3597               |    64|  32|     8|          0|
    |tmp_122_reg_3602               |    64|  32|     8|          0|
    |tmp_123_reg_3607               |    64|  32|     8|          0|
    |tmp_124_reg_3612               |    64|  32|     8|          0|
    |tmp_35_reg_3317                |    64|  32|     8|          0|
    |tmp_36_reg_3322                |    64|  32|     8|          0|
    |tmp_37_reg_3327                |    64|  32|     8|          0|
    |tmp_38_reg_3332                |    64|  32|     8|          0|
    |tmp_47_reg_3352                |    64|  32|     8|          0|
    |tmp_62_reg_3372                |    64|  32|     8|          0|
    |tmp_63_reg_3377                |    64|  32|     8|          0|
    |tmp_64_reg_3382                |    64|  32|     8|          0|
    |tmp_65_reg_3387                |    64|  32|     8|          0|
    |tmp_66_reg_3392                |    64|  32|     8|          0|
    |tmp_67_reg_3397                |    64|  32|     8|          0|
    |tmp_68_reg_3402                |    64|  32|     8|          0|
    |tmp_69_reg_3407                |    64|  32|     8|          0|
    |tmp_70_reg_3412                |    64|  32|     8|          0|
    |tmp_71_reg_3417                |    64|  32|     8|          0|
    |tmp_72_reg_3422                |    64|  32|     8|          0|
    |tmp_77_reg_3437                |    64|  32|     8|          0|
    |tmp_79_reg_3442                |    64|  32|     8|          0|
    |tmp_93_reg_3457                |    64|  32|     8|          0|
    |tmp_94_reg_3462                |    64|  32|     8|          0|
    |tmp_95_reg_3467                |    64|  32|     8|          0|
    |tmp_96_reg_3472                |    64|  32|     8|          0|
    |tmp_97_reg_3477                |    64|  32|     8|          0|
    |tmp_98_reg_3482                |    64|  32|     8|          0|
    |tmp_99_reg_3487                |    64|  32|     8|          0|
    +-------------------------------+------+----+------+-----------+
    |Total                          |  6014|1888|  2738|          0|
    +-------------------------------+------+----+------+-----------+



================================================================
== Interface
================================================================
* Summary: 
+----------+-----+-----+------------+--------------+--------------+
| RTL Ports| Dir | Bits|  Protocol  | Source Object|    C Type    |
+----------+-----+-----+------------+--------------+--------------+
|ap_clk    |   in|    1|  ap_ctrl_hs|           fir|  return value|
|ap_rst    |   in|    1|  ap_ctrl_hs|           fir|  return value|
|ap_start  |   in|    1|  ap_ctrl_hs|           fir|  return value|
|ap_done   |  out|    1|  ap_ctrl_hs|           fir|  return value|
|ap_idle   |  out|    1|  ap_ctrl_hs|           fir|  return value|
|ap_ready  |  out|    1|  ap_ctrl_hs|           fir|  return value|
|y         |  out|   32|      ap_vld|             y|       pointer|
|y_ap_vld  |  out|    1|      ap_vld|             y|       pointer|
|x         |   in|   32|     ap_none|             x|        scalar|
+----------+-----+-----+------------+--------------+--------------+

